[0.058s] DEBUG:colcon:Command line arguments: ['/usr/bin/colcon', 'build', '--symlink-install']
[0.058s] DEBUG:colcon:Parsed command line arguments: Namespace(log_base=None, log_level=None, verb_name='build', build_base='build', install_base='install', merge_install=False, symlink_install=True, test_result_base=None, continue_on_error=False, executor='parallel', parallel_workers=8, event_handlers=None, ignore_user_meta=False, metas=['./colcon.meta'], base_paths=['.'], packages_ignore=None, packages_ignore_regex=None, paths=None, packages_up_to=None, packages_up_to_regex=None, packages_above=None, packages_above_and_dependencies=None, packages_above_depth=None, packages_select_by_dep=None, packages_skip_by_dep=None, packages_skip_up_to=None, packages_select_build_failed=False, packages_skip_build_finished=False, packages_select_test_failures=False, packages_skip_test_passed=False, packages_select=None, packages_skip=None, packages_select_regex=None, packages_skip_regex=None, packages_start=None, packages_end=None, allow_overriding=[], cmake_args=None, cmake_target=None, cmake_target_skip_unavailable=False, cmake_clean_cache=False, cmake_clean_first=False, cmake_force_configure=False, ament_cmake_args=None, catkin_cmake_args=None, catkin_skip_building_tests=False, mixin_files=None, mixin=None, verb_parser=<colcon_mixin.mixin.mixin_argument.MixinArgumentDecorator object at 0x71a510e64950>, verb_extension=<colcon_core.verb.build.BuildVerb object at 0x71a510fda570>, main=<bound method BuildVerb.main of <colcon_core.verb.build.BuildVerb object at 0x71a510fda570>>, mixin_verb=('build',))
[0.081s] Level 1:colcon.colcon_core.package_discovery:discover_packages(colcon_meta) check parameters
[0.081s] Level 1:colcon.colcon_core.package_discovery:discover_packages(recursive) check parameters
[0.081s] Level 1:colcon.colcon_core.package_discovery:discover_packages(ignore) check parameters
[0.081s] Level 1:colcon.colcon_core.package_discovery:discover_packages(path) check parameters
[0.081s] Level 1:colcon.colcon_core.package_discovery:discover_packages(colcon_meta) discover
[0.081s] Level 1:colcon.colcon_core.package_discovery:discover_packages(recursive) discover
[0.081s] INFO:colcon.colcon_core.package_discovery:Crawling recursively for packages in '/home/pioneer1/Documents/Rover'
[0.081s] Level 1:colcon.colcon_core.package_identification:_identify(.) by extensions ['ignore', 'ignore_ament_install']
[0.081s] Level 1:colcon.colcon_core.package_identification:_identify(.) by extension 'ignore'
[0.082s] Level 1:colcon.colcon_core.package_identification:_identify(.) by extension 'ignore_ament_install'
[0.082s] Level 1:colcon.colcon_core.package_identification:_identify(.) by extensions ['colcon_pkg']
[0.082s] Level 1:colcon.colcon_core.package_identification:_identify(.) by extension 'colcon_pkg'
[0.082s] Level 1:colcon.colcon_core.package_identification:_identify(.) by extensions ['colcon_meta']
[0.082s] Level 1:colcon.colcon_core.package_identification:_identify(.) by extension 'colcon_meta'
[0.082s] Level 1:colcon.colcon_core.package_identification:_identify(.) by extensions ['ros']
[0.082s] Level 1:colcon.colcon_core.package_identification:_identify(.) by extension 'ros'
[0.097s] Level 1:colcon.colcon_core.package_identification:_identify(.) by extensions ['cmake', 'python']
[0.097s] Level 1:colcon.colcon_core.package_identification:_identify(.) by extension 'cmake'
[0.098s] Level 1:colcon.colcon_core.package_identification:_identify(.) by extension 'python'
[0.098s] Level 1:colcon.colcon_core.package_identification:_identify(.) by extensions ['python_setup_py']
[0.098s] Level 1:colcon.colcon_core.package_identification:_identify(.) by extension 'python_setup_py'
[0.098s] Level 1:colcon.colcon_core.package_identification:_identify(build) by extensions ['ignore', 'ignore_ament_install']
[0.098s] Level 1:colcon.colcon_core.package_identification:_identify(build) by extension 'ignore'
[0.098s] Level 1:colcon.colcon_core.package_identification:_identify(build) ignored
[0.098s] Level 1:colcon.colcon_core.package_identification:_identify(install) by extensions ['ignore', 'ignore_ament_install']
[0.098s] Level 1:colcon.colcon_core.package_identification:_identify(install) by extension 'ignore'
[0.098s] Level 1:colcon.colcon_core.package_identification:_identify(install) ignored
[0.098s] Level 1:colcon.colcon_core.package_identification:_identify(libphidget22-1.9.20220203) by extensions ['ignore', 'ignore_ament_install']
[0.098s] Level 1:colcon.colcon_core.package_identification:_identify(libphidget22-1.9.20220203) by extension 'ignore'
[0.098s] Level 1:colcon.colcon_core.package_identification:_identify(libphidget22-1.9.20220203) by extension 'ignore_ament_install'
[0.098s] Level 1:colcon.colcon_core.package_identification:_identify(libphidget22-1.9.20220203) by extensions ['colcon_pkg']
[0.098s] Level 1:colcon.colcon_core.package_identification:_identify(libphidget22-1.9.20220203) by extension 'colcon_pkg'
[0.098s] Level 1:colcon.colcon_core.package_identification:_identify(libphidget22-1.9.20220203) by extensions ['colcon_meta']
[0.098s] Level 1:colcon.colcon_core.package_identification:_identify(libphidget22-1.9.20220203) by extension 'colcon_meta'
[0.098s] Level 1:colcon.colcon_core.package_identification:_identify(libphidget22-1.9.20220203) by extensions ['ros']
[0.098s] Level 1:colcon.colcon_core.package_identification:_identify(libphidget22-1.9.20220203) by extension 'ros'
[0.098s] Level 1:colcon.colcon_core.package_identification:_identify(libphidget22-1.9.20220203) by extensions ['cmake', 'python']
[0.098s] Level 1:colcon.colcon_core.package_identification:_identify(libphidget22-1.9.20220203) by extension 'cmake'
[0.098s] Level 1:colcon.colcon_core.package_identification:_identify(libphidget22-1.9.20220203) by extension 'python'
[0.098s] Level 1:colcon.colcon_core.package_identification:_identify(libphidget22-1.9.20220203) by extensions ['python_setup_py']
[0.098s] Level 1:colcon.colcon_core.package_identification:_identify(libphidget22-1.9.20220203) by extension 'python_setup_py'
[0.098s] Level 1:colcon.colcon_core.package_identification:_identify(libphidget22-1.9.20220203/build) by extensions ['ignore', 'ignore_ament_install']
[0.098s] Level 1:colcon.colcon_core.package_identification:_identify(libphidget22-1.9.20220203/build) by extension 'ignore'
[0.098s] Level 1:colcon.colcon_core.package_identification:_identify(libphidget22-1.9.20220203/build) by extension 'ignore_ament_install'
[0.098s] Level 1:colcon.colcon_core.package_identification:_identify(libphidget22-1.9.20220203/build) by extensions ['colcon_pkg']
[0.099s] Level 1:colcon.colcon_core.package_identification:_identify(libphidget22-1.9.20220203/build) by extension 'colcon_pkg'
[0.099s] Level 1:colcon.colcon_core.package_identification:_identify(libphidget22-1.9.20220203/build) by extensions ['colcon_meta']
[0.099s] Level 1:colcon.colcon_core.package_identification:_identify(libphidget22-1.9.20220203/build) by extension 'colcon_meta'
[0.099s] Level 1:colcon.colcon_core.package_identification:_identify(libphidget22-1.9.20220203/build) by extensions ['ros']
[0.099s] Level 1:colcon.colcon_core.package_identification:_identify(libphidget22-1.9.20220203/build) by extension 'ros'
[0.099s] Level 1:colcon.colcon_core.package_identification:_identify(libphidget22-1.9.20220203/build) by extensions ['cmake', 'python']
[0.099s] Level 1:colcon.colcon_core.package_identification:_identify(libphidget22-1.9.20220203/build) by extension 'cmake'
[0.099s] Level 1:colcon.colcon_core.package_identification:_identify(libphidget22-1.9.20220203/build) by extension 'python'
[0.099s] Level 1:colcon.colcon_core.package_identification:_identify(libphidget22-1.9.20220203/build) by extensions ['python_setup_py']
[0.099s] Level 1:colcon.colcon_core.package_identification:_identify(libphidget22-1.9.20220203/build) by extension 'python_setup_py'
[0.099s] Level 1:colcon.colcon_core.package_identification:_identify(libphidget22-1.9.20220203/m4) by extensions ['ignore', 'ignore_ament_install']
[0.099s] Level 1:colcon.colcon_core.package_identification:_identify(libphidget22-1.9.20220203/m4) by extension 'ignore'
[0.099s] Level 1:colcon.colcon_core.package_identification:_identify(libphidget22-1.9.20220203/m4) by extension 'ignore_ament_install'
[0.099s] Level 1:colcon.colcon_core.package_identification:_identify(libphidget22-1.9.20220203/m4) by extensions ['colcon_pkg']
[0.099s] Level 1:colcon.colcon_core.package_identification:_identify(libphidget22-1.9.20220203/m4) by extension 'colcon_pkg'
[0.099s] Level 1:colcon.colcon_core.package_identification:_identify(libphidget22-1.9.20220203/m4) by extensions ['colcon_meta']
[0.099s] Level 1:colcon.colcon_core.package_identification:_identify(libphidget22-1.9.20220203/m4) by extension 'colcon_meta'
[0.099s] Level 1:colcon.colcon_core.package_identification:_identify(libphidget22-1.9.20220203/m4) by extensions ['ros']
[0.099s] Level 1:colcon.colcon_core.package_identification:_identify(libphidget22-1.9.20220203/m4) by extension 'ros'
[0.099s] Level 1:colcon.colcon_core.package_identification:_identify(libphidget22-1.9.20220203/m4) by extensions ['cmake', 'python']
[0.099s] Level 1:colcon.colcon_core.package_identification:_identify(libphidget22-1.9.20220203/m4) by extension 'cmake'
[0.099s] Level 1:colcon.colcon_core.package_identification:_identify(libphidget22-1.9.20220203/m4) by extension 'python'
[0.099s] Level 1:colcon.colcon_core.package_identification:_identify(libphidget22-1.9.20220203/m4) by extensions ['python_setup_py']
[0.099s] Level 1:colcon.colcon_core.package_identification:_identify(libphidget22-1.9.20220203/m4) by extension 'python_setup_py'
[0.099s] Level 1:colcon.colcon_core.package_identification:_identify(libphidget22-1.9.20220203/plat) by extensions ['ignore', 'ignore_ament_install']
[0.099s] Level 1:colcon.colcon_core.package_identification:_identify(libphidget22-1.9.20220203/plat) by extension 'ignore'
[0.099s] Level 1:colcon.colcon_core.package_identification:_identify(libphidget22-1.9.20220203/plat) by extension 'ignore_ament_install'
[0.099s] Level 1:colcon.colcon_core.package_identification:_identify(libphidget22-1.9.20220203/plat) by extensions ['colcon_pkg']
[0.099s] Level 1:colcon.colcon_core.package_identification:_identify(libphidget22-1.9.20220203/plat) by extension 'colcon_pkg'
[0.099s] Level 1:colcon.colcon_core.package_identification:_identify(libphidget22-1.9.20220203/plat) by extensions ['colcon_meta']
[0.099s] Level 1:colcon.colcon_core.package_identification:_identify(libphidget22-1.9.20220203/plat) by extension 'colcon_meta'
[0.099s] Level 1:colcon.colcon_core.package_identification:_identify(libphidget22-1.9.20220203/plat) by extensions ['ros']
[0.099s] Level 1:colcon.colcon_core.package_identification:_identify(libphidget22-1.9.20220203/plat) by extension 'ros'
[0.099s] Level 1:colcon.colcon_core.package_identification:_identify(libphidget22-1.9.20220203/plat) by extensions ['cmake', 'python']
[0.100s] Level 1:colcon.colcon_core.package_identification:_identify(libphidget22-1.9.20220203/plat) by extension 'cmake'
[0.100s] Level 1:colcon.colcon_core.package_identification:_identify(libphidget22-1.9.20220203/plat) by extension 'python'
[0.100s] Level 1:colcon.colcon_core.package_identification:_identify(libphidget22-1.9.20220203/plat) by extensions ['python_setup_py']
[0.100s] Level 1:colcon.colcon_core.package_identification:_identify(libphidget22-1.9.20220203/plat) by extension 'python_setup_py'
[0.100s] Level 1:colcon.colcon_core.package_identification:_identify(libphidget22-1.9.20220203/plat/linux) by extensions ['ignore', 'ignore_ament_install']
[0.100s] Level 1:colcon.colcon_core.package_identification:_identify(libphidget22-1.9.20220203/plat/linux) by extension 'ignore'
[0.100s] Level 1:colcon.colcon_core.package_identification:_identify(libphidget22-1.9.20220203/plat/linux) by extension 'ignore_ament_install'
[0.100s] Level 1:colcon.colcon_core.package_identification:_identify(libphidget22-1.9.20220203/plat/linux) by extensions ['colcon_pkg']
[0.100s] Level 1:colcon.colcon_core.package_identification:_identify(libphidget22-1.9.20220203/plat/linux) by extension 'colcon_pkg'
[0.100s] Level 1:colcon.colcon_core.package_identification:_identify(libphidget22-1.9.20220203/plat/linux) by extensions ['colcon_meta']
[0.100s] Level 1:colcon.colcon_core.package_identification:_identify(libphidget22-1.9.20220203/plat/linux) by extension 'colcon_meta'
[0.100s] Level 1:colcon.colcon_core.package_identification:_identify(libphidget22-1.9.20220203/plat/linux) by extensions ['ros']
[0.100s] Level 1:colcon.colcon_core.package_identification:_identify(libphidget22-1.9.20220203/plat/linux) by extension 'ros'
[0.100s] Level 1:colcon.colcon_core.package_identification:_identify(libphidget22-1.9.20220203/plat/linux) by extensions ['cmake', 'python']
[0.100s] Level 1:colcon.colcon_core.package_identification:_identify(libphidget22-1.9.20220203/plat/linux) by extension 'cmake'
[0.100s] Level 1:colcon.colcon_core.package_identification:_identify(libphidget22-1.9.20220203/plat/linux) by extension 'python'
[0.100s] Level 1:colcon.colcon_core.package_identification:_identify(libphidget22-1.9.20220203/plat/linux) by extensions ['python_setup_py']
[0.100s] Level 1:colcon.colcon_core.package_identification:_identify(libphidget22-1.9.20220203/plat/linux) by extension 'python_setup_py'
[0.100s] Level 1:colcon.colcon_core.package_identification:_identify(libphidget22-1.9.20220203/plat/linux/udev) by extensions ['ignore', 'ignore_ament_install']
[0.100s] Level 1:colcon.colcon_core.package_identification:_identify(libphidget22-1.9.20220203/plat/linux/udev) by extension 'ignore'
[0.100s] Level 1:colcon.colcon_core.package_identification:_identify(libphidget22-1.9.20220203/plat/linux/udev) by extension 'ignore_ament_install'
[0.100s] Level 1:colcon.colcon_core.package_identification:_identify(libphidget22-1.9.20220203/plat/linux/udev) by extensions ['colcon_pkg']
[0.100s] Level 1:colcon.colcon_core.package_identification:_identify(libphidget22-1.9.20220203/plat/linux/udev) by extension 'colcon_pkg'
[0.100s] Level 1:colcon.colcon_core.package_identification:_identify(libphidget22-1.9.20220203/plat/linux/udev) by extensions ['colcon_meta']
[0.100s] Level 1:colcon.colcon_core.package_identification:_identify(libphidget22-1.9.20220203/plat/linux/udev) by extension 'colcon_meta'
[0.100s] Level 1:colcon.colcon_core.package_identification:_identify(libphidget22-1.9.20220203/plat/linux/udev) by extensions ['ros']
[0.100s] Level 1:colcon.colcon_core.package_identification:_identify(libphidget22-1.9.20220203/plat/linux/udev) by extension 'ros'
[0.100s] Level 1:colcon.colcon_core.package_identification:_identify(libphidget22-1.9.20220203/plat/linux/udev) by extensions ['cmake', 'python']
[0.100s] Level 1:colcon.colcon_core.package_identification:_identify(libphidget22-1.9.20220203/plat/linux/udev) by extension 'cmake'
[0.100s] Level 1:colcon.colcon_core.package_identification:_identify(libphidget22-1.9.20220203/plat/linux/udev) by extension 'python'
[0.100s] Level 1:colcon.colcon_core.package_identification:_identify(libphidget22-1.9.20220203/plat/linux/udev) by extensions ['python_setup_py']
[0.100s] Level 1:colcon.colcon_core.package_identification:_identify(libphidget22-1.9.20220203/plat/linux/udev) by extension 'python_setup_py'
[0.101s] Level 1:colcon.colcon_core.package_identification:_identify(libphidget22-1.9.20220203/src) by extensions ['ignore', 'ignore_ament_install']
[0.101s] Level 1:colcon.colcon_core.package_identification:_identify(libphidget22-1.9.20220203/src) by extension 'ignore'
[0.101s] Level 1:colcon.colcon_core.package_identification:_identify(libphidget22-1.9.20220203/src) by extension 'ignore_ament_install'
[0.101s] Level 1:colcon.colcon_core.package_identification:_identify(libphidget22-1.9.20220203/src) by extensions ['colcon_pkg']
[0.101s] Level 1:colcon.colcon_core.package_identification:_identify(libphidget22-1.9.20220203/src) by extension 'colcon_pkg'
[0.101s] Level 1:colcon.colcon_core.package_identification:_identify(libphidget22-1.9.20220203/src) by extensions ['colcon_meta']
[0.101s] Level 1:colcon.colcon_core.package_identification:_identify(libphidget22-1.9.20220203/src) by extension 'colcon_meta'
[0.101s] Level 1:colcon.colcon_core.package_identification:_identify(libphidget22-1.9.20220203/src) by extensions ['ros']
[0.101s] Level 1:colcon.colcon_core.package_identification:_identify(libphidget22-1.9.20220203/src) by extension 'ros'
[0.101s] Level 1:colcon.colcon_core.package_identification:_identify(libphidget22-1.9.20220203/src) by extensions ['cmake', 'python']
[0.101s] Level 1:colcon.colcon_core.package_identification:_identify(libphidget22-1.9.20220203/src) by extension 'cmake'
[0.101s] Level 1:colcon.colcon_core.package_identification:_identify(libphidget22-1.9.20220203/src) by extension 'python'
[0.101s] Level 1:colcon.colcon_core.package_identification:_identify(libphidget22-1.9.20220203/src) by extensions ['python_setup_py']
[0.101s] Level 1:colcon.colcon_core.package_identification:_identify(libphidget22-1.9.20220203/src) by extension 'python_setup_py'
[0.101s] Level 1:colcon.colcon_core.package_identification:_identify(libphidget22-1.9.20220203/src/class) by extensions ['ignore', 'ignore_ament_install']
[0.101s] Level 1:colcon.colcon_core.package_identification:_identify(libphidget22-1.9.20220203/src/class) by extension 'ignore'
[0.101s] Level 1:colcon.colcon_core.package_identification:_identify(libphidget22-1.9.20220203/src/class) by extension 'ignore_ament_install'
[0.101s] Level 1:colcon.colcon_core.package_identification:_identify(libphidget22-1.9.20220203/src/class) by extensions ['colcon_pkg']
[0.101s] Level 1:colcon.colcon_core.package_identification:_identify(libphidget22-1.9.20220203/src/class) by extension 'colcon_pkg'
[0.101s] Level 1:colcon.colcon_core.package_identification:_identify(libphidget22-1.9.20220203/src/class) by extensions ['colcon_meta']
[0.101s] Level 1:colcon.colcon_core.package_identification:_identify(libphidget22-1.9.20220203/src/class) by extension 'colcon_meta'
[0.101s] Level 1:colcon.colcon_core.package_identification:_identify(libphidget22-1.9.20220203/src/class) by extensions ['ros']
[0.101s] Level 1:colcon.colcon_core.package_identification:_identify(libphidget22-1.9.20220203/src/class) by extension 'ros'
[0.101s] Level 1:colcon.colcon_core.package_identification:_identify(libphidget22-1.9.20220203/src/class) by extensions ['cmake', 'python']
[0.101s] Level 1:colcon.colcon_core.package_identification:_identify(libphidget22-1.9.20220203/src/class) by extension 'cmake'
[0.101s] Level 1:colcon.colcon_core.package_identification:_identify(libphidget22-1.9.20220203/src/class) by extension 'python'
[0.101s] Level 1:colcon.colcon_core.package_identification:_identify(libphidget22-1.9.20220203/src/class) by extensions ['python_setup_py']
[0.101s] Level 1:colcon.colcon_core.package_identification:_identify(libphidget22-1.9.20220203/src/class) by extension 'python_setup_py'
[0.102s] Level 1:colcon.colcon_core.package_identification:_identify(libphidget22-1.9.20220203/src/device) by extensions ['ignore', 'ignore_ament_install']
[0.102s] Level 1:colcon.colcon_core.package_identification:_identify(libphidget22-1.9.20220203/src/device) by extension 'ignore'
[0.102s] Level 1:colcon.colcon_core.package_identification:_identify(libphidget22-1.9.20220203/src/device) by extension 'ignore_ament_install'
[0.102s] Level 1:colcon.colcon_core.package_identification:_identify(libphidget22-1.9.20220203/src/device) by extensions ['colcon_pkg']
[0.102s] Level 1:colcon.colcon_core.package_identification:_identify(libphidget22-1.9.20220203/src/device) by extension 'colcon_pkg'
[0.102s] Level 1:colcon.colcon_core.package_identification:_identify(libphidget22-1.9.20220203/src/device) by extensions ['colcon_meta']
[0.102s] Level 1:colcon.colcon_core.package_identification:_identify(libphidget22-1.9.20220203/src/device) by extension 'colcon_meta'
[0.102s] Level 1:colcon.colcon_core.package_identification:_identify(libphidget22-1.9.20220203/src/device) by extensions ['ros']
[0.102s] Level 1:colcon.colcon_core.package_identification:_identify(libphidget22-1.9.20220203/src/device) by extension 'ros'
[0.102s] Level 1:colcon.colcon_core.package_identification:_identify(libphidget22-1.9.20220203/src/device) by extensions ['cmake', 'python']
[0.102s] Level 1:colcon.colcon_core.package_identification:_identify(libphidget22-1.9.20220203/src/device) by extension 'cmake'
[0.102s] Level 1:colcon.colcon_core.package_identification:_identify(libphidget22-1.9.20220203/src/device) by extension 'python'
[0.102s] Level 1:colcon.colcon_core.package_identification:_identify(libphidget22-1.9.20220203/src/device) by extensions ['python_setup_py']
[0.102s] Level 1:colcon.colcon_core.package_identification:_identify(libphidget22-1.9.20220203/src/device) by extension 'python_setup_py'
[0.102s] Level 1:colcon.colcon_core.package_identification:_identify(libphidget22-1.9.20220203/src/ext) by extensions ['ignore', 'ignore_ament_install']
[0.102s] Level 1:colcon.colcon_core.package_identification:_identify(libphidget22-1.9.20220203/src/ext) by extension 'ignore'
[0.102s] Level 1:colcon.colcon_core.package_identification:_identify(libphidget22-1.9.20220203/src/ext) by extension 'ignore_ament_install'
[0.102s] Level 1:colcon.colcon_core.package_identification:_identify(libphidget22-1.9.20220203/src/ext) by extensions ['colcon_pkg']
[0.102s] Level 1:colcon.colcon_core.package_identification:_identify(libphidget22-1.9.20220203/src/ext) by extension 'colcon_pkg'
[0.102s] Level 1:colcon.colcon_core.package_identification:_identify(libphidget22-1.9.20220203/src/ext) by extensions ['colcon_meta']
[0.102s] Level 1:colcon.colcon_core.package_identification:_identify(libphidget22-1.9.20220203/src/ext) by extension 'colcon_meta'
[0.102s] Level 1:colcon.colcon_core.package_identification:_identify(libphidget22-1.9.20220203/src/ext) by extensions ['ros']
[0.102s] Level 1:colcon.colcon_core.package_identification:_identify(libphidget22-1.9.20220203/src/ext) by extension 'ros'
[0.102s] Level 1:colcon.colcon_core.package_identification:_identify(libphidget22-1.9.20220203/src/ext) by extensions ['cmake', 'python']
[0.102s] Level 1:colcon.colcon_core.package_identification:_identify(libphidget22-1.9.20220203/src/ext) by extension 'cmake'
[0.102s] Level 1:colcon.colcon_core.package_identification:_identify(libphidget22-1.9.20220203/src/ext) by extension 'python'
[0.102s] Level 1:colcon.colcon_core.package_identification:_identify(libphidget22-1.9.20220203/src/ext) by extensions ['python_setup_py']
[0.102s] Level 1:colcon.colcon_core.package_identification:_identify(libphidget22-1.9.20220203/src/ext) by extension 'python_setup_py'
[0.102s] Level 1:colcon.colcon_core.package_identification:_identify(libphidget22-1.9.20220203/src/ext/include) by extensions ['ignore', 'ignore_ament_install']
[0.102s] Level 1:colcon.colcon_core.package_identification:_identify(libphidget22-1.9.20220203/src/ext/include) by extension 'ignore'
[0.102s] Level 1:colcon.colcon_core.package_identification:_identify(libphidget22-1.9.20220203/src/ext/include) by extension 'ignore_ament_install'
[0.103s] Level 1:colcon.colcon_core.package_identification:_identify(libphidget22-1.9.20220203/src/ext/include) by extensions ['colcon_pkg']
[0.103s] Level 1:colcon.colcon_core.package_identification:_identify(libphidget22-1.9.20220203/src/ext/include) by extension 'colcon_pkg'
[0.103s] Level 1:colcon.colcon_core.package_identification:_identify(libphidget22-1.9.20220203/src/ext/include) by extensions ['colcon_meta']
[0.103s] Level 1:colcon.colcon_core.package_identification:_identify(libphidget22-1.9.20220203/src/ext/include) by extension 'colcon_meta'
[0.103s] Level 1:colcon.colcon_core.package_identification:_identify(libphidget22-1.9.20220203/src/ext/include) by extensions ['ros']
[0.103s] Level 1:colcon.colcon_core.package_identification:_identify(libphidget22-1.9.20220203/src/ext/include) by extension 'ros'
[0.103s] Level 1:colcon.colcon_core.package_identification:_identify(libphidget22-1.9.20220203/src/ext/include) by extensions ['cmake', 'python']
[0.103s] Level 1:colcon.colcon_core.package_identification:_identify(libphidget22-1.9.20220203/src/ext/include) by extension 'cmake'
[0.103s] Level 1:colcon.colcon_core.package_identification:_identify(libphidget22-1.9.20220203/src/ext/include) by extension 'python'
[0.103s] Level 1:colcon.colcon_core.package_identification:_identify(libphidget22-1.9.20220203/src/ext/include) by extensions ['python_setup_py']
[0.103s] Level 1:colcon.colcon_core.package_identification:_identify(libphidget22-1.9.20220203/src/ext/include) by extension 'python_setup_py'
[0.103s] Level 1:colcon.colcon_core.package_identification:_identify(libphidget22-1.9.20220203/src/ext/include/avahi-client) by extensions ['ignore', 'ignore_ament_install']
[0.103s] Level 1:colcon.colcon_core.package_identification:_identify(libphidget22-1.9.20220203/src/ext/include/avahi-client) by extension 'ignore'
[0.103s] Level 1:colcon.colcon_core.package_identification:_identify(libphidget22-1.9.20220203/src/ext/include/avahi-client) by extension 'ignore_ament_install'
[0.103s] Level 1:colcon.colcon_core.package_identification:_identify(libphidget22-1.9.20220203/src/ext/include/avahi-client) by extensions ['colcon_pkg']
[0.103s] Level 1:colcon.colcon_core.package_identification:_identify(libphidget22-1.9.20220203/src/ext/include/avahi-client) by extension 'colcon_pkg'
[0.103s] Level 1:colcon.colcon_core.package_identification:_identify(libphidget22-1.9.20220203/src/ext/include/avahi-client) by extensions ['colcon_meta']
[0.103s] Level 1:colcon.colcon_core.package_identification:_identify(libphidget22-1.9.20220203/src/ext/include/avahi-client) by extension 'colcon_meta'
[0.103s] Level 1:colcon.colcon_core.package_identification:_identify(libphidget22-1.9.20220203/src/ext/include/avahi-client) by extensions ['ros']
[0.103s] Level 1:colcon.colcon_core.package_identification:_identify(libphidget22-1.9.20220203/src/ext/include/avahi-client) by extension 'ros'
[0.103s] Level 1:colcon.colcon_core.package_identification:_identify(libphidget22-1.9.20220203/src/ext/include/avahi-client) by extensions ['cmake', 'python']
[0.103s] Level 1:colcon.colcon_core.package_identification:_identify(libphidget22-1.9.20220203/src/ext/include/avahi-client) by extension 'cmake'
[0.103s] Level 1:colcon.colcon_core.package_identification:_identify(libphidget22-1.9.20220203/src/ext/include/avahi-client) by extension 'python'
[0.103s] Level 1:colcon.colcon_core.package_identification:_identify(libphidget22-1.9.20220203/src/ext/include/avahi-client) by extensions ['python_setup_py']
[0.103s] Level 1:colcon.colcon_core.package_identification:_identify(libphidget22-1.9.20220203/src/ext/include/avahi-client) by extension 'python_setup_py'
[0.103s] Level 1:colcon.colcon_core.package_identification:_identify(libphidget22-1.9.20220203/src/ext/include/avahi-common) by extensions ['ignore', 'ignore_ament_install']
[0.103s] Level 1:colcon.colcon_core.package_identification:_identify(libphidget22-1.9.20220203/src/ext/include/avahi-common) by extension 'ignore'
[0.103s] Level 1:colcon.colcon_core.package_identification:_identify(libphidget22-1.9.20220203/src/ext/include/avahi-common) by extension 'ignore_ament_install'
[0.103s] Level 1:colcon.colcon_core.package_identification:_identify(libphidget22-1.9.20220203/src/ext/include/avahi-common) by extensions ['colcon_pkg']
[0.103s] Level 1:colcon.colcon_core.package_identification:_identify(libphidget22-1.9.20220203/src/ext/include/avahi-common) by extension 'colcon_pkg'
[0.103s] Level 1:colcon.colcon_core.package_identification:_identify(libphidget22-1.9.20220203/src/ext/include/avahi-common) by extensions ['colcon_meta']
[0.103s] Level 1:colcon.colcon_core.package_identification:_identify(libphidget22-1.9.20220203/src/ext/include/avahi-common) by extension 'colcon_meta'
[0.104s] Level 1:colcon.colcon_core.package_identification:_identify(libphidget22-1.9.20220203/src/ext/include/avahi-common) by extensions ['ros']
[0.104s] Level 1:colcon.colcon_core.package_identification:_identify(libphidget22-1.9.20220203/src/ext/include/avahi-common) by extension 'ros'
[0.104s] Level 1:colcon.colcon_core.package_identification:_identify(libphidget22-1.9.20220203/src/ext/include/avahi-common) by extensions ['cmake', 'python']
[0.104s] Level 1:colcon.colcon_core.package_identification:_identify(libphidget22-1.9.20220203/src/ext/include/avahi-common) by extension 'cmake'
[0.104s] Level 1:colcon.colcon_core.package_identification:_identify(libphidget22-1.9.20220203/src/ext/include/avahi-common) by extension 'python'
[0.104s] Level 1:colcon.colcon_core.package_identification:_identify(libphidget22-1.9.20220203/src/ext/include/avahi-common) by extensions ['python_setup_py']
[0.104s] Level 1:colcon.colcon_core.package_identification:_identify(libphidget22-1.9.20220203/src/ext/include/avahi-common) by extension 'python_setup_py'
[0.104s] Level 1:colcon.colcon_core.package_identification:_identify(libphidget22-1.9.20220203/src/ext/mos) by extensions ['ignore', 'ignore_ament_install']
[0.104s] Level 1:colcon.colcon_core.package_identification:_identify(libphidget22-1.9.20220203/src/ext/mos) by extension 'ignore'
[0.104s] Level 1:colcon.colcon_core.package_identification:_identify(libphidget22-1.9.20220203/src/ext/mos) by extension 'ignore_ament_install'
[0.104s] Level 1:colcon.colcon_core.package_identification:_identify(libphidget22-1.9.20220203/src/ext/mos) by extensions ['colcon_pkg']
[0.104s] Level 1:colcon.colcon_core.package_identification:_identify(libphidget22-1.9.20220203/src/ext/mos) by extension 'colcon_pkg'
[0.104s] Level 1:colcon.colcon_core.package_identification:_identify(libphidget22-1.9.20220203/src/ext/mos) by extensions ['colcon_meta']
[0.104s] Level 1:colcon.colcon_core.package_identification:_identify(libphidget22-1.9.20220203/src/ext/mos) by extension 'colcon_meta'
[0.104s] Level 1:colcon.colcon_core.package_identification:_identify(libphidget22-1.9.20220203/src/ext/mos) by extensions ['ros']
[0.104s] Level 1:colcon.colcon_core.package_identification:_identify(libphidget22-1.9.20220203/src/ext/mos) by extension 'ros'
[0.104s] Level 1:colcon.colcon_core.package_identification:_identify(libphidget22-1.9.20220203/src/ext/mos) by extensions ['cmake', 'python']
[0.104s] Level 1:colcon.colcon_core.package_identification:_identify(libphidget22-1.9.20220203/src/ext/mos) by extension 'cmake'
[0.104s] Level 1:colcon.colcon_core.package_identification:_identify(libphidget22-1.9.20220203/src/ext/mos) by extension 'python'
[0.104s] Level 1:colcon.colcon_core.package_identification:_identify(libphidget22-1.9.20220203/src/ext/mos) by extensions ['python_setup_py']
[0.104s] Level 1:colcon.colcon_core.package_identification:_identify(libphidget22-1.9.20220203/src/ext/mos) by extension 'python_setup_py'
[0.104s] Level 1:colcon.colcon_core.package_identification:_identify(libphidget22-1.9.20220203/src/ext/mos/kv) by extensions ['ignore', 'ignore_ament_install']
[0.104s] Level 1:colcon.colcon_core.package_identification:_identify(libphidget22-1.9.20220203/src/ext/mos/kv) by extension 'ignore'
[0.104s] Level 1:colcon.colcon_core.package_identification:_identify(libphidget22-1.9.20220203/src/ext/mos/kv) by extension 'ignore_ament_install'
[0.104s] Level 1:colcon.colcon_core.package_identification:_identify(libphidget22-1.9.20220203/src/ext/mos/kv) by extensions ['colcon_pkg']
[0.104s] Level 1:colcon.colcon_core.package_identification:_identify(libphidget22-1.9.20220203/src/ext/mos/kv) by extension 'colcon_pkg'
[0.104s] Level 1:colcon.colcon_core.package_identification:_identify(libphidget22-1.9.20220203/src/ext/mos/kv) by extensions ['colcon_meta']
[0.104s] Level 1:colcon.colcon_core.package_identification:_identify(libphidget22-1.9.20220203/src/ext/mos/kv) by extension 'colcon_meta'
[0.105s] Level 1:colcon.colcon_core.package_identification:_identify(libphidget22-1.9.20220203/src/ext/mos/kv) by extensions ['ros']
[0.105s] Level 1:colcon.colcon_core.package_identification:_identify(libphidget22-1.9.20220203/src/ext/mos/kv) by extension 'ros'
[0.105s] Level 1:colcon.colcon_core.package_identification:_identify(libphidget22-1.9.20220203/src/ext/mos/kv) by extensions ['cmake', 'python']
[0.105s] Level 1:colcon.colcon_core.package_identification:_identify(libphidget22-1.9.20220203/src/ext/mos/kv) by extension 'cmake'
[0.105s] Level 1:colcon.colcon_core.package_identification:_identify(libphidget22-1.9.20220203/src/ext/mos/kv) by extension 'python'
[0.105s] Level 1:colcon.colcon_core.package_identification:_identify(libphidget22-1.9.20220203/src/ext/mos/kv) by extensions ['python_setup_py']
[0.105s] Level 1:colcon.colcon_core.package_identification:_identify(libphidget22-1.9.20220203/src/ext/mos/kv) by extension 'python_setup_py'
[0.105s] Level 1:colcon.colcon_core.package_identification:_identify(libphidget22-1.9.20220203/src/network) by extensions ['ignore', 'ignore_ament_install']
[0.105s] Level 1:colcon.colcon_core.package_identification:_identify(libphidget22-1.9.20220203/src/network) by extension 'ignore'
[0.105s] Level 1:colcon.colcon_core.package_identification:_identify(libphidget22-1.9.20220203/src/network) by extension 'ignore_ament_install'
[0.105s] Level 1:colcon.colcon_core.package_identification:_identify(libphidget22-1.9.20220203/src/network) by extensions ['colcon_pkg']
[0.105s] Level 1:colcon.colcon_core.package_identification:_identify(libphidget22-1.9.20220203/src/network) by extension 'colcon_pkg'
[0.105s] Level 1:colcon.colcon_core.package_identification:_identify(libphidget22-1.9.20220203/src/network) by extensions ['colcon_meta']
[0.105s] Level 1:colcon.colcon_core.package_identification:_identify(libphidget22-1.9.20220203/src/network) by extension 'colcon_meta'
[0.105s] Level 1:colcon.colcon_core.package_identification:_identify(libphidget22-1.9.20220203/src/network) by extensions ['ros']
[0.105s] Level 1:colcon.colcon_core.package_identification:_identify(libphidget22-1.9.20220203/src/network) by extension 'ros'
[0.105s] Level 1:colcon.colcon_core.package_identification:_identify(libphidget22-1.9.20220203/src/network) by extensions ['cmake', 'python']
[0.105s] Level 1:colcon.colcon_core.package_identification:_identify(libphidget22-1.9.20220203/src/network) by extension 'cmake'
[0.105s] Level 1:colcon.colcon_core.package_identification:_identify(libphidget22-1.9.20220203/src/network) by extension 'python'
[0.105s] Level 1:colcon.colcon_core.package_identification:_identify(libphidget22-1.9.20220203/src/network) by extensions ['python_setup_py']
[0.105s] Level 1:colcon.colcon_core.package_identification:_identify(libphidget22-1.9.20220203/src/network) by extension 'python_setup_py'
[0.105s] Level 1:colcon.colcon_core.package_identification:_identify(libphidget22-1.9.20220203/src/plat) by extensions ['ignore', 'ignore_ament_install']
[0.105s] Level 1:colcon.colcon_core.package_identification:_identify(libphidget22-1.9.20220203/src/plat) by extension 'ignore'
[0.105s] Level 1:colcon.colcon_core.package_identification:_identify(libphidget22-1.9.20220203/src/plat) by extension 'ignore_ament_install'
[0.105s] Level 1:colcon.colcon_core.package_identification:_identify(libphidget22-1.9.20220203/src/plat) by extensions ['colcon_pkg']
[0.105s] Level 1:colcon.colcon_core.package_identification:_identify(libphidget22-1.9.20220203/src/plat) by extension 'colcon_pkg'
[0.105s] Level 1:colcon.colcon_core.package_identification:_identify(libphidget22-1.9.20220203/src/plat) by extensions ['colcon_meta']
[0.105s] Level 1:colcon.colcon_core.package_identification:_identify(libphidget22-1.9.20220203/src/plat) by extension 'colcon_meta'
[0.105s] Level 1:colcon.colcon_core.package_identification:_identify(libphidget22-1.9.20220203/src/plat) by extensions ['ros']
[0.105s] Level 1:colcon.colcon_core.package_identification:_identify(libphidget22-1.9.20220203/src/plat) by extension 'ros'
[0.105s] Level 1:colcon.colcon_core.package_identification:_identify(libphidget22-1.9.20220203/src/plat) by extensions ['cmake', 'python']
[0.105s] Level 1:colcon.colcon_core.package_identification:_identify(libphidget22-1.9.20220203/src/plat) by extension 'cmake'
[0.105s] Level 1:colcon.colcon_core.package_identification:_identify(libphidget22-1.9.20220203/src/plat) by extension 'python'
[0.106s] Level 1:colcon.colcon_core.package_identification:_identify(libphidget22-1.9.20220203/src/plat) by extensions ['python_setup_py']
[0.106s] Level 1:colcon.colcon_core.package_identification:_identify(libphidget22-1.9.20220203/src/plat) by extension 'python_setup_py'
[0.106s] Level 1:colcon.colcon_core.package_identification:_identify(libphidget22-1.9.20220203/src/plat/labview) by extensions ['ignore', 'ignore_ament_install']
[0.106s] Level 1:colcon.colcon_core.package_identification:_identify(libphidget22-1.9.20220203/src/plat/labview) by extension 'ignore'
[0.106s] Level 1:colcon.colcon_core.package_identification:_identify(libphidget22-1.9.20220203/src/plat/labview) by extension 'ignore_ament_install'
[0.106s] Level 1:colcon.colcon_core.package_identification:_identify(libphidget22-1.9.20220203/src/plat/labview) by extensions ['colcon_pkg']
[0.106s] Level 1:colcon.colcon_core.package_identification:_identify(libphidget22-1.9.20220203/src/plat/labview) by extension 'colcon_pkg'
[0.106s] Level 1:colcon.colcon_core.package_identification:_identify(libphidget22-1.9.20220203/src/plat/labview) by extensions ['colcon_meta']
[0.106s] Level 1:colcon.colcon_core.package_identification:_identify(libphidget22-1.9.20220203/src/plat/labview) by extension 'colcon_meta'
[0.106s] Level 1:colcon.colcon_core.package_identification:_identify(libphidget22-1.9.20220203/src/plat/labview) by extensions ['ros']
[0.106s] Level 1:colcon.colcon_core.package_identification:_identify(libphidget22-1.9.20220203/src/plat/labview) by extension 'ros'
[0.106s] Level 1:colcon.colcon_core.package_identification:_identify(libphidget22-1.9.20220203/src/plat/labview) by extensions ['cmake', 'python']
[0.106s] Level 1:colcon.colcon_core.package_identification:_identify(libphidget22-1.9.20220203/src/plat/labview) by extension 'cmake'
[0.106s] Level 1:colcon.colcon_core.package_identification:_identify(libphidget22-1.9.20220203/src/plat/labview) by extension 'python'
[0.106s] Level 1:colcon.colcon_core.package_identification:_identify(libphidget22-1.9.20220203/src/plat/labview) by extensions ['python_setup_py']
[0.106s] Level 1:colcon.colcon_core.package_identification:_identify(libphidget22-1.9.20220203/src/plat/labview) by extension 'python_setup_py'
[0.106s] Level 1:colcon.colcon_core.package_identification:_identify(libphidget22-1.9.20220203/src/plat/linux) by extensions ['ignore', 'ignore_ament_install']
[0.106s] Level 1:colcon.colcon_core.package_identification:_identify(libphidget22-1.9.20220203/src/plat/linux) by extension 'ignore'
[0.106s] Level 1:colcon.colcon_core.package_identification:_identify(libphidget22-1.9.20220203/src/plat/linux) by extension 'ignore_ament_install'
[0.106s] Level 1:colcon.colcon_core.package_identification:_identify(libphidget22-1.9.20220203/src/plat/linux) by extensions ['colcon_pkg']
[0.106s] Level 1:colcon.colcon_core.package_identification:_identify(libphidget22-1.9.20220203/src/plat/linux) by extension 'colcon_pkg'
[0.106s] Level 1:colcon.colcon_core.package_identification:_identify(libphidget22-1.9.20220203/src/plat/linux) by extensions ['colcon_meta']
[0.106s] Level 1:colcon.colcon_core.package_identification:_identify(libphidget22-1.9.20220203/src/plat/linux) by extension 'colcon_meta'
[0.106s] Level 1:colcon.colcon_core.package_identification:_identify(libphidget22-1.9.20220203/src/plat/linux) by extensions ['ros']
[0.106s] Level 1:colcon.colcon_core.package_identification:_identify(libphidget22-1.9.20220203/src/plat/linux) by extension 'ros'
[0.106s] Level 1:colcon.colcon_core.package_identification:_identify(libphidget22-1.9.20220203/src/plat/linux) by extensions ['cmake', 'python']
[0.106s] Level 1:colcon.colcon_core.package_identification:_identify(libphidget22-1.9.20220203/src/plat/linux) by extension 'cmake'
[0.106s] Level 1:colcon.colcon_core.package_identification:_identify(libphidget22-1.9.20220203/src/plat/linux) by extension 'python'
[0.106s] Level 1:colcon.colcon_core.package_identification:_identify(libphidget22-1.9.20220203/src/plat/linux) by extensions ['python_setup_py']
[0.106s] Level 1:colcon.colcon_core.package_identification:_identify(libphidget22-1.9.20220203/src/plat/linux) by extension 'python_setup_py'
[0.106s] Level 1:colcon.colcon_core.package_identification:_identify(libphidget22-1.9.20220203/src/util) by extensions ['ignore', 'ignore_ament_install']
[0.107s] Level 1:colcon.colcon_core.package_identification:_identify(libphidget22-1.9.20220203/src/util) by extension 'ignore'
[0.107s] Level 1:colcon.colcon_core.package_identification:_identify(libphidget22-1.9.20220203/src/util) by extension 'ignore_ament_install'
[0.107s] Level 1:colcon.colcon_core.package_identification:_identify(libphidget22-1.9.20220203/src/util) by extensions ['colcon_pkg']
[0.107s] Level 1:colcon.colcon_core.package_identification:_identify(libphidget22-1.9.20220203/src/util) by extension 'colcon_pkg'
[0.107s] Level 1:colcon.colcon_core.package_identification:_identify(libphidget22-1.9.20220203/src/util) by extensions ['colcon_meta']
[0.107s] Level 1:colcon.colcon_core.package_identification:_identify(libphidget22-1.9.20220203/src/util) by extension 'colcon_meta'
[0.107s] Level 1:colcon.colcon_core.package_identification:_identify(libphidget22-1.9.20220203/src/util) by extensions ['ros']
[0.107s] Level 1:colcon.colcon_core.package_identification:_identify(libphidget22-1.9.20220203/src/util) by extension 'ros'
[0.107s] Level 1:colcon.colcon_core.package_identification:_identify(libphidget22-1.9.20220203/src/util) by extensions ['cmake', 'python']
[0.107s] Level 1:colcon.colcon_core.package_identification:_identify(libphidget22-1.9.20220203/src/util) by extension 'cmake'
[0.107s] Level 1:colcon.colcon_core.package_identification:_identify(libphidget22-1.9.20220203/src/util) by extension 'python'
[0.107s] Level 1:colcon.colcon_core.package_identification:_identify(libphidget22-1.9.20220203/src/util) by extensions ['python_setup_py']
[0.107s] Level 1:colcon.colcon_core.package_identification:_identify(libphidget22-1.9.20220203/src/util) by extension 'python_setup_py'
[0.107s] Level 1:colcon.colcon_core.package_identification:_identify(log) by extensions ['ignore', 'ignore_ament_install']
[0.107s] Level 1:colcon.colcon_core.package_identification:_identify(log) by extension 'ignore'
[0.107s] Level 1:colcon.colcon_core.package_identification:_identify(log) ignored
[0.107s] Level 1:colcon.colcon_core.package_identification:_identify(phidget) by extensions ['ignore', 'ignore_ament_install']
[0.107s] Level 1:colcon.colcon_core.package_identification:_identify(phidget) by extension 'ignore'
[0.107s] Level 1:colcon.colcon_core.package_identification:_identify(phidget) by extension 'ignore_ament_install'
[0.107s] Level 1:colcon.colcon_core.package_identification:_identify(phidget) by extensions ['colcon_pkg']
[0.107s] Level 1:colcon.colcon_core.package_identification:_identify(phidget) by extension 'colcon_pkg'
[0.107s] Level 1:colcon.colcon_core.package_identification:_identify(phidget) by extensions ['colcon_meta']
[0.107s] Level 1:colcon.colcon_core.package_identification:_identify(phidget) by extension 'colcon_meta'
[0.107s] Level 1:colcon.colcon_core.package_identification:_identify(phidget) by extensions ['ros']
[0.107s] Level 1:colcon.colcon_core.package_identification:_identify(phidget) by extension 'ros'
[0.109s] DEBUG:colcon.colcon_core.package_identification:Package 'phidget' with type 'ros.ament_python' and name 'phidget'
[0.109s] Level 1:colcon.colcon_core.package_identification:_identify(test2) by extensions ['ignore', 'ignore_ament_install']
[0.109s] Level 1:colcon.colcon_core.package_identification:_identify(test2) by extension 'ignore'
[0.109s] Level 1:colcon.colcon_core.package_identification:_identify(test2) by extension 'ignore_ament_install'
[0.109s] Level 1:colcon.colcon_core.package_identification:_identify(test2) by extensions ['colcon_pkg']
[0.109s] Level 1:colcon.colcon_core.package_identification:_identify(test2) by extension 'colcon_pkg'
[0.110s] Level 1:colcon.colcon_core.package_identification:_identify(test2) by extensions ['colcon_meta']
[0.110s] Level 1:colcon.colcon_core.package_identification:_identify(test2) by extension 'colcon_meta'
[0.110s] Level 1:colcon.colcon_core.package_identification:_identify(test2) by extensions ['ros']
[0.110s] Level 1:colcon.colcon_core.package_identification:_identify(test2) by extension 'ros'
[0.110s] Level 1:colcon.colcon_core.package_identification:_identify(test2) by extensions ['cmake', 'python']
[0.110s] Level 1:colcon.colcon_core.package_identification:_identify(test2) by extension 'cmake'
[0.110s] Level 1:colcon.colcon_core.package_identification:_identify(test2) by extension 'python'
[0.110s] Level 1:colcon.colcon_core.package_identification:_identify(test2) by extensions ['python_setup_py']
[0.110s] Level 1:colcon.colcon_core.package_identification:_identify(test2) by extension 'python_setup_py'
[0.110s] Level 1:colcon.colcon_core.package_discovery:discover_packages(recursive) using defaults
[0.110s] Level 1:colcon.colcon_core.package_discovery:discover_packages(ignore) discover
[0.110s] Level 1:colcon.colcon_core.package_discovery:discover_packages(ignore) using defaults
[0.110s] Level 1:colcon.colcon_core.package_discovery:discover_packages(path) discover
[0.110s] Level 1:colcon.colcon_core.package_discovery:discover_packages(path) using defaults
[0.121s] Level 1:colcon.colcon_core.package_discovery:discover_packages(prefix_path) check parameters
[0.121s] Level 1:colcon.colcon_core.package_discovery:discover_packages(prefix_path) discover
[0.122s] Level 1:colcon.colcon_core.package_discovery:discover_packages(prefix_path) using defaults
[0.122s] Level 5:colcon.colcon_core.verb:set package 'phidget' build argument 'cmake_args' from command line to 'None'
[0.122s] Level 5:colcon.colcon_core.verb:set package 'phidget' build argument 'cmake_target' from command line to 'None'
[0.122s] Level 5:colcon.colcon_core.verb:set package 'phidget' build argument 'cmake_target_skip_unavailable' from command line to 'False'
[0.122s] Level 5:colcon.colcon_core.verb:set package 'phidget' build argument 'cmake_clean_cache' from command line to 'False'
[0.122s] Level 5:colcon.colcon_core.verb:set package 'phidget' build argument 'cmake_clean_first' from command line to 'False'
[0.122s] Level 5:colcon.colcon_core.verb:set package 'phidget' build argument 'cmake_force_configure' from command line to 'False'
[0.122s] Level 5:colcon.colcon_core.verb:set package 'phidget' build argument 'ament_cmake_args' from command line to 'None'
[0.122s] Level 5:colcon.colcon_core.verb:set package 'phidget' build argument 'catkin_cmake_args' from command line to 'None'
[0.122s] Level 5:colcon.colcon_core.verb:set package 'phidget' build argument 'catkin_skip_building_tests' from command line to 'False'
[0.122s] DEBUG:colcon.colcon_core.verb:Building package 'phidget' with the following arguments: {'ament_cmake_args': None, 'build_base': '/home/pioneer1/Documents/Rover/build/phidget', 'catkin_cmake_args': None, 'catkin_skip_building_tests': False, 'cmake_args': None, 'cmake_clean_cache': False, 'cmake_clean_first': False, 'cmake_force_configure': False, 'cmake_target': None, 'cmake_target_skip_unavailable': False, 'install_base': '/home/pioneer1/Documents/Rover/install/phidget', 'merge_install': False, 'path': '/home/pioneer1/Documents/Rover/phidget', 'symlink_install': True, 'test_result_base': None}
[0.123s] INFO:colcon.colcon_core.executor:Executing jobs using 'parallel' executor
[0.123s] DEBUG:colcon.colcon_parallel_executor.executor.parallel:run_until_complete
[0.123s] INFO:colcon.colcon_ros.task.ament_python.build:Building ROS package in '/home/pioneer1/Documents/Rover/phidget' with build type 'ament_python'
[0.124s] Level 1:colcon.colcon_core.shell:create_environment_hook('phidget', 'ament_prefix_path')
[0.125s] INFO:colcon.colcon_core.plugin_system:Skipping extension 'colcon_core.shell.bat': Not used on non-Windows systems
[0.125s] INFO:colcon.colcon_core.shell:Creating environment hook '/home/pioneer1/Documents/Rover/install/phidget/share/phidget/hook/ament_prefix_path.ps1'
[0.125s] INFO:colcon.colcon_core.shell:Creating environment descriptor '/home/pioneer1/Documents/Rover/install/phidget/share/phidget/hook/ament_prefix_path.dsv'
[0.126s] INFO:colcon.colcon_core.shell:Creating environment hook '/home/pioneer1/Documents/Rover/install/phidget/share/phidget/hook/ament_prefix_path.sh'
[0.126s] INFO:colcon.colcon_core.shell:Skip shell extension 'powershell' for command environment: Not usable outside of PowerShell
[0.126s] DEBUG:colcon.colcon_core.shell:Skip shell extension 'dsv' for command environment
[0.232s] INFO:colcon.colcon_core.task.python.build:Building Python package in '/home/pioneer1/Documents/Rover/phidget'
[0.232s] INFO:colcon.colcon_core.shell:Skip shell extension 'powershell' for command environment: Not usable outside of PowerShell
[0.232s] DEBUG:colcon.colcon_core.shell:Skip shell extension 'dsv' for command environment
[0.491s] DEBUG:colcon.colcon_core.event_handler.log_command:Invoking command in '/home/pioneer1/Documents/Rover/build/phidget': DEBUGINFOD_URLS=https://debuginfod.ubuntu.com PYTHONPATH=/home/pioneer1/Documents/Rover/build/phidget/prefix_override:/usr/lib/python3/dist-packages/colcon_core/task/python/colcon_distutils_commands:/home/pioneer1/Documents/Rover/install/phidget/lib/python3.12/site-packages: /usr/bin/python3 -W ignore:setup.py install is deprecated -W ignore:easy_install command is deprecated setup.py develop --editable --build-directory /home/pioneer1/Documents/Rover/build/phidget/build --no-deps symlink_data
[0.749s] Level 1:colcon.colcon_core.shell:create_environment_hook('phidget', 'pythonpath_develop')
[0.749s] INFO:colcon.colcon_core.shell:Creating environment hook '/home/pioneer1/Documents/Rover/build/phidget/share/phidget/hook/pythonpath_develop.ps1'
[0.750s] DEBUG:colcon.colcon_core.event_handler.log_command:Invoked command in '/home/pioneer1/Documents/Rover/build/phidget' returned '0': DEBUGINFOD_URLS=https://debuginfod.ubuntu.com PYTHONPATH=/home/pioneer1/Documents/Rover/build/phidget/prefix_override:/usr/lib/python3/dist-packages/colcon_core/task/python/colcon_distutils_commands:/home/pioneer1/Documents/Rover/install/phidget/lib/python3.12/site-packages: /usr/bin/python3 -W ignore:setup.py install is deprecated -W ignore:easy_install command is deprecated setup.py develop --editable --build-directory /home/pioneer1/Documents/Rover/build/phidget/build --no-deps symlink_data
[0.750s] INFO:colcon.colcon_core.shell:Creating environment descriptor '/home/pioneer1/Documents/Rover/build/phidget/share/phidget/hook/pythonpath_develop.dsv'
[0.750s] INFO:colcon.colcon_core.shell:Creating environment hook '/home/pioneer1/Documents/Rover/build/phidget/share/phidget/hook/pythonpath_develop.sh'
[0.752s] Level 1:colcon.colcon_core.environment:checking '/home/pioneer1/Documents/Rover/install/phidget' for CMake module files
[0.752s] Level 1:colcon.colcon_core.environment:checking '/home/pioneer1/Documents/Rover/install/phidget' for CMake config files
[0.752s] Level 1:colcon.colcon_core.environment:checking '/home/pioneer1/Documents/Rover/install/phidget/lib'
[0.753s] Level 1:colcon.colcon_core.environment:checking '/home/pioneer1/Documents/Rover/install/phidget/bin'
[0.753s] Level 1:colcon.colcon_core.environment:checking '/home/pioneer1/Documents/Rover/install/phidget/lib/pkgconfig/phidget.pc'
[0.753s] Level 1:colcon.colcon_core.environment:checking '/home/pioneer1/Documents/Rover/install/phidget/lib/python3.12/site-packages'
[0.753s] Level 1:colcon.colcon_core.shell:create_environment_hook('phidget', 'pythonpath')
[0.753s] INFO:colcon.colcon_core.shell:Creating environment hook '/home/pioneer1/Documents/Rover/install/phidget/share/phidget/hook/pythonpath.ps1'
[0.753s] INFO:colcon.colcon_core.shell:Creating environment descriptor '/home/pioneer1/Documents/Rover/install/phidget/share/phidget/hook/pythonpath.dsv'
[0.753s] INFO:colcon.colcon_core.shell:Creating environment hook '/home/pioneer1/Documents/Rover/install/phidget/share/phidget/hook/pythonpath.sh'
[0.754s] Level 1:colcon.colcon_core.environment:checking '/home/pioneer1/Documents/Rover/install/phidget/bin'
[0.754s] Level 1:colcon.colcon_core.environment:create_environment_scripts_only(phidget)
[0.754s] INFO:colcon.colcon_core.shell:Creating package script '/home/pioneer1/Documents/Rover/install/phidget/share/phidget/package.ps1'
[0.754s] INFO:colcon.colcon_core.shell:Creating package descriptor '/home/pioneer1/Documents/Rover/install/phidget/share/phidget/package.dsv'
[0.755s] INFO:colcon.colcon_core.shell:Creating package script '/home/pioneer1/Documents/Rover/install/phidget/share/phidget/package.sh'
[0.755s] INFO:colcon.colcon_core.shell:Creating package script '/home/pioneer1/Documents/Rover/install/phidget/share/phidget/package.bash'
[0.756s] INFO:colcon.colcon_core.shell:Creating package script '/home/pioneer1/Documents/Rover/install/phidget/share/phidget/package.zsh'
[0.756s] Level 1:colcon.colcon_core.environment:create_file_with_runtime_dependencies(/home/pioneer1/Documents/Rover/install/phidget/share/colcon-core/packages/phidget)
[0.756s] DEBUG:colcon.colcon_parallel_executor.executor.parallel:closing loop
[0.756s] DEBUG:colcon.colcon_parallel_executor.executor.parallel:loop closed
[0.756s] DEBUG:colcon.colcon_parallel_executor.executor.parallel:run_until_complete finished with '0'
[0.756s] DEBUG:colcon.colcon_core.event_reactor:joining thread
[0.760s] INFO:colcon.colcon_core.plugin_system:Skipping extension 'colcon_notification.desktop_notification.terminal_notifier': Not used on non-Darwin systems
[0.760s] INFO:colcon.colcon_core.plugin_system:Skipping extension 'colcon_notification.desktop_notification.win32': Not used on non-Windows systems
[0.760s] INFO:colcon.colcon_notification.desktop_notification:Sending desktop notification using 'notify2'
[0.767s] DEBUG:colcon.colcon_core.event_reactor:joined thread
[0.767s] INFO:colcon.colcon_core.shell:Creating prefix script '/home/pioneer1/Documents/Rover/install/local_setup.ps1'
[0.768s] INFO:colcon.colcon_core.shell:Creating prefix util module '/home/pioneer1/Documents/Rover/install/_local_setup_util_ps1.py'
[0.768s] INFO:colcon.colcon_core.shell:Creating prefix chain script '/home/pioneer1/Documents/Rover/install/setup.ps1'
[0.769s] INFO:colcon.colcon_core.shell:Creating prefix script '/home/pioneer1/Documents/Rover/install/local_setup.sh'
[0.769s] INFO:colcon.colcon_core.shell:Creating prefix util module '/home/pioneer1/Documents/Rover/install/_local_setup_util_sh.py'
[0.769s] INFO:colcon.colcon_core.shell:Creating prefix chain script '/home/pioneer1/Documents/Rover/install/setup.sh'
[0.770s] INFO:colcon.colcon_core.shell:Creating prefix script '/home/pioneer1/Documents/Rover/install/local_setup.bash'
[0.770s] INFO:colcon.colcon_core.shell:Creating prefix chain script '/home/pioneer1/Documents/Rover/install/setup.bash'
[0.771s] INFO:colcon.colcon_core.shell:Creating prefix script '/home/pioneer1/Documents/Rover/install/local_setup.zsh'
[0.771s] INFO:colcon.colcon_core.shell:Creating prefix chain script '/home/pioneer1/Documents/Rover/install/setup.zsh'
