[0.446s] Invoking command in '/home/pioneer1/Documents/Rover/build/imu': DEBUGINFOD_URLS=https://debuginfod.ubuntu.com PYTHONPATH=/home/pioneer1/Documents/Rover/build/imu/prefix_override:/usr/lib/python3/dist-packages/colcon_core/task/python/colcon_distutils_commands:/home/pioneer1/Documents/Rover/install/imu/lib/python3.12/site-packages:${PYTHONPATH} /usr/bin/python3 -W ignore:setup.py install is deprecated -W ignore:easy_install command is deprecated setup.py develop --editable --build-directory /home/pioneer1/Documents/Rover/build/imu/build --no-deps symlink_data
[0.622s] running develop
[0.702s] /usr/lib/python3/dist-packages/setuptools/command/easy_install.py:363: UserWarning: Unbuilt egg for pytest-repeat [unknown version] (/usr/lib/python3/dist-packages)
[0.702s]   self.local_index = Environment(self.shadow_path + sys.path)
[0.719s] running egg_info
[0.719s] creating imu.egg-info
[0.728s] writing imu.egg-info/PKG-INFO
[0.728s] writing dependency_links to imu.egg-info/dependency_links.txt
[0.729s] writing entry points to imu.egg-info/entry_points.txt
[0.729s] writing requirements to imu.egg-info/requires.txt
[0.729s] writing top-level names to imu.egg-info/top_level.txt
[0.729s] writing manifest file 'imu.egg-info/SOURCES.txt'
[0.749s] reading manifest file 'imu.egg-info/SOURCES.txt'
[0.749s] writing manifest file 'imu.egg-info/SOURCES.txt'
[0.759s] running build_ext
[0.759s] Creating /home/pioneer1/Documents/Rover/install/imu/lib/python3.12/site-packages/imu.egg-link (link to .)
[0.760s] Installing imu script to /home/pioneer1/Documents/Rover/install/imu/lib/imu
[0.760s] 
[0.760s] Installed /home/pioneer1/Documents/Rover/build/imu
[0.760s] running symlink_data
[0.760s] creating /home/pioneer1/Documents/Rover/install/imu/share/ament_index
[0.760s] creating /home/pioneer1/Documents/Rover/install/imu/share/ament_index/resource_index
[0.760s] creating /home/pioneer1/Documents/Rover/install/imu/share/ament_index/resource_index/packages
[0.760s] symbolically linking /home/pioneer1/Documents/Rover/build/imu/resource/imu -> /home/pioneer1/Documents/Rover/install/imu/share/ament_index/resource_index/packages
[0.760s] symbolically linking /home/pioneer1/Documents/Rover/build/imu/package.xml -> /home/pioneer1/Documents/Rover/install/imu/share/imu
[0.780s] Invoked command in '/home/pioneer1/Documents/Rover/build/imu' returned '0': DEBUGINFOD_URLS=https://debuginfod.ubuntu.com PYTHONPATH=/home/pioneer1/Documents/Rover/build/imu/prefix_override:/usr/lib/python3/dist-packages/colcon_core/task/python/colcon_distutils_commands:/home/pioneer1/Documents/Rover/install/imu/lib/python3.12/site-packages:${PYTHONPATH} /usr/bin/python3 -W ignore:setup.py install is deprecated -W ignore:easy_install command is deprecated setup.py develop --editable --build-directory /home/pioneer1/Documents/Rover/build/imu/build --no-deps symlink_data
