running egg_info
creating ../build/phidget/phidget.egg-info
writing ../build/phidget/phidget.egg-info/PKG-INFO
writing dependency_links to ../build/phidget/phidget.egg-info/dependency_links.txt
writing entry points to ../build/phidget/phidget.egg-info/entry_points.txt
writing requirements to ../build/phidget/phidget.egg-info/requires.txt
writing top-level names to ../build/phidget/phidget.egg-info/top_level.txt
writing manifest file '../build/phidget/phidget.egg-info/SOURCES.txt'
reading manifest file '../build/phidget/phidget.egg-info/SOURCES.txt'
writing manifest file '../build/phidget/phidget.egg-info/SOURCES.txt'
running build
running build_py
creating /home/pioneer1/Documents/Rover/src/build/phidget/build
creating /home/pioneer1/Documents/Rover/src/build/phidget/build/lib
creating /home/pioneer1/Documents/Rover/src/build/phidget/build/lib/phidget
copying phidget/__init__.py -> /home/pioneer1/Documents/Rover/src/build/phidget/build/lib/phidget
copying phidget/phidget_node.py -> /home/pioneer1/Documents/Rover/src/build/phidget/build/lib/phidget
running install
running install_lib
creating /home/pioneer1/Documents/Rover/src/install/phidget/lib/python3.12/site-packages/phidget
copying /home/pioneer1/Documents/Rover/src/build/phidget/build/lib/phidget/__init__.py -> /home/pioneer1/Documents/Rover/src/install/phidget/lib/python3.12/site-packages/phidget
copying /home/pioneer1/Documents/Rover/src/build/phidget/build/lib/phidget/phidget_node.py -> /home/pioneer1/Documents/Rover/src/install/phidget/lib/python3.12/site-packages/phidget
byte-compiling /home/pioneer1/Documents/Rover/src/install/phidget/lib/python3.12/site-packages/phidget/__init__.py to __init__.cpython-312.pyc
byte-compiling /home/pioneer1/Documents/Rover/src/install/phidget/lib/python3.12/site-packages/phidget/phidget_node.py to phidget_node.cpython-312.pyc
running install_data
creating /home/pioneer1/Documents/Rover/src/install/phidget/share/ament_index
creating /home/pioneer1/Documents/Rover/src/install/phidget/share/ament_index/resource_index
creating /home/pioneer1/Documents/Rover/src/install/phidget/share/ament_index/resource_index/packages
copying resource/phidget -> /home/pioneer1/Documents/Rover/src/install/phidget/share/ament_index/resource_index/packages
copying package.xml -> /home/pioneer1/Documents/Rover/src/install/phidget/share/phidget
creating /home/pioneer1/Documents/Rover/src/install/phidget/share/phidget/launch
running install_egg_info
Copying ../build/phidget/phidget.egg-info to /home/pioneer1/Documents/Rover/src/install/phidget/lib/python3.12/site-packages/phidget-0.0.0-py3.12.egg-info
running install_scripts
Installing phidget script to /home/pioneer1/Documents/Rover/src/install/phidget/lib/phidget
writing list of installed files to '/home/pioneer1/Documents/Rover/src/build/phidget/install.log'
