[0.721s] Invoking command in '/home/pioneer1/Documents/Rover/src/phidget': DEBUGINFOD_URLS=https://debuginfod.ubuntu.com PYTHONPATH=/home/pioneer1/Documents/Rover/src/build/phidget/prefix_override:/usr/lib/python3/dist-packages/colcon_core/task/python/colcon_distutils_commands:/home/pioneer1/Documents/Rover/src/install/phidget/lib/python3.12/site-packages:${PYTHONPATH} /usr/bin/python3 -W ignore:setup.py install is deprecated -W ignore:easy_install command is deprecated setup.py egg_info --egg-base ../build/phidget build --build-base /home/pioneer1/Documents/Rover/src/build/phidget/build install --record /home/pioneer1/Documents/Rover/src/build/phidget/install.log --single-version-externally-managed install_data
[0.897s] running egg_info
[0.897s] creating ../build/phidget/phidget.egg-info
[0.908s] writing ../build/phidget/phidget.egg-info/PKG-INFO
[0.908s] writing dependency_links to ../build/phidget/phidget.egg-info/dependency_links.txt
[0.908s] writing entry points to ../build/phidget/phidget.egg-info/entry_points.txt
[0.908s] writing requirements to ../build/phidget/phidget.egg-info/requires.txt
[0.908s] writing top-level names to ../build/phidget/phidget.egg-info/top_level.txt
[0.909s] writing manifest file '../build/phidget/phidget.egg-info/SOURCES.txt'
[0.932s] reading manifest file '../build/phidget/phidget.egg-info/SOURCES.txt'
[0.933s] writing manifest file '../build/phidget/phidget.egg-info/SOURCES.txt'
[0.933s] running build
[0.933s] running build_py
[0.933s] creating /home/pioneer1/Documents/Rover/src/build/phidget/build
[0.933s] creating /home/pioneer1/Documents/Rover/src/build/phidget/build/lib
[0.933s] creating /home/pioneer1/Documents/Rover/src/build/phidget/build/lib/phidget
[0.934s] copying phidget/__init__.py -> /home/pioneer1/Documents/Rover/src/build/phidget/build/lib/phidget
[0.934s] copying phidget/phidget_node.py -> /home/pioneer1/Documents/Rover/src/build/phidget/build/lib/phidget
[0.934s] running install
[0.939s] running install_lib
[0.950s] creating /home/pioneer1/Documents/Rover/src/install/phidget/lib/python3.12/site-packages/phidget
[0.950s] copying /home/pioneer1/Documents/Rover/src/build/phidget/build/lib/phidget/__init__.py -> /home/pioneer1/Documents/Rover/src/install/phidget/lib/python3.12/site-packages/phidget
[0.950s] copying /home/pioneer1/Documents/Rover/src/build/phidget/build/lib/phidget/phidget_node.py -> /home/pioneer1/Documents/Rover/src/install/phidget/lib/python3.12/site-packages/phidget
[0.951s] byte-compiling /home/pioneer1/Documents/Rover/src/install/phidget/lib/python3.12/site-packages/phidget/__init__.py to __init__.cpython-312.pyc
[0.951s] byte-compiling /home/pioneer1/Documents/Rover/src/install/phidget/lib/python3.12/site-packages/phidget/phidget_node.py to phidget_node.cpython-312.pyc
[0.952s] running install_data
[0.952s] creating /home/pioneer1/Documents/Rover/src/install/phidget/share/ament_index
[0.952s] creating /home/pioneer1/Documents/Rover/src/install/phidget/share/ament_index/resource_index
[0.952s] creating /home/pioneer1/Documents/Rover/src/install/phidget/share/ament_index/resource_index/packages
[0.952s] copying resource/phidget -> /home/pioneer1/Documents/Rover/src/install/phidget/share/ament_index/resource_index/packages
[0.952s] copying package.xml -> /home/pioneer1/Documents/Rover/src/install/phidget/share/phidget
[0.952s] creating /home/pioneer1/Documents/Rover/src/install/phidget/share/phidget/launch
[0.952s] running install_egg_info
[0.965s] Copying ../build/phidget/phidget.egg-info to /home/pioneer1/Documents/Rover/src/install/phidget/lib/python3.12/site-packages/phidget-0.0.0-py3.12.egg-info
[0.965s] running install_scripts
[1.043s] Installing phidget script to /home/pioneer1/Documents/Rover/src/install/phidget/lib/phidget
[1.044s] writing list of installed files to '/home/pioneer1/Documents/Rover/src/build/phidget/install.log'
[1.065s] Invoked command in '/home/pioneer1/Documents/Rover/src/phidget' returned '0': DEBUGINFOD_URLS=https://debuginfod.ubuntu.com PYTHONPATH=/home/pioneer1/Documents/Rover/src/build/phidget/prefix_override:/usr/lib/python3/dist-packages/colcon_core/task/python/colcon_distutils_commands:/home/pioneer1/Documents/Rover/src/install/phidget/lib/python3.12/site-packages:${PYTHONPATH} /usr/bin/python3 -W ignore:setup.py install is deprecated -W ignore:easy_install command is deprecated setup.py egg_info --egg-base ../build/phidget build --build-base /home/pioneer1/Documents/Rover/src/build/phidget/build install --record /home/pioneer1/Documents/Rover/src/build/phidget/install.log --single-version-externally-managed install_data
