-- The C compiler identification is GNU 13.3.0
-- The CXX compiler identification is GNU 13.3.0
-- Detecting C compiler ABI info
-- Detecting C compiler ABI info - done
-- Check for working C compiler: /usr/bin/cc - skipped
-- Detecting C compile features
-- Detecting C compile features - done
-- Detecting CXX compiler ABI info
-- Detecting CXX compiler ABI info - done
-- Check for working CXX compiler: /usr/bin/c++ - skipped
-- Detecting CXX compile features
-- Detecting CXX compile features - done
-- Found ament_cmake: 2.5.4 (/opt/ros/jazzy/share/ament_cmake/cmake)
-- Found Python3: /usr/bin/python3 (found version "3.12.3") found components: Interpreter 
-- Configuring done (0.5s)
-- Generating done (0.0s)
-- Build files have been written to: /home/pioneer1/Documents/Rover/build/phidgets_drivers
-- Install configuration: ""
-- Installing: /home/pioneer1/Documents/Rover/install/phidgets_drivers/share/ament_index/resource_index/package_run_dependencies/phidgets_drivers
-- Installing: /home/pioneer1/Documents/Rover/install/phidgets_drivers/share/ament_index/resource_index/parent_prefix_path/phidgets_drivers
-- Installing: /home/pioneer1/Documents/Rover/install/phidgets_drivers/share/phidgets_drivers/environment/ament_prefix_path.sh
-- Installing: /home/pioneer1/Documents/Rover/install/phidgets_drivers/share/phidgets_drivers/environment/ament_prefix_path.dsv
-- Installing: /home/pioneer1/Documents/Rover/install/phidgets_drivers/share/phidgets_drivers/environment/path.sh
-- Installing: /home/pioneer1/Documents/Rover/install/phidgets_drivers/share/phidgets_drivers/environment/path.dsv
-- Installing: /home/pioneer1/Documents/Rover/install/phidgets_drivers/share/phidgets_drivers/local_setup.bash
-- Installing: /home/pioneer1/Documents/Rover/install/phidgets_drivers/share/phidgets_drivers/local_setup.sh
-- Installing: /home/pioneer1/Documents/Rover/install/phidgets_drivers/share/phidgets_drivers/local_setup.zsh
-- Installing: /home/pioneer1/Documents/Rover/install/phidgets_drivers/share/phidgets_drivers/local_setup.dsv
-- Installing: /home/pioneer1/Documents/Rover/install/phidgets_drivers/share/phidgets_drivers/package.dsv
-- Installing: /home/pioneer1/Documents/Rover/install/phidgets_drivers/share/ament_index/resource_index/packages/phidgets_drivers
-- Installing: /home/pioneer1/Documents/Rover/install/phidgets_drivers/share/phidgets_drivers/cmake/phidgets_driversConfig.cmake
-- Installing: /home/pioneer1/Documents/Rover/install/phidgets_drivers/share/phidgets_drivers/cmake/phidgets_driversConfig-version.cmake
-- Installing: /home/pioneer1/Documents/Rover/install/phidgets_drivers/share/phidgets_drivers/package.xml
