-- The C compiler identification is GNU 13.3.0
-- The CXX compiler identification is GNU 13.3.0
-- Detecting C compiler ABI info
-- Detecting C compiler ABI info - done
-- Check for working C compiler: /usr/bin/cc - skipped
-- Detecting C compile features
-- Detecting C compile features - done
-- Detecting CXX compiler ABI info
-- Detecting CXX compiler ABI info - done
-- Check for working CXX compiler: /usr/bin/c++ - skipped
-- Detecting CXX compile features
-- Detecting CXX compile features - done
-- Found ament_cmake_ros: 0.12.0 (/opt/ros/jazzy/share/ament_cmake_ros/cmake)
-- Found Python3: /usr/bin/python3 (found version "3.12.3") found components: Interpreter 
-- Found phidgets_api: 2.4.0 (/home/pioneer1/Documents/Rover/install/phidgets_api/share/phidgets_api/cmake)
-- Found phidgets_msgs: 2.3.4 (/opt/ros/jazzy/share/phidgets_msgs/cmake)
-- Found rosidl_generator_c: 4.6.5 (/opt/ros/jazzy/share/rosidl_generator_c/cmake)
-- Found rosidl_generator_cpp: 4.6.5 (/opt/ros/jazzy/share/rosidl_generator_cpp/cmake)
-- Using all available rosidl_typesupport_c: rosidl_typesupport_fastrtps_c;rosidl_typesupport_introspection_c
-- Using all available rosidl_typesupport_cpp: rosidl_typesupport_fastrtps_cpp;rosidl_typesupport_introspection_cpp
-- Found rclcpp: 28.1.9 (/opt/ros/jazzy/share/rclcpp/cmake)
-- Found rmw_implementation_cmake: 7.3.2 (/opt/ros/jazzy/share/rmw_implementation_cmake/cmake)
-- Found rmw_fastrtps_cpp: 8.4.2 (/opt/ros/jazzy/share/rmw_fastrtps_cpp/cmake)
-- Found OpenSSL: /usr/lib/x86_64-linux-gnu/libcrypto.so (found version "3.0.13")  
-- Found FastRTPS: /opt/ros/jazzy/include (Required is at least version "2.13") 
-- Using RMW implementation 'rmw_fastrtps_cpp' as default
-- Found rclcpp_components: 28.1.9 (/opt/ros/jazzy/share/rclcpp_components/cmake)
-- Configuring done (1.2s)
-- Generating done (0.0s)
-- Build files have been written to: /home/pioneer1/Documents/Rover/build/phidgets_motors
[ 50%] [32mBuilding CXX object CMakeFiles/phidgets_motors.dir/src/motors_ros_i.cpp.o[0m
[100%] [32m[1mLinking CXX shared library libphidgets_motors.so[0m
[100%] Built target phidgets_motors
-- Install configuration: ""
-- Installing: /home/pioneer1/Documents/Rover/install/phidgets_motors/lib/libphidgets_motors.so
-- Set non-toolchain portion of runtime path of "/home/pioneer1/Documents/Rover/install/phidgets_motors/lib/libphidgets_motors.so" to ""
-- Installing: /home/pioneer1/Documents/Rover/install/phidgets_motors/include
-- Installing: /home/pioneer1/Documents/Rover/install/phidgets_motors/include/phidgets_motors
-- Installing: /home/pioneer1/Documents/Rover/install/phidgets_motors/include/phidgets_motors/motors_ros_i.hpp
-- Installing: /home/pioneer1/Documents/Rover/install/phidgets_motors/share/phidgets_motors/launch
-- Installing: /home/pioneer1/Documents/Rover/install/phidgets_motors/share/phidgets_motors/launch/motors-launch.py
-- Installing: /home/pioneer1/Documents/Rover/install/phidgets_motors/share/ament_index/resource_index/package_run_dependencies/phidgets_motors
-- Installing: /home/pioneer1/Documents/Rover/install/phidgets_motors/share/ament_index/resource_index/parent_prefix_path/phidgets_motors
-- Installing: /home/pioneer1/Documents/Rover/install/phidgets_motors/share/phidgets_motors/environment/ament_prefix_path.sh
-- Installing: /home/pioneer1/Documents/Rover/install/phidgets_motors/share/phidgets_motors/environment/ament_prefix_path.dsv
-- Installing: /home/pioneer1/Documents/Rover/install/phidgets_motors/share/phidgets_motors/environment/path.sh
-- Installing: /home/pioneer1/Documents/Rover/install/phidgets_motors/share/phidgets_motors/environment/path.dsv
-- Installing: /home/pioneer1/Documents/Rover/install/phidgets_motors/share/phidgets_motors/local_setup.bash
-- Installing: /home/pioneer1/Documents/Rover/install/phidgets_motors/share/phidgets_motors/local_setup.sh
-- Installing: /home/pioneer1/Documents/Rover/install/phidgets_motors/share/phidgets_motors/local_setup.zsh
-- Installing: /home/pioneer1/Documents/Rover/install/phidgets_motors/share/phidgets_motors/local_setup.dsv
-- Installing: /home/pioneer1/Documents/Rover/install/phidgets_motors/share/phidgets_motors/package.dsv
-- Installing: /home/pioneer1/Documents/Rover/install/phidgets_motors/share/ament_index/resource_index/packages/phidgets_motors
-- Installing: /home/pioneer1/Documents/Rover/install/phidgets_motors/share/ament_index/resource_index/rclcpp_components/phidgets_motors
-- Installing: /home/pioneer1/Documents/Rover/install/phidgets_motors/share/phidgets_motors/cmake/phidgets_motorsConfig.cmake
-- Installing: /home/pioneer1/Documents/Rover/install/phidgets_motors/share/phidgets_motors/cmake/phidgets_motorsConfig-version.cmake
-- Installing: /home/pioneer1/Documents/Rover/install/phidgets_motors/share/phidgets_motors/package.xml
