[0.017s] Invoking command in '/home/pioneer1/Documents/Rover/build/phidgets_motors': AMENT_PREFIX_PATH=/home/pioneer1/Documents/Rover/install/phidgets_api:/home/pioneer1/Documents/Rover/install/phidgets_msgs:/home/pioneer1/Documents/Rover/install/libphidget22:${AMENT_PREFIX_PATH} CMAKE_PREFIX_PATH=/home/pioneer1/Documents/Rover/install/phidgets_api:/opt/ros/jazzy:/home/pioneer1/Documents/Rover/install/phidgets_msgs:/home/pioneer1/Documents/Rover/install/libphidget22 DEBUGINFOD_URLS=https://debuginfod.ubuntu.com LD_LIBRARY_PATH=/home/pioneer1/Documents/Rover/install/phidgets_api/lib:/home/pioneer1/Documents/Rover/install/phidgets_msgs/lib:/home/pioneer1/Documents/Rover/install/libphidget22/opt/libphidget22/lib:${LD_LIBRARY_PATH} PYTHONPATH=/home/pioneer1/Documents/Rover/install/phidgets_msgs/lib/python3.12/site-packages:${PYTHONPATH} /usr/bin/cmake /home/pioneer1/Documents/Rover/phidgets_drivers/phidgets_motors -DCMAKE_INSTALL_PREFIX=/home/pioneer1/Documents/Rover/install/phidgets_motors
[1.208s] -- The C compiler identification is GNU 13.3.0
[1.209s] -- The CXX compiler identification is GNU 13.3.0
[1.209s] -- Detecting C compiler ABI info
[1.209s] -- Detecting C compiler ABI info - done
[1.209s] -- Check for working C compiler: /usr/bin/cc - skipped
[1.209s] -- Detecting C compile features
[1.209s] -- Detecting C compile features - done
[1.209s] -- Detecting CXX compiler ABI info
[1.209s] -- Detecting CXX compiler ABI info - done
[1.209s] -- Check for working CXX compiler: /usr/bin/c++ - skipped
[1.209s] -- Detecting CXX compile features
[1.209s] -- Detecting CXX compile features - done
[1.209s] -- Found ament_cmake_ros: 0.12.0 (/opt/ros/jazzy/share/ament_cmake_ros/cmake)
[1.209s] -- Found Python3: /usr/bin/python3 (found version "3.12.3") found components: Interpreter 
[1.210s] -- Found phidgets_api: 2.4.0 (/home/pioneer1/Documents/Rover/install/phidgets_api/share/phidgets_api/cmake)
[1.210s] -- Found phidgets_msgs: 2.3.4 (/opt/ros/jazzy/share/phidgets_msgs/cmake)
[1.210s] -- Found rosidl_generator_c: 4.6.5 (/opt/ros/jazzy/share/rosidl_generator_c/cmake)
[1.210s] -- Found rosidl_generator_cpp: 4.6.5 (/opt/ros/jazzy/share/rosidl_generator_cpp/cmake)
[1.210s] -- Using all available rosidl_typesupport_c: rosidl_typesupport_fastrtps_c;rosidl_typesupport_introspection_c
[1.210s] -- Using all available rosidl_typesupport_cpp: rosidl_typesupport_fastrtps_cpp;rosidl_typesupport_introspection_cpp
[1.210s] -- Found rclcpp: 28.1.9 (/opt/ros/jazzy/share/rclcpp/cmake)
[1.210s] -- Found rmw_implementation_cmake: 7.3.2 (/opt/ros/jazzy/share/rmw_implementation_cmake/cmake)
[1.210s] -- Found rmw_fastrtps_cpp: 8.4.2 (/opt/ros/jazzy/share/rmw_fastrtps_cpp/cmake)
[1.210s] -- Found OpenSSL: /usr/lib/x86_64-linux-gnu/libcrypto.so (found version "3.0.13")  
[1.210s] -- Found FastRTPS: /opt/ros/jazzy/include (Required is at least version "2.13") 
[1.210s] -- Using RMW implementation 'rmw_fastrtps_cpp' as default
[1.210s] -- Found rclcpp_components: 28.1.9 (/opt/ros/jazzy/share/rclcpp_components/cmake)
[1.244s] -- Configuring done (1.2s)
[1.259s] -- Generating done (0.0s)
[1.264s] -- Build files have been written to: /home/pioneer1/Documents/Rover/build/phidgets_motors
[1.281s] Invoked command in '/home/pioneer1/Documents/Rover/build/phidgets_motors' returned '0': AMENT_PREFIX_PATH=/home/pioneer1/Documents/Rover/install/phidgets_api:/home/pioneer1/Documents/Rover/install/phidgets_msgs:/home/pioneer1/Documents/Rover/install/libphidget22:${AMENT_PREFIX_PATH} CMAKE_PREFIX_PATH=/home/pioneer1/Documents/Rover/install/phidgets_api:/opt/ros/jazzy:/home/pioneer1/Documents/Rover/install/phidgets_msgs:/home/pioneer1/Documents/Rover/install/libphidget22 DEBUGINFOD_URLS=https://debuginfod.ubuntu.com LD_LIBRARY_PATH=/home/pioneer1/Documents/Rover/install/phidgets_api/lib:/home/pioneer1/Documents/Rover/install/phidgets_msgs/lib:/home/pioneer1/Documents/Rover/install/libphidget22/opt/libphidget22/lib:${LD_LIBRARY_PATH} PYTHONPATH=/home/pioneer1/Documents/Rover/install/phidgets_msgs/lib/python3.12/site-packages:${PYTHONPATH} /usr/bin/cmake /home/pioneer1/Documents/Rover/phidgets_drivers/phidgets_motors -DCMAKE_INSTALL_PREFIX=/home/pioneer1/Documents/Rover/install/phidgets_motors
[1.283s] Invoking command in '/home/pioneer1/Documents/Rover/build/phidgets_motors': AMENT_PREFIX_PATH=/home/pioneer1/Documents/Rover/install/phidgets_api:/home/pioneer1/Documents/Rover/install/phidgets_msgs:/home/pioneer1/Documents/Rover/install/libphidget22:${AMENT_PREFIX_PATH} CMAKE_PREFIX_PATH=/home/pioneer1/Documents/Rover/install/phidgets_api:/opt/ros/jazzy:/home/pioneer1/Documents/Rover/install/phidgets_msgs:/home/pioneer1/Documents/Rover/install/libphidget22 DEBUGINFOD_URLS=https://debuginfod.ubuntu.com LD_LIBRARY_PATH=/home/pioneer1/Documents/Rover/install/phidgets_api/lib:/home/pioneer1/Documents/Rover/install/phidgets_msgs/lib:/home/pioneer1/Documents/Rover/install/libphidget22/opt/libphidget22/lib:${LD_LIBRARY_PATH} PYTHONPATH=/home/pioneer1/Documents/Rover/install/phidgets_msgs/lib/python3.12/site-packages:${PYTHONPATH} /usr/bin/cmake --build /home/pioneer1/Documents/Rover/build/phidgets_motors -- -j8 -l8
[7.275s] [ 50%] [32mBuilding CXX object CMakeFiles/phidgets_motors.dir/src/motors_ros_i.cpp.o[0m
[10.500s] [100%] [32m[1mLinking CXX shared library libphidgets_motors.so[0m
[10.756s] [100%] Built target phidgets_motors
[10.767s] Invoked command in '/home/pioneer1/Documents/Rover/build/phidgets_motors' returned '0': AMENT_PREFIX_PATH=/home/pioneer1/Documents/Rover/install/phidgets_api:/home/pioneer1/Documents/Rover/install/phidgets_msgs:/home/pioneer1/Documents/Rover/install/libphidget22:${AMENT_PREFIX_PATH} CMAKE_PREFIX_PATH=/home/pioneer1/Documents/Rover/install/phidgets_api:/opt/ros/jazzy:/home/pioneer1/Documents/Rover/install/phidgets_msgs:/home/pioneer1/Documents/Rover/install/libphidget22 DEBUGINFOD_URLS=https://debuginfod.ubuntu.com LD_LIBRARY_PATH=/home/pioneer1/Documents/Rover/install/phidgets_api/lib:/home/pioneer1/Documents/Rover/install/phidgets_msgs/lib:/home/pioneer1/Documents/Rover/install/libphidget22/opt/libphidget22/lib:${LD_LIBRARY_PATH} PYTHONPATH=/home/pioneer1/Documents/Rover/install/phidgets_msgs/lib/python3.12/site-packages:${PYTHONPATH} /usr/bin/cmake --build /home/pioneer1/Documents/Rover/build/phidgets_motors -- -j8 -l8
[10.770s] Invoking command in '/home/pioneer1/Documents/Rover/build/phidgets_motors': AMENT_PREFIX_PATH=/home/pioneer1/Documents/Rover/install/phidgets_api:/home/pioneer1/Documents/Rover/install/phidgets_msgs:/home/pioneer1/Documents/Rover/install/libphidget22:${AMENT_PREFIX_PATH} CMAKE_PREFIX_PATH=/home/pioneer1/Documents/Rover/install/phidgets_api:/opt/ros/jazzy:/home/pioneer1/Documents/Rover/install/phidgets_msgs:/home/pioneer1/Documents/Rover/install/libphidget22 DEBUGINFOD_URLS=https://debuginfod.ubuntu.com LD_LIBRARY_PATH=/home/pioneer1/Documents/Rover/install/phidgets_api/lib:/home/pioneer1/Documents/Rover/install/phidgets_msgs/lib:/home/pioneer1/Documents/Rover/install/libphidget22/opt/libphidget22/lib:${LD_LIBRARY_PATH} PYTHONPATH=/home/pioneer1/Documents/Rover/install/phidgets_msgs/lib/python3.12/site-packages:${PYTHONPATH} /usr/bin/cmake --install /home/pioneer1/Documents/Rover/build/phidgets_motors
[10.776s] -- Install configuration: ""
[10.776s] -- Installing: /home/pioneer1/Documents/Rover/install/phidgets_motors/lib/libphidgets_motors.so
[10.779s] -- Set non-toolchain portion of runtime path of "/home/pioneer1/Documents/Rover/install/phidgets_motors/lib/libphidgets_motors.so" to ""
[10.780s] -- Installing: /home/pioneer1/Documents/Rover/install/phidgets_motors/include
[10.780s] -- Installing: /home/pioneer1/Documents/Rover/install/phidgets_motors/include/phidgets_motors
[10.780s] -- Installing: /home/pioneer1/Documents/Rover/install/phidgets_motors/include/phidgets_motors/motors_ros_i.hpp
[10.780s] -- Installing: /home/pioneer1/Documents/Rover/install/phidgets_motors/share/phidgets_motors/launch
[10.780s] -- Installing: /home/pioneer1/Documents/Rover/install/phidgets_motors/share/phidgets_motors/launch/motors-launch.py
[10.780s] -- Installing: /home/pioneer1/Documents/Rover/install/phidgets_motors/share/ament_index/resource_index/package_run_dependencies/phidgets_motors
[10.780s] -- Installing: /home/pioneer1/Documents/Rover/install/phidgets_motors/share/ament_index/resource_index/parent_prefix_path/phidgets_motors
[10.781s] -- Installing: /home/pioneer1/Documents/Rover/install/phidgets_motors/share/phidgets_motors/environment/ament_prefix_path.sh
[10.781s] -- Installing: /home/pioneer1/Documents/Rover/install/phidgets_motors/share/phidgets_motors/environment/ament_prefix_path.dsv
[10.782s] -- Installing: /home/pioneer1/Documents/Rover/install/phidgets_motors/share/phidgets_motors/environment/path.sh
[10.782s] -- Installing: /home/pioneer1/Documents/Rover/install/phidgets_motors/share/phidgets_motors/environment/path.dsv
[10.782s] -- Installing: /home/pioneer1/Documents/Rover/install/phidgets_motors/share/phidgets_motors/local_setup.bash
[10.782s] -- Installing: /home/pioneer1/Documents/Rover/install/phidgets_motors/share/phidgets_motors/local_setup.sh
[10.782s] -- Installing: /home/pioneer1/Documents/Rover/install/phidgets_motors/share/phidgets_motors/local_setup.zsh
[10.782s] -- Installing: /home/pioneer1/Documents/Rover/install/phidgets_motors/share/phidgets_motors/local_setup.dsv
[10.782s] -- Installing: /home/pioneer1/Documents/Rover/install/phidgets_motors/share/phidgets_motors/package.dsv
[10.782s] -- Installing: /home/pioneer1/Documents/Rover/install/phidgets_motors/share/ament_index/resource_index/packages/phidgets_motors
[10.782s] -- Installing: /home/pioneer1/Documents/Rover/install/phidgets_motors/share/ament_index/resource_index/rclcpp_components/phidgets_motors
[10.782s] -- Installing: /home/pioneer1/Documents/Rover/install/phidgets_motors/share/phidgets_motors/cmake/phidgets_motorsConfig.cmake
[10.782s] -- Installing: /home/pioneer1/Documents/Rover/install/phidgets_motors/share/phidgets_motors/cmake/phidgets_motorsConfig-version.cmake
[10.782s] -- Installing: /home/pioneer1/Documents/Rover/install/phidgets_motors/share/phidgets_motors/package.xml
[10.797s] Invoked command in '/home/pioneer1/Documents/Rover/build/phidgets_motors' returned '0': AMENT_PREFIX_PATH=/home/pioneer1/Documents/Rover/install/phidgets_api:/home/pioneer1/Documents/Rover/install/phidgets_msgs:/home/pioneer1/Documents/Rover/install/libphidget22:${AMENT_PREFIX_PATH} CMAKE_PREFIX_PATH=/home/pioneer1/Documents/Rover/install/phidgets_api:/opt/ros/jazzy:/home/pioneer1/Documents/Rover/install/phidgets_msgs:/home/pioneer1/Documents/Rover/install/libphidget22 DEBUGINFOD_URLS=https://debuginfod.ubuntu.com LD_LIBRARY_PATH=/home/pioneer1/Documents/Rover/install/phidgets_api/lib:/home/pioneer1/Documents/Rover/install/phidgets_msgs/lib:/home/pioneer1/Documents/Rover/install/libphidget22/opt/libphidget22/lib:${LD_LIBRARY_PATH} PYTHONPATH=/home/pioneer1/Documents/Rover/install/phidgets_msgs/lib/python3.12/site-packages:${PYTHONPATH} /usr/bin/cmake --install /home/pioneer1/Documents/Rover/build/phidgets_motors
