[0.025s] Invoking command in '/home/pioneer1/Documents/Rover/build/phidgets_spatial': AMENT_PREFIX_PATH=/home/pioneer1/Documents/Rover/install/phidgets_api:/home/pioneer1/Documents/Rover/install/libphidget22:${AMENT_PREFIX_PATH} CMAKE_PREFIX_PATH=/home/pioneer1/Documents/Rover/install/phidgets_api:/home/pioneer1/Documents/Rover/install/libphidget22:/opt/ros/jazzy DEBUGINFOD_URLS=https://debuginfod.ubuntu.com LD_LIBRARY_PATH=/home/pioneer1/Documents/Rover/install/phidgets_api/lib:/home/pioneer1/Documents/Rover/install/libphidget22/opt/libphidget22/lib:${LD_LIBRARY_PATH} /usr/bin/cmake /home/pioneer1/Documents/Rover/phidgets_drivers/phidgets_spatial -DCMAKE_INSTALL_PREFIX=/home/pioneer1/Documents/Rover/install/phidgets_spatial
[0.080s] -- The C compiler identification is GNU 13.3.0
[0.140s] -- The CXX compiler identification is GNU 13.3.0
[0.156s] -- Detecting C compiler ABI info
[0.255s] -- Detecting C compiler ABI info - done
[0.269s] -- Check for working C compiler: /usr/bin/cc - skipped
[0.270s] -- Detecting C compile features
[0.270s] -- Detecting C compile features - done
[0.286s] -- Detecting CXX compiler ABI info
[0.404s] -- Detecting CXX compiler ABI info - done
[0.417s] -- Check for working CXX compiler: /usr/bin/c++ - skipped
[0.417s] -- Detecting CXX compile features
[0.418s] -- Detecting CXX compile features - done
[0.419s] -- Found ament_cmake_ros: 0.12.0 (/opt/ros/jazzy/share/ament_cmake_ros/cmake)
[0.575s] -- Found Python3: /usr/bin/python3 (found version "3.12.3") found components: Interpreter 
[0.693s] -- Found phidgets_api: 2.4.0 (/home/pioneer1/Documents/Rover/install/phidgets_api/share/phidgets_api/cmake)
[0.700s] -- Found rclcpp: 28.1.9 (/opt/ros/jazzy/share/rclcpp/cmake)
[0.738s] -- Found rosidl_generator_c: 4.6.5 (/opt/ros/jazzy/share/rosidl_generator_c/cmake)
[0.754s] -- Found rosidl_generator_cpp: 4.6.5 (/opt/ros/jazzy/share/rosidl_generator_cpp/cmake)
[0.770s] -- Using all available rosidl_typesupport_c: rosidl_typesupport_fastrtps_c;rosidl_typesupport_introspection_c
[0.790s] -- Using all available rosidl_typesupport_cpp: rosidl_typesupport_fastrtps_cpp;rosidl_typesupport_introspection_cpp
[0.878s] -- Found rmw_implementation_cmake: 7.3.2 (/opt/ros/jazzy/share/rmw_implementation_cmake/cmake)
[0.880s] -- Found rmw_fastrtps_cpp: 8.4.2 (/opt/ros/jazzy/share/rmw_fastrtps_cpp/cmake)
[0.956s] -- Found OpenSSL: /usr/lib/x86_64-linux-gnu/libcrypto.so (found version "3.0.13")  
[0.975s] -- Found FastRTPS: /opt/ros/jazzy/include (Required is at least version "2.13") 
[1.005s] -- Using RMW implementation 'rmw_fastrtps_cpp' as default
[1.092s] -- Found rclcpp_components: 28.1.9 (/opt/ros/jazzy/share/rclcpp_components/cmake)
[1.132s] -- Found sensor_msgs: 5.3.6 (/opt/ros/jazzy/share/sensor_msgs/cmake)
[1.213s] -- Found std_srvs: 5.3.6 (/opt/ros/jazzy/share/std_srvs/cmake)
[1.342s] -- Configuring done (1.3s)
[1.357s] -- Generating done (0.0s)
[1.362s] -- Build files have been written to: /home/pioneer1/Documents/Rover/build/phidgets_spatial
[1.381s] Invoked command in '/home/pioneer1/Documents/Rover/build/phidgets_spatial' returned '0': AMENT_PREFIX_PATH=/home/pioneer1/Documents/Rover/install/phidgets_api:/home/pioneer1/Documents/Rover/install/libphidget22:${AMENT_PREFIX_PATH} CMAKE_PREFIX_PATH=/home/pioneer1/Documents/Rover/install/phidgets_api:/home/pioneer1/Documents/Rover/install/libphidget22:/opt/ros/jazzy DEBUGINFOD_URLS=https://debuginfod.ubuntu.com LD_LIBRARY_PATH=/home/pioneer1/Documents/Rover/install/phidgets_api/lib:/home/pioneer1/Documents/Rover/install/libphidget22/opt/libphidget22/lib:${LD_LIBRARY_PATH} /usr/bin/cmake /home/pioneer1/Documents/Rover/phidgets_drivers/phidgets_spatial -DCMAKE_INSTALL_PREFIX=/home/pioneer1/Documents/Rover/install/phidgets_spatial
[1.381s] Invoking command in '/home/pioneer1/Documents/Rover/build/phidgets_spatial': AMENT_PREFIX_PATH=/home/pioneer1/Documents/Rover/install/phidgets_api:/home/pioneer1/Documents/Rover/install/libphidget22:${AMENT_PREFIX_PATH} CMAKE_PREFIX_PATH=/home/pioneer1/Documents/Rover/install/phidgets_api:/home/pioneer1/Documents/Rover/install/libphidget22:/opt/ros/jazzy DEBUGINFOD_URLS=https://debuginfod.ubuntu.com LD_LIBRARY_PATH=/home/pioneer1/Documents/Rover/install/phidgets_api/lib:/home/pioneer1/Documents/Rover/install/libphidget22/opt/libphidget22/lib:${LD_LIBRARY_PATH} /usr/bin/cmake --build /home/pioneer1/Documents/Rover/build/phidgets_spatial -- -j8 -l8
[2.009s] [ 50%] [32mBuilding CXX object CMakeFiles/phidgets_spatial.dir/src/spatial_ros_i.cpp.o[0m
[8.103s] [100%] [32m[1mLinking CXX shared library libphidgets_spatial.so[0m
[8.321s] [100%] Built target phidgets_spatial
[8.328s] Invoked command in '/home/pioneer1/Documents/Rover/build/phidgets_spatial' returned '0': AMENT_PREFIX_PATH=/home/pioneer1/Documents/Rover/install/phidgets_api:/home/pioneer1/Documents/Rover/install/libphidget22:${AMENT_PREFIX_PATH} CMAKE_PREFIX_PATH=/home/pioneer1/Documents/Rover/install/phidgets_api:/home/pioneer1/Documents/Rover/install/libphidget22:/opt/ros/jazzy DEBUGINFOD_URLS=https://debuginfod.ubuntu.com LD_LIBRARY_PATH=/home/pioneer1/Documents/Rover/install/phidgets_api/lib:/home/pioneer1/Documents/Rover/install/libphidget22/opt/libphidget22/lib:${LD_LIBRARY_PATH} /usr/bin/cmake --build /home/pioneer1/Documents/Rover/build/phidgets_spatial -- -j8 -l8
[8.329s] Invoking command in '/home/pioneer1/Documents/Rover/build/phidgets_spatial': AMENT_PREFIX_PATH=/home/pioneer1/Documents/Rover/install/phidgets_api:/home/pioneer1/Documents/Rover/install/libphidget22:${AMENT_PREFIX_PATH} CMAKE_PREFIX_PATH=/home/pioneer1/Documents/Rover/install/phidgets_api:/home/pioneer1/Documents/Rover/install/libphidget22:/opt/ros/jazzy DEBUGINFOD_URLS=https://debuginfod.ubuntu.com LD_LIBRARY_PATH=/home/pioneer1/Documents/Rover/install/phidgets_api/lib:/home/pioneer1/Documents/Rover/install/libphidget22/opt/libphidget22/lib:${LD_LIBRARY_PATH} /usr/bin/cmake --install /home/pioneer1/Documents/Rover/build/phidgets_spatial
[8.334s] -- Install configuration: ""
[8.334s] -- Installing: /home/pioneer1/Documents/Rover/install/phidgets_spatial/lib/libphidgets_spatial.so
[8.336s] -- Set non-toolchain portion of runtime path of "/home/pioneer1/Documents/Rover/install/phidgets_spatial/lib/libphidgets_spatial.so" to ""
[8.336s] -- Installing: /home/pioneer1/Documents/Rover/install/phidgets_spatial/include
[8.336s] -- Installing: /home/pioneer1/Documents/Rover/install/phidgets_spatial/include/phidgets_spatial
[8.336s] -- Installing: /home/pioneer1/Documents/Rover/install/phidgets_spatial/include/phidgets_spatial/spatial_ros_i.hpp
[8.336s] -- Installing: /home/pioneer1/Documents/Rover/install/phidgets_spatial/share/phidgets_spatial/launch
[8.336s] -- Installing: /home/pioneer1/Documents/Rover/install/phidgets_spatial/share/phidgets_spatial/launch/spatial-launch.py
[8.336s] -- Installing: /home/pioneer1/Documents/Rover/install/phidgets_spatial/share/ament_index/resource_index/package_run_dependencies/phidgets_spatial
[8.337s] -- Installing: /home/pioneer1/Documents/Rover/install/phidgets_spatial/share/ament_index/resource_index/parent_prefix_path/phidgets_spatial
[8.337s] -- Installing: /home/pioneer1/Documents/Rover/install/phidgets_spatial/share/phidgets_spatial/environment/ament_prefix_path.sh
[8.337s] -- Installing: /home/pioneer1/Documents/Rover/install/phidgets_spatial/share/phidgets_spatial/environment/ament_prefix_path.dsv
[8.337s] -- Installing: /home/pioneer1/Documents/Rover/install/phidgets_spatial/share/phidgets_spatial/environment/path.sh
[8.337s] -- Installing: /home/pioneer1/Documents/Rover/install/phidgets_spatial/share/phidgets_spatial/environment/path.dsv
[8.337s] -- Installing: /home/pioneer1/Documents/Rover/install/phidgets_spatial/share/phidgets_spatial/local_setup.bash
[8.337s] -- Installing: /home/pioneer1/Documents/Rover/install/phidgets_spatial/share/phidgets_spatial/local_setup.sh
[8.337s] -- Installing: /home/pioneer1/Documents/Rover/install/phidgets_spatial/share/phidgets_spatial/local_setup.zsh
[8.337s] -- Installing: /home/pioneer1/Documents/Rover/install/phidgets_spatial/share/phidgets_spatial/local_setup.dsv
[8.337s] -- Installing: /home/pioneer1/Documents/Rover/install/phidgets_spatial/share/phidgets_spatial/package.dsv
[8.337s] -- Installing: /home/pioneer1/Documents/Rover/install/phidgets_spatial/share/ament_index/resource_index/packages/phidgets_spatial
[8.337s] -- Installing: /home/pioneer1/Documents/Rover/install/phidgets_spatial/share/ament_index/resource_index/rclcpp_components/phidgets_spatial
[8.338s] -- Installing: /home/pioneer1/Documents/Rover/install/phidgets_spatial/share/phidgets_spatial/cmake/phidgets_spatialConfig.cmake
[8.338s] -- Installing: /home/pioneer1/Documents/Rover/install/phidgets_spatial/share/phidgets_spatial/cmake/phidgets_spatialConfig-version.cmake
[8.338s] -- Installing: /home/pioneer1/Documents/Rover/install/phidgets_spatial/share/phidgets_spatial/package.xml
[8.339s] Invoked command in '/home/pioneer1/Documents/Rover/build/phidgets_spatial' returned '0': AMENT_PREFIX_PATH=/home/pioneer1/Documents/Rover/install/phidgets_api:/home/pioneer1/Documents/Rover/install/libphidget22:${AMENT_PREFIX_PATH} CMAKE_PREFIX_PATH=/home/pioneer1/Documents/Rover/install/phidgets_api:/home/pioneer1/Documents/Rover/install/libphidget22:/opt/ros/jazzy DEBUGINFOD_URLS=https://debuginfod.ubuntu.com LD_LIBRARY_PATH=/home/pioneer1/Documents/Rover/install/phidgets_api/lib:/home/pioneer1/Documents/Rover/install/libphidget22/opt/libphidget22/lib:${LD_LIBRARY_PATH} /usr/bin/cmake --install /home/pioneer1/Documents/Rover/build/phidgets_spatial
