[0.062s] DEBUG:colcon:Command line arguments: ['/usr/bin/colcon', 'build', '--symlink-install']
[0.062s] DEBUG:colcon:Parsed command line arguments: Namespace(log_base=None, log_level=None, verb_name='build', build_base='build', install_base='install', merge_install=False, symlink_install=True, test_result_base=None, continue_on_error=False, executor='parallel', parallel_workers=8, event_handlers=None, ignore_user_meta=False, metas=['./colcon.meta'], base_paths=['.'], packages_ignore=None, packages_ignore_regex=None, paths=None, packages_up_to=None, packages_up_to_regex=None, packages_above=None, packages_above_and_dependencies=None, packages_above_depth=None, packages_select_by_dep=None, packages_skip_by_dep=None, packages_skip_up_to=None, packages_select_build_failed=False, packages_skip_build_finished=False, packages_select_test_failures=False, packages_skip_test_passed=False, packages_select=None, packages_skip=None, packages_select_regex=None, packages_skip_regex=None, packages_start=None, packages_end=None, allow_overriding=[], cmake_args=None, cmake_target=None, cmake_target_skip_unavailable=False, cmake_clean_cache=False, cmake_clean_first=False, cmake_force_configure=False, ament_cmake_args=None, catkin_cmake_args=None, catkin_skip_building_tests=False, mixin_files=None, mixin=None, verb_parser=<colcon_mixin.mixin.mixin_argument.MixinArgumentDecorator object at 0x7ea36415d5e0>, verb_extension=<colcon_core.verb.build.BuildVerb object at 0x7ea3642eb350>, main=<bound method BuildVerb.main of <colcon_core.verb.build.BuildVerb object at 0x7ea3642eb350>>, mixin_verb=('build',))
[0.086s] Level 1:colcon.colcon_core.package_discovery:discover_packages(colcon_meta) check parameters
[0.086s] Level 1:colcon.colcon_core.package_discovery:discover_packages(recursive) check parameters
[0.086s] Level 1:colcon.colcon_core.package_discovery:discover_packages(ignore) check parameters
[0.086s] Level 1:colcon.colcon_core.package_discovery:discover_packages(path) check parameters
[0.086s] Level 1:colcon.colcon_core.package_discovery:discover_packages(colcon_meta) discover
[0.086s] Level 1:colcon.colcon_core.package_discovery:discover_packages(recursive) discover
[0.086s] INFO:colcon.colcon_core.package_discovery:Crawling recursively for packages in '/home/pioneer1/Documents/Rover'
[0.086s] Level 1:colcon.colcon_core.package_identification:_identify(.) by extensions ['ignore', 'ignore_ament_install']
[0.086s] Level 1:colcon.colcon_core.package_identification:_identify(.) by extension 'ignore'
[0.086s] Level 1:colcon.colcon_core.package_identification:_identify(.) by extension 'ignore_ament_install'
[0.086s] Level 1:colcon.colcon_core.package_identification:_identify(.) by extensions ['colcon_pkg']
[0.086s] Level 1:colcon.colcon_core.package_identification:_identify(.) by extension 'colcon_pkg'
[0.086s] Level 1:colcon.colcon_core.package_identification:_identify(.) by extensions ['colcon_meta']
[0.086s] Level 1:colcon.colcon_core.package_identification:_identify(.) by extension 'colcon_meta'
[0.086s] Level 1:colcon.colcon_core.package_identification:_identify(.) by extensions ['ros']
[0.086s] Level 1:colcon.colcon_core.package_identification:_identify(.) by extension 'ros'
[0.102s] Level 1:colcon.colcon_core.package_identification:_identify(.) by extensions ['cmake', 'python']
[0.102s] Level 1:colcon.colcon_core.package_identification:_identify(.) by extension 'cmake'
[0.102s] Level 1:colcon.colcon_core.package_identification:_identify(.) by extension 'python'
[0.102s] Level 1:colcon.colcon_core.package_identification:_identify(.) by extensions ['python_setup_py']
[0.102s] Level 1:colcon.colcon_core.package_identification:_identify(.) by extension 'python_setup_py'
[0.103s] Level 1:colcon.colcon_core.package_identification:_identify(build) by extensions ['ignore', 'ignore_ament_install']
[0.103s] Level 1:colcon.colcon_core.package_identification:_identify(build) by extension 'ignore'
[0.103s] Level 1:colcon.colcon_core.package_identification:_identify(build) ignored
[0.103s] Level 1:colcon.colcon_core.package_identification:_identify(install) by extensions ['ignore', 'ignore_ament_install']
[0.103s] Level 1:colcon.colcon_core.package_identification:_identify(install) by extension 'ignore'
[0.103s] Level 1:colcon.colcon_core.package_identification:_identify(install) ignored
[0.103s] Level 1:colcon.colcon_core.package_identification:_identify(log) by extensions ['ignore', 'ignore_ament_install']
[0.103s] Level 1:colcon.colcon_core.package_identification:_identify(log) by extension 'ignore'
[0.103s] Level 1:colcon.colcon_core.package_identification:_identify(log) ignored
[0.103s] Level 1:colcon.colcon_core.package_identification:_identify(src) by extensions ['ignore', 'ignore_ament_install']
[0.103s] Level 1:colcon.colcon_core.package_identification:_identify(src) by extension 'ignore'
[0.103s] Level 1:colcon.colcon_core.package_identification:_identify(src) by extension 'ignore_ament_install'
[0.103s] Level 1:colcon.colcon_core.package_identification:_identify(src) by extensions ['colcon_pkg']
[0.103s] Level 1:colcon.colcon_core.package_identification:_identify(src) by extension 'colcon_pkg'
[0.103s] Level 1:colcon.colcon_core.package_identification:_identify(src) by extensions ['colcon_meta']
[0.103s] Level 1:colcon.colcon_core.package_identification:_identify(src) by extension 'colcon_meta'
[0.103s] Level 1:colcon.colcon_core.package_identification:_identify(src) by extensions ['ros']
[0.103s] Level 1:colcon.colcon_core.package_identification:_identify(src) by extension 'ros'
[0.103s] Level 1:colcon.colcon_core.package_identification:_identify(src) by extensions ['cmake', 'python']
[0.103s] Level 1:colcon.colcon_core.package_identification:_identify(src) by extension 'cmake'
[0.103s] Level 1:colcon.colcon_core.package_identification:_identify(src) by extension 'python'
[0.103s] Level 1:colcon.colcon_core.package_identification:_identify(src) by extensions ['python_setup_py']
[0.103s] Level 1:colcon.colcon_core.package_identification:_identify(src) by extension 'python_setup_py'
[0.103s] Level 1:colcon.colcon_core.package_identification:_identify(src/imu) by extensions ['ignore', 'ignore_ament_install']
[0.103s] Level 1:colcon.colcon_core.package_identification:_identify(src/imu) by extension 'ignore'
[0.103s] Level 1:colcon.colcon_core.package_identification:_identify(src/imu) by extension 'ignore_ament_install'
[0.103s] Level 1:colcon.colcon_core.package_identification:_identify(src/imu) by extensions ['colcon_pkg']
[0.103s] Level 1:colcon.colcon_core.package_identification:_identify(src/imu) by extension 'colcon_pkg'
[0.103s] Level 1:colcon.colcon_core.package_identification:_identify(src/imu) by extensions ['colcon_meta']
[0.103s] Level 1:colcon.colcon_core.package_identification:_identify(src/imu) by extension 'colcon_meta'
[0.103s] Level 1:colcon.colcon_core.package_identification:_identify(src/imu) by extensions ['ros']
[0.103s] Level 1:colcon.colcon_core.package_identification:_identify(src/imu) by extension 'ros'
[0.105s] DEBUG:colcon.colcon_core.package_identification:Package 'src/imu' with type 'ros.ament_python' and name 'imu'
[0.105s] Level 1:colcon.colcon_core.package_discovery:discover_packages(recursive) using defaults
[0.105s] Level 1:colcon.colcon_core.package_discovery:discover_packages(ignore) discover
[0.105s] Level 1:colcon.colcon_core.package_discovery:discover_packages(ignore) using defaults
[0.105s] Level 1:colcon.colcon_core.package_discovery:discover_packages(path) discover
[0.105s] Level 1:colcon.colcon_core.package_discovery:discover_packages(path) using defaults
[0.116s] Level 1:colcon.colcon_core.package_discovery:discover_packages(prefix_path) check parameters
[0.116s] Level 1:colcon.colcon_core.package_discovery:discover_packages(prefix_path) discover
[0.116s] WARNING:colcon.colcon_core.prefix_path.colcon:The path '/home/pioneer1/Documents/Rover/src/install' in the environment variable COLCON_PREFIX_PATH doesn't exist
[0.116s] WARNING:colcon.colcon_ros.prefix_path.ament:The path '/home/pioneer1/Documents/Rover/install/imu' in the environment variable AMENT_PREFIX_PATH doesn't exist
[0.116s] WARNING:colcon.colcon_ros.prefix_path.ament:The path '/home/pioneer1/Documents/Rover/install/phidgets_drivers' in the environment variable AMENT_PREFIX_PATH doesn't exist
[0.116s] WARNING:colcon.colcon_ros.prefix_path.ament:The path '/home/pioneer1/Documents/Rover/install/phidgets_temperature' in the environment variable AMENT_PREFIX_PATH doesn't exist
[0.116s] WARNING:colcon.colcon_ros.prefix_path.ament:The path '/home/pioneer1/Documents/Rover/install/phidgets_stepper' in the environment variable AMENT_PREFIX_PATH doesn't exist
[0.116s] WARNING:colcon.colcon_ros.prefix_path.ament:The path '/home/pioneer1/Documents/Rover/install/phidgets_spatial' in the environment variable AMENT_PREFIX_PATH doesn't exist
[0.116s] WARNING:colcon.colcon_ros.prefix_path.ament:The path '/home/pioneer1/Documents/Rover/install/phidgets_motors' in the environment variable AMENT_PREFIX_PATH doesn't exist
[0.116s] WARNING:colcon.colcon_ros.prefix_path.ament:The path '/home/pioneer1/Documents/Rover/install/phidgets_ik' in the environment variable AMENT_PREFIX_PATH doesn't exist
[0.116s] WARNING:colcon.colcon_ros.prefix_path.ament:The path '/home/pioneer1/Documents/Rover/install/phidgets_high_speed_encoder' in the environment variable AMENT_PREFIX_PATH doesn't exist
[0.116s] WARNING:colcon.colcon_ros.prefix_path.ament:The path '/home/pioneer1/Documents/Rover/install/phidgets_digital_outputs' in the environment variable AMENT_PREFIX_PATH doesn't exist
[0.116s] WARNING:colcon.colcon_ros.prefix_path.ament:The path '/home/pioneer1/Documents/Rover/install/phidgets_analog_outputs' in the environment variable AMENT_PREFIX_PATH doesn't exist
[0.117s] WARNING:colcon.colcon_ros.prefix_path.ament:The path '/home/pioneer1/Documents/Rover/install/phidgets_msgs' in the environment variable AMENT_PREFIX_PATH doesn't exist
[0.117s] WARNING:colcon.colcon_ros.prefix_path.ament:The path '/home/pioneer1/Documents/Rover/install/phidgets_magnetometer' in the environment variable AMENT_PREFIX_PATH doesn't exist
[0.117s] WARNING:colcon.colcon_ros.prefix_path.ament:The path '/home/pioneer1/Documents/Rover/install/phidgets_gyroscope' in the environment variable AMENT_PREFIX_PATH doesn't exist
[0.117s] WARNING:colcon.colcon_ros.prefix_path.ament:The path '/home/pioneer1/Documents/Rover/install/phidgets_digital_inputs' in the environment variable AMENT_PREFIX_PATH doesn't exist
[0.117s] WARNING:colcon.colcon_ros.prefix_path.ament:The path '/home/pioneer1/Documents/Rover/install/phidgets_analog_inputs' in the environment variable AMENT_PREFIX_PATH doesn't exist
[0.117s] WARNING:colcon.colcon_ros.prefix_path.ament:The path '/home/pioneer1/Documents/Rover/install/phidgets_accelerometer' in the environment variable AMENT_PREFIX_PATH doesn't exist
[0.117s] WARNING:colcon.colcon_ros.prefix_path.ament:The path '/home/pioneer1/Documents/Rover/install/phidgets_api' in the environment variable AMENT_PREFIX_PATH doesn't exist
[0.117s] WARNING:colcon.colcon_ros.prefix_path.ament:The path '/home/pioneer1/Documents/Rover/install/phidget' in the environment variable AMENT_PREFIX_PATH doesn't exist
[0.117s] WARNING:colcon.colcon_ros.prefix_path.ament:The path '/home/pioneer1/Documents/Rover/install/libphidget22' in the environment variable AMENT_PREFIX_PATH doesn't exist
[0.117s] WARNING:colcon.colcon_ros.prefix_path.ament:The path '/home/pioneer1/Documents/Rover/src/install/phidget' in the environment variable AMENT_PREFIX_PATH doesn't exist
[0.117s] WARNING:colcon.colcon_ros.prefix_path.ament:The path '/home/pioneer1/Documents/Rover/src/install/imu' in the environment variable AMENT_PREFIX_PATH doesn't exist
[0.117s] WARNING:colcon.colcon_ros.prefix_path.catkin:The path '/home/pioneer1/Documents/Rover/install/phidgets_drivers' in the environment variable CMAKE_PREFIX_PATH doesn't exist
[0.117s] WARNING:colcon.colcon_ros.prefix_path.catkin:The path '/home/pioneer1/Documents/Rover/install/phidgets_temperature' in the environment variable CMAKE_PREFIX_PATH doesn't exist
[0.117s] WARNING:colcon.colcon_ros.prefix_path.catkin:The path '/home/pioneer1/Documents/Rover/install/phidgets_stepper' in the environment variable CMAKE_PREFIX_PATH doesn't exist
[0.117s] WARNING:colcon.colcon_ros.prefix_path.catkin:The path '/home/pioneer1/Documents/Rover/install/phidgets_spatial' in the environment variable CMAKE_PREFIX_PATH doesn't exist
[0.117s] WARNING:colcon.colcon_ros.prefix_path.catkin:The path '/home/pioneer1/Documents/Rover/install/phidgets_motors' in the environment variable CMAKE_PREFIX_PATH doesn't exist
[0.117s] WARNING:colcon.colcon_ros.prefix_path.catkin:The path '/home/pioneer1/Documents/Rover/install/phidgets_ik' in the environment variable CMAKE_PREFIX_PATH doesn't exist
[0.117s] WARNING:colcon.colcon_ros.prefix_path.catkin:The path '/home/pioneer1/Documents/Rover/install/phidgets_high_speed_encoder' in the environment variable CMAKE_PREFIX_PATH doesn't exist
[0.117s] WARNING:colcon.colcon_ros.prefix_path.catkin:The path '/home/pioneer1/Documents/Rover/install/phidgets_digital_outputs' in the environment variable CMAKE_PREFIX_PATH doesn't exist
[0.117s] WARNING:colcon.colcon_ros.prefix_path.catkin:The path '/home/pioneer1/Documents/Rover/install/phidgets_analog_outputs' in the environment variable CMAKE_PREFIX_PATH doesn't exist
[0.117s] WARNING:colcon.colcon_ros.prefix_path.catkin:The path '/home/pioneer1/Documents/Rover/install/phidgets_msgs' in the environment variable CMAKE_PREFIX_PATH doesn't exist
[0.117s] WARNING:colcon.colcon_ros.prefix_path.catkin:The path '/home/pioneer1/Documents/Rover/install/phidgets_magnetometer' in the environment variable CMAKE_PREFIX_PATH doesn't exist
[0.117s] WARNING:colcon.colcon_ros.prefix_path.catkin:The path '/home/pioneer1/Documents/Rover/install/phidgets_gyroscope' in the environment variable CMAKE_PREFIX_PATH doesn't exist
[0.117s] WARNING:colcon.colcon_ros.prefix_path.catkin:The path '/home/pioneer1/Documents/Rover/install/phidgets_digital_inputs' in the environment variable CMAKE_PREFIX_PATH doesn't exist
[0.117s] WARNING:colcon.colcon_ros.prefix_path.catkin:The path '/home/pioneer1/Documents/Rover/install/phidgets_analog_inputs' in the environment variable CMAKE_PREFIX_PATH doesn't exist
[0.117s] WARNING:colcon.colcon_ros.prefix_path.catkin:The path '/home/pioneer1/Documents/Rover/install/phidgets_accelerometer' in the environment variable CMAKE_PREFIX_PATH doesn't exist
[0.117s] WARNING:colcon.colcon_ros.prefix_path.catkin:The path '/home/pioneer1/Documents/Rover/install/phidgets_api' in the environment variable CMAKE_PREFIX_PATH doesn't exist
[0.117s] WARNING:colcon.colcon_ros.prefix_path.catkin:The path '/home/pioneer1/Documents/Rover/install/libphidget22' in the environment variable CMAKE_PREFIX_PATH doesn't exist
[0.117s] DEBUG:colcon.colcon_installed_package_information.package_discovery:Found 0 installed packages in /home/pioneer1/Documents/Rover/install
[0.118s] DEBUG:colcon.colcon_installed_package_information.package_discovery:Found 208 installed packages in /opt/ros/jazzy
[0.119s] Level 1:colcon.colcon_core.package_discovery:discover_packages(prefix_path) using defaults
[0.137s] Level 5:colcon.colcon_core.verb:set package 'imu' build argument 'cmake_args' from command line to 'None'
[0.137s] Level 5:colcon.colcon_core.verb:set package 'imu' build argument 'cmake_target' from command line to 'None'
[0.137s] Level 5:colcon.colcon_core.verb:set package 'imu' build argument 'cmake_target_skip_unavailable' from command line to 'False'
[0.137s] Level 5:colcon.colcon_core.verb:set package 'imu' build argument 'cmake_clean_cache' from command line to 'False'
[0.137s] Level 5:colcon.colcon_core.verb:set package 'imu' build argument 'cmake_clean_first' from command line to 'False'
[0.137s] Level 5:colcon.colcon_core.verb:set package 'imu' build argument 'cmake_force_configure' from command line to 'False'
[0.137s] Level 5:colcon.colcon_core.verb:set package 'imu' build argument 'ament_cmake_args' from command line to 'None'
[0.137s] Level 5:colcon.colcon_core.verb:set package 'imu' build argument 'catkin_cmake_args' from command line to 'None'
[0.137s] Level 5:colcon.colcon_core.verb:set package 'imu' build argument 'catkin_skip_building_tests' from command line to 'False'
[0.137s] DEBUG:colcon.colcon_core.verb:Building package 'imu' with the following arguments: {'ament_cmake_args': None, 'build_base': '/home/pioneer1/Documents/Rover/build/imu', 'catkin_cmake_args': None, 'catkin_skip_building_tests': False, 'cmake_args': None, 'cmake_clean_cache': False, 'cmake_clean_first': False, 'cmake_force_configure': False, 'cmake_target': None, 'cmake_target_skip_unavailable': False, 'install_base': '/home/pioneer1/Documents/Rover/install/imu', 'merge_install': False, 'path': '/home/pioneer1/Documents/Rover/src/imu', 'symlink_install': True, 'test_result_base': None}
[0.137s] INFO:colcon.colcon_core.executor:Executing jobs using 'parallel' executor
[0.138s] DEBUG:colcon.colcon_parallel_executor.executor.parallel:run_until_complete
[0.138s] INFO:colcon.colcon_ros.task.ament_python.build:Building ROS package in '/home/pioneer1/Documents/Rover/src/imu' with build type 'ament_python'
[0.138s] Level 1:colcon.colcon_core.shell:create_environment_hook('imu', 'ament_prefix_path')
[0.139s] INFO:colcon.colcon_core.plugin_system:Skipping extension 'colcon_core.shell.bat': Not used on non-Windows systems
[0.139s] INFO:colcon.colcon_core.shell:Creating environment hook '/home/pioneer1/Documents/Rover/install/imu/share/imu/hook/ament_prefix_path.ps1'
[0.139s] INFO:colcon.colcon_core.shell:Creating environment descriptor '/home/pioneer1/Documents/Rover/install/imu/share/imu/hook/ament_prefix_path.dsv'
[0.140s] INFO:colcon.colcon_core.shell:Creating environment hook '/home/pioneer1/Documents/Rover/install/imu/share/imu/hook/ament_prefix_path.sh'
[0.140s] INFO:colcon.colcon_core.shell:Skip shell extension 'powershell' for command environment: Not usable outside of PowerShell
[0.140s] DEBUG:colcon.colcon_core.shell:Skip shell extension 'dsv' for command environment
[0.265s] INFO:colcon.colcon_core.task.python.build:Building Python package in '/home/pioneer1/Documents/Rover/src/imu'
[0.265s] INFO:colcon.colcon_core.shell:Skip shell extension 'powershell' for command environment: Not usable outside of PowerShell
[0.265s] DEBUG:colcon.colcon_core.shell:Skip shell extension 'dsv' for command environment
[0.584s] DEBUG:colcon.colcon_core.event_handler.log_command:Invoking command in '/home/pioneer1/Documents/Rover/build/imu': DEBUGINFOD_URLS=https://debuginfod.ubuntu.com PYTHONPATH=/home/pioneer1/Documents/Rover/build/imu/prefix_override:/usr/lib/python3/dist-packages/colcon_core/task/python/colcon_distutils_commands:/home/pioneer1/Documents/Rover/install/imu/lib/python3.12/site-packages:${PYTHONPATH} /usr/bin/python3 -W ignore:setup.py install is deprecated -W ignore:easy_install command is deprecated setup.py develop --editable --build-directory /home/pioneer1/Documents/Rover/build/imu/build --no-deps symlink_data
[0.918s] Level 1:colcon.colcon_core.shell:create_environment_hook('imu', 'pythonpath_develop')
[0.918s] INFO:colcon.colcon_core.shell:Creating environment hook '/home/pioneer1/Documents/Rover/build/imu/share/imu/hook/pythonpath_develop.ps1'
[0.918s] DEBUG:colcon.colcon_core.event_handler.log_command:Invoked command in '/home/pioneer1/Documents/Rover/build/imu' returned '0': DEBUGINFOD_URLS=https://debuginfod.ubuntu.com PYTHONPATH=/home/pioneer1/Documents/Rover/build/imu/prefix_override:/usr/lib/python3/dist-packages/colcon_core/task/python/colcon_distutils_commands:/home/pioneer1/Documents/Rover/install/imu/lib/python3.12/site-packages:${PYTHONPATH} /usr/bin/python3 -W ignore:setup.py install is deprecated -W ignore:easy_install command is deprecated setup.py develop --editable --build-directory /home/pioneer1/Documents/Rover/build/imu/build --no-deps symlink_data
[0.919s] INFO:colcon.colcon_core.shell:Creating environment descriptor '/home/pioneer1/Documents/Rover/build/imu/share/imu/hook/pythonpath_develop.dsv'
[0.919s] INFO:colcon.colcon_core.shell:Creating environment hook '/home/pioneer1/Documents/Rover/build/imu/share/imu/hook/pythonpath_develop.sh'
[0.920s] Level 1:colcon.colcon_core.environment:checking '/home/pioneer1/Documents/Rover/install/imu' for CMake module files
[0.921s] Level 1:colcon.colcon_core.environment:checking '/home/pioneer1/Documents/Rover/install/imu' for CMake config files
[0.921s] Level 1:colcon.colcon_core.environment:checking '/home/pioneer1/Documents/Rover/install/imu/lib'
[0.921s] Level 1:colcon.colcon_core.environment:checking '/home/pioneer1/Documents/Rover/install/imu/bin'
[0.921s] Level 1:colcon.colcon_core.environment:checking '/home/pioneer1/Documents/Rover/install/imu/lib/pkgconfig/imu.pc'
[0.921s] Level 1:colcon.colcon_core.environment:checking '/home/pioneer1/Documents/Rover/install/imu/lib/python3.12/site-packages'
[0.921s] Level 1:colcon.colcon_core.shell:create_environment_hook('imu', 'pythonpath')
[0.921s] INFO:colcon.colcon_core.shell:Creating environment hook '/home/pioneer1/Documents/Rover/install/imu/share/imu/hook/pythonpath.ps1'
[0.922s] INFO:colcon.colcon_core.shell:Creating environment descriptor '/home/pioneer1/Documents/Rover/install/imu/share/imu/hook/pythonpath.dsv'
[0.922s] INFO:colcon.colcon_core.shell:Creating environment hook '/home/pioneer1/Documents/Rover/install/imu/share/imu/hook/pythonpath.sh'
[0.922s] Level 1:colcon.colcon_core.environment:checking '/home/pioneer1/Documents/Rover/install/imu/bin'
[0.922s] Level 1:colcon.colcon_core.environment:create_environment_scripts_only(imu)
[0.922s] INFO:colcon.colcon_core.shell:Creating package script '/home/pioneer1/Documents/Rover/install/imu/share/imu/package.ps1'
[0.923s] INFO:colcon.colcon_core.shell:Creating package descriptor '/home/pioneer1/Documents/Rover/install/imu/share/imu/package.dsv'
[0.923s] INFO:colcon.colcon_core.shell:Creating package script '/home/pioneer1/Documents/Rover/install/imu/share/imu/package.sh'
[0.923s] INFO:colcon.colcon_core.shell:Creating package script '/home/pioneer1/Documents/Rover/install/imu/share/imu/package.bash'
[0.924s] INFO:colcon.colcon_core.shell:Creating package script '/home/pioneer1/Documents/Rover/install/imu/share/imu/package.zsh'
[0.924s] Level 1:colcon.colcon_core.environment:create_file_with_runtime_dependencies(/home/pioneer1/Documents/Rover/install/imu/share/colcon-core/packages/imu)
[0.924s] DEBUG:colcon.colcon_parallel_executor.executor.parallel:closing loop
[0.924s] DEBUG:colcon.colcon_parallel_executor.executor.parallel:loop closed
[0.924s] DEBUG:colcon.colcon_parallel_executor.executor.parallel:run_until_complete finished with '0'
[0.924s] DEBUG:colcon.colcon_core.event_reactor:joining thread
[0.928s] INFO:colcon.colcon_core.plugin_system:Skipping extension 'colcon_notification.desktop_notification.terminal_notifier': Not used on non-Darwin systems
[0.928s] INFO:colcon.colcon_core.plugin_system:Skipping extension 'colcon_notification.desktop_notification.win32': Not used on non-Windows systems
[0.928s] INFO:colcon.colcon_notification.desktop_notification:Sending desktop notification using 'notify2'
[0.935s] DEBUG:colcon.colcon_core.event_reactor:joined thread
[0.935s] INFO:colcon.colcon_core.shell:Creating prefix script '/home/pioneer1/Documents/Rover/install/local_setup.ps1'
[0.936s] INFO:colcon.colcon_core.shell:Creating prefix util module '/home/pioneer1/Documents/Rover/install/_local_setup_util_ps1.py'
[0.936s] INFO:colcon.colcon_core.shell:Creating prefix chain script '/home/pioneer1/Documents/Rover/install/setup.ps1'
[0.937s] INFO:colcon.colcon_core.shell:Creating prefix script '/home/pioneer1/Documents/Rover/install/local_setup.sh'
[0.937s] INFO:colcon.colcon_core.shell:Creating prefix util module '/home/pioneer1/Documents/Rover/install/_local_setup_util_sh.py'
[0.938s] INFO:colcon.colcon_core.shell:Creating prefix chain script '/home/pioneer1/Documents/Rover/install/setup.sh'
[0.938s] INFO:colcon.colcon_core.shell:Creating prefix script '/home/pioneer1/Documents/Rover/install/local_setup.bash'
[0.938s] INFO:colcon.colcon_core.shell:Creating prefix chain script '/home/pioneer1/Documents/Rover/install/setup.bash'
[0.939s] INFO:colcon.colcon_core.shell:Creating prefix script '/home/pioneer1/Documents/Rover/install/local_setup.zsh'
[0.939s] INFO:colcon.colcon_core.shell:Creating prefix chain script '/home/pioneer1/Documents/Rover/install/setup.zsh'
