[0.006s] Invoking command in '/home/pioneer1/Documents/Rover/build/phidgets_msgs': DEBUGINFOD_URLS=https://debuginfod.ubuntu.com /usr/bin/cmake /home/pioneer1/Documents/Rover/phidgets_drivers/phidgets_msgs -DAMENT_CMAKE_SYMLINK_INSTALL=1 -DCMAKE_INSTALL_PREFIX=/home/pioneer1/Documents/Rover/install/phidgets_msgs
[0.045s] -- The C compiler identification is GNU 13.3.0
[0.090s] -- The CXX compiler identification is GNU 13.3.0
[0.100s] -- Detecting C compiler ABI info
[0.157s] -- Detecting C compiler ABI info - done
[0.167s] -- Check for working C compiler: /usr/bin/cc - skipped
[0.167s] -- Detecting C compile features
[0.167s] -- Detecting C compile features - done
[0.173s] -- Detecting CXX compiler ABI info
[0.240s] -- Detecting CXX compiler ABI info - done
[0.247s] -- Check for working CXX compiler: /usr/bin/c++ - skipped
[0.247s] -- Detecting CXX compile features
[0.247s] -- Detecting CXX compile features - done
[0.252s] [31mCMake Error at CMakeLists.txt:13 (find_package):
[0.252s]   By not providing "Findament_cmake.cmake" in CMAKE_MODULE_PATH this project
[0.252s]   has asked CMake to find a package configuration file provided by
[0.252s]   "ament_cmake", but CMake did not find one.
[0.252s] 
[0.252s]   Could not find a package configuration file provided by "ament_cmake" with
[0.252s]   any of the following names:
[0.252s] 
[0.252s]     ament_cmakeConfig.cmake
[0.252s]     ament_cmake-config.cmake
[0.252s] 
[0.252s]   Add the installation prefix of "ament_cmake" to CMAKE_PREFIX_PATH or set
[0.252s]   "ament_cmake_DIR" to a directory containing one of the above files.  If
[0.252s]   "ament_cmake" provides a separate development package or SDK, be sure it
[0.253s]   has been installed.
[0.253s] 
[0.253s] [0m
[0.253s] -- Configuring incomplete, errors occurred!
[0.254s] Invoked command in '/home/pioneer1/Documents/Rover/build/phidgets_msgs' returned '1': DEBUGINFOD_URLS=https://debuginfod.ubuntu.com /usr/bin/cmake /home/pioneer1/Documents/Rover/phidgets_drivers/phidgets_msgs -DAMENT_CMAKE_SYMLINK_INSTALL=1 -DCMAKE_INSTALL_PREFIX=/home/pioneer1/Documents/Rover/install/phidgets_msgs
