running develop
/usr/lib/python3/dist-packages/setuptools/command/easy_install.py:363: UserWarning: Unbuilt egg for pytest-repeat [unknown version] (/usr/lib/python3/dist-packages)
  self.local_index = Environment(self.shadow_path + sys.path)
running egg_info
creating phidget.egg-info
writing phidget.egg-info/PKG-INFO
writing dependency_links to phidget.egg-info/dependency_links.txt
writing entry points to phidget.egg-info/entry_points.txt
writing requirements to phidget.egg-info/requires.txt
writing top-level names to phidget.egg-info/top_level.txt
writing manifest file 'phidget.egg-info/SOURCES.txt'
reading manifest file 'phidget.egg-info/SOURCES.txt'
writing manifest file 'phidget.egg-info/SOURCES.txt'
running build_ext
Creating /home/pioneer1/Documents/Rover/install/phidget/lib/python3.12/site-packages/phidget.egg-link (link to .)
Installing phidget script to /home/pioneer1/Documents/Rover/install/phidget/lib/phidget

Installed /home/pioneer1/Documents/Rover/build/phidget
running symlink_data
creating /home/pioneer1/Documents/Rover/install/phidget/share/ament_index
creating /home/pioneer1/Documents/Rover/install/phidget/share/ament_index/resource_index
creating /home/pioneer1/Documents/Rover/install/phidget/share/ament_index/resource_index/packages
symbolically linking /home/pioneer1/Documents/Rover/build/phidget/resource/phidget -> /home/pioneer1/Documents/Rover/install/phidget/share/ament_index/resource_index/packages
symbolically linking /home/pioneer1/Documents/Rover/build/phidget/package.xml -> /home/pioneer1/Documents/Rover/install/phidget/share/phidget
creating /home/pioneer1/Documents/Rover/install/phidget/share/phidget/launch
