[0.367s] Invoking command in '/home/pioneer1/Documents/Rover/build/phidget': DEBUGINFOD_URLS=https://debuginfod.ubuntu.com PYTHONPATH=/home/pioneer1/Documents/Rover/build/phidget/prefix_override:/usr/lib/python3/dist-packages/colcon_core/task/python/colcon_distutils_commands:/home/pioneer1/Documents/Rover/install/phidget/lib/python3.12/site-packages: /usr/bin/python3 -W ignore:setup.py install is deprecated -W ignore:easy_install command is deprecated setup.py develop --editable --build-directory /home/pioneer1/Documents/Rover/build/phidget/build --no-deps symlink_data
[0.513s] running develop
[0.566s] /usr/lib/python3/dist-packages/setuptools/command/easy_install.py:363: UserWarning: Unbuilt egg for pytest-repeat [unknown version] (/usr/lib/python3/dist-packages)
[0.566s]   self.local_index = Environment(self.shadow_path + sys.path)
[0.578s] running egg_info
[0.578s] creating phidget.egg-info
[0.584s] writing phidget.egg-info/PKG-INFO
[0.584s] writing dependency_links to phidget.egg-info/dependency_links.txt
[0.585s] writing entry points to phidget.egg-info/entry_points.txt
[0.585s] writing requirements to phidget.egg-info/requires.txt
[0.585s] writing top-level names to phidget.egg-info/top_level.txt
[0.585s] writing manifest file 'phidget.egg-info/SOURCES.txt'
[0.598s] reading manifest file 'phidget.egg-info/SOURCES.txt'
[0.599s] writing manifest file 'phidget.egg-info/SOURCES.txt'
[0.606s] running build_ext
[0.606s] Creating /home/pioneer1/Documents/Rover/install/phidget/lib/python3.12/site-packages/phidget.egg-link (link to .)
[0.606s] Installing phidget script to /home/pioneer1/Documents/Rover/install/phidget/lib/phidget
[0.607s] 
[0.607s] Installed /home/pioneer1/Documents/Rover/build/phidget
[0.607s] running symlink_data
[0.607s] creating /home/pioneer1/Documents/Rover/install/phidget/share/ament_index
[0.607s] creating /home/pioneer1/Documents/Rover/install/phidget/share/ament_index/resource_index
[0.607s] creating /home/pioneer1/Documents/Rover/install/phidget/share/ament_index/resource_index/packages
[0.607s] symbolically linking /home/pioneer1/Documents/Rover/build/phidget/resource/phidget -> /home/pioneer1/Documents/Rover/install/phidget/share/ament_index/resource_index/packages
[0.607s] symbolically linking /home/pioneer1/Documents/Rover/build/phidget/package.xml -> /home/pioneer1/Documents/Rover/install/phidget/share/phidget
[0.607s] creating /home/pioneer1/Documents/Rover/install/phidget/share/phidget/launch
[0.626s] Invoked command in '/home/pioneer1/Documents/Rover/build/phidget' returned '0': DEBUGINFOD_URLS=https://debuginfod.ubuntu.com PYTHONPATH=/home/pioneer1/Documents/Rover/build/phidget/prefix_override:/usr/lib/python3/dist-packages/colcon_core/task/python/colcon_distutils_commands:/home/pioneer1/Documents/Rover/install/phidget/lib/python3.12/site-packages: /usr/bin/python3 -W ignore:setup.py install is deprecated -W ignore:easy_install command is deprecated setup.py develop --editable --build-directory /home/pioneer1/Documents/Rover/build/phidget/build --no-deps symlink_data
