[0.015s] Invoking command in '/home/pioneer1/Documents/Rover/build/phidgets_high_speed_encoder': AMENT_PREFIX_PATH=/home/pioneer1/Documents/Rover/install/phidgets_api:/home/pioneer1/Documents/Rover/install/phidgets_msgs:/home/pioneer1/Documents/Rover/install/libphidget22:${AMENT_PREFIX_PATH} CMAKE_PREFIX_PATH=/home/pioneer1/Documents/Rover/install/phidgets_api:/opt/ros/jazzy:/home/pioneer1/Documents/Rover/install/phidgets_msgs:/home/pioneer1/Documents/Rover/install/libphidget22 DEBUGINFOD_URLS=https://debuginfod.ubuntu.com LD_LIBRARY_PATH=/home/pioneer1/Documents/Rover/install/phidgets_api/lib:/home/pioneer1/Documents/Rover/install/phidgets_msgs/lib:/home/pioneer1/Documents/Rover/install/libphidget22/opt/libphidget22/lib:${LD_LIBRARY_PATH} PYTHONPATH=/home/pioneer1/Documents/Rover/install/phidgets_msgs/lib/python3.12/site-packages:${PYTHONPATH} /usr/bin/cmake /home/pioneer1/Documents/Rover/phidgets_drivers/phidgets_high_speed_encoder -DCMAKE_INSTALL_PREFIX=/home/pioneer1/Documents/Rover/install/phidgets_high_speed_encoder
[1.193s] -- The C compiler identification is GNU 13.3.0
[1.193s] -- The CXX compiler identification is GNU 13.3.0
[1.194s] -- Detecting C compiler ABI info
[1.194s] -- Detecting C compiler ABI info - done
[1.194s] -- Check for working C compiler: /usr/bin/cc - skipped
[1.194s] -- Detecting C compile features
[1.194s] -- Detecting C compile features - done
[1.194s] -- Detecting CXX compiler ABI info
[1.194s] -- Detecting CXX compiler ABI info - done
[1.194s] -- Check for working CXX compiler: /usr/bin/c++ - skipped
[1.194s] -- Detecting CXX compile features
[1.194s] -- Detecting CXX compile features - done
[1.194s] -- Found ament_cmake_ros: 0.12.0 (/opt/ros/jazzy/share/ament_cmake_ros/cmake)
[1.194s] -- Found Python3: /usr/bin/python3 (found version "3.12.3") found components: Interpreter 
[1.194s] -- Found phidgets_api: 2.4.0 (/home/pioneer1/Documents/Rover/install/phidgets_api/share/phidgets_api/cmake)
[1.195s] -- Found phidgets_msgs: 2.3.4 (/opt/ros/jazzy/share/phidgets_msgs/cmake)
[1.195s] -- Found rosidl_generator_c: 4.6.5 (/opt/ros/jazzy/share/rosidl_generator_c/cmake)
[1.195s] -- Found rosidl_generator_cpp: 4.6.5 (/opt/ros/jazzy/share/rosidl_generator_cpp/cmake)
[1.195s] -- Using all available rosidl_typesupport_c: rosidl_typesupport_fastrtps_c;rosidl_typesupport_introspection_c
[1.195s] -- Using all available rosidl_typesupport_cpp: rosidl_typesupport_fastrtps_cpp;rosidl_typesupport_introspection_cpp
[1.195s] -- Found rclcpp: 28.1.9 (/opt/ros/jazzy/share/rclcpp/cmake)
[1.195s] -- Found rmw_implementation_cmake: 7.3.2 (/opt/ros/jazzy/share/rmw_implementation_cmake/cmake)
[1.195s] -- Found rmw_fastrtps_cpp: 8.4.2 (/opt/ros/jazzy/share/rmw_fastrtps_cpp/cmake)
[1.195s] -- Found OpenSSL: /usr/lib/x86_64-linux-gnu/libcrypto.so (found version "3.0.13")  
[1.195s] -- Found FastRTPS: /opt/ros/jazzy/include (Required is at least version "2.13") 
[1.195s] -- Using RMW implementation 'rmw_fastrtps_cpp' as default
[1.195s] -- Found rclcpp_components: 28.1.9 (/opt/ros/jazzy/share/rclcpp_components/cmake)
[1.195s] -- Found sensor_msgs: 5.3.6 (/opt/ros/jazzy/share/sensor_msgs/cmake)
[1.251s] -- Configuring done (1.2s)
[1.266s] -- Generating done (0.0s)
[1.270s] -- Build files have been written to: /home/pioneer1/Documents/Rover/build/phidgets_high_speed_encoder
[1.282s] Invoked command in '/home/pioneer1/Documents/Rover/build/phidgets_high_speed_encoder' returned '0': AMENT_PREFIX_PATH=/home/pioneer1/Documents/Rover/install/phidgets_api:/home/pioneer1/Documents/Rover/install/phidgets_msgs:/home/pioneer1/Documents/Rover/install/libphidget22:${AMENT_PREFIX_PATH} CMAKE_PREFIX_PATH=/home/pioneer1/Documents/Rover/install/phidgets_api:/opt/ros/jazzy:/home/pioneer1/Documents/Rover/install/phidgets_msgs:/home/pioneer1/Documents/Rover/install/libphidget22 DEBUGINFOD_URLS=https://debuginfod.ubuntu.com LD_LIBRARY_PATH=/home/pioneer1/Documents/Rover/install/phidgets_api/lib:/home/pioneer1/Documents/Rover/install/phidgets_msgs/lib:/home/pioneer1/Documents/Rover/install/libphidget22/opt/libphidget22/lib:${LD_LIBRARY_PATH} PYTHONPATH=/home/pioneer1/Documents/Rover/install/phidgets_msgs/lib/python3.12/site-packages:${PYTHONPATH} /usr/bin/cmake /home/pioneer1/Documents/Rover/phidgets_drivers/phidgets_high_speed_encoder -DCMAKE_INSTALL_PREFIX=/home/pioneer1/Documents/Rover/install/phidgets_high_speed_encoder
[1.284s] Invoking command in '/home/pioneer1/Documents/Rover/build/phidgets_high_speed_encoder': AMENT_PREFIX_PATH=/home/pioneer1/Documents/Rover/install/phidgets_api:/home/pioneer1/Documents/Rover/install/phidgets_msgs:/home/pioneer1/Documents/Rover/install/libphidget22:${AMENT_PREFIX_PATH} CMAKE_PREFIX_PATH=/home/pioneer1/Documents/Rover/install/phidgets_api:/opt/ros/jazzy:/home/pioneer1/Documents/Rover/install/phidgets_msgs:/home/pioneer1/Documents/Rover/install/libphidget22 DEBUGINFOD_URLS=https://debuginfod.ubuntu.com LD_LIBRARY_PATH=/home/pioneer1/Documents/Rover/install/phidgets_api/lib:/home/pioneer1/Documents/Rover/install/phidgets_msgs/lib:/home/pioneer1/Documents/Rover/install/libphidget22/opt/libphidget22/lib:${LD_LIBRARY_PATH} PYTHONPATH=/home/pioneer1/Documents/Rover/install/phidgets_msgs/lib/python3.12/site-packages:${PYTHONPATH} /usr/bin/cmake --build /home/pioneer1/Documents/Rover/build/phidgets_high_speed_encoder -- -j8 -l8
[1.359s] [ 50%] [32mBuilding CXX object CMakeFiles/phidgets_high_speed_encoder.dir/src/high_speed_encoder_ros_i.cpp.o[0m
[9.001s] [100%] [32m[1mLinking CXX shared library libphidgets_high_speed_encoder.so[0m
[9.391s] [100%] Built target phidgets_high_speed_encoder
[9.407s] Invoked command in '/home/pioneer1/Documents/Rover/build/phidgets_high_speed_encoder' returned '0': AMENT_PREFIX_PATH=/home/pioneer1/Documents/Rover/install/phidgets_api:/home/pioneer1/Documents/Rover/install/phidgets_msgs:/home/pioneer1/Documents/Rover/install/libphidget22:${AMENT_PREFIX_PATH} CMAKE_PREFIX_PATH=/home/pioneer1/Documents/Rover/install/phidgets_api:/opt/ros/jazzy:/home/pioneer1/Documents/Rover/install/phidgets_msgs:/home/pioneer1/Documents/Rover/install/libphidget22 DEBUGINFOD_URLS=https://debuginfod.ubuntu.com LD_LIBRARY_PATH=/home/pioneer1/Documents/Rover/install/phidgets_api/lib:/home/pioneer1/Documents/Rover/install/phidgets_msgs/lib:/home/pioneer1/Documents/Rover/install/libphidget22/opt/libphidget22/lib:${LD_LIBRARY_PATH} PYTHONPATH=/home/pioneer1/Documents/Rover/install/phidgets_msgs/lib/python3.12/site-packages:${PYTHONPATH} /usr/bin/cmake --build /home/pioneer1/Documents/Rover/build/phidgets_high_speed_encoder -- -j8 -l8
[9.408s] Invoking command in '/home/pioneer1/Documents/Rover/build/phidgets_high_speed_encoder': AMENT_PREFIX_PATH=/home/pioneer1/Documents/Rover/install/phidgets_api:/home/pioneer1/Documents/Rover/install/phidgets_msgs:/home/pioneer1/Documents/Rover/install/libphidget22:${AMENT_PREFIX_PATH} CMAKE_PREFIX_PATH=/home/pioneer1/Documents/Rover/install/phidgets_api:/opt/ros/jazzy:/home/pioneer1/Documents/Rover/install/phidgets_msgs:/home/pioneer1/Documents/Rover/install/libphidget22 DEBUGINFOD_URLS=https://debuginfod.ubuntu.com LD_LIBRARY_PATH=/home/pioneer1/Documents/Rover/install/phidgets_api/lib:/home/pioneer1/Documents/Rover/install/phidgets_msgs/lib:/home/pioneer1/Documents/Rover/install/libphidget22/opt/libphidget22/lib:${LD_LIBRARY_PATH} PYTHONPATH=/home/pioneer1/Documents/Rover/install/phidgets_msgs/lib/python3.12/site-packages:${PYTHONPATH} /usr/bin/cmake --install /home/pioneer1/Documents/Rover/build/phidgets_high_speed_encoder
[10.771s] -- Install configuration: ""
[10.772s] -- Installing: /home/pioneer1/Documents/Rover/install/phidgets_high_speed_encoder/lib/libphidgets_high_speed_encoder.so
[10.772s] -- Set non-toolchain portion of runtime path of "/home/pioneer1/Documents/Rover/install/phidgets_high_speed_encoder/lib/libphidgets_high_speed_encoder.so" to ""
[10.772s] -- Installing: /home/pioneer1/Documents/Rover/install/phidgets_high_speed_encoder/include
[10.772s] -- Installing: /home/pioneer1/Documents/Rover/install/phidgets_high_speed_encoder/include/phidgets_high_speed_encoder
[10.772s] -- Installing: /home/pioneer1/Documents/Rover/install/phidgets_high_speed_encoder/include/phidgets_high_speed_encoder/high_speed_encoder_ros_i.hpp
[10.772s] -- Installing: /home/pioneer1/Documents/Rover/install/phidgets_high_speed_encoder/share/phidgets_high_speed_encoder/launch
[10.772s] -- Installing: /home/pioneer1/Documents/Rover/install/phidgets_high_speed_encoder/share/phidgets_high_speed_encoder/launch/high_speed_encoder-launch.py
[10.772s] -- Installing: /home/pioneer1/Documents/Rover/install/phidgets_high_speed_encoder/share/ament_index/resource_index/package_run_dependencies/phidgets_high_speed_encoder
[10.772s] -- Installing: /home/pioneer1/Documents/Rover/install/phidgets_high_speed_encoder/share/ament_index/resource_index/parent_prefix_path/phidgets_high_speed_encoder
[10.772s] -- Installing: /home/pioneer1/Documents/Rover/install/phidgets_high_speed_encoder/share/phidgets_high_speed_encoder/environment/ament_prefix_path.sh
[10.772s] -- Installing: /home/pioneer1/Documents/Rover/install/phidgets_high_speed_encoder/share/phidgets_high_speed_encoder/environment/ament_prefix_path.dsv
[10.772s] -- Installing: /home/pioneer1/Documents/Rover/install/phidgets_high_speed_encoder/share/phidgets_high_speed_encoder/environment/path.sh
[10.772s] -- Installing: /home/pioneer1/Documents/Rover/install/phidgets_high_speed_encoder/share/phidgets_high_speed_encoder/environment/path.dsv
[10.773s] -- Installing: /home/pioneer1/Documents/Rover/install/phidgets_high_speed_encoder/share/phidgets_high_speed_encoder/local_setup.bash
[10.773s] -- Installing: /home/pioneer1/Documents/Rover/install/phidgets_high_speed_encoder/share/phidgets_high_speed_encoder/local_setup.sh
[10.773s] -- Installing: /home/pioneer1/Documents/Rover/install/phidgets_high_speed_encoder/share/phidgets_high_speed_encoder/local_setup.zsh
[10.773s] -- Installing: /home/pioneer1/Documents/Rover/install/phidgets_high_speed_encoder/share/phidgets_high_speed_encoder/local_setup.dsv
[10.773s] -- Installing: /home/pioneer1/Documents/Rover/install/phidgets_high_speed_encoder/share/phidgets_high_speed_encoder/package.dsv
[10.773s] -- Installing: /home/pioneer1/Documents/Rover/install/phidgets_high_speed_encoder/share/ament_index/resource_index/packages/phidgets_high_speed_encoder
[10.773s] -- Installing: /home/pioneer1/Documents/Rover/install/phidgets_high_speed_encoder/share/ament_index/resource_index/rclcpp_components/phidgets_high_speed_encoder
[10.773s] -- Installing: /home/pioneer1/Documents/Rover/install/phidgets_high_speed_encoder/share/phidgets_high_speed_encoder/cmake/phidgets_high_speed_encoderConfig.cmake
[10.773s] -- Installing: /home/pioneer1/Documents/Rover/install/phidgets_high_speed_encoder/share/phidgets_high_speed_encoder/cmake/phidgets_high_speed_encoderConfig-version.cmake
[10.773s] -- Installing: /home/pioneer1/Documents/Rover/install/phidgets_high_speed_encoder/share/phidgets_high_speed_encoder/package.xml
[10.791s] Invoked command in '/home/pioneer1/Documents/Rover/build/phidgets_high_speed_encoder' returned '0': AMENT_PREFIX_PATH=/home/pioneer1/Documents/Rover/install/phidgets_api:/home/pioneer1/Documents/Rover/install/phidgets_msgs:/home/pioneer1/Documents/Rover/install/libphidget22:${AMENT_PREFIX_PATH} CMAKE_PREFIX_PATH=/home/pioneer1/Documents/Rover/install/phidgets_api:/opt/ros/jazzy:/home/pioneer1/Documents/Rover/install/phidgets_msgs:/home/pioneer1/Documents/Rover/install/libphidget22 DEBUGINFOD_URLS=https://debuginfod.ubuntu.com LD_LIBRARY_PATH=/home/pioneer1/Documents/Rover/install/phidgets_api/lib:/home/pioneer1/Documents/Rover/install/phidgets_msgs/lib:/home/pioneer1/Documents/Rover/install/libphidget22/opt/libphidget22/lib:${LD_LIBRARY_PATH} PYTHONPATH=/home/pioneer1/Documents/Rover/install/phidgets_msgs/lib/python3.12/site-packages:${PYTHONPATH} /usr/bin/cmake --install /home/pioneer1/Documents/Rover/build/phidgets_high_speed_encoder
