[0.006s] Invoking command in '/home/pioneer1/Documents/Rover/build/ariaNode': DEBUGINFOD_URLS=https://debuginfod.ubuntu.com /usr/bin/cmake /home/pioneer1/Documents/Rover/ariaNode -DAMENT_CMAKE_SYMLINK_INSTALL=1 -DCMAKE_INSTALL_PREFIX=/home/pioneer1/Documents/Rover/install/ariaNode
[0.040s] -- The C compiler identification is GNU 13.3.0
[0.079s] -- The CXX compiler identification is GNU 13.3.0
[0.089s] -- Detecting C compiler ABI info
[0.145s] -- Detecting C compiler ABI info - done
[0.154s] -- Check for working C compiler: /usr/bin/cc - skipped
[0.154s] -- Detecting C compile features
[0.154s] -- Detecting C compile features - done
[0.161s] -- Detecting CXX compiler ABI info
[0.225s] -- Detecting CXX compiler ABI info - done
[0.238s] -- Check for working CXX compiler: /usr/bin/c++ - skipped
[0.238s] -- Detecting CXX compile features
[0.239s] -- Detecting CXX compile features - done
[0.245s] [31mCMake Error at CMakeLists.txt:11 (find_package):
[0.245s]   By not providing "Findament_cmake.cmake" in CMAKE_MODULE_PATH this project
[0.245s]   has asked CMake to find a package configuration file provided by
[0.245s]   "ament_cmake", but CMake did not find one.
[0.245s] 
[0.245s]   Could not find a package configuration file provided by "ament_cmake" with
[0.245s]   any of the following names:
[0.245s] 
[0.245s]     ament_cmakeConfig.cmake
[0.245s]     ament_cmake-config.cmake
[0.245s] 
[0.245s]   Add the installation prefix of "ament_cmake" to CMAKE_PREFIX_PATH or set
[0.245s]   "ament_cmake_DIR" to a directory containing one of the above files.  If
[0.245s]   "ament_cmake" provides a separate development package or SDK, be sure it
[0.246s]   has been installed.
[0.246s] 
[0.246s] [0m
[0.246s] -- Configuring incomplete, errors occurred!
[0.248s] Invoked command in '/home/pioneer1/Documents/Rover/build/ariaNode' returned '1': DEBUGINFOD_URLS=https://debuginfod.ubuntu.com /usr/bin/cmake /home/pioneer1/Documents/Rover/ariaNode -DAMENT_CMAKE_SYMLINK_INSTALL=1 -DCMAKE_INSTALL_PREFIX=/home/pioneer1/Documents/Rover/install/ariaNode
