-- Found ament_cmake: 2.5.4 (/opt/ros/jazzy/share/ament_cmake/cmake)
-- Found Python3: /usr/bin/python3 (found version "3.12.3") found components: Interpreter 
-- Override CMake install command with custom implementation using symlinks instead of copying resources
-- Found rosidl_default_generators: 1.6.0 (/opt/ros/jazzy/share/rosidl_default_generators/cmake)
-- Using all available rosidl_typesupport_c: rosidl_typesupport_fastrtps_c;rosidl_typesupport_introspection_c
-- Using all available rosidl_typesupport_cpp: rosidl_typesupport_fastrtps_cpp;rosidl_typesupport_introspection_cpp
-- Found rosidl_adapter: 4.6.5 (/opt/ros/jazzy/share/rosidl_adapter/cmake)
-- Found std_msgs: 5.3.6 (/opt/ros/jazzy/share/std_msgs/cmake)
-- Found ament_cmake_ros: 0.12.0 (/opt/ros/jazzy/share/ament_cmake_ros/cmake)
-- Using all available rosidl_typesupport_c: rosidl_typesupport_fastrtps_c;rosidl_typesupport_introspection_c
-- Using all available rosidl_typesupport_cpp: rosidl_typesupport_fastrtps_cpp;rosidl_typesupport_introspection_cpp
-- Found python_cmake_module: 0.11.1 (/opt/ros/jazzy/share/python_cmake_module/cmake)
-- Found PythonExtra: /usr/bin/python3  
-- Found Python3: /usr/bin/python3 (found version "3.12.3") found components: Interpreter Development NumPy Development.Module Development.Embed 
-- Configuring done (1.7s)
-- Generating done (0.0s)
-- Build files have been written to: /home/pioneer1/Documents/Rover/build/phidgets_msgs
[  1%] [34m[1mGenerating type hashes for ROS interfaces[0m
[  1%] Built target ament_cmake_python_symlink_phidgets_msgs
running egg_info
creating phidgets_msgs.egg-info
writing phidgets_msgs.egg-info/PKG-INFO
writing dependency_links to phidgets_msgs.egg-info/dependency_links.txt
writing top-level names to phidgets_msgs.egg-info/top_level.txt
writing manifest file 'phidgets_msgs.egg-info/SOURCES.txt'
reading manifest file 'phidgets_msgs.egg-info/SOURCES.txt'
writing manifest file 'phidgets_msgs.egg-info/SOURCES.txt'
[  1%] Built target ament_cmake_python_build_phidgets_msgs_egg
[  1%] Built target phidgets_msgs__rosidl_generator_type_description
[  2%] [34m[1mGenerating C code for ROS interfaces[0m
[  3%] [34m[1mGenerating C++ code for ROS interfaces[0m
[  3%] Built target phidgets_msgs__cpp
[  7%] [32mBuilding C object CMakeFiles/phidgets_msgs__rosidl_generator_c.dir/rosidl_generator_c/phidgets_msgs/srv/detail/set_digital_output__description.c.o[0m
[  7%] [32mBuilding C object CMakeFiles/phidgets_msgs__rosidl_generator_c.dir/rosidl_generator_c/phidgets_msgs/srv/detail/set_analog_output__functions.c.o[0m
[  7%] [32mBuilding C object CMakeFiles/phidgets_msgs__rosidl_generator_c.dir/rosidl_generator_c/phidgets_msgs/srv/detail/set_analog_output__description.c.o[0m
[  8%] [32mBuilding C object CMakeFiles/phidgets_msgs__rosidl_generator_c.dir/rosidl_generator_c/phidgets_msgs/srv/detail/set_digital_output__functions.c.o[0m
[  9%] [32mBuilding C object CMakeFiles/phidgets_msgs__rosidl_generator_c.dir/rosidl_generator_c/phidgets_msgs/srv/detail/set_digital_output__type_support.c.o[0m
[ 10%] [32mBuilding C object CMakeFiles/phidgets_msgs__rosidl_generator_c.dir/rosidl_generator_c/phidgets_msgs/srv/detail/trigger__description.c.o[0m
[ 11%] [32mBuilding C object CMakeFiles/phidgets_msgs__rosidl_generator_c.dir/rosidl_generator_c/phidgets_msgs/srv/detail/trigger__functions.c.o[0m
[ 11%] [32mBuilding C object CMakeFiles/phidgets_msgs__rosidl_generator_c.dir/rosidl_generator_c/phidgets_msgs/srv/detail/set_analog_output__type_support.c.o[0m
[ 13%] [32mBuilding C object CMakeFiles/phidgets_msgs__rosidl_generator_c.dir/rosidl_generator_c/phidgets_msgs/msg/detail/encoder_decimated_speed__description.c.o[0m
[ 13%] [32mBuilding C object CMakeFiles/phidgets_msgs__rosidl_generator_c.dir/rosidl_generator_c/phidgets_msgs/srv/detail/trigger__type_support.c.o[0m
[ 14%] [32mBuilding C object CMakeFiles/phidgets_msgs__rosidl_generator_c.dir/rosidl_generator_c/phidgets_msgs/msg/detail/encoder_decimated_speed__functions.c.o[0m
[ 15%] [32mBuilding C object CMakeFiles/phidgets_msgs__rosidl_generator_c.dir/rosidl_generator_c/phidgets_msgs/msg/detail/encoder_decimated_speed__type_support.c.o[0m
[ 17%] [32mBuilding C object CMakeFiles/phidgets_msgs__rosidl_generator_c.dir/rosidl_generator_c/phidgets_msgs/msg/detail/stepper_command__description.c.o[0m
[ 18%] [32mBuilding C object CMakeFiles/phidgets_msgs__rosidl_generator_c.dir/rosidl_generator_c/phidgets_msgs/msg/detail/stepper_command__functions.c.o[0m
[ 20%] [32mBuilding C object CMakeFiles/phidgets_msgs__rosidl_generator_c.dir/rosidl_generator_c/phidgets_msgs/msg/detail/stepper_config__description.c.o[0m
[ 20%] [32mBuilding C object CMakeFiles/phidgets_msgs__rosidl_generator_c.dir/rosidl_generator_c/phidgets_msgs/msg/detail/stepper_command__type_support.c.o[0m
[ 21%] [32mBuilding C object CMakeFiles/phidgets_msgs__rosidl_generator_c.dir/rosidl_generator_c/phidgets_msgs/msg/detail/stepper_config__functions.c.o[0m
[ 22%] [32mBuilding C object CMakeFiles/phidgets_msgs__rosidl_generator_c.dir/rosidl_generator_c/phidgets_msgs/msg/detail/stepper_config__type_support.c.o[0m
[ 23%] [32mBuilding C object CMakeFiles/phidgets_msgs__rosidl_generator_c.dir/rosidl_generator_c/phidgets_msgs/msg/detail/stepper_state__description.c.o[0m
[ 24%] [32mBuilding C object CMakeFiles/phidgets_msgs__rosidl_generator_c.dir/rosidl_generator_c/phidgets_msgs/msg/detail/stepper_state__functions.c.o[0m
[ 25%] [32mBuilding C object CMakeFiles/phidgets_msgs__rosidl_generator_c.dir/rosidl_generator_c/phidgets_msgs/msg/detail/stepper_state__type_support.c.o[0m
[ 26%] [32m[1mLinking C shared library libphidgets_msgs__rosidl_generator_c.so[0m
[ 26%] Built target phidgets_msgs__rosidl_generator_c
[ 27%] [34m[1mGenerating C++ introspection for ROS interfaces[0m
[ 28%] [34m[1mGenerating C introspection for ROS interfaces[0m
[ 30%] [34m[1mGenerating C++ type support for eProsima Fast-RTPS[0m
[ 30%] [34m[1mGenerating C++ type support dispatch for ROS interfaces[0m
[ 32%] [34m[1mGenerating C type support for eProsima Fast-RTPS[0m
[ 32%] [34m[1mGenerating C type support dispatch for ROS interfaces[0m
[ 36%] [32mBuilding CXX object CMakeFiles/phidgets_msgs__rosidl_typesupport_c.dir/rosidl_typesupport_c/phidgets_msgs/srv/set_digital_output__type_support.cpp.o[0m
[ 36%] [32mBuilding CXX object CMakeFiles/phidgets_msgs__rosidl_typesupport_c.dir/rosidl_typesupport_c/phidgets_msgs/srv/set_analog_output__type_support.cpp.o[0m
[ 36%] [32mBuilding CXX object CMakeFiles/phidgets_msgs__rosidl_typesupport_c.dir/rosidl_typesupport_c/phidgets_msgs/srv/trigger__type_support.cpp.o[0m
[ 38%] [32mBuilding CXX object CMakeFiles/phidgets_msgs__rosidl_typesupport_c.dir/rosidl_typesupport_c/phidgets_msgs/msg/stepper_config__type_support.cpp.o[0m
[ 38%] [32mBuilding CXX object CMakeFiles/phidgets_msgs__rosidl_typesupport_c.dir/rosidl_typesupport_c/phidgets_msgs/msg/encoder_decimated_speed__type_support.cpp.o[0m
[ 39%] [32mBuilding CXX object CMakeFiles/phidgets_msgs__rosidl_typesupport_c.dir/rosidl_typesupport_c/phidgets_msgs/msg/stepper_command__type_support.cpp.o[0m
[ 40%] [32mBuilding CXX object CMakeFiles/phidgets_msgs__rosidl_typesupport_c.dir/rosidl_typesupport_c/phidgets_msgs/msg/stepper_state__type_support.cpp.o[0m
[ 41%] [32m[1mLinking CXX shared library libphidgets_msgs__rosidl_typesupport_c.so[0m
[ 42%] [32mBuilding C object CMakeFiles/phidgets_msgs__rosidl_typesupport_introspection_c.dir/rosidl_typesupport_introspection_c/phidgets_msgs/srv/detail/set_analog_output__type_support.c.o[0m
[ 44%] [32mBuilding C object CMakeFiles/phidgets_msgs__rosidl_typesupport_introspection_c.dir/rosidl_typesupport_introspection_c/phidgets_msgs/srv/detail/set_digital_output__type_support.c.o[0m
[ 43%] [32mBuilding C object CMakeFiles/phidgets_msgs__rosidl_typesupport_introspection_c.dir/rosidl_typesupport_introspection_c/phidgets_msgs/srv/detail/trigger__type_support.c.o[0m
[ 44%] Built target phidgets_msgs__rosidl_typesupport_c
[ 45%] [32mBuilding C object CMakeFiles/phidgets_msgs__rosidl_typesupport_introspection_c.dir/rosidl_typesupport_introspection_c/phidgets_msgs/msg/detail/encoder_decimated_speed__type_support.c.o[0m
[ 47%] [32mBuilding C object CMakeFiles/phidgets_msgs__rosidl_typesupport_introspection_c.dir/rosidl_typesupport_introspection_c/phidgets_msgs/msg/detail/stepper_config__type_support.c.o[0m
[ 47%] [32mBuilding C object CMakeFiles/phidgets_msgs__rosidl_typesupport_introspection_c.dir/rosidl_typesupport_introspection_c/phidgets_msgs/msg/detail/stepper_command__type_support.c.o[0m
[ 48%] [32mBuilding C object CMakeFiles/phidgets_msgs__rosidl_typesupport_introspection_c.dir/rosidl_typesupport_introspection_c/phidgets_msgs/msg/detail/stepper_state__type_support.c.o[0m
[ 50%] [32m[1mLinking C shared library libphidgets_msgs__rosidl_typesupport_introspection_c.so[0m
[ 50%] Built target phidgets_msgs__rosidl_typesupport_introspection_c
[ 55%] [32mBuilding CXX object CMakeFiles/phidgets_msgs__rosidl_typesupport_cpp.dir/rosidl_typesupport_cpp/phidgets_msgs/srv/set_digital_output__type_support.cpp.o[0m
[ 55%] [32mBuilding CXX object CMakeFiles/phidgets_msgs__rosidl_typesupport_cpp.dir/rosidl_typesupport_cpp/phidgets_msgs/msg/stepper_command__type_support.cpp.o[0m
[ 55%] [32mBuilding CXX object CMakeFiles/phidgets_msgs__rosidl_typesupport_cpp.dir/rosidl_typesupport_cpp/phidgets_msgs/srv/set_analog_output__type_support.cpp.o[0m
[ 55%] [32mBuilding CXX object CMakeFiles/phidgets_msgs__rosidl_typesupport_cpp.dir/rosidl_typesupport_cpp/phidgets_msgs/msg/encoder_decimated_speed__type_support.cpp.o[0m
[ 55%] [32mBuilding CXX object CMakeFiles/phidgets_msgs__rosidl_typesupport_cpp.dir/rosidl_typesupport_cpp/phidgets_msgs/srv/trigger__type_support.cpp.o[0m
[ 56%] [32mBuilding CXX object CMakeFiles/phidgets_msgs__rosidl_typesupport_introspection_cpp.dir/rosidl_typesupport_introspection_cpp/phidgets_msgs/srv/detail/set_analog_output__type_support.cpp.o[0m
[ 57%] [32mBuilding CXX object CMakeFiles/phidgets_msgs__rosidl_typesupport_introspection_cpp.dir/rosidl_typesupport_introspection_cpp/phidgets_msgs/srv/detail/set_digital_output__type_support.cpp.o[0m
[ 58%] [32mBuilding CXX object CMakeFiles/phidgets_msgs__rosidl_typesupport_introspection_cpp.dir/rosidl_typesupport_introspection_cpp/phidgets_msgs/srv/detail/trigger__type_support.cpp.o[0m
[ 60%] [32mBuilding CXX object CMakeFiles/phidgets_msgs__rosidl_typesupport_cpp.dir/rosidl_typesupport_cpp/phidgets_msgs/msg/stepper_config__type_support.cpp.o[0m
[ 61%] [32mBuilding CXX object CMakeFiles/phidgets_msgs__rosidl_typesupport_introspection_cpp.dir/rosidl_typesupport_introspection_cpp/phidgets_msgs/msg/detail/stepper_command__type_support.cpp.o[0m
[ 61%] [32mBuilding CXX object CMakeFiles/phidgets_msgs__rosidl_typesupport_introspection_cpp.dir/rosidl_typesupport_introspection_cpp/phidgets_msgs/msg/detail/encoder_decimated_speed__type_support.cpp.o[0m
[ 62%] [32mBuilding CXX object CMakeFiles/phidgets_msgs__rosidl_typesupport_fastrtps_cpp.dir/rosidl_typesupport_fastrtps_cpp/phidgets_msgs/srv/detail/dds_fastrtps/set_analog_output__type_support.cpp.o[0m
[ 63%] [32mBuilding CXX object CMakeFiles/phidgets_msgs__rosidl_typesupport_fastrtps_c.dir/rosidl_typesupport_fastrtps_c/phidgets_msgs/srv/detail/set_analog_output__type_support_c.cpp.o[0m
[ 64%] [32mBuilding CXX object CMakeFiles/phidgets_msgs__rosidl_typesupport_cpp.dir/rosidl_typesupport_cpp/phidgets_msgs/msg/stepper_state__type_support.cpp.o[0m
[ 65%] [32mBuilding CXX object CMakeFiles/phidgets_msgs__rosidl_typesupport_fastrtps_cpp.dir/rosidl_typesupport_fastrtps_cpp/phidgets_msgs/srv/detail/dds_fastrtps/set_digital_output__type_support.cpp.o[0m
[ 67%] [32mBuilding CXX object CMakeFiles/phidgets_msgs__rosidl_typesupport_fastrtps_cpp.dir/rosidl_typesupport_fastrtps_cpp/phidgets_msgs/srv/detail/dds_fastrtps/trigger__type_support.cpp.o[0m
[ 68%] [32mBuilding CXX object CMakeFiles/phidgets_msgs__rosidl_typesupport_fastrtps_cpp.dir/rosidl_typesupport_fastrtps_cpp/phidgets_msgs/msg/detail/dds_fastrtps/encoder_decimated_speed__type_support.cpp.o[0m
[ 69%] [32mBuilding CXX object CMakeFiles/phidgets_msgs__rosidl_typesupport_fastrtps_cpp.dir/rosidl_typesupport_fastrtps_cpp/phidgets_msgs/msg/detail/dds_fastrtps/stepper_command__type_support.cpp.o[0m
[ 70%] [32mBuilding CXX object CMakeFiles/phidgets_msgs__rosidl_typesupport_introspection_cpp.dir/rosidl_typesupport_introspection_cpp/phidgets_msgs/msg/detail/stepper_config__type_support.cpp.o[0m
[ 71%] [32m[1mLinking CXX shared library libphidgets_msgs__rosidl_typesupport_cpp.so[0m
[ 71%] Built target phidgets_msgs__rosidl_typesupport_cpp
[ 72%] [32mBuilding CXX object CMakeFiles/phidgets_msgs__rosidl_typesupport_fastrtps_cpp.dir/rosidl_typesupport_fastrtps_cpp/phidgets_msgs/msg/detail/dds_fastrtps/stepper_config__type_support.cpp.o[0m
[ 73%] [32mBuilding CXX object CMakeFiles/phidgets_msgs__rosidl_typesupport_fastrtps_c.dir/rosidl_typesupport_fastrtps_c/phidgets_msgs/srv/detail/set_digital_output__type_support_c.cpp.o[0m
[ 74%] [32mBuilding CXX object CMakeFiles/phidgets_msgs__rosidl_typesupport_fastrtps_c.dir/rosidl_typesupport_fastrtps_c/phidgets_msgs/srv/detail/trigger__type_support_c.cpp.o[0m
[ 75%] [32mBuilding CXX object CMakeFiles/phidgets_msgs__rosidl_typesupport_introspection_cpp.dir/rosidl_typesupport_introspection_cpp/phidgets_msgs/msg/detail/stepper_state__type_support.cpp.o[0m
[ 76%] [32mBuilding CXX object CMakeFiles/phidgets_msgs__rosidl_typesupport_fastrtps_c.dir/rosidl_typesupport_fastrtps_c/phidgets_msgs/msg/detail/encoder_decimated_speed__type_support_c.cpp.o[0m
[ 77%] [32mBuilding CXX object CMakeFiles/phidgets_msgs__rosidl_typesupport_fastrtps_c.dir/rosidl_typesupport_fastrtps_c/phidgets_msgs/msg/detail/stepper_command__type_support_c.cpp.o[0m
[ 78%] [32mBuilding CXX object CMakeFiles/phidgets_msgs__rosidl_typesupport_fastrtps_c.dir/rosidl_typesupport_fastrtps_c/phidgets_msgs/msg/detail/stepper_config__type_support_c.cpp.o[0m
[ 79%] [32mBuilding CXX object CMakeFiles/phidgets_msgs__rosidl_typesupport_fastrtps_c.dir/rosidl_typesupport_fastrtps_c/phidgets_msgs/msg/detail/stepper_state__type_support_c.cpp.o[0m
[ 80%] [32m[1mLinking CXX shared library libphidgets_msgs__rosidl_typesupport_introspection_cpp.so[0m
[ 81%] [32mBuilding CXX object CMakeFiles/phidgets_msgs__rosidl_typesupport_fastrtps_cpp.dir/rosidl_typesupport_fastrtps_cpp/phidgets_msgs/msg/detail/dds_fastrtps/stepper_state__type_support.cpp.o[0m
[ 81%] Built target phidgets_msgs__rosidl_typesupport_introspection_cpp
[ 82%] [32m[1mLinking CXX shared library libphidgets_msgs__rosidl_typesupport_fastrtps_c.so[0m
[ 82%] Built target phidgets_msgs__rosidl_typesupport_fastrtps_c
[ 84%] [32m[1mLinking CXX shared library libphidgets_msgs__rosidl_typesupport_fastrtps_cpp.so[0m
[ 84%] Built target phidgets_msgs__rosidl_typesupport_fastrtps_cpp
[ 84%] Built target phidgets_msgs
[ 85%] [34m[1mGenerating Python code for ROS interfaces[0m
[ 85%] Built target phidgets_msgs__py
[ 86%] [32mBuilding C object CMakeFiles/phidgets_msgs__rosidl_generator_py.dir/rosidl_generator_py/phidgets_msgs/srv/_trigger_s.c.o[0m
[ 87%] [32mBuilding C object CMakeFiles/phidgets_msgs__rosidl_generator_py.dir/rosidl_generator_py/phidgets_msgs/srv/_set_analog_output_s.c.o[0m
[ 88%] [32mBuilding C object CMakeFiles/phidgets_msgs__rosidl_generator_py.dir/rosidl_generator_py/phidgets_msgs/srv/_set_digital_output_s.c.o[0m
[ 89%] [32mBuilding C object CMakeFiles/phidgets_msgs__rosidl_generator_py.dir/rosidl_generator_py/phidgets_msgs/msg/_encoder_decimated_speed_s.c.o[0m
[ 90%] [32mBuilding C object CMakeFiles/phidgets_msgs__rosidl_generator_py.dir/rosidl_generator_py/phidgets_msgs/msg/_stepper_command_s.c.o[0m
[ 91%] [32mBuilding C object CMakeFiles/phidgets_msgs__rosidl_generator_py.dir/rosidl_generator_py/phidgets_msgs/msg/_stepper_config_s.c.o[0m
[ 92%] [32mBuilding C object CMakeFiles/phidgets_msgs__rosidl_generator_py.dir/rosidl_generator_py/phidgets_msgs/msg/_stepper_state_s.c.o[0m
[ 93%] [32m[1mLinking C shared library libphidgets_msgs__rosidl_generator_py.so[0m
[ 93%] Built target phidgets_msgs__rosidl_generator_py
[ 95%] [32mBuilding C object CMakeFiles/phidgets_msgs_s__rosidl_typesupport_c.dir/rosidl_generator_py/phidgets_msgs/_phidgets_msgs_s.ep.rosidl_typesupport_c.c.o[0m
[ 95%] [32mBuilding C object CMakeFiles/phidgets_msgs_s__rosidl_typesupport_fastrtps_c.dir/rosidl_generator_py/phidgets_msgs/_phidgets_msgs_s.ep.rosidl_typesupport_fastrtps_c.c.o[0m
[ 96%] [32mBuilding C object CMakeFiles/phidgets_msgs_s__rosidl_typesupport_introspection_c.dir/rosidl_generator_py/phidgets_msgs/_phidgets_msgs_s.ep.rosidl_typesupport_introspection_c.c.o[0m
[ 98%] [32m[1mLinking C shared module rosidl_generator_py/phidgets_msgs/phidgets_msgs_s__rosidl_typesupport_c.so[0m
[ 98%] [32m[1mLinking C shared module rosidl_generator_py/phidgets_msgs/phidgets_msgs_s__rosidl_typesupport_introspection_c.so[0m
[100%] [32m[1mLinking C shared module rosidl_generator_py/phidgets_msgs/phidgets_msgs_s__rosidl_typesupport_fastrtps_c.so[0m
[100%] Built target phidgets_msgs_s__rosidl_typesupport_c
[100%] Built target phidgets_msgs_s__rosidl_typesupport_introspection_c
[100%] Built target phidgets_msgs_s__rosidl_typesupport_fastrtps_c
-- Install configuration: ""
-- Execute custom install script
-- Symlinking: /home/pioneer1/Documents/Rover/install/phidgets_msgs/share/ament_index/resource_index/rosidl_interfaces/phidgets_msgs
-- Symlinking: /home/pioneer1/Documents/Rover/install/phidgets_msgs/share/phidgets_msgs/srv/SetAnalogOutput.json
-- Symlinking: /home/pioneer1/Documents/Rover/install/phidgets_msgs/share/phidgets_msgs/srv/SetDigitalOutput.json
-- Symlinking: /home/pioneer1/Documents/Rover/install/phidgets_msgs/share/phidgets_msgs/srv/Trigger.json
-- Symlinking: /home/pioneer1/Documents/Rover/install/phidgets_msgs/share/phidgets_msgs/msg/EncoderDecimatedSpeed.json
-- Symlinking: /home/pioneer1/Documents/Rover/install/phidgets_msgs/share/phidgets_msgs/msg/StepperCommand.json
-- Symlinking: /home/pioneer1/Documents/Rover/install/phidgets_msgs/share/phidgets_msgs/msg/StepperConfig.json
-- Symlinking: /home/pioneer1/Documents/Rover/install/phidgets_msgs/share/phidgets_msgs/msg/StepperState.json
-- Symlinking: /home/pioneer1/Documents/Rover/install/phidgets_msgs/include/phidgets_msgs/phidgets_msgs/msg/detail/encoder_decimated_speed__functions.h
-- Symlinking: /home/pioneer1/Documents/Rover/install/phidgets_msgs/include/phidgets_msgs/phidgets_msgs/msg/detail/encoder_decimated_speed__struct.h
-- Symlinking: /home/pioneer1/Documents/Rover/install/phidgets_msgs/include/phidgets_msgs/phidgets_msgs/msg/detail/encoder_decimated_speed__type_support.h
-- Symlinking: /home/pioneer1/Documents/Rover/install/phidgets_msgs/include/phidgets_msgs/phidgets_msgs/msg/detail/stepper_command__functions.h
-- Symlinking: /home/pioneer1/Documents/Rover/install/phidgets_msgs/include/phidgets_msgs/phidgets_msgs/msg/detail/stepper_command__struct.h
-- Symlinking: /home/pioneer1/Documents/Rover/install/phidgets_msgs/include/phidgets_msgs/phidgets_msgs/msg/detail/stepper_command__type_support.h
-- Symlinking: /home/pioneer1/Documents/Rover/install/phidgets_msgs/include/phidgets_msgs/phidgets_msgs/msg/detail/stepper_config__functions.h
-- Symlinking: /home/pioneer1/Documents/Rover/install/phidgets_msgs/include/phidgets_msgs/phidgets_msgs/msg/detail/stepper_config__struct.h
-- Symlinking: /home/pioneer1/Documents/Rover/install/phidgets_msgs/include/phidgets_msgs/phidgets_msgs/msg/detail/stepper_config__type_support.h
-- Symlinking: /home/pioneer1/Documents/Rover/install/phidgets_msgs/include/phidgets_msgs/phidgets_msgs/msg/detail/stepper_state__functions.h
-- Symlinking: /home/pioneer1/Documents/Rover/install/phidgets_msgs/include/phidgets_msgs/phidgets_msgs/msg/detail/stepper_state__struct.h
-- Symlinking: /home/pioneer1/Documents/Rover/install/phidgets_msgs/include/phidgets_msgs/phidgets_msgs/msg/detail/stepper_state__type_support.h
-- Symlinking: /home/pioneer1/Documents/Rover/install/phidgets_msgs/include/phidgets_msgs/phidgets_msgs/msg/encoder_decimated_speed.h
-- Symlinking: /home/pioneer1/Documents/Rover/install/phidgets_msgs/include/phidgets_msgs/phidgets_msgs/msg/rosidl_generator_c__visibility_control.h
-- Symlinking: /home/pioneer1/Documents/Rover/install/phidgets_msgs/include/phidgets_msgs/phidgets_msgs/msg/stepper_command.h
-- Symlinking: /home/pioneer1/Documents/Rover/install/phidgets_msgs/include/phidgets_msgs/phidgets_msgs/msg/stepper_config.h
-- Symlinking: /home/pioneer1/Documents/Rover/install/phidgets_msgs/include/phidgets_msgs/phidgets_msgs/msg/stepper_state.h
-- Symlinking: /home/pioneer1/Documents/Rover/install/phidgets_msgs/include/phidgets_msgs/phidgets_msgs/srv/detail/set_analog_output__functions.h
-- Symlinking: /home/pioneer1/Documents/Rover/install/phidgets_msgs/include/phidgets_msgs/phidgets_msgs/srv/detail/set_analog_output__struct.h
-- Symlinking: /home/pioneer1/Documents/Rover/install/phidgets_msgs/include/phidgets_msgs/phidgets_msgs/srv/detail/set_analog_output__type_support.h
-- Symlinking: /home/pioneer1/Documents/Rover/install/phidgets_msgs/include/phidgets_msgs/phidgets_msgs/srv/detail/set_digital_output__functions.h
-- Symlinking: /home/pioneer1/Documents/Rover/install/phidgets_msgs/include/phidgets_msgs/phidgets_msgs/srv/detail/set_digital_output__struct.h
-- Symlinking: /home/pioneer1/Documents/Rover/install/phidgets_msgs/include/phidgets_msgs/phidgets_msgs/srv/detail/set_digital_output__type_support.h
-- Symlinking: /home/pioneer1/Documents/Rover/install/phidgets_msgs/include/phidgets_msgs/phidgets_msgs/srv/detail/trigger__functions.h
-- Symlinking: /home/pioneer1/Documents/Rover/install/phidgets_msgs/include/phidgets_msgs/phidgets_msgs/srv/detail/trigger__struct.h
-- Symlinking: /home/pioneer1/Documents/Rover/install/phidgets_msgs/include/phidgets_msgs/phidgets_msgs/srv/detail/trigger__type_support.h
-- Symlinking: /home/pioneer1/Documents/Rover/install/phidgets_msgs/include/phidgets_msgs/phidgets_msgs/srv/set_analog_output.h
-- Symlinking: /home/pioneer1/Documents/Rover/install/phidgets_msgs/include/phidgets_msgs/phidgets_msgs/srv/set_digital_output.h
-- Symlinking: /home/pioneer1/Documents/Rover/install/phidgets_msgs/include/phidgets_msgs/phidgets_msgs/srv/trigger.h
-- Symlinking: /home/pioneer1/Documents/Rover/install/phidgets_msgs/share/phidgets_msgs/environment/library_path.sh
-- Symlinking: /home/pioneer1/Documents/Rover/install/phidgets_msgs/share/phidgets_msgs/environment/library_path.dsv
-- Symlinking: /home/pioneer1/Documents/Rover/install/phidgets_msgs/include/phidgets_msgs/phidgets_msgs/msg/detail/encoder_decimated_speed__rosidl_typesupport_fastrtps_c.h
-- Symlinking: /home/pioneer1/Documents/Rover/install/phidgets_msgs/include/phidgets_msgs/phidgets_msgs/msg/detail/stepper_command__rosidl_typesupport_fastrtps_c.h
-- Symlinking: /home/pioneer1/Documents/Rover/install/phidgets_msgs/include/phidgets_msgs/phidgets_msgs/msg/detail/stepper_config__rosidl_typesupport_fastrtps_c.h
-- Symlinking: /home/pioneer1/Documents/Rover/install/phidgets_msgs/include/phidgets_msgs/phidgets_msgs/msg/detail/stepper_state__rosidl_typesupport_fastrtps_c.h
-- Symlinking: /home/pioneer1/Documents/Rover/install/phidgets_msgs/include/phidgets_msgs/phidgets_msgs/msg/rosidl_typesupport_fastrtps_c__visibility_control.h
-- Symlinking: /home/pioneer1/Documents/Rover/install/phidgets_msgs/include/phidgets_msgs/phidgets_msgs/srv/detail/set_analog_output__rosidl_typesupport_fastrtps_c.h
-- Symlinking: /home/pioneer1/Documents/Rover/install/phidgets_msgs/include/phidgets_msgs/phidgets_msgs/srv/detail/set_digital_output__rosidl_typesupport_fastrtps_c.h
-- Symlinking: /home/pioneer1/Documents/Rover/install/phidgets_msgs/include/phidgets_msgs/phidgets_msgs/srv/detail/trigger__rosidl_typesupport_fastrtps_c.h
-- Symlinking: /home/pioneer1/Documents/Rover/install/phidgets_msgs/include/phidgets_msgs/phidgets_msgs/msg/detail/encoder_decimated_speed__rosidl_typesupport_introspection_c.h
-- Symlinking: /home/pioneer1/Documents/Rover/install/phidgets_msgs/include/phidgets_msgs/phidgets_msgs/msg/detail/stepper_command__rosidl_typesupport_introspection_c.h
-- Symlinking: /home/pioneer1/Documents/Rover/install/phidgets_msgs/include/phidgets_msgs/phidgets_msgs/msg/detail/stepper_config__rosidl_typesupport_introspection_c.h
-- Symlinking: /home/pioneer1/Documents/Rover/install/phidgets_msgs/include/phidgets_msgs/phidgets_msgs/msg/detail/stepper_state__rosidl_typesupport_introspection_c.h
-- Symlinking: /home/pioneer1/Documents/Rover/install/phidgets_msgs/include/phidgets_msgs/phidgets_msgs/msg/rosidl_typesupport_introspection_c__visibility_control.h
-- Symlinking: /home/pioneer1/Documents/Rover/install/phidgets_msgs/include/phidgets_msgs/phidgets_msgs/srv/detail/set_analog_output__rosidl_typesupport_introspection_c.h
-- Symlinking: /home/pioneer1/Documents/Rover/install/phidgets_msgs/include/phidgets_msgs/phidgets_msgs/srv/detail/set_digital_output__rosidl_typesupport_introspection_c.h
-- Symlinking: /home/pioneer1/Documents/Rover/install/phidgets_msgs/include/phidgets_msgs/phidgets_msgs/srv/detail/trigger__rosidl_typesupport_introspection_c.h
-- Symlinking: /home/pioneer1/Documents/Rover/install/phidgets_msgs/include/phidgets_msgs/phidgets_msgs/msg/detail/encoder_decimated_speed__builder.hpp
-- Symlinking: /home/pioneer1/Documents/Rover/install/phidgets_msgs/include/phidgets_msgs/phidgets_msgs/msg/detail/encoder_decimated_speed__struct.hpp
-- Symlinking: /home/pioneer1/Documents/Rover/install/phidgets_msgs/include/phidgets_msgs/phidgets_msgs/msg/detail/encoder_decimated_speed__traits.hpp
-- Symlinking: /home/pioneer1/Documents/Rover/install/phidgets_msgs/include/phidgets_msgs/phidgets_msgs/msg/detail/encoder_decimated_speed__type_support.hpp
-- Symlinking: /home/pioneer1/Documents/Rover/install/phidgets_msgs/include/phidgets_msgs/phidgets_msgs/msg/detail/stepper_command__builder.hpp
-- Symlinking: /home/pioneer1/Documents/Rover/install/phidgets_msgs/include/phidgets_msgs/phidgets_msgs/msg/detail/stepper_command__struct.hpp
-- Symlinking: /home/pioneer1/Documents/Rover/install/phidgets_msgs/include/phidgets_msgs/phidgets_msgs/msg/detail/stepper_command__traits.hpp
-- Symlinking: /home/pioneer1/Documents/Rover/install/phidgets_msgs/include/phidgets_msgs/phidgets_msgs/msg/detail/stepper_command__type_support.hpp
-- Symlinking: /home/pioneer1/Documents/Rover/install/phidgets_msgs/include/phidgets_msgs/phidgets_msgs/msg/detail/stepper_config__builder.hpp
-- Symlinking: /home/pioneer1/Documents/Rover/install/phidgets_msgs/include/phidgets_msgs/phidgets_msgs/msg/detail/stepper_config__struct.hpp
-- Symlinking: /home/pioneer1/Documents/Rover/install/phidgets_msgs/include/phidgets_msgs/phidgets_msgs/msg/detail/stepper_config__traits.hpp
-- Symlinking: /home/pioneer1/Documents/Rover/install/phidgets_msgs/include/phidgets_msgs/phidgets_msgs/msg/detail/stepper_config__type_support.hpp
-- Symlinking: /home/pioneer1/Documents/Rover/install/phidgets_msgs/include/phidgets_msgs/phidgets_msgs/msg/detail/stepper_state__builder.hpp
-- Symlinking: /home/pioneer1/Documents/Rover/install/phidgets_msgs/include/phidgets_msgs/phidgets_msgs/msg/detail/stepper_state__struct.hpp
-- Symlinking: /home/pioneer1/Documents/Rover/install/phidgets_msgs/include/phidgets_msgs/phidgets_msgs/msg/detail/stepper_state__traits.hpp
-- Symlinking: /home/pioneer1/Documents/Rover/install/phidgets_msgs/include/phidgets_msgs/phidgets_msgs/msg/detail/stepper_state__type_support.hpp
-- Symlinking: /home/pioneer1/Documents/Rover/install/phidgets_msgs/include/phidgets_msgs/phidgets_msgs/msg/encoder_decimated_speed.hpp
-- Symlinking: /home/pioneer1/Documents/Rover/install/phidgets_msgs/include/phidgets_msgs/phidgets_msgs/msg/rosidl_generator_cpp__visibility_control.hpp
-- Symlinking: /home/pioneer1/Documents/Rover/install/phidgets_msgs/include/phidgets_msgs/phidgets_msgs/msg/stepper_command.hpp
-- Symlinking: /home/pioneer1/Documents/Rover/install/phidgets_msgs/include/phidgets_msgs/phidgets_msgs/msg/stepper_config.hpp
-- Symlinking: /home/pioneer1/Documents/Rover/install/phidgets_msgs/include/phidgets_msgs/phidgets_msgs/msg/stepper_state.hpp
-- Symlinking: /home/pioneer1/Documents/Rover/install/phidgets_msgs/include/phidgets_msgs/phidgets_msgs/srv/detail/set_analog_output__builder.hpp
-- Symlinking: /home/pioneer1/Documents/Rover/install/phidgets_msgs/include/phidgets_msgs/phidgets_msgs/srv/detail/set_analog_output__struct.hpp
-- Symlinking: /home/pioneer1/Documents/Rover/install/phidgets_msgs/include/phidgets_msgs/phidgets_msgs/srv/detail/set_analog_output__traits.hpp
-- Symlinking: /home/pioneer1/Documents/Rover/install/phidgets_msgs/include/phidgets_msgs/phidgets_msgs/srv/detail/set_analog_output__type_support.hpp
-- Symlinking: /home/pioneer1/Documents/Rover/install/phidgets_msgs/include/phidgets_msgs/phidgets_msgs/srv/detail/set_digital_output__builder.hpp
-- Symlinking: /home/pioneer1/Documents/Rover/install/phidgets_msgs/include/phidgets_msgs/phidgets_msgs/srv/detail/set_digital_output__struct.hpp
-- Symlinking: /home/pioneer1/Documents/Rover/install/phidgets_msgs/include/phidgets_msgs/phidgets_msgs/srv/detail/set_digital_output__traits.hpp
-- Symlinking: /home/pioneer1/Documents/Rover/install/phidgets_msgs/include/phidgets_msgs/phidgets_msgs/srv/detail/set_digital_output__type_support.hpp
-- Symlinking: /home/pioneer1/Documents/Rover/install/phidgets_msgs/include/phidgets_msgs/phidgets_msgs/srv/detail/trigger__builder.hpp
-- Symlinking: /home/pioneer1/Documents/Rover/install/phidgets_msgs/include/phidgets_msgs/phidgets_msgs/srv/detail/trigger__struct.hpp
-- Symlinking: /home/pioneer1/Documents/Rover/install/phidgets_msgs/include/phidgets_msgs/phidgets_msgs/srv/detail/trigger__traits.hpp
-- Symlinking: /home/pioneer1/Documents/Rover/install/phidgets_msgs/include/phidgets_msgs/phidgets_msgs/srv/detail/trigger__type_support.hpp
-- Symlinking: /home/pioneer1/Documents/Rover/install/phidgets_msgs/include/phidgets_msgs/phidgets_msgs/srv/set_analog_output.hpp
-- Symlinking: /home/pioneer1/Documents/Rover/install/phidgets_msgs/include/phidgets_msgs/phidgets_msgs/srv/set_digital_output.hpp
-- Symlinking: /home/pioneer1/Documents/Rover/install/phidgets_msgs/include/phidgets_msgs/phidgets_msgs/srv/trigger.hpp
-- Symlinking: /home/pioneer1/Documents/Rover/install/phidgets_msgs/include/phidgets_msgs/phidgets_msgs/msg/detail/encoder_decimated_speed__rosidl_typesupport_fastrtps_cpp.hpp
-- Symlinking: /home/pioneer1/Documents/Rover/install/phidgets_msgs/include/phidgets_msgs/phidgets_msgs/msg/detail/stepper_command__rosidl_typesupport_fastrtps_cpp.hpp
-- Symlinking: /home/pioneer1/Documents/Rover/install/phidgets_msgs/include/phidgets_msgs/phidgets_msgs/msg/detail/stepper_config__rosidl_typesupport_fastrtps_cpp.hpp
-- Symlinking: /home/pioneer1/Documents/Rover/install/phidgets_msgs/include/phidgets_msgs/phidgets_msgs/msg/detail/stepper_state__rosidl_typesupport_fastrtps_cpp.hpp
-- Symlinking: /home/pioneer1/Documents/Rover/install/phidgets_msgs/include/phidgets_msgs/phidgets_msgs/msg/rosidl_typesupport_fastrtps_cpp__visibility_control.h
-- Symlinking: /home/pioneer1/Documents/Rover/install/phidgets_msgs/include/phidgets_msgs/phidgets_msgs/srv/detail/set_analog_output__rosidl_typesupport_fastrtps_cpp.hpp
-- Symlinking: /home/pioneer1/Documents/Rover/install/phidgets_msgs/include/phidgets_msgs/phidgets_msgs/srv/detail/set_digital_output__rosidl_typesupport_fastrtps_cpp.hpp
-- Symlinking: /home/pioneer1/Documents/Rover/install/phidgets_msgs/include/phidgets_msgs/phidgets_msgs/srv/detail/trigger__rosidl_typesupport_fastrtps_cpp.hpp
-- Symlinking: /home/pioneer1/Documents/Rover/install/phidgets_msgs/include/phidgets_msgs/phidgets_msgs/msg/detail/encoder_decimated_speed__rosidl_typesupport_introspection_cpp.hpp
-- Symlinking: /home/pioneer1/Documents/Rover/install/phidgets_msgs/include/phidgets_msgs/phidgets_msgs/msg/detail/stepper_command__rosidl_typesupport_introspection_cpp.hpp
-- Symlinking: /home/pioneer1/Documents/Rover/install/phidgets_msgs/include/phidgets_msgs/phidgets_msgs/msg/detail/stepper_config__rosidl_typesupport_introspection_cpp.hpp
-- Symlinking: /home/pioneer1/Documents/Rover/install/phidgets_msgs/include/phidgets_msgs/phidgets_msgs/msg/detail/stepper_state__rosidl_typesupport_introspection_cpp.hpp
-- Symlinking: /home/pioneer1/Documents/Rover/install/phidgets_msgs/include/phidgets_msgs/phidgets_msgs/srv/detail/set_analog_output__rosidl_typesupport_introspection_cpp.hpp
-- Symlinking: /home/pioneer1/Documents/Rover/install/phidgets_msgs/include/phidgets_msgs/phidgets_msgs/srv/detail/set_digital_output__rosidl_typesupport_introspection_cpp.hpp
-- Symlinking: /home/pioneer1/Documents/Rover/install/phidgets_msgs/include/phidgets_msgs/phidgets_msgs/srv/detail/trigger__rosidl_typesupport_introspection_cpp.hpp
-- Symlinking: /home/pioneer1/Documents/Rover/install/phidgets_msgs/share/phidgets_msgs/environment/pythonpath.sh
-- Symlinking: /home/pioneer1/Documents/Rover/install/phidgets_msgs/share/phidgets_msgs/environment/pythonpath.dsv
-- Symlinking: /home/pioneer1/Documents/Rover/install/phidgets_msgs/lib/python3.12/site-packages/phidgets_msgs-2.4.0-py3.12.egg-info/PKG-INFO
-- Symlinking: /home/pioneer1/Documents/Rover/install/phidgets_msgs/lib/python3.12/site-packages/phidgets_msgs-2.4.0-py3.12.egg-info/SOURCES.txt
-- Symlinking: /home/pioneer1/Documents/Rover/install/phidgets_msgs/lib/python3.12/site-packages/phidgets_msgs-2.4.0-py3.12.egg-info/dependency_links.txt
-- Symlinking: /home/pioneer1/Documents/Rover/install/phidgets_msgs/lib/python3.12/site-packages/phidgets_msgs-2.4.0-py3.12.egg-info/top_level.txt
-- Symlinking: /home/pioneer1/Documents/Rover/install/phidgets_msgs/lib/python3.12/site-packages/phidgets_msgs/__init__.py
-- Symlinking: /home/pioneer1/Documents/Rover/install/phidgets_msgs/lib/python3.12/site-packages/phidgets_msgs/_phidgets_msgs_s.ep.rosidl_typesupport_c.c
-- Symlinking: /home/pioneer1/Documents/Rover/install/phidgets_msgs/lib/python3.12/site-packages/phidgets_msgs/_phidgets_msgs_s.ep.rosidl_typesupport_fastrtps_c.c
-- Symlinking: /home/pioneer1/Documents/Rover/install/phidgets_msgs/lib/python3.12/site-packages/phidgets_msgs/_phidgets_msgs_s.ep.rosidl_typesupport_introspection_c.c
-- Symlinking: /home/pioneer1/Documents/Rover/install/phidgets_msgs/lib/python3.12/site-packages/phidgets_msgs/msg/__init__.py
-- Symlinking: /home/pioneer1/Documents/Rover/install/phidgets_msgs/lib/python3.12/site-packages/phidgets_msgs/msg/_encoder_decimated_speed.py
-- Symlinking: /home/pioneer1/Documents/Rover/install/phidgets_msgs/lib/python3.12/site-packages/phidgets_msgs/msg/_encoder_decimated_speed_s.c
-- Symlinking: /home/pioneer1/Documents/Rover/install/phidgets_msgs/lib/python3.12/site-packages/phidgets_msgs/msg/_stepper_command.py
-- Symlinking: /home/pioneer1/Documents/Rover/install/phidgets_msgs/lib/python3.12/site-packages/phidgets_msgs/msg/_stepper_command_s.c
-- Symlinking: /home/pioneer1/Documents/Rover/install/phidgets_msgs/lib/python3.12/site-packages/phidgets_msgs/msg/_stepper_config.py
-- Symlinking: /home/pioneer1/Documents/Rover/install/phidgets_msgs/lib/python3.12/site-packages/phidgets_msgs/msg/_stepper_config_s.c
-- Symlinking: /home/pioneer1/Documents/Rover/install/phidgets_msgs/lib/python3.12/site-packages/phidgets_msgs/msg/_stepper_state.py
-- Symlinking: /home/pioneer1/Documents/Rover/install/phidgets_msgs/lib/python3.12/site-packages/phidgets_msgs/msg/_stepper_state_s.c
-- Symlinking: /home/pioneer1/Documents/Rover/install/phidgets_msgs/lib/python3.12/site-packages/phidgets_msgs/phidgets_msgs_s__rosidl_typesupport_c.so
-- Symlinking: /home/pioneer1/Documents/Rover/install/phidgets_msgs/lib/python3.12/site-packages/phidgets_msgs/phidgets_msgs_s__rosidl_typesupport_fastrtps_c.so
-- Symlinking: /home/pioneer1/Documents/Rover/install/phidgets_msgs/lib/python3.12/site-packages/phidgets_msgs/phidgets_msgs_s__rosidl_typesupport_introspection_c.so
-- Symlinking: /home/pioneer1/Documents/Rover/install/phidgets_msgs/lib/python3.12/site-packages/phidgets_msgs/srv/__init__.py
-- Symlinking: /home/pioneer1/Documents/Rover/install/phidgets_msgs/lib/python3.12/site-packages/phidgets_msgs/srv/_set_analog_output.py
-- Symlinking: /home/pioneer1/Documents/Rover/install/phidgets_msgs/lib/python3.12/site-packages/phidgets_msgs/srv/_set_analog_output_s.c
-- Symlinking: /home/pioneer1/Documents/Rover/install/phidgets_msgs/lib/python3.12/site-packages/phidgets_msgs/srv/_set_digital_output.py
-- Symlinking: /home/pioneer1/Documents/Rover/install/phidgets_msgs/lib/python3.12/site-packages/phidgets_msgs/srv/_set_digital_output_s.c
-- Symlinking: /home/pioneer1/Documents/Rover/install/phidgets_msgs/lib/python3.12/site-packages/phidgets_msgs/srv/_trigger.py
-- Symlinking: /home/pioneer1/Documents/Rover/install/phidgets_msgs/lib/python3.12/site-packages/phidgets_msgs/srv/_trigger_s.c
-- Up-to-date symlink: /home/pioneer1/Documents/Rover/install/phidgets_msgs/lib/python3.12/site-packages/phidgets_msgs/phidgets_msgs_s__rosidl_typesupport_fastrtps_c.so
-- Up-to-date symlink: /home/pioneer1/Documents/Rover/install/phidgets_msgs/lib/python3.12/site-packages/phidgets_msgs/phidgets_msgs_s__rosidl_typesupport_introspection_c.so
-- Up-to-date symlink: /home/pioneer1/Documents/Rover/install/phidgets_msgs/lib/python3.12/site-packages/phidgets_msgs/phidgets_msgs_s__rosidl_typesupport_c.so
-- Symlinking: /home/pioneer1/Documents/Rover/install/phidgets_msgs/share/phidgets_msgs/srv/SetAnalogOutput.idl
-- Symlinking: /home/pioneer1/Documents/Rover/install/phidgets_msgs/share/phidgets_msgs/srv/SetDigitalOutput.idl
-- Symlinking: /home/pioneer1/Documents/Rover/install/phidgets_msgs/share/phidgets_msgs/srv/Trigger.idl
-- Symlinking: /home/pioneer1/Documents/Rover/install/phidgets_msgs/share/phidgets_msgs/msg/EncoderDecimatedSpeed.idl
-- Symlinking: /home/pioneer1/Documents/Rover/install/phidgets_msgs/share/phidgets_msgs/msg/StepperCommand.idl
-- Symlinking: /home/pioneer1/Documents/Rover/install/phidgets_msgs/share/phidgets_msgs/msg/StepperConfig.idl
-- Symlinking: /home/pioneer1/Documents/Rover/install/phidgets_msgs/share/phidgets_msgs/msg/StepperState.idl
-- Symlinking: /home/pioneer1/Documents/Rover/install/phidgets_msgs/share/phidgets_msgs/srv/SetAnalogOutput.srv
-- Symlinking: /home/pioneer1/Documents/Rover/install/phidgets_msgs/share/phidgets_msgs/srv/SetDigitalOutput.srv
-- Symlinking: /home/pioneer1/Documents/Rover/install/phidgets_msgs/share/phidgets_msgs/srv/Trigger.srv
-- Symlinking: /home/pioneer1/Documents/Rover/install/phidgets_msgs/share/phidgets_msgs/msg/EncoderDecimatedSpeed.msg
-- Symlinking: /home/pioneer1/Documents/Rover/install/phidgets_msgs/share/phidgets_msgs/msg/StepperCommand.msg
-- Symlinking: /home/pioneer1/Documents/Rover/install/phidgets_msgs/share/phidgets_msgs/msg/StepperConfig.msg
-- Symlinking: /home/pioneer1/Documents/Rover/install/phidgets_msgs/share/phidgets_msgs/msg/StepperState.msg
-- Symlinking: /home/pioneer1/Documents/Rover/install/phidgets_msgs/share/ament_index/resource_index/package_run_dependencies/phidgets_msgs
-- Symlinking: /home/pioneer1/Documents/Rover/install/phidgets_msgs/share/ament_index/resource_index/parent_prefix_path/phidgets_msgs
-- Symlinking: /home/pioneer1/Documents/Rover/install/phidgets_msgs/share/phidgets_msgs/environment/ament_prefix_path.sh
-- Symlinking: /home/pioneer1/Documents/Rover/install/phidgets_msgs/share/phidgets_msgs/environment/ament_prefix_path.dsv
-- Symlinking: /home/pioneer1/Documents/Rover/install/phidgets_msgs/share/phidgets_msgs/environment/path.sh
-- Symlinking: /home/pioneer1/Documents/Rover/install/phidgets_msgs/share/phidgets_msgs/environment/path.dsv
-- Symlinking: /home/pioneer1/Documents/Rover/install/phidgets_msgs/share/phidgets_msgs/local_setup.bash
-- Symlinking: /home/pioneer1/Documents/Rover/install/phidgets_msgs/share/phidgets_msgs/local_setup.sh
-- Symlinking: /home/pioneer1/Documents/Rover/install/phidgets_msgs/share/phidgets_msgs/local_setup.zsh
-- Symlinking: /home/pioneer1/Documents/Rover/install/phidgets_msgs/share/phidgets_msgs/local_setup.dsv
-- Symlinking: /home/pioneer1/Documents/Rover/install/phidgets_msgs/share/phidgets_msgs/package.dsv
-- Symlinking: /home/pioneer1/Documents/Rover/install/phidgets_msgs/share/ament_index/resource_index/packages/phidgets_msgs
-- Symlinking: /home/pioneer1/Documents/Rover/install/phidgets_msgs/share/phidgets_msgs/cmake/rosidl_cmake-extras.cmake
-- Symlinking: /home/pioneer1/Documents/Rover/install/phidgets_msgs/share/phidgets_msgs/cmake/ament_cmake_export_dependencies-extras.cmake
-- Symlinking: /home/pioneer1/Documents/Rover/install/phidgets_msgs/share/phidgets_msgs/cmake/ament_cmake_export_include_directories-extras.cmake
-- Symlinking: /home/pioneer1/Documents/Rover/install/phidgets_msgs/share/phidgets_msgs/cmake/ament_cmake_export_libraries-extras.cmake
-- Symlinking: /home/pioneer1/Documents/Rover/install/phidgets_msgs/share/phidgets_msgs/cmake/ament_cmake_export_targets-extras.cmake
-- Symlinking: /home/pioneer1/Documents/Rover/install/phidgets_msgs/share/phidgets_msgs/cmake/rosidl_cmake_export_typesupport_targets-extras.cmake
-- Symlinking: /home/pioneer1/Documents/Rover/install/phidgets_msgs/share/phidgets_msgs/cmake/rosidl_cmake_export_typesupport_libraries-extras.cmake
-- Symlinking: /home/pioneer1/Documents/Rover/install/phidgets_msgs/share/phidgets_msgs/cmake/phidgets_msgsConfig.cmake
-- Symlinking: /home/pioneer1/Documents/Rover/install/phidgets_msgs/share/phidgets_msgs/cmake/phidgets_msgsConfig-version.cmake
-- Symlinking: /home/pioneer1/Documents/Rover/install/phidgets_msgs/share/phidgets_msgs/package.xml
-- Installing: /home/pioneer1/Documents/Rover/install/phidgets_msgs/lib/libphidgets_msgs__rosidl_generator_c.so
-- Set non-toolchain portion of runtime path of "/home/pioneer1/Documents/Rover/install/phidgets_msgs/lib/libphidgets_msgs__rosidl_generator_c.so" to ""
-- Installing: /home/pioneer1/Documents/Rover/install/phidgets_msgs/lib/libphidgets_msgs__rosidl_typesupport_fastrtps_c.so
-- Set non-toolchain portion of runtime path of "/home/pioneer1/Documents/Rover/install/phidgets_msgs/lib/libphidgets_msgs__rosidl_typesupport_fastrtps_c.so" to ""
-- Installing: /home/pioneer1/Documents/Rover/install/phidgets_msgs/lib/libphidgets_msgs__rosidl_typesupport_introspection_c.so
-- Set non-toolchain portion of runtime path of "/home/pioneer1/Documents/Rover/install/phidgets_msgs/lib/libphidgets_msgs__rosidl_typesupport_introspection_c.so" to ""
-- Installing: /home/pioneer1/Documents/Rover/install/phidgets_msgs/lib/libphidgets_msgs__rosidl_typesupport_c.so
-- Set non-toolchain portion of runtime path of "/home/pioneer1/Documents/Rover/install/phidgets_msgs/lib/libphidgets_msgs__rosidl_typesupport_c.so" to ""
-- Installing: /home/pioneer1/Documents/Rover/install/phidgets_msgs/lib/libphidgets_msgs__rosidl_typesupport_fastrtps_cpp.so
-- Set non-toolchain portion of runtime path of "/home/pioneer1/Documents/Rover/install/phidgets_msgs/lib/libphidgets_msgs__rosidl_typesupport_fastrtps_cpp.so" to ""
-- Installing: /home/pioneer1/Documents/Rover/install/phidgets_msgs/lib/libphidgets_msgs__rosidl_typesupport_introspection_cpp.so
-- Set non-toolchain portion of runtime path of "/home/pioneer1/Documents/Rover/install/phidgets_msgs/lib/libphidgets_msgs__rosidl_typesupport_introspection_cpp.so" to ""
-- Installing: /home/pioneer1/Documents/Rover/install/phidgets_msgs/lib/libphidgets_msgs__rosidl_typesupport_cpp.so
-- Set non-toolchain portion of runtime path of "/home/pioneer1/Documents/Rover/install/phidgets_msgs/lib/libphidgets_msgs__rosidl_typesupport_cpp.so" to ""
Listing '/home/pioneer1/Documents/Rover/install/phidgets_msgs/lib/python3.12/site-packages/phidgets_msgs'...
Compiling '/home/pioneer1/Documents/Rover/install/phidgets_msgs/lib/python3.12/site-packages/phidgets_msgs/__init__.py'...
Listing '/home/pioneer1/Documents/Rover/install/phidgets_msgs/lib/python3.12/site-packages/phidgets_msgs/msg'...
Compiling '/home/pioneer1/Documents/Rover/install/phidgets_msgs/lib/python3.12/site-packages/phidgets_msgs/msg/__init__.py'...
Compiling '/home/pioneer1/Documents/Rover/install/phidgets_msgs/lib/python3.12/site-packages/phidgets_msgs/msg/_encoder_decimated_speed.py'...
Compiling '/home/pioneer1/Documents/Rover/install/phidgets_msgs/lib/python3.12/site-packages/phidgets_msgs/msg/_stepper_command.py'...
Compiling '/home/pioneer1/Documents/Rover/install/phidgets_msgs/lib/python3.12/site-packages/phidgets_msgs/msg/_stepper_config.py'...
Compiling '/home/pioneer1/Documents/Rover/install/phidgets_msgs/lib/python3.12/site-packages/phidgets_msgs/msg/_stepper_state.py'...
Listing '/home/pioneer1/Documents/Rover/install/phidgets_msgs/lib/python3.12/site-packages/phidgets_msgs/srv'...
Compiling '/home/pioneer1/Documents/Rover/install/phidgets_msgs/lib/python3.12/site-packages/phidgets_msgs/srv/__init__.py'...
Compiling '/home/pioneer1/Documents/Rover/install/phidgets_msgs/lib/python3.12/site-packages/phidgets_msgs/srv/_set_analog_output.py'...
Compiling '/home/pioneer1/Documents/Rover/install/phidgets_msgs/lib/python3.12/site-packages/phidgets_msgs/srv/_set_digital_output.py'...
Compiling '/home/pioneer1/Documents/Rover/install/phidgets_msgs/lib/python3.12/site-packages/phidgets_msgs/srv/_trigger.py'...
-- Installing: /home/pioneer1/Documents/Rover/install/phidgets_msgs/lib/libphidgets_msgs__rosidl_generator_py.so
-- Set non-toolchain portion of runtime path of "/home/pioneer1/Documents/Rover/install/phidgets_msgs/lib/libphidgets_msgs__rosidl_generator_py.so" to ""
-- Installing: /home/pioneer1/Documents/Rover/install/phidgets_msgs/share/phidgets_msgs/cmake/export_phidgets_msgs__rosidl_generator_cExport.cmake
-- Installing: /home/pioneer1/Documents/Rover/install/phidgets_msgs/share/phidgets_msgs/cmake/export_phidgets_msgs__rosidl_generator_cExport-noconfig.cmake
-- Installing: /home/pioneer1/Documents/Rover/install/phidgets_msgs/share/phidgets_msgs/cmake/export_phidgets_msgs__rosidl_typesupport_fastrtps_cExport.cmake
-- Installing: /home/pioneer1/Documents/Rover/install/phidgets_msgs/share/phidgets_msgs/cmake/export_phidgets_msgs__rosidl_typesupport_fastrtps_cExport-noconfig.cmake
-- Installing: /home/pioneer1/Documents/Rover/install/phidgets_msgs/share/phidgets_msgs/cmake/phidgets_msgs__rosidl_typesupport_introspection_cExport.cmake
-- Installing: /home/pioneer1/Documents/Rover/install/phidgets_msgs/share/phidgets_msgs/cmake/phidgets_msgs__rosidl_typesupport_introspection_cExport-noconfig.cmake
-- Installing: /home/pioneer1/Documents/Rover/install/phidgets_msgs/share/phidgets_msgs/cmake/phidgets_msgs__rosidl_typesupport_cExport.cmake
-- Installing: /home/pioneer1/Documents/Rover/install/phidgets_msgs/share/phidgets_msgs/cmake/phidgets_msgs__rosidl_typesupport_cExport-noconfig.cmake
-- Installing: /home/pioneer1/Documents/Rover/install/phidgets_msgs/share/phidgets_msgs/cmake/export_phidgets_msgs__rosidl_generator_cppExport.cmake
-- Installing: /home/pioneer1/Documents/Rover/install/phidgets_msgs/share/phidgets_msgs/cmake/export_phidgets_msgs__rosidl_typesupport_fastrtps_cppExport.cmake
-- Installing: /home/pioneer1/Documents/Rover/install/phidgets_msgs/share/phidgets_msgs/cmake/export_phidgets_msgs__rosidl_typesupport_fastrtps_cppExport-noconfig.cmake
-- Installing: /home/pioneer1/Documents/Rover/install/phidgets_msgs/share/phidgets_msgs/cmake/phidgets_msgs__rosidl_typesupport_introspection_cppExport.cmake
-- Installing: /home/pioneer1/Documents/Rover/install/phidgets_msgs/share/phidgets_msgs/cmake/phidgets_msgs__rosidl_typesupport_introspection_cppExport-noconfig.cmake
-- Installing: /home/pioneer1/Documents/Rover/install/phidgets_msgs/share/phidgets_msgs/cmake/phidgets_msgs__rosidl_typesupport_cppExport.cmake
-- Installing: /home/pioneer1/Documents/Rover/install/phidgets_msgs/share/phidgets_msgs/cmake/phidgets_msgs__rosidl_typesupport_cppExport-noconfig.cmake
-- Installing: /home/pioneer1/Documents/Rover/install/phidgets_msgs/share/phidgets_msgs/cmake/export_phidgets_msgs__rosidl_generator_pyExport.cmake
-- Installing: /home/pioneer1/Documents/Rover/install/phidgets_msgs/share/phidgets_msgs/cmake/export_phidgets_msgs__rosidl_generator_pyExport-noconfig.cmake
