[0.009s] Invoking command in '/home/pioneer1/Documents/Rover/build/libphidget22': DEBUGINFOD_URLS=https://debuginfod.ubuntu.com /usr/bin/cmake /home/pioneer1/Documents/Rover/phidgets_drivers/libphidget22 -DCATKIN_INSTALL_INTO_PREFIX_ROOT=0 -DCMAKE_INSTALL_PREFIX=/home/pioneer1/Documents/Rover/install/libphidget22
[0.021s] -- Configuring incomplete, errors occurred!
[0.022s] [31mCMake Error at CMakeLists.txt:5 (find_package):
[0.022s]   By not providing "Findcatkin.cmake" in CMAKE_MODULE_PATH this project has
[0.022s]   asked CMake to find a package configuration file provided by "catkin", but
[0.022s]   CMake did not find one.
[0.022s] 
[0.022s]   Could not find a package configuration file provided by "catkin" with any
[0.022s]   of the following names:
[0.022s] 
[0.022s]     catkinConfig.cmake
[0.022s]     catkin-config.cmake
[0.022s] 
[0.022s]   Add the installation prefix of "catkin" to CMAKE_PREFIX_PATH or set
[0.022s]   "catkin_DIR" to a directory containing one of the above files.  If "catkin"
[0.023s]   provides a separate development package or SDK, be sure it has been
[0.023s]   installed.
[0.023s] 
[0.023s] [0m
[0.136s] Invoked command in '/home/pioneer1/Documents/Rover/build/libphidget22' returned '1': DEBUGINFOD_URLS=https://debuginfod.ubuntu.com /usr/bin/cmake /home/pioneer1/Documents/Rover/phidgets_drivers/libphidget22 -DCATKIN_INSTALL_INTO_PREFIX_ROOT=0 -DCMAKE_INSTALL_PREFIX=/home/pioneer1/Documents/Rover/install/libphidget22
