[0.012s] Invoking command in '/home/pioneer1/Documents/Rover/build/phidgets_magnetometer': AMENT_PREFIX_PATH=/home/pioneer1/Documents/Rover/install/phidgets_api:/home/pioneer1/Documents/Rover/install/libphidget22:${AMENT_PREFIX_PATH} CMAKE_PREFIX_PATH=/home/pioneer1/Documents/Rover/install/phidgets_api:/home/pioneer1/Documents/Rover/install/libphidget22:/opt/ros/jazzy DEBUGINFOD_URLS=https://debuginfod.ubuntu.com LD_LIBRARY_PATH=/home/pioneer1/Documents/Rover/install/phidgets_api/lib:/home/pioneer1/Documents/Rover/install/libphidget22/opt/libphidget22/lib:${LD_LIBRARY_PATH} /usr/bin/cmake /home/pioneer1/Documents/Rover/phidgets_drivers/phidgets_magnetometer -DCMAKE_INSTALL_PREFIX=/home/pioneer1/Documents/Rover/install/phidgets_magnetometer
[0.070s] -- The C compiler identification is GNU 13.3.0
[0.131s] -- The CXX compiler identification is GNU 13.3.0
[0.145s] -- Detecting C compiler ABI info
[0.231s] -- Detecting C compiler ABI info - done
[0.245s] -- Check for working C compiler: /usr/bin/cc - skipped
[0.246s] -- Detecting C compile features
[0.246s] -- Detecting C compile features - done
[0.254s] -- Detecting CXX compiler ABI info
[0.353s] -- Detecting CXX compiler ABI info - done
[0.362s] -- Check for working CXX compiler: /usr/bin/c++ - skipped
[0.362s] -- Detecting CXX compile features
[0.363s] -- Detecting CXX compile features - done
[0.365s] -- Found ament_cmake_ros: 0.12.0 (/opt/ros/jazzy/share/ament_cmake_ros/cmake)
[0.497s] -- Found Python3: /usr/bin/python3 (found version "3.12.3") found components: Interpreter 
[0.606s] -- Found phidgets_api: 2.4.0 (/home/pioneer1/Documents/Rover/install/phidgets_api/share/phidgets_api/cmake)
[0.611s] -- Found rclcpp: 28.1.9 (/opt/ros/jazzy/share/rclcpp/cmake)
[0.650s] -- Found rosidl_generator_c: 4.6.5 (/opt/ros/jazzy/share/rosidl_generator_c/cmake)
[0.668s] -- Found rosidl_generator_cpp: 4.6.5 (/opt/ros/jazzy/share/rosidl_generator_cpp/cmake)
[0.683s] -- Using all available rosidl_typesupport_c: rosidl_typesupport_fastrtps_c;rosidl_typesupport_introspection_c
[0.704s] -- Using all available rosidl_typesupport_cpp: rosidl_typesupport_fastrtps_cpp;rosidl_typesupport_introspection_cpp
[0.792s] -- Found rmw_implementation_cmake: 7.3.2 (/opt/ros/jazzy/share/rmw_implementation_cmake/cmake)
[0.795s] -- Found rmw_fastrtps_cpp: 8.4.2 (/opt/ros/jazzy/share/rmw_fastrtps_cpp/cmake)
[0.866s] -- Found OpenSSL: /usr/lib/x86_64-linux-gnu/libcrypto.so (found version "3.0.13")  
[0.885s] -- Found FastRTPS: /opt/ros/jazzy/include (Required is at least version "2.13") 
[0.910s] -- Using RMW implementation 'rmw_fastrtps_cpp' as default
[0.993s] -- Found rclcpp_components: 28.1.9 (/opt/ros/jazzy/share/rclcpp_components/cmake)
[1.032s] -- Found sensor_msgs: 5.3.6 (/opt/ros/jazzy/share/sensor_msgs/cmake)
[1.220s] -- Configuring done (1.2s)
[1.241s] -- Generating done (0.0s)
[1.248s] -- Build files have been written to: /home/pioneer1/Documents/Rover/build/phidgets_magnetometer
[1.258s] Invoked command in '/home/pioneer1/Documents/Rover/build/phidgets_magnetometer' returned '0': AMENT_PREFIX_PATH=/home/pioneer1/Documents/Rover/install/phidgets_api:/home/pioneer1/Documents/Rover/install/libphidget22:${AMENT_PREFIX_PATH} CMAKE_PREFIX_PATH=/home/pioneer1/Documents/Rover/install/phidgets_api:/home/pioneer1/Documents/Rover/install/libphidget22:/opt/ros/jazzy DEBUGINFOD_URLS=https://debuginfod.ubuntu.com LD_LIBRARY_PATH=/home/pioneer1/Documents/Rover/install/phidgets_api/lib:/home/pioneer1/Documents/Rover/install/libphidget22/opt/libphidget22/lib:${LD_LIBRARY_PATH} /usr/bin/cmake /home/pioneer1/Documents/Rover/phidgets_drivers/phidgets_magnetometer -DCMAKE_INSTALL_PREFIX=/home/pioneer1/Documents/Rover/install/phidgets_magnetometer
[1.259s] Invoking command in '/home/pioneer1/Documents/Rover/build/phidgets_magnetometer': AMENT_PREFIX_PATH=/home/pioneer1/Documents/Rover/install/phidgets_api:/home/pioneer1/Documents/Rover/install/libphidget22:${AMENT_PREFIX_PATH} CMAKE_PREFIX_PATH=/home/pioneer1/Documents/Rover/install/phidgets_api:/home/pioneer1/Documents/Rover/install/libphidget22:/opt/ros/jazzy DEBUGINFOD_URLS=https://debuginfod.ubuntu.com LD_LIBRARY_PATH=/home/pioneer1/Documents/Rover/install/phidgets_api/lib:/home/pioneer1/Documents/Rover/install/libphidget22/opt/libphidget22/lib:${LD_LIBRARY_PATH} /usr/bin/cmake --build /home/pioneer1/Documents/Rover/build/phidgets_magnetometer -- -j8 -l8
[1.306s] [ 50%] [32mBuilding CXX object CMakeFiles/phidgets_magnetometer.dir/src/magnetometer_ros_i.cpp.o[0m
[7.008s] [100%] [32m[1mLinking CXX shared library libphidgets_magnetometer.so[0m
[7.358s] [100%] Built target phidgets_magnetometer
[7.411s] Invoked command in '/home/pioneer1/Documents/Rover/build/phidgets_magnetometer' returned '0': AMENT_PREFIX_PATH=/home/pioneer1/Documents/Rover/install/phidgets_api:/home/pioneer1/Documents/Rover/install/libphidget22:${AMENT_PREFIX_PATH} CMAKE_PREFIX_PATH=/home/pioneer1/Documents/Rover/install/phidgets_api:/home/pioneer1/Documents/Rover/install/libphidget22:/opt/ros/jazzy DEBUGINFOD_URLS=https://debuginfod.ubuntu.com LD_LIBRARY_PATH=/home/pioneer1/Documents/Rover/install/phidgets_api/lib:/home/pioneer1/Documents/Rover/install/libphidget22/opt/libphidget22/lib:${LD_LIBRARY_PATH} /usr/bin/cmake --build /home/pioneer1/Documents/Rover/build/phidgets_magnetometer -- -j8 -l8
[7.412s] Invoking command in '/home/pioneer1/Documents/Rover/build/phidgets_magnetometer': AMENT_PREFIX_PATH=/home/pioneer1/Documents/Rover/install/phidgets_api:/home/pioneer1/Documents/Rover/install/libphidget22:${AMENT_PREFIX_PATH} CMAKE_PREFIX_PATH=/home/pioneer1/Documents/Rover/install/phidgets_api:/home/pioneer1/Documents/Rover/install/libphidget22:/opt/ros/jazzy DEBUGINFOD_URLS=https://debuginfod.ubuntu.com LD_LIBRARY_PATH=/home/pioneer1/Documents/Rover/install/phidgets_api/lib:/home/pioneer1/Documents/Rover/install/libphidget22/opt/libphidget22/lib:${LD_LIBRARY_PATH} /usr/bin/cmake --install /home/pioneer1/Documents/Rover/build/phidgets_magnetometer
[7.421s] -- Install configuration: ""
[7.421s] -- Installing: /home/pioneer1/Documents/Rover/install/phidgets_magnetometer/lib/libphidgets_magnetometer.so
[7.423s] -- Set non-toolchain portion of runtime path of "/home/pioneer1/Documents/Rover/install/phidgets_magnetometer/lib/libphidgets_magnetometer.so" to ""
[7.423s] -- Installing: /home/pioneer1/Documents/Rover/install/phidgets_magnetometer/include
[7.424s] -- Installing: /home/pioneer1/Documents/Rover/install/phidgets_magnetometer/include/phidgets_magnetometer
[7.424s] -- Installing: /home/pioneer1/Documents/Rover/install/phidgets_magnetometer/include/phidgets_magnetometer/magnetometer_ros_i.hpp
[7.425s] -- Installing: /home/pioneer1/Documents/Rover/install/phidgets_magnetometer/share/phidgets_magnetometer/launch
[7.426s] -- Installing: /home/pioneer1/Documents/Rover/install/phidgets_magnetometer/share/phidgets_magnetometer/launch/magnetometer-launch.py
[7.426s] -- Installing: /home/pioneer1/Documents/Rover/install/phidgets_magnetometer/share/ament_index/resource_index/package_run_dependencies/phidgets_magnetometer
[7.426s] -- Installing: /home/pioneer1/Documents/Rover/install/phidgets_magnetometer/share/ament_index/resource_index/parent_prefix_path/phidgets_magnetometer
[7.426s] -- Installing: /home/pioneer1/Documents/Rover/install/phidgets_magnetometer/share/phidgets_magnetometer/environment/ament_prefix_path.sh
[7.426s] -- Installing: /home/pioneer1/Documents/Rover/install/phidgets_magnetometer/share/phidgets_magnetometer/environment/ament_prefix_path.dsv
[7.426s] -- Installing: /home/pioneer1/Documents/Rover/install/phidgets_magnetometer/share/phidgets_magnetometer/environment/path.sh
[7.426s] -- Installing: /home/pioneer1/Documents/Rover/install/phidgets_magnetometer/share/phidgets_magnetometer/environment/path.dsv
[7.426s] -- Installing: /home/pioneer1/Documents/Rover/install/phidgets_magnetometer/share/phidgets_magnetometer/local_setup.bash
[7.426s] -- Installing: /home/pioneer1/Documents/Rover/install/phidgets_magnetometer/share/phidgets_magnetometer/local_setup.sh
[7.426s] -- Installing: /home/pioneer1/Documents/Rover/install/phidgets_magnetometer/share/phidgets_magnetometer/local_setup.zsh
[7.427s] -- Installing: /home/pioneer1/Documents/Rover/install/phidgets_magnetometer/share/phidgets_magnetometer/local_setup.dsv
[7.427s] -- Installing: /home/pioneer1/Documents/Rover/install/phidgets_magnetometer/share/phidgets_magnetometer/package.dsv
[7.427s] -- Installing: /home/pioneer1/Documents/Rover/install/phidgets_magnetometer/share/ament_index/resource_index/packages/phidgets_magnetometer
[7.427s] -- Installing: /home/pioneer1/Documents/Rover/install/phidgets_magnetometer/share/ament_index/resource_index/rclcpp_components/phidgets_magnetometer
[7.427s] -- Installing: /home/pioneer1/Documents/Rover/install/phidgets_magnetometer/share/phidgets_magnetometer/cmake/phidgets_magnetometerConfig.cmake
[7.427s] -- Installing: /home/pioneer1/Documents/Rover/install/phidgets_magnetometer/share/phidgets_magnetometer/cmake/phidgets_magnetometerConfig-version.cmake
[7.427s] -- Installing: /home/pioneer1/Documents/Rover/install/phidgets_magnetometer/share/phidgets_magnetometer/package.xml
[7.438s] Invoked command in '/home/pioneer1/Documents/Rover/build/phidgets_magnetometer' returned '0': AMENT_PREFIX_PATH=/home/pioneer1/Documents/Rover/install/phidgets_api:/home/pioneer1/Documents/Rover/install/libphidget22:${AMENT_PREFIX_PATH} CMAKE_PREFIX_PATH=/home/pioneer1/Documents/Rover/install/phidgets_api:/home/pioneer1/Documents/Rover/install/libphidget22:/opt/ros/jazzy DEBUGINFOD_URLS=https://debuginfod.ubuntu.com LD_LIBRARY_PATH=/home/pioneer1/Documents/Rover/install/phidgets_api/lib:/home/pioneer1/Documents/Rover/install/libphidget22/opt/libphidget22/lib:${LD_LIBRARY_PATH} /usr/bin/cmake --install /home/pioneer1/Documents/Rover/build/phidgets_magnetometer
