[0.011s] Invoking command in '/home/pioneer1/Documents/Rover/build/phidgets_analog_outputs': AMENT_PREFIX_PATH=/home/pioneer1/Documents/Rover/install/phidgets_api:/home/pioneer1/Documents/Rover/install/phidgets_msgs:/home/pioneer1/Documents/Rover/install/libphidget22:${AMENT_PREFIX_PATH} CMAKE_PREFIX_PATH=/home/pioneer1/Documents/Rover/install/phidgets_api:/opt/ros/jazzy:/home/pioneer1/Documents/Rover/install/phidgets_msgs:/home/pioneer1/Documents/Rover/install/libphidget22 DEBUGINFOD_URLS=https://debuginfod.ubuntu.com LD_LIBRARY_PATH=/home/pioneer1/Documents/Rover/install/phidgets_api/lib:/home/pioneer1/Documents/Rover/install/phidgets_msgs/lib:/home/pioneer1/Documents/Rover/install/libphidget22/opt/libphidget22/lib:${LD_LIBRARY_PATH} PYTHONPATH=/home/pioneer1/Documents/Rover/install/phidgets_msgs/lib/python3.12/site-packages:${PYTHONPATH} /usr/bin/cmake /home/pioneer1/Documents/Rover/phidgets_drivers/phidgets_analog_outputs -DCMAKE_INSTALL_PREFIX=/home/pioneer1/Documents/Rover/install/phidgets_analog_outputs
[1.256s] -- The C compiler identification is GNU 13.3.0
[1.256s] -- The CXX compiler identification is GNU 13.3.0
[1.256s] -- Detecting C compiler ABI info
[1.256s] -- Detecting C compiler ABI info - done
[1.256s] -- Check for working C compiler: /usr/bin/cc - skipped
[1.256s] -- Detecting C compile features
[1.256s] -- Detecting C compile features - done
[1.256s] -- Detecting CXX compiler ABI info
[1.256s] -- Detecting CXX compiler ABI info - done
[1.256s] -- Check for working CXX compiler: /usr/bin/c++ - skipped
[1.257s] -- Detecting CXX compile features
[1.257s] -- Detecting CXX compile features - done
[1.257s] -- Found ament_cmake_ros: 0.12.0 (/opt/ros/jazzy/share/ament_cmake_ros/cmake)
[1.257s] -- Found Python3: /usr/bin/python3 (found version "3.12.3") found components: Interpreter 
[1.257s] -- Found phidgets_api: 2.4.0 (/home/pioneer1/Documents/Rover/install/phidgets_api/share/phidgets_api/cmake)
[1.257s] -- Found phidgets_msgs: 2.3.4 (/opt/ros/jazzy/share/phidgets_msgs/cmake)
[1.257s] -- Found rosidl_generator_c: 4.6.5 (/opt/ros/jazzy/share/rosidl_generator_c/cmake)
[1.257s] -- Found rosidl_generator_cpp: 4.6.5 (/opt/ros/jazzy/share/rosidl_generator_cpp/cmake)
[1.257s] -- Using all available rosidl_typesupport_c: rosidl_typesupport_fastrtps_c;rosidl_typesupport_introspection_c
[1.257s] -- Using all available rosidl_typesupport_cpp: rosidl_typesupport_fastrtps_cpp;rosidl_typesupport_introspection_cpp
[1.257s] -- Found rclcpp: 28.1.9 (/opt/ros/jazzy/share/rclcpp/cmake)
[1.257s] -- Found rmw_implementation_cmake: 7.3.2 (/opt/ros/jazzy/share/rmw_implementation_cmake/cmake)
[1.257s] -- Found rmw_fastrtps_cpp: 8.4.2 (/opt/ros/jazzy/share/rmw_fastrtps_cpp/cmake)
[1.258s] -- Found OpenSSL: /usr/lib/x86_64-linux-gnu/libcrypto.so (found version "3.0.13")  
[1.258s] -- Found FastRTPS: /opt/ros/jazzy/include (Required is at least version "2.13") 
[1.258s] -- Using RMW implementation 'rmw_fastrtps_cpp' as default
[1.258s] -- Found rclcpp_components: 28.1.9 (/opt/ros/jazzy/share/rclcpp_components/cmake)
[1.316s] -- Configuring done (1.3s)
[1.331s] -- Generating done (0.0s)
[1.336s] -- Build files have been written to: /home/pioneer1/Documents/Rover/build/phidgets_analog_outputs
[1.360s] Invoked command in '/home/pioneer1/Documents/Rover/build/phidgets_analog_outputs' returned '0': AMENT_PREFIX_PATH=/home/pioneer1/Documents/Rover/install/phidgets_api:/home/pioneer1/Documents/Rover/install/phidgets_msgs:/home/pioneer1/Documents/Rover/install/libphidget22:${AMENT_PREFIX_PATH} CMAKE_PREFIX_PATH=/home/pioneer1/Documents/Rover/install/phidgets_api:/opt/ros/jazzy:/home/pioneer1/Documents/Rover/install/phidgets_msgs:/home/pioneer1/Documents/Rover/install/libphidget22 DEBUGINFOD_URLS=https://debuginfod.ubuntu.com LD_LIBRARY_PATH=/home/pioneer1/Documents/Rover/install/phidgets_api/lib:/home/pioneer1/Documents/Rover/install/phidgets_msgs/lib:/home/pioneer1/Documents/Rover/install/libphidget22/opt/libphidget22/lib:${LD_LIBRARY_PATH} PYTHONPATH=/home/pioneer1/Documents/Rover/install/phidgets_msgs/lib/python3.12/site-packages:${PYTHONPATH} /usr/bin/cmake /home/pioneer1/Documents/Rover/phidgets_drivers/phidgets_analog_outputs -DCMAKE_INSTALL_PREFIX=/home/pioneer1/Documents/Rover/install/phidgets_analog_outputs
[1.361s] Invoking command in '/home/pioneer1/Documents/Rover/build/phidgets_analog_outputs': AMENT_PREFIX_PATH=/home/pioneer1/Documents/Rover/install/phidgets_api:/home/pioneer1/Documents/Rover/install/phidgets_msgs:/home/pioneer1/Documents/Rover/install/libphidget22:${AMENT_PREFIX_PATH} CMAKE_PREFIX_PATH=/home/pioneer1/Documents/Rover/install/phidgets_api:/opt/ros/jazzy:/home/pioneer1/Documents/Rover/install/phidgets_msgs:/home/pioneer1/Documents/Rover/install/libphidget22 DEBUGINFOD_URLS=https://debuginfod.ubuntu.com LD_LIBRARY_PATH=/home/pioneer1/Documents/Rover/install/phidgets_api/lib:/home/pioneer1/Documents/Rover/install/phidgets_msgs/lib:/home/pioneer1/Documents/Rover/install/libphidget22/opt/libphidget22/lib:${LD_LIBRARY_PATH} PYTHONPATH=/home/pioneer1/Documents/Rover/install/phidgets_msgs/lib/python3.12/site-packages:${PYTHONPATH} /usr/bin/cmake --build /home/pioneer1/Documents/Rover/build/phidgets_analog_outputs -- -j8 -l8
[1.410s] [ 50%] [32mBuilding CXX object CMakeFiles/phidgets_analog_outputs.dir/src/analog_outputs_ros_i.cpp.o[0m
[8.676s] [100%] [32m[1mLinking CXX shared library libphidgets_analog_outputs.so[0m
[8.932s] [100%] Built target phidgets_analog_outputs
[8.939s] Invoked command in '/home/pioneer1/Documents/Rover/build/phidgets_analog_outputs' returned '0': AMENT_PREFIX_PATH=/home/pioneer1/Documents/Rover/install/phidgets_api:/home/pioneer1/Documents/Rover/install/phidgets_msgs:/home/pioneer1/Documents/Rover/install/libphidget22:${AMENT_PREFIX_PATH} CMAKE_PREFIX_PATH=/home/pioneer1/Documents/Rover/install/phidgets_api:/opt/ros/jazzy:/home/pioneer1/Documents/Rover/install/phidgets_msgs:/home/pioneer1/Documents/Rover/install/libphidget22 DEBUGINFOD_URLS=https://debuginfod.ubuntu.com LD_LIBRARY_PATH=/home/pioneer1/Documents/Rover/install/phidgets_api/lib:/home/pioneer1/Documents/Rover/install/phidgets_msgs/lib:/home/pioneer1/Documents/Rover/install/libphidget22/opt/libphidget22/lib:${LD_LIBRARY_PATH} PYTHONPATH=/home/pioneer1/Documents/Rover/install/phidgets_msgs/lib/python3.12/site-packages:${PYTHONPATH} /usr/bin/cmake --build /home/pioneer1/Documents/Rover/build/phidgets_analog_outputs -- -j8 -l8
[8.940s] Invoking command in '/home/pioneer1/Documents/Rover/build/phidgets_analog_outputs': AMENT_PREFIX_PATH=/home/pioneer1/Documents/Rover/install/phidgets_api:/home/pioneer1/Documents/Rover/install/phidgets_msgs:/home/pioneer1/Documents/Rover/install/libphidget22:${AMENT_PREFIX_PATH} CMAKE_PREFIX_PATH=/home/pioneer1/Documents/Rover/install/phidgets_api:/opt/ros/jazzy:/home/pioneer1/Documents/Rover/install/phidgets_msgs:/home/pioneer1/Documents/Rover/install/libphidget22 DEBUGINFOD_URLS=https://debuginfod.ubuntu.com LD_LIBRARY_PATH=/home/pioneer1/Documents/Rover/install/phidgets_api/lib:/home/pioneer1/Documents/Rover/install/phidgets_msgs/lib:/home/pioneer1/Documents/Rover/install/libphidget22/opt/libphidget22/lib:${LD_LIBRARY_PATH} PYTHONPATH=/home/pioneer1/Documents/Rover/install/phidgets_msgs/lib/python3.12/site-packages:${PYTHONPATH} /usr/bin/cmake --install /home/pioneer1/Documents/Rover/build/phidgets_analog_outputs
[8.945s] -- Install configuration: ""
[8.945s] -- Installing: /home/pioneer1/Documents/Rover/install/phidgets_analog_outputs/lib/libphidgets_analog_outputs.so
[8.948s] -- Set non-toolchain portion of runtime path of "/home/pioneer1/Documents/Rover/install/phidgets_analog_outputs/lib/libphidgets_analog_outputs.so" to ""
[8.948s] -- Installing: /home/pioneer1/Documents/Rover/install/phidgets_analog_outputs/include
[8.948s] -- Installing: /home/pioneer1/Documents/Rover/install/phidgets_analog_outputs/include/phidgets_analog_outputs
[8.948s] -- Installing: /home/pioneer1/Documents/Rover/install/phidgets_analog_outputs/include/phidgets_analog_outputs/analog_outputs_ros_i.hpp
[8.949s] -- Installing: /home/pioneer1/Documents/Rover/install/phidgets_analog_outputs/share/phidgets_analog_outputs/launch
[8.949s] -- Installing: /home/pioneer1/Documents/Rover/install/phidgets_analog_outputs/share/phidgets_analog_outputs/launch/analog_outputs-launch.py
[8.949s] -- Installing: /home/pioneer1/Documents/Rover/install/phidgets_analog_outputs/share/ament_index/resource_index/package_run_dependencies/phidgets_analog_outputs
[8.949s] -- Installing: /home/pioneer1/Documents/Rover/install/phidgets_analog_outputs/share/ament_index/resource_index/parent_prefix_path/phidgets_analog_outputs
[8.949s] -- Installing: /home/pioneer1/Documents/Rover/install/phidgets_analog_outputs/share/phidgets_analog_outputs/environment/ament_prefix_path.sh
[8.949s] -- Installing: /home/pioneer1/Documents/Rover/install/phidgets_analog_outputs/share/phidgets_analog_outputs/environment/ament_prefix_path.dsv
[8.949s] -- Installing: /home/pioneer1/Documents/Rover/install/phidgets_analog_outputs/share/phidgets_analog_outputs/environment/path.sh
[8.949s] -- Installing: /home/pioneer1/Documents/Rover/install/phidgets_analog_outputs/share/phidgets_analog_outputs/environment/path.dsv
[8.949s] -- Installing: /home/pioneer1/Documents/Rover/install/phidgets_analog_outputs/share/phidgets_analog_outputs/local_setup.bash
[8.949s] -- Installing: /home/pioneer1/Documents/Rover/install/phidgets_analog_outputs/share/phidgets_analog_outputs/local_setup.sh
[8.949s] -- Installing: /home/pioneer1/Documents/Rover/install/phidgets_analog_outputs/share/phidgets_analog_outputs/local_setup.zsh
[8.949s] -- Installing: /home/pioneer1/Documents/Rover/install/phidgets_analog_outputs/share/phidgets_analog_outputs/local_setup.dsv
[8.950s] -- Installing: /home/pioneer1/Documents/Rover/install/phidgets_analog_outputs/share/phidgets_analog_outputs/package.dsv
[8.950s] -- Installing: /home/pioneer1/Documents/Rover/install/phidgets_analog_outputs/share/ament_index/resource_index/packages/phidgets_analog_outputs
[8.950s] -- Installing: /home/pioneer1/Documents/Rover/install/phidgets_analog_outputs/share/ament_index/resource_index/rclcpp_components/phidgets_analog_outputs
[8.950s] -- Installing: /home/pioneer1/Documents/Rover/install/phidgets_analog_outputs/share/phidgets_analog_outputs/cmake/phidgets_analog_outputsConfig.cmake
[8.950s] -- Installing: /home/pioneer1/Documents/Rover/install/phidgets_analog_outputs/share/phidgets_analog_outputs/cmake/phidgets_analog_outputsConfig-version.cmake
[8.950s] -- Installing: /home/pioneer1/Documents/Rover/install/phidgets_analog_outputs/share/phidgets_analog_outputs/package.xml
[8.951s] Invoked command in '/home/pioneer1/Documents/Rover/build/phidgets_analog_outputs' returned '0': AMENT_PREFIX_PATH=/home/pioneer1/Documents/Rover/install/phidgets_api:/home/pioneer1/Documents/Rover/install/phidgets_msgs:/home/pioneer1/Documents/Rover/install/libphidget22:${AMENT_PREFIX_PATH} CMAKE_PREFIX_PATH=/home/pioneer1/Documents/Rover/install/phidgets_api:/opt/ros/jazzy:/home/pioneer1/Documents/Rover/install/phidgets_msgs:/home/pioneer1/Documents/Rover/install/libphidget22 DEBUGINFOD_URLS=https://debuginfod.ubuntu.com LD_LIBRARY_PATH=/home/pioneer1/Documents/Rover/install/phidgets_api/lib:/home/pioneer1/Documents/Rover/install/phidgets_msgs/lib:/home/pioneer1/Documents/Rover/install/libphidget22/opt/libphidget22/lib:${LD_LIBRARY_PATH} PYTHONPATH=/home/pioneer1/Documents/Rover/install/phidgets_msgs/lib/python3.12/site-packages:${PYTHONPATH} /usr/bin/cmake --install /home/pioneer1/Documents/Rover/build/phidgets_analog_outputs
