[0.012s] Invoking command in '/home/pioneer1/Documents/Rover/build/phidgets_ik': AMENT_PREFIX_PATH=/home/pioneer1/Documents/Rover/install/phidgets_digital_outputs:/home/pioneer1/Documents/Rover/install/phidgets_digital_inputs:/home/pioneer1/Documents/Rover/install/phidgets_analog_inputs:/home/pioneer1/Documents/Rover/install/phidgets_api:/home/pioneer1/Documents/Rover/install/phidgets_msgs:/home/pioneer1/Documents/Rover/install/libphidget22:${AMENT_PREFIX_PATH} CMAKE_PREFIX_PATH=/home/pioneer1/Documents/Rover/install/phidgets_digital_outputs:/home/pioneer1/Documents/Rover/install/phidgets_digital_inputs:/home/pioneer1/Documents/Rover/install/phidgets_analog_inputs:/home/pioneer1/Documents/Rover/install/phidgets_api:/opt/ros/jazzy:/home/pioneer1/Documents/Rover/install/phidgets_msgs:/home/pioneer1/Documents/Rover/install/libphidget22 DEBUGINFOD_URLS=https://debuginfod.ubuntu.com LD_LIBRARY_PATH=/home/pioneer1/Documents/Rover/install/phidgets_digital_outputs/lib:/home/pioneer1/Documents/Rover/install/phidgets_digital_inputs/lib:/home/pioneer1/Documents/Rover/install/phidgets_analog_inputs/lib:/home/pioneer1/Documents/Rover/install/phidgets_api/lib:/home/pioneer1/Documents/Rover/install/phidgets_msgs/lib:/home/pioneer1/Documents/Rover/install/libphidget22/opt/libphidget22/lib:${LD_LIBRARY_PATH} PYTHONPATH=/home/pioneer1/Documents/Rover/install/phidgets_msgs/lib/python3.12/site-packages:${PYTHONPATH} /usr/bin/cmake /home/pioneer1/Documents/Rover/phidgets_drivers/phidgets_ik -DCMAKE_INSTALL_PREFIX=/home/pioneer1/Documents/Rover/install/phidgets_ik
[0.050s] -- The C compiler identification is GNU 13.3.0
[0.090s] -- The CXX compiler identification is GNU 13.3.0
[0.104s] -- Detecting C compiler ABI info
[0.169s] -- Detecting C compiler ABI info - done
[0.181s] -- Check for working C compiler: /usr/bin/cc - skipped
[0.181s] -- Detecting C compile features
[0.182s] -- Detecting C compile features - done
[0.190s] -- Detecting CXX compiler ABI info
[0.266s] -- Detecting CXX compiler ABI info - done
[0.278s] -- Check for working CXX compiler: /usr/bin/c++ - skipped
[0.279s] -- Detecting CXX compile features
[0.279s] -- Detecting CXX compile features - done
[0.282s] -- Found ament_cmake: 2.5.4 (/opt/ros/jazzy/share/ament_cmake/cmake)
[0.406s] -- Found Python3: /usr/bin/python3 (found version "3.12.3") found components: Interpreter 
[0.634s] -- Configuring done (0.6s)
[0.640s] -- Generating done (0.0s)
[0.640s] -- Build files have been written to: /home/pioneer1/Documents/Rover/build/phidgets_ik
[0.645s] Invoked command in '/home/pioneer1/Documents/Rover/build/phidgets_ik' returned '0': AMENT_PREFIX_PATH=/home/pioneer1/Documents/Rover/install/phidgets_digital_outputs:/home/pioneer1/Documents/Rover/install/phidgets_digital_inputs:/home/pioneer1/Documents/Rover/install/phidgets_analog_inputs:/home/pioneer1/Documents/Rover/install/phidgets_api:/home/pioneer1/Documents/Rover/install/phidgets_msgs:/home/pioneer1/Documents/Rover/install/libphidget22:${AMENT_PREFIX_PATH} CMAKE_PREFIX_PATH=/home/pioneer1/Documents/Rover/install/phidgets_digital_outputs:/home/pioneer1/Documents/Rover/install/phidgets_digital_inputs:/home/pioneer1/Documents/Rover/install/phidgets_analog_inputs:/home/pioneer1/Documents/Rover/install/phidgets_api:/opt/ros/jazzy:/home/pioneer1/Documents/Rover/install/phidgets_msgs:/home/pioneer1/Documents/Rover/install/libphidget22 DEBUGINFOD_URLS=https://debuginfod.ubuntu.com LD_LIBRARY_PATH=/home/pioneer1/Documents/Rover/install/phidgets_digital_outputs/lib:/home/pioneer1/Documents/Rover/install/phidgets_digital_inputs/lib:/home/pioneer1/Documents/Rover/install/phidgets_analog_inputs/lib:/home/pioneer1/Documents/Rover/install/phidgets_api/lib:/home/pioneer1/Documents/Rover/install/phidgets_msgs/lib:/home/pioneer1/Documents/Rover/install/libphidget22/opt/libphidget22/lib:${LD_LIBRARY_PATH} PYTHONPATH=/home/pioneer1/Documents/Rover/install/phidgets_msgs/lib/python3.12/site-packages:${PYTHONPATH} /usr/bin/cmake /home/pioneer1/Documents/Rover/phidgets_drivers/phidgets_ik -DCMAKE_INSTALL_PREFIX=/home/pioneer1/Documents/Rover/install/phidgets_ik
[0.646s] Invoking command in '/home/pioneer1/Documents/Rover/build/phidgets_ik': AMENT_PREFIX_PATH=/home/pioneer1/Documents/Rover/install/phidgets_digital_outputs:/home/pioneer1/Documents/Rover/install/phidgets_digital_inputs:/home/pioneer1/Documents/Rover/install/phidgets_analog_inputs:/home/pioneer1/Documents/Rover/install/phidgets_api:/home/pioneer1/Documents/Rover/install/phidgets_msgs:/home/pioneer1/Documents/Rover/install/libphidget22:${AMENT_PREFIX_PATH} CMAKE_PREFIX_PATH=/home/pioneer1/Documents/Rover/install/phidgets_digital_outputs:/home/pioneer1/Documents/Rover/install/phidgets_digital_inputs:/home/pioneer1/Documents/Rover/install/phidgets_analog_inputs:/home/pioneer1/Documents/Rover/install/phidgets_api:/opt/ros/jazzy:/home/pioneer1/Documents/Rover/install/phidgets_msgs:/home/pioneer1/Documents/Rover/install/libphidget22 DEBUGINFOD_URLS=https://debuginfod.ubuntu.com LD_LIBRARY_PATH=/home/pioneer1/Documents/Rover/install/phidgets_digital_outputs/lib:/home/pioneer1/Documents/Rover/install/phidgets_digital_inputs/lib:/home/pioneer1/Documents/Rover/install/phidgets_analog_inputs/lib:/home/pioneer1/Documents/Rover/install/phidgets_api/lib:/home/pioneer1/Documents/Rover/install/phidgets_msgs/lib:/home/pioneer1/Documents/Rover/install/libphidget22/opt/libphidget22/lib:${LD_LIBRARY_PATH} PYTHONPATH=/home/pioneer1/Documents/Rover/install/phidgets_msgs/lib/python3.12/site-packages:${PYTHONPATH} /usr/bin/cmake --build /home/pioneer1/Documents/Rover/build/phidgets_ik -- -j8 -l8
[0.688s] Invoked command in '/home/pioneer1/Documents/Rover/build/phidgets_ik' returned '0': AMENT_PREFIX_PATH=/home/pioneer1/Documents/Rover/install/phidgets_digital_outputs:/home/pioneer1/Documents/Rover/install/phidgets_digital_inputs:/home/pioneer1/Documents/Rover/install/phidgets_analog_inputs:/home/pioneer1/Documents/Rover/install/phidgets_api:/home/pioneer1/Documents/Rover/install/phidgets_msgs:/home/pioneer1/Documents/Rover/install/libphidget22:${AMENT_PREFIX_PATH} CMAKE_PREFIX_PATH=/home/pioneer1/Documents/Rover/install/phidgets_digital_outputs:/home/pioneer1/Documents/Rover/install/phidgets_digital_inputs:/home/pioneer1/Documents/Rover/install/phidgets_analog_inputs:/home/pioneer1/Documents/Rover/install/phidgets_api:/opt/ros/jazzy:/home/pioneer1/Documents/Rover/install/phidgets_msgs:/home/pioneer1/Documents/Rover/install/libphidget22 DEBUGINFOD_URLS=https://debuginfod.ubuntu.com LD_LIBRARY_PATH=/home/pioneer1/Documents/Rover/install/phidgets_digital_outputs/lib:/home/pioneer1/Documents/Rover/install/phidgets_digital_inputs/lib:/home/pioneer1/Documents/Rover/install/phidgets_analog_inputs/lib:/home/pioneer1/Documents/Rover/install/phidgets_api/lib:/home/pioneer1/Documents/Rover/install/phidgets_msgs/lib:/home/pioneer1/Documents/Rover/install/libphidget22/opt/libphidget22/lib:${LD_LIBRARY_PATH} PYTHONPATH=/home/pioneer1/Documents/Rover/install/phidgets_msgs/lib/python3.12/site-packages:${PYTHONPATH} /usr/bin/cmake --build /home/pioneer1/Documents/Rover/build/phidgets_ik -- -j8 -l8
[0.689s] Invoking command in '/home/pioneer1/Documents/Rover/build/phidgets_ik': AMENT_PREFIX_PATH=/home/pioneer1/Documents/Rover/install/phidgets_digital_outputs:/home/pioneer1/Documents/Rover/install/phidgets_digital_inputs:/home/pioneer1/Documents/Rover/install/phidgets_analog_inputs:/home/pioneer1/Documents/Rover/install/phidgets_api:/home/pioneer1/Documents/Rover/install/phidgets_msgs:/home/pioneer1/Documents/Rover/install/libphidget22:${AMENT_PREFIX_PATH} CMAKE_PREFIX_PATH=/home/pioneer1/Documents/Rover/install/phidgets_digital_outputs:/home/pioneer1/Documents/Rover/install/phidgets_digital_inputs:/home/pioneer1/Documents/Rover/install/phidgets_analog_inputs:/home/pioneer1/Documents/Rover/install/phidgets_api:/opt/ros/jazzy:/home/pioneer1/Documents/Rover/install/phidgets_msgs:/home/pioneer1/Documents/Rover/install/libphidget22 DEBUGINFOD_URLS=https://debuginfod.ubuntu.com LD_LIBRARY_PATH=/home/pioneer1/Documents/Rover/install/phidgets_digital_outputs/lib:/home/pioneer1/Documents/Rover/install/phidgets_digital_inputs/lib:/home/pioneer1/Documents/Rover/install/phidgets_analog_inputs/lib:/home/pioneer1/Documents/Rover/install/phidgets_api/lib:/home/pioneer1/Documents/Rover/install/phidgets_msgs/lib:/home/pioneer1/Documents/Rover/install/libphidget22/opt/libphidget22/lib:${LD_LIBRARY_PATH} PYTHONPATH=/home/pioneer1/Documents/Rover/install/phidgets_msgs/lib/python3.12/site-packages:${PYTHONPATH} /usr/bin/cmake --install /home/pioneer1/Documents/Rover/build/phidgets_ik
[0.697s] -- Install configuration: ""
[0.697s] -- Installing: /home/pioneer1/Documents/Rover/install/phidgets_ik/share/phidgets_ik/launch
[0.697s] -- Installing: /home/pioneer1/Documents/Rover/install/phidgets_ik/share/phidgets_ik/launch/ik-launch.py
[0.697s] -- Installing: /home/pioneer1/Documents/Rover/install/phidgets_ik/share/ament_index/resource_index/package_run_dependencies/phidgets_ik
[0.698s] -- Installing: /home/pioneer1/Documents/Rover/install/phidgets_ik/share/ament_index/resource_index/parent_prefix_path/phidgets_ik
[0.698s] -- Installing: /home/pioneer1/Documents/Rover/install/phidgets_ik/share/phidgets_ik/environment/ament_prefix_path.sh
[0.698s] -- Installing: /home/pioneer1/Documents/Rover/install/phidgets_ik/share/phidgets_ik/environment/ament_prefix_path.dsv
[0.698s] -- Installing: /home/pioneer1/Documents/Rover/install/phidgets_ik/share/phidgets_ik/environment/path.sh
[0.698s] -- Installing: /home/pioneer1/Documents/Rover/install/phidgets_ik/share/phidgets_ik/environment/path.dsv
[0.698s] -- Installing: /home/pioneer1/Documents/Rover/install/phidgets_ik/share/phidgets_ik/local_setup.bash
[0.698s] -- Installing: /home/pioneer1/Documents/Rover/install/phidgets_ik/share/phidgets_ik/local_setup.sh
[0.698s] -- Installing: /home/pioneer1/Documents/Rover/install/phidgets_ik/share/phidgets_ik/local_setup.zsh
[0.699s] -- Installing: /home/pioneer1/Documents/Rover/install/phidgets_ik/share/phidgets_ik/local_setup.dsv
[0.699s] -- Installing: /home/pioneer1/Documents/Rover/install/phidgets_ik/share/phidgets_ik/package.dsv
[0.699s] -- Installing: /home/pioneer1/Documents/Rover/install/phidgets_ik/share/ament_index/resource_index/packages/phidgets_ik
[0.699s] -- Installing: /home/pioneer1/Documents/Rover/install/phidgets_ik/share/phidgets_ik/cmake/phidgets_ikConfig.cmake
[0.699s] -- Installing: /home/pioneer1/Documents/Rover/install/phidgets_ik/share/phidgets_ik/cmake/phidgets_ikConfig-version.cmake
[0.699s] -- Installing: /home/pioneer1/Documents/Rover/install/phidgets_ik/share/phidgets_ik/package.xml
[0.701s] Invoked command in '/home/pioneer1/Documents/Rover/build/phidgets_ik' returned '0': AMENT_PREFIX_PATH=/home/pioneer1/Documents/Rover/install/phidgets_digital_outputs:/home/pioneer1/Documents/Rover/install/phidgets_digital_inputs:/home/pioneer1/Documents/Rover/install/phidgets_analog_inputs:/home/pioneer1/Documents/Rover/install/phidgets_api:/home/pioneer1/Documents/Rover/install/phidgets_msgs:/home/pioneer1/Documents/Rover/install/libphidget22:${AMENT_PREFIX_PATH} CMAKE_PREFIX_PATH=/home/pioneer1/Documents/Rover/install/phidgets_digital_outputs:/home/pioneer1/Documents/Rover/install/phidgets_digital_inputs:/home/pioneer1/Documents/Rover/install/phidgets_analog_inputs:/home/pioneer1/Documents/Rover/install/phidgets_api:/opt/ros/jazzy:/home/pioneer1/Documents/Rover/install/phidgets_msgs:/home/pioneer1/Documents/Rover/install/libphidget22 DEBUGINFOD_URLS=https://debuginfod.ubuntu.com LD_LIBRARY_PATH=/home/pioneer1/Documents/Rover/install/phidgets_digital_outputs/lib:/home/pioneer1/Documents/Rover/install/phidgets_digital_inputs/lib:/home/pioneer1/Documents/Rover/install/phidgets_analog_inputs/lib:/home/pioneer1/Documents/Rover/install/phidgets_api/lib:/home/pioneer1/Documents/Rover/install/phidgets_msgs/lib:/home/pioneer1/Documents/Rover/install/libphidget22/opt/libphidget22/lib:${LD_LIBRARY_PATH} PYTHONPATH=/home/pioneer1/Documents/Rover/install/phidgets_msgs/lib/python3.12/site-packages:${PYTHONPATH} /usr/bin/cmake --install /home/pioneer1/Documents/Rover/build/phidgets_ik
