[0.062s] DEBUG:colcon:Command line arguments: ['/usr/bin/colcon', 'build']
[0.063s] DEBUG:colcon:Parsed command line arguments: Namespace(log_base=None, log_level=None, verb_name='build', build_base='build', install_base='install', merge_install=False, symlink_install=False, test_result_base=None, continue_on_error=False, executor='parallel', parallel_workers=8, event_handlers=None, ignore_user_meta=False, metas=['./colcon.meta'], base_paths=['.'], packages_ignore=None, packages_ignore_regex=None, paths=None, packages_up_to=None, packages_up_to_regex=None, packages_above=None, packages_above_and_dependencies=None, packages_above_depth=None, packages_select_by_dep=None, packages_skip_by_dep=None, packages_skip_up_to=None, packages_select_build_failed=False, packages_skip_build_finished=False, packages_select_test_failures=False, packages_skip_test_passed=False, packages_select=None, packages_skip=None, packages_select_regex=None, packages_skip_regex=None, packages_start=None, packages_end=None, allow_overriding=[], cmake_args=None, cmake_target=None, cmake_target_skip_unavailable=False, cmake_clean_cache=False, cmake_clean_first=False, cmake_force_configure=False, ament_cmake_args=None, catkin_cmake_args=None, catkin_skip_building_tests=False, mixin_files=None, mixin=None, verb_parser=<colcon_mixin.mixin.mixin_argument.MixinArgumentDecorator object at 0x76a7efb68aa0>, verb_extension=<colcon_core.verb.build.BuildVerb object at 0x76a7f0ac2360>, main=<bound method BuildVerb.main of <colcon_core.verb.build.BuildVerb object at 0x76a7f0ac2360>>, mixin_verb=('build',))
[0.086s] Level 1:colcon.colcon_core.package_discovery:discover_packages(colcon_meta) check parameters
[0.086s] Level 1:colcon.colcon_core.package_discovery:discover_packages(recursive) check parameters
[0.086s] Level 1:colcon.colcon_core.package_discovery:discover_packages(ignore) check parameters
[0.086s] Level 1:colcon.colcon_core.package_discovery:discover_packages(path) check parameters
[0.086s] Level 1:colcon.colcon_core.package_discovery:discover_packages(colcon_meta) discover
[0.086s] Level 1:colcon.colcon_core.package_discovery:discover_packages(recursive) discover
[0.086s] INFO:colcon.colcon_core.package_discovery:Crawling recursively for packages in '/home/pioneer1/Documents/Rover/src'
[0.086s] Level 1:colcon.colcon_core.package_identification:_identify(.) by extensions ['ignore', 'ignore_ament_install']
[0.086s] Level 1:colcon.colcon_core.package_identification:_identify(.) by extension 'ignore'
[0.086s] Level 1:colcon.colcon_core.package_identification:_identify(.) by extension 'ignore_ament_install'
[0.087s] Level 1:colcon.colcon_core.package_identification:_identify(.) by extensions ['colcon_pkg']
[0.087s] Level 1:colcon.colcon_core.package_identification:_identify(.) by extension 'colcon_pkg'
[0.087s] Level 1:colcon.colcon_core.package_identification:_identify(.) by extensions ['colcon_meta']
[0.087s] Level 1:colcon.colcon_core.package_identification:_identify(.) by extension 'colcon_meta'
[0.087s] Level 1:colcon.colcon_core.package_identification:_identify(.) by extensions ['ros']
[0.087s] Level 1:colcon.colcon_core.package_identification:_identify(.) by extension 'ros'
[0.103s] Level 1:colcon.colcon_core.package_identification:_identify(.) by extensions ['cmake', 'python']
[0.103s] Level 1:colcon.colcon_core.package_identification:_identify(.) by extension 'cmake'
[0.103s] Level 1:colcon.colcon_core.package_identification:_identify(.) by extension 'python'
[0.103s] Level 1:colcon.colcon_core.package_identification:_identify(.) by extensions ['python_setup_py']
[0.103s] Level 1:colcon.colcon_core.package_identification:_identify(.) by extension 'python_setup_py'
[0.103s] Level 1:colcon.colcon_core.package_identification:_identify(build) by extensions ['ignore', 'ignore_ament_install']
[0.103s] Level 1:colcon.colcon_core.package_identification:_identify(build) by extension 'ignore'
[0.103s] Level 1:colcon.colcon_core.package_identification:_identify(build) ignored
[0.103s] Level 1:colcon.colcon_core.package_identification:_identify(imu) by extensions ['ignore', 'ignore_ament_install']
[0.103s] Level 1:colcon.colcon_core.package_identification:_identify(imu) by extension 'ignore'
[0.103s] Level 1:colcon.colcon_core.package_identification:_identify(imu) by extension 'ignore_ament_install'
[0.103s] Level 1:colcon.colcon_core.package_identification:_identify(imu) by extensions ['colcon_pkg']
[0.103s] Level 1:colcon.colcon_core.package_identification:_identify(imu) by extension 'colcon_pkg'
[0.103s] Level 1:colcon.colcon_core.package_identification:_identify(imu) by extensions ['colcon_meta']
[0.103s] Level 1:colcon.colcon_core.package_identification:_identify(imu) by extension 'colcon_meta'
[0.103s] Level 1:colcon.colcon_core.package_identification:_identify(imu) by extensions ['ros']
[0.103s] Level 1:colcon.colcon_core.package_identification:_identify(imu) by extension 'ros'
[0.105s] DEBUG:colcon.colcon_core.package_identification:Package 'imu' with type 'ros.ament_python' and name 'imu'
[0.105s] Level 1:colcon.colcon_core.package_identification:_identify(install) by extensions ['ignore', 'ignore_ament_install']
[0.105s] Level 1:colcon.colcon_core.package_identification:_identify(install) by extension 'ignore'
[0.105s] Level 1:colcon.colcon_core.package_identification:_identify(install) ignored
[0.105s] Level 1:colcon.colcon_core.package_identification:_identify(log) by extensions ['ignore', 'ignore_ament_install']
[0.105s] Level 1:colcon.colcon_core.package_identification:_identify(log) by extension 'ignore'
[0.105s] Level 1:colcon.colcon_core.package_identification:_identify(log) ignored
[0.105s] Level 1:colcon.colcon_core.package_identification:_identify(phidget) by extensions ['ignore', 'ignore_ament_install']
[0.105s] Level 1:colcon.colcon_core.package_identification:_identify(phidget) by extension 'ignore'
[0.105s] Level 1:colcon.colcon_core.package_identification:_identify(phidget) by extension 'ignore_ament_install'
[0.105s] Level 1:colcon.colcon_core.package_identification:_identify(phidget) by extensions ['colcon_pkg']
[0.105s] Level 1:colcon.colcon_core.package_identification:_identify(phidget) by extension 'colcon_pkg'
[0.105s] Level 1:colcon.colcon_core.package_identification:_identify(phidget) by extensions ['colcon_meta']
[0.105s] Level 1:colcon.colcon_core.package_identification:_identify(phidget) by extension 'colcon_meta'
[0.105s] Level 1:colcon.colcon_core.package_identification:_identify(phidget) by extensions ['ros']
[0.105s] Level 1:colcon.colcon_core.package_identification:_identify(phidget) by extension 'ros'
[0.106s] DEBUG:colcon.colcon_core.package_identification:Package 'phidget' with type 'ros.ament_python' and name 'phidget'
[0.106s] Level 1:colcon.colcon_core.package_identification:_identify(phidgets_drivers) by extensions ['ignore', 'ignore_ament_install']
[0.106s] Level 1:colcon.colcon_core.package_identification:_identify(phidgets_drivers) by extension 'ignore'
[0.106s] Level 1:colcon.colcon_core.package_identification:_identify(phidgets_drivers) by extension 'ignore_ament_install'
[0.106s] Level 1:colcon.colcon_core.package_identification:_identify(phidgets_drivers) by extensions ['colcon_pkg']
[0.106s] Level 1:colcon.colcon_core.package_identification:_identify(phidgets_drivers) by extension 'colcon_pkg'
[0.106s] Level 1:colcon.colcon_core.package_identification:_identify(phidgets_drivers) by extensions ['colcon_meta']
[0.106s] Level 1:colcon.colcon_core.package_identification:_identify(phidgets_drivers) by extension 'colcon_meta'
[0.106s] Level 1:colcon.colcon_core.package_identification:_identify(phidgets_drivers) by extensions ['ros']
[0.106s] Level 1:colcon.colcon_core.package_identification:_identify(phidgets_drivers) by extension 'ros'
[0.106s] Level 1:colcon.colcon_core.package_identification:_identify(phidgets_drivers) by extensions ['cmake', 'python']
[0.106s] Level 1:colcon.colcon_core.package_identification:_identify(phidgets_drivers) by extension 'cmake'
[0.106s] Level 1:colcon.colcon_core.package_identification:_identify(phidgets_drivers) by extension 'python'
[0.106s] Level 1:colcon.colcon_core.package_identification:_identify(phidgets_drivers) by extensions ['python_setup_py']
[0.106s] Level 1:colcon.colcon_core.package_identification:_identify(phidgets_drivers) by extension 'python_setup_py'
[0.106s] Level 1:colcon.colcon_core.package_identification:_identify(phidgets_drivers/libphidget22) by extensions ['ignore', 'ignore_ament_install']
[0.106s] Level 1:colcon.colcon_core.package_identification:_identify(phidgets_drivers/libphidget22) by extension 'ignore'
[0.106s] Level 1:colcon.colcon_core.package_identification:_identify(phidgets_drivers/libphidget22) by extension 'ignore_ament_install'
[0.106s] Level 1:colcon.colcon_core.package_identification:_identify(phidgets_drivers/libphidget22) by extensions ['colcon_pkg']
[0.106s] Level 1:colcon.colcon_core.package_identification:_identify(phidgets_drivers/libphidget22) by extension 'colcon_pkg'
[0.106s] Level 1:colcon.colcon_core.package_identification:_identify(phidgets_drivers/libphidget22) by extensions ['colcon_meta']
[0.106s] Level 1:colcon.colcon_core.package_identification:_identify(phidgets_drivers/libphidget22) by extension 'colcon_meta'
[0.106s] Level 1:colcon.colcon_core.package_identification:_identify(phidgets_drivers/libphidget22) by extensions ['ros']
[0.106s] Level 1:colcon.colcon_core.package_identification:_identify(phidgets_drivers/libphidget22) by extension 'ros'
[0.106s] DEBUG:colcon.colcon_core.package_identification:Package 'phidgets_drivers/libphidget22' with type 'ros.ament_cmake' and name 'libphidget22'
[0.107s] Level 1:colcon.colcon_core.package_identification:_identify(phidgets_drivers/phidgets_accelerometer) by extensions ['ignore', 'ignore_ament_install']
[0.107s] Level 1:colcon.colcon_core.package_identification:_identify(phidgets_drivers/phidgets_accelerometer) by extension 'ignore'
[0.107s] Level 1:colcon.colcon_core.package_identification:_identify(phidgets_drivers/phidgets_accelerometer) by extension 'ignore_ament_install'
[0.107s] Level 1:colcon.colcon_core.package_identification:_identify(phidgets_drivers/phidgets_accelerometer) by extensions ['colcon_pkg']
[0.107s] Level 1:colcon.colcon_core.package_identification:_identify(phidgets_drivers/phidgets_accelerometer) by extension 'colcon_pkg'
[0.107s] Level 1:colcon.colcon_core.package_identification:_identify(phidgets_drivers/phidgets_accelerometer) by extensions ['colcon_meta']
[0.107s] Level 1:colcon.colcon_core.package_identification:_identify(phidgets_drivers/phidgets_accelerometer) by extension 'colcon_meta'
[0.107s] Level 1:colcon.colcon_core.package_identification:_identify(phidgets_drivers/phidgets_accelerometer) by extensions ['ros']
[0.107s] Level 1:colcon.colcon_core.package_identification:_identify(phidgets_drivers/phidgets_accelerometer) by extension 'ros'
[0.107s] DEBUG:colcon.colcon_core.package_identification:Package 'phidgets_drivers/phidgets_accelerometer' with type 'ros.ament_cmake' and name 'phidgets_accelerometer'
[0.107s] Level 1:colcon.colcon_core.package_identification:_identify(phidgets_drivers/phidgets_analog_inputs) by extensions ['ignore', 'ignore_ament_install']
[0.107s] Level 1:colcon.colcon_core.package_identification:_identify(phidgets_drivers/phidgets_analog_inputs) by extension 'ignore'
[0.107s] Level 1:colcon.colcon_core.package_identification:_identify(phidgets_drivers/phidgets_analog_inputs) by extension 'ignore_ament_install'
[0.107s] Level 1:colcon.colcon_core.package_identification:_identify(phidgets_drivers/phidgets_analog_inputs) by extensions ['colcon_pkg']
[0.107s] Level 1:colcon.colcon_core.package_identification:_identify(phidgets_drivers/phidgets_analog_inputs) by extension 'colcon_pkg'
[0.107s] Level 1:colcon.colcon_core.package_identification:_identify(phidgets_drivers/phidgets_analog_inputs) by extensions ['colcon_meta']
[0.107s] Level 1:colcon.colcon_core.package_identification:_identify(phidgets_drivers/phidgets_analog_inputs) by extension 'colcon_meta'
[0.107s] Level 1:colcon.colcon_core.package_identification:_identify(phidgets_drivers/phidgets_analog_inputs) by extensions ['ros']
[0.107s] Level 1:colcon.colcon_core.package_identification:_identify(phidgets_drivers/phidgets_analog_inputs) by extension 'ros'
[0.108s] DEBUG:colcon.colcon_core.package_identification:Package 'phidgets_drivers/phidgets_analog_inputs' with type 'ros.ament_cmake' and name 'phidgets_analog_inputs'
[0.108s] Level 1:colcon.colcon_core.package_identification:_identify(phidgets_drivers/phidgets_analog_outputs) by extensions ['ignore', 'ignore_ament_install']
[0.108s] Level 1:colcon.colcon_core.package_identification:_identify(phidgets_drivers/phidgets_analog_outputs) by extension 'ignore'
[0.108s] Level 1:colcon.colcon_core.package_identification:_identify(phidgets_drivers/phidgets_analog_outputs) by extension 'ignore_ament_install'
[0.108s] Level 1:colcon.colcon_core.package_identification:_identify(phidgets_drivers/phidgets_analog_outputs) by extensions ['colcon_pkg']
[0.108s] Level 1:colcon.colcon_core.package_identification:_identify(phidgets_drivers/phidgets_analog_outputs) by extension 'colcon_pkg'
[0.108s] Level 1:colcon.colcon_core.package_identification:_identify(phidgets_drivers/phidgets_analog_outputs) by extensions ['colcon_meta']
[0.108s] Level 1:colcon.colcon_core.package_identification:_identify(phidgets_drivers/phidgets_analog_outputs) by extension 'colcon_meta'
[0.108s] Level 1:colcon.colcon_core.package_identification:_identify(phidgets_drivers/phidgets_analog_outputs) by extensions ['ros']
[0.108s] Level 1:colcon.colcon_core.package_identification:_identify(phidgets_drivers/phidgets_analog_outputs) by extension 'ros'
[0.108s] DEBUG:colcon.colcon_core.package_identification:Package 'phidgets_drivers/phidgets_analog_outputs' with type 'ros.ament_cmake' and name 'phidgets_analog_outputs'
[0.108s] Level 1:colcon.colcon_core.package_identification:_identify(phidgets_drivers/phidgets_api) by extensions ['ignore', 'ignore_ament_install']
[0.108s] Level 1:colcon.colcon_core.package_identification:_identify(phidgets_drivers/phidgets_api) by extension 'ignore'
[0.109s] Level 1:colcon.colcon_core.package_identification:_identify(phidgets_drivers/phidgets_api) by extension 'ignore_ament_install'
[0.109s] Level 1:colcon.colcon_core.package_identification:_identify(phidgets_drivers/phidgets_api) by extensions ['colcon_pkg']
[0.109s] Level 1:colcon.colcon_core.package_identification:_identify(phidgets_drivers/phidgets_api) by extension 'colcon_pkg'
[0.109s] Level 1:colcon.colcon_core.package_identification:_identify(phidgets_drivers/phidgets_api) by extensions ['colcon_meta']
[0.109s] Level 1:colcon.colcon_core.package_identification:_identify(phidgets_drivers/phidgets_api) by extension 'colcon_meta'
[0.109s] Level 1:colcon.colcon_core.package_identification:_identify(phidgets_drivers/phidgets_api) by extensions ['ros']
[0.109s] Level 1:colcon.colcon_core.package_identification:_identify(phidgets_drivers/phidgets_api) by extension 'ros'
[0.109s] DEBUG:colcon.colcon_core.package_identification:Package 'phidgets_drivers/phidgets_api' with type 'ros.ament_cmake' and name 'phidgets_api'
[0.109s] Level 1:colcon.colcon_core.package_identification:_identify(phidgets_drivers/phidgets_digital_inputs) by extensions ['ignore', 'ignore_ament_install']
[0.109s] Level 1:colcon.colcon_core.package_identification:_identify(phidgets_drivers/phidgets_digital_inputs) by extension 'ignore'
[0.109s] Level 1:colcon.colcon_core.package_identification:_identify(phidgets_drivers/phidgets_digital_inputs) by extension 'ignore_ament_install'
[0.109s] Level 1:colcon.colcon_core.package_identification:_identify(phidgets_drivers/phidgets_digital_inputs) by extensions ['colcon_pkg']
[0.109s] Level 1:colcon.colcon_core.package_identification:_identify(phidgets_drivers/phidgets_digital_inputs) by extension 'colcon_pkg'
[0.109s] Level 1:colcon.colcon_core.package_identification:_identify(phidgets_drivers/phidgets_digital_inputs) by extensions ['colcon_meta']
[0.109s] Level 1:colcon.colcon_core.package_identification:_identify(phidgets_drivers/phidgets_digital_inputs) by extension 'colcon_meta'
[0.109s] Level 1:colcon.colcon_core.package_identification:_identify(phidgets_drivers/phidgets_digital_inputs) by extensions ['ros']
[0.109s] Level 1:colcon.colcon_core.package_identification:_identify(phidgets_drivers/phidgets_digital_inputs) by extension 'ros'
[0.109s] DEBUG:colcon.colcon_core.package_identification:Package 'phidgets_drivers/phidgets_digital_inputs' with type 'ros.ament_cmake' and name 'phidgets_digital_inputs'
[0.110s] Level 1:colcon.colcon_core.package_identification:_identify(phidgets_drivers/phidgets_digital_outputs) by extensions ['ignore', 'ignore_ament_install']
[0.110s] Level 1:colcon.colcon_core.package_identification:_identify(phidgets_drivers/phidgets_digital_outputs) by extension 'ignore'
[0.110s] Level 1:colcon.colcon_core.package_identification:_identify(phidgets_drivers/phidgets_digital_outputs) by extension 'ignore_ament_install'
[0.110s] Level 1:colcon.colcon_core.package_identification:_identify(phidgets_drivers/phidgets_digital_outputs) by extensions ['colcon_pkg']
[0.110s] Level 1:colcon.colcon_core.package_identification:_identify(phidgets_drivers/phidgets_digital_outputs) by extension 'colcon_pkg'
[0.110s] Level 1:colcon.colcon_core.package_identification:_identify(phidgets_drivers/phidgets_digital_outputs) by extensions ['colcon_meta']
[0.110s] Level 1:colcon.colcon_core.package_identification:_identify(phidgets_drivers/phidgets_digital_outputs) by extension 'colcon_meta'
[0.110s] Level 1:colcon.colcon_core.package_identification:_identify(phidgets_drivers/phidgets_digital_outputs) by extensions ['ros']
[0.110s] Level 1:colcon.colcon_core.package_identification:_identify(phidgets_drivers/phidgets_digital_outputs) by extension 'ros'
[0.110s] DEBUG:colcon.colcon_core.package_identification:Package 'phidgets_drivers/phidgets_digital_outputs' with type 'ros.ament_cmake' and name 'phidgets_digital_outputs'
[0.110s] Level 1:colcon.colcon_core.package_identification:_identify(phidgets_drivers/phidgets_drivers) by extensions ['ignore', 'ignore_ament_install']
[0.110s] Level 1:colcon.colcon_core.package_identification:_identify(phidgets_drivers/phidgets_drivers) by extension 'ignore'
[0.110s] Level 1:colcon.colcon_core.package_identification:_identify(phidgets_drivers/phidgets_drivers) by extension 'ignore_ament_install'
[0.110s] Level 1:colcon.colcon_core.package_identification:_identify(phidgets_drivers/phidgets_drivers) by extensions ['colcon_pkg']
[0.110s] Level 1:colcon.colcon_core.package_identification:_identify(phidgets_drivers/phidgets_drivers) by extension 'colcon_pkg'
[0.110s] Level 1:colcon.colcon_core.package_identification:_identify(phidgets_drivers/phidgets_drivers) by extensions ['colcon_meta']
[0.110s] Level 1:colcon.colcon_core.package_identification:_identify(phidgets_drivers/phidgets_drivers) by extension 'colcon_meta'
[0.110s] Level 1:colcon.colcon_core.package_identification:_identify(phidgets_drivers/phidgets_drivers) by extensions ['ros']
[0.110s] Level 1:colcon.colcon_core.package_identification:_identify(phidgets_drivers/phidgets_drivers) by extension 'ros'
[0.111s] DEBUG:colcon.colcon_core.package_identification:Package 'phidgets_drivers/phidgets_drivers' with type 'ros.ament_cmake' and name 'phidgets_drivers'
[0.111s] Level 1:colcon.colcon_core.package_identification:_identify(phidgets_drivers/phidgets_gyroscope) by extensions ['ignore', 'ignore_ament_install']
[0.111s] Level 1:colcon.colcon_core.package_identification:_identify(phidgets_drivers/phidgets_gyroscope) by extension 'ignore'
[0.111s] Level 1:colcon.colcon_core.package_identification:_identify(phidgets_drivers/phidgets_gyroscope) by extension 'ignore_ament_install'
[0.111s] Level 1:colcon.colcon_core.package_identification:_identify(phidgets_drivers/phidgets_gyroscope) by extensions ['colcon_pkg']
[0.111s] Level 1:colcon.colcon_core.package_identification:_identify(phidgets_drivers/phidgets_gyroscope) by extension 'colcon_pkg'
[0.111s] Level 1:colcon.colcon_core.package_identification:_identify(phidgets_drivers/phidgets_gyroscope) by extensions ['colcon_meta']
[0.111s] Level 1:colcon.colcon_core.package_identification:_identify(phidgets_drivers/phidgets_gyroscope) by extension 'colcon_meta'
[0.111s] Level 1:colcon.colcon_core.package_identification:_identify(phidgets_drivers/phidgets_gyroscope) by extensions ['ros']
[0.111s] Level 1:colcon.colcon_core.package_identification:_identify(phidgets_drivers/phidgets_gyroscope) by extension 'ros'
[0.111s] DEBUG:colcon.colcon_core.package_identification:Package 'phidgets_drivers/phidgets_gyroscope' with type 'ros.ament_cmake' and name 'phidgets_gyroscope'
[0.112s] Level 1:colcon.colcon_core.package_identification:_identify(phidgets_drivers/phidgets_high_speed_encoder) by extensions ['ignore', 'ignore_ament_install']
[0.112s] Level 1:colcon.colcon_core.package_identification:_identify(phidgets_drivers/phidgets_high_speed_encoder) by extension 'ignore'
[0.112s] Level 1:colcon.colcon_core.package_identification:_identify(phidgets_drivers/phidgets_high_speed_encoder) by extension 'ignore_ament_install'
[0.112s] Level 1:colcon.colcon_core.package_identification:_identify(phidgets_drivers/phidgets_high_speed_encoder) by extensions ['colcon_pkg']
[0.112s] Level 1:colcon.colcon_core.package_identification:_identify(phidgets_drivers/phidgets_high_speed_encoder) by extension 'colcon_pkg'
[0.112s] Level 1:colcon.colcon_core.package_identification:_identify(phidgets_drivers/phidgets_high_speed_encoder) by extensions ['colcon_meta']
[0.112s] Level 1:colcon.colcon_core.package_identification:_identify(phidgets_drivers/phidgets_high_speed_encoder) by extension 'colcon_meta'
[0.112s] Level 1:colcon.colcon_core.package_identification:_identify(phidgets_drivers/phidgets_high_speed_encoder) by extensions ['ros']
[0.112s] Level 1:colcon.colcon_core.package_identification:_identify(phidgets_drivers/phidgets_high_speed_encoder) by extension 'ros'
[0.112s] DEBUG:colcon.colcon_core.package_identification:Package 'phidgets_drivers/phidgets_high_speed_encoder' with type 'ros.ament_cmake' and name 'phidgets_high_speed_encoder'
[0.112s] Level 1:colcon.colcon_core.package_identification:_identify(phidgets_drivers/phidgets_ik) by extensions ['ignore', 'ignore_ament_install']
[0.112s] Level 1:colcon.colcon_core.package_identification:_identify(phidgets_drivers/phidgets_ik) by extension 'ignore'
[0.112s] Level 1:colcon.colcon_core.package_identification:_identify(phidgets_drivers/phidgets_ik) by extension 'ignore_ament_install'
[0.112s] Level 1:colcon.colcon_core.package_identification:_identify(phidgets_drivers/phidgets_ik) by extensions ['colcon_pkg']
[0.112s] Level 1:colcon.colcon_core.package_identification:_identify(phidgets_drivers/phidgets_ik) by extension 'colcon_pkg'
[0.112s] Level 1:colcon.colcon_core.package_identification:_identify(phidgets_drivers/phidgets_ik) by extensions ['colcon_meta']
[0.112s] Level 1:colcon.colcon_core.package_identification:_identify(phidgets_drivers/phidgets_ik) by extension 'colcon_meta'
[0.112s] Level 1:colcon.colcon_core.package_identification:_identify(phidgets_drivers/phidgets_ik) by extensions ['ros']
[0.112s] Level 1:colcon.colcon_core.package_identification:_identify(phidgets_drivers/phidgets_ik) by extension 'ros'
[0.113s] DEBUG:colcon.colcon_core.package_identification:Package 'phidgets_drivers/phidgets_ik' with type 'ros.ament_cmake' and name 'phidgets_ik'
[0.113s] Level 1:colcon.colcon_core.package_identification:_identify(phidgets_drivers/phidgets_magnetometer) by extensions ['ignore', 'ignore_ament_install']
[0.113s] Level 1:colcon.colcon_core.package_identification:_identify(phidgets_drivers/phidgets_magnetometer) by extension 'ignore'
[0.113s] Level 1:colcon.colcon_core.package_identification:_identify(phidgets_drivers/phidgets_magnetometer) by extension 'ignore_ament_install'
[0.113s] Level 1:colcon.colcon_core.package_identification:_identify(phidgets_drivers/phidgets_magnetometer) by extensions ['colcon_pkg']
[0.113s] Level 1:colcon.colcon_core.package_identification:_identify(phidgets_drivers/phidgets_magnetometer) by extension 'colcon_pkg'
[0.113s] Level 1:colcon.colcon_core.package_identification:_identify(phidgets_drivers/phidgets_magnetometer) by extensions ['colcon_meta']
[0.113s] Level 1:colcon.colcon_core.package_identification:_identify(phidgets_drivers/phidgets_magnetometer) by extension 'colcon_meta'
[0.113s] Level 1:colcon.colcon_core.package_identification:_identify(phidgets_drivers/phidgets_magnetometer) by extensions ['ros']
[0.113s] Level 1:colcon.colcon_core.package_identification:_identify(phidgets_drivers/phidgets_magnetometer) by extension 'ros'
[0.113s] DEBUG:colcon.colcon_core.package_identification:Package 'phidgets_drivers/phidgets_magnetometer' with type 'ros.ament_cmake' and name 'phidgets_magnetometer'
[0.113s] Level 1:colcon.colcon_core.package_identification:_identify(phidgets_drivers/phidgets_motors) by extensions ['ignore', 'ignore_ament_install']
[0.113s] Level 1:colcon.colcon_core.package_identification:_identify(phidgets_drivers/phidgets_motors) by extension 'ignore'
[0.113s] Level 1:colcon.colcon_core.package_identification:_identify(phidgets_drivers/phidgets_motors) by extension 'ignore_ament_install'
[0.113s] Level 1:colcon.colcon_core.package_identification:_identify(phidgets_drivers/phidgets_motors) by extensions ['colcon_pkg']
[0.113s] Level 1:colcon.colcon_core.package_identification:_identify(phidgets_drivers/phidgets_motors) by extension 'colcon_pkg'
[0.113s] Level 1:colcon.colcon_core.package_identification:_identify(phidgets_drivers/phidgets_motors) by extensions ['colcon_meta']
[0.113s] Level 1:colcon.colcon_core.package_identification:_identify(phidgets_drivers/phidgets_motors) by extension 'colcon_meta'
[0.113s] Level 1:colcon.colcon_core.package_identification:_identify(phidgets_drivers/phidgets_motors) by extensions ['ros']
[0.114s] Level 1:colcon.colcon_core.package_identification:_identify(phidgets_drivers/phidgets_motors) by extension 'ros'
[0.114s] DEBUG:colcon.colcon_core.package_identification:Package 'phidgets_drivers/phidgets_motors' with type 'ros.ament_cmake' and name 'phidgets_motors'
[0.114s] Level 1:colcon.colcon_core.package_identification:_identify(phidgets_drivers/phidgets_msgs) by extensions ['ignore', 'ignore_ament_install']
[0.114s] Level 1:colcon.colcon_core.package_identification:_identify(phidgets_drivers/phidgets_msgs) by extension 'ignore'
[0.114s] Level 1:colcon.colcon_core.package_identification:_identify(phidgets_drivers/phidgets_msgs) by extension 'ignore_ament_install'
[0.114s] Level 1:colcon.colcon_core.package_identification:_identify(phidgets_drivers/phidgets_msgs) by extensions ['colcon_pkg']
[0.114s] Level 1:colcon.colcon_core.package_identification:_identify(phidgets_drivers/phidgets_msgs) by extension 'colcon_pkg'
[0.114s] Level 1:colcon.colcon_core.package_identification:_identify(phidgets_drivers/phidgets_msgs) by extensions ['colcon_meta']
[0.114s] Level 1:colcon.colcon_core.package_identification:_identify(phidgets_drivers/phidgets_msgs) by extension 'colcon_meta'
[0.114s] Level 1:colcon.colcon_core.package_identification:_identify(phidgets_drivers/phidgets_msgs) by extensions ['ros']
[0.114s] Level 1:colcon.colcon_core.package_identification:_identify(phidgets_drivers/phidgets_msgs) by extension 'ros'
[0.114s] DEBUG:colcon.colcon_core.package_identification:Package 'phidgets_drivers/phidgets_msgs' with type 'ros.ament_cmake' and name 'phidgets_msgs'
[0.114s] Level 1:colcon.colcon_core.package_identification:_identify(phidgets_drivers/phidgets_spatial) by extensions ['ignore', 'ignore_ament_install']
[0.114s] Level 1:colcon.colcon_core.package_identification:_identify(phidgets_drivers/phidgets_spatial) by extension 'ignore'
[0.115s] Level 1:colcon.colcon_core.package_identification:_identify(phidgets_drivers/phidgets_spatial) by extension 'ignore_ament_install'
[0.115s] Level 1:colcon.colcon_core.package_identification:_identify(phidgets_drivers/phidgets_spatial) by extensions ['colcon_pkg']
[0.115s] Level 1:colcon.colcon_core.package_identification:_identify(phidgets_drivers/phidgets_spatial) by extension 'colcon_pkg'
[0.115s] Level 1:colcon.colcon_core.package_identification:_identify(phidgets_drivers/phidgets_spatial) by extensions ['colcon_meta']
[0.115s] Level 1:colcon.colcon_core.package_identification:_identify(phidgets_drivers/phidgets_spatial) by extension 'colcon_meta'
[0.115s] Level 1:colcon.colcon_core.package_identification:_identify(phidgets_drivers/phidgets_spatial) by extensions ['ros']
[0.115s] Level 1:colcon.colcon_core.package_identification:_identify(phidgets_drivers/phidgets_spatial) by extension 'ros'
[0.115s] DEBUG:colcon.colcon_core.package_identification:Package 'phidgets_drivers/phidgets_spatial' with type 'ros.ament_cmake' and name 'phidgets_spatial'
[0.115s] Level 1:colcon.colcon_core.package_identification:_identify(phidgets_drivers/phidgets_stepper) by extensions ['ignore', 'ignore_ament_install']
[0.115s] Level 1:colcon.colcon_core.package_identification:_identify(phidgets_drivers/phidgets_stepper) by extension 'ignore'
[0.115s] Level 1:colcon.colcon_core.package_identification:_identify(phidgets_drivers/phidgets_stepper) by extension 'ignore_ament_install'
[0.115s] Level 1:colcon.colcon_core.package_identification:_identify(phidgets_drivers/phidgets_stepper) by extensions ['colcon_pkg']
[0.115s] Level 1:colcon.colcon_core.package_identification:_identify(phidgets_drivers/phidgets_stepper) by extension 'colcon_pkg'
[0.115s] Level 1:colcon.colcon_core.package_identification:_identify(phidgets_drivers/phidgets_stepper) by extensions ['colcon_meta']
[0.115s] Level 1:colcon.colcon_core.package_identification:_identify(phidgets_drivers/phidgets_stepper) by extension 'colcon_meta'
[0.115s] Level 1:colcon.colcon_core.package_identification:_identify(phidgets_drivers/phidgets_stepper) by extensions ['ros']
[0.115s] Level 1:colcon.colcon_core.package_identification:_identify(phidgets_drivers/phidgets_stepper) by extension 'ros'
[0.116s] DEBUG:colcon.colcon_core.package_identification:Package 'phidgets_drivers/phidgets_stepper' with type 'ros.ament_cmake' and name 'phidgets_stepper'
[0.116s] Level 1:colcon.colcon_core.package_identification:_identify(phidgets_drivers/phidgets_temperature) by extensions ['ignore', 'ignore_ament_install']
[0.116s] Level 1:colcon.colcon_core.package_identification:_identify(phidgets_drivers/phidgets_temperature) by extension 'ignore'
[0.116s] Level 1:colcon.colcon_core.package_identification:_identify(phidgets_drivers/phidgets_temperature) by extension 'ignore_ament_install'
[0.116s] Level 1:colcon.colcon_core.package_identification:_identify(phidgets_drivers/phidgets_temperature) by extensions ['colcon_pkg']
[0.116s] Level 1:colcon.colcon_core.package_identification:_identify(phidgets_drivers/phidgets_temperature) by extension 'colcon_pkg'
[0.116s] Level 1:colcon.colcon_core.package_identification:_identify(phidgets_drivers/phidgets_temperature) by extensions ['colcon_meta']
[0.116s] Level 1:colcon.colcon_core.package_identification:_identify(phidgets_drivers/phidgets_temperature) by extension 'colcon_meta'
[0.116s] Level 1:colcon.colcon_core.package_identification:_identify(phidgets_drivers/phidgets_temperature) by extensions ['ros']
[0.116s] Level 1:colcon.colcon_core.package_identification:_identify(phidgets_drivers/phidgets_temperature) by extension 'ros'
[0.116s] DEBUG:colcon.colcon_core.package_identification:Package 'phidgets_drivers/phidgets_temperature' with type 'ros.ament_cmake' and name 'phidgets_temperature'
[0.116s] Level 1:colcon.colcon_core.package_discovery:discover_packages(recursive) using defaults
[0.116s] Level 1:colcon.colcon_core.package_discovery:discover_packages(ignore) discover
[0.116s] Level 1:colcon.colcon_core.package_discovery:discover_packages(ignore) using defaults
[0.116s] Level 1:colcon.colcon_core.package_discovery:discover_packages(path) discover
[0.116s] Level 1:colcon.colcon_core.package_discovery:discover_packages(path) using defaults
[0.130s] Level 1:colcon.colcon_core.package_discovery:discover_packages(prefix_path) check parameters
[0.130s] Level 1:colcon.colcon_core.package_discovery:discover_packages(prefix_path) discover
[0.131s] DEBUG:colcon.colcon_installed_package_information.package_discovery:Found 208 installed packages in /opt/ros/jazzy
[0.131s] Level 1:colcon.colcon_core.package_discovery:discover_packages(prefix_path) using defaults
[0.148s] Level 5:colcon.colcon_core.verb:set package 'imu' build argument 'cmake_args' from command line to 'None'
[0.148s] Level 5:colcon.colcon_core.verb:set package 'imu' build argument 'cmake_target' from command line to 'None'
[0.148s] Level 5:colcon.colcon_core.verb:set package 'imu' build argument 'cmake_target_skip_unavailable' from command line to 'False'
[0.148s] Level 5:colcon.colcon_core.verb:set package 'imu' build argument 'cmake_clean_cache' from command line to 'False'
[0.148s] Level 5:colcon.colcon_core.verb:set package 'imu' build argument 'cmake_clean_first' from command line to 'False'
[0.148s] Level 5:colcon.colcon_core.verb:set package 'imu' build argument 'cmake_force_configure' from command line to 'False'
[0.148s] Level 5:colcon.colcon_core.verb:set package 'imu' build argument 'ament_cmake_args' from command line to 'None'
[0.148s] Level 5:colcon.colcon_core.verb:set package 'imu' build argument 'catkin_cmake_args' from command line to 'None'
[0.148s] Level 5:colcon.colcon_core.verb:set package 'imu' build argument 'catkin_skip_building_tests' from command line to 'False'
[0.148s] DEBUG:colcon.colcon_core.verb:Building package 'imu' with the following arguments: {'ament_cmake_args': None, 'build_base': '/home/pioneer1/Documents/Rover/src/build/imu', 'catkin_cmake_args': None, 'catkin_skip_building_tests': False, 'cmake_args': None, 'cmake_clean_cache': False, 'cmake_clean_first': False, 'cmake_force_configure': False, 'cmake_target': None, 'cmake_target_skip_unavailable': False, 'install_base': '/home/pioneer1/Documents/Rover/src/install/imu', 'merge_install': False, 'path': '/home/pioneer1/Documents/Rover/src/imu', 'symlink_install': False, 'test_result_base': None}
[0.149s] Level 5:colcon.colcon_core.verb:set package 'libphidget22' build argument 'cmake_args' from command line to 'None'
[0.149s] Level 5:colcon.colcon_core.verb:set package 'libphidget22' build argument 'cmake_target' from command line to 'None'
[0.149s] Level 5:colcon.colcon_core.verb:set package 'libphidget22' build argument 'cmake_target_skip_unavailable' from command line to 'False'
[0.149s] Level 5:colcon.colcon_core.verb:set package 'libphidget22' build argument 'cmake_clean_cache' from command line to 'False'
[0.149s] Level 5:colcon.colcon_core.verb:set package 'libphidget22' build argument 'cmake_clean_first' from command line to 'False'
[0.149s] Level 5:colcon.colcon_core.verb:set package 'libphidget22' build argument 'cmake_force_configure' from command line to 'False'
[0.149s] Level 5:colcon.colcon_core.verb:set package 'libphidget22' build argument 'ament_cmake_args' from command line to 'None'
[0.149s] Level 5:colcon.colcon_core.verb:set package 'libphidget22' build argument 'catkin_cmake_args' from command line to 'None'
[0.149s] Level 5:colcon.colcon_core.verb:set package 'libphidget22' build argument 'catkin_skip_building_tests' from command line to 'False'
[0.149s] DEBUG:colcon.colcon_core.verb:Building package 'libphidget22' with the following arguments: {'ament_cmake_args': None, 'build_base': '/home/pioneer1/Documents/Rover/src/build/libphidget22', 'catkin_cmake_args': None, 'catkin_skip_building_tests': False, 'cmake_args': None, 'cmake_clean_cache': False, 'cmake_clean_first': False, 'cmake_force_configure': False, 'cmake_target': None, 'cmake_target_skip_unavailable': False, 'install_base': '/home/pioneer1/Documents/Rover/src/install/libphidget22', 'merge_install': False, 'path': '/home/pioneer1/Documents/Rover/src/phidgets_drivers/libphidget22', 'symlink_install': False, 'test_result_base': None}
[0.149s] Level 5:colcon.colcon_core.verb:set package 'phidget' build argument 'cmake_args' from command line to 'None'
[0.149s] Level 5:colcon.colcon_core.verb:set package 'phidget' build argument 'cmake_target' from command line to 'None'
[0.149s] Level 5:colcon.colcon_core.verb:set package 'phidget' build argument 'cmake_target_skip_unavailable' from command line to 'False'
[0.149s] Level 5:colcon.colcon_core.verb:set package 'phidget' build argument 'cmake_clean_cache' from command line to 'False'
[0.149s] Level 5:colcon.colcon_core.verb:set package 'phidget' build argument 'cmake_clean_first' from command line to 'False'
[0.149s] Level 5:colcon.colcon_core.verb:set package 'phidget' build argument 'cmake_force_configure' from command line to 'False'
[0.149s] Level 5:colcon.colcon_core.verb:set package 'phidget' build argument 'ament_cmake_args' from command line to 'None'
[0.149s] Level 5:colcon.colcon_core.verb:set package 'phidget' build argument 'catkin_cmake_args' from command line to 'None'
[0.149s] Level 5:colcon.colcon_core.verb:set package 'phidget' build argument 'catkin_skip_building_tests' from command line to 'False'
[0.149s] DEBUG:colcon.colcon_core.verb:Building package 'phidget' with the following arguments: {'ament_cmake_args': None, 'build_base': '/home/pioneer1/Documents/Rover/src/build/phidget', 'catkin_cmake_args': None, 'catkin_skip_building_tests': False, 'cmake_args': None, 'cmake_clean_cache': False, 'cmake_clean_first': False, 'cmake_force_configure': False, 'cmake_target': None, 'cmake_target_skip_unavailable': False, 'install_base': '/home/pioneer1/Documents/Rover/src/install/phidget', 'merge_install': False, 'path': '/home/pioneer1/Documents/Rover/src/phidget', 'symlink_install': False, 'test_result_base': None}
[0.149s] Level 5:colcon.colcon_core.verb:set package 'phidgets_msgs' build argument 'cmake_args' from command line to 'None'
[0.149s] Level 5:colcon.colcon_core.verb:set package 'phidgets_msgs' build argument 'cmake_target' from command line to 'None'
[0.149s] Level 5:colcon.colcon_core.verb:set package 'phidgets_msgs' build argument 'cmake_target_skip_unavailable' from command line to 'False'
[0.149s] Level 5:colcon.colcon_core.verb:set package 'phidgets_msgs' build argument 'cmake_clean_cache' from command line to 'False'
[0.149s] Level 5:colcon.colcon_core.verb:set package 'phidgets_msgs' build argument 'cmake_clean_first' from command line to 'False'
[0.149s] Level 5:colcon.colcon_core.verb:set package 'phidgets_msgs' build argument 'cmake_force_configure' from command line to 'False'
[0.149s] Level 5:colcon.colcon_core.verb:set package 'phidgets_msgs' build argument 'ament_cmake_args' from command line to 'None'
[0.149s] Level 5:colcon.colcon_core.verb:set package 'phidgets_msgs' build argument 'catkin_cmake_args' from command line to 'None'
[0.149s] Level 5:colcon.colcon_core.verb:set package 'phidgets_msgs' build argument 'catkin_skip_building_tests' from command line to 'False'
[0.149s] DEBUG:colcon.colcon_core.verb:Building package 'phidgets_msgs' with the following arguments: {'ament_cmake_args': None, 'build_base': '/home/pioneer1/Documents/Rover/src/build/phidgets_msgs', 'catkin_cmake_args': None, 'catkin_skip_building_tests': False, 'cmake_args': None, 'cmake_clean_cache': False, 'cmake_clean_first': False, 'cmake_force_configure': False, 'cmake_target': None, 'cmake_target_skip_unavailable': False, 'install_base': '/home/pioneer1/Documents/Rover/src/install/phidgets_msgs', 'merge_install': False, 'path': '/home/pioneer1/Documents/Rover/src/phidgets_drivers/phidgets_msgs', 'symlink_install': False, 'test_result_base': None}
[0.149s] Level 5:colcon.colcon_core.verb:set package 'phidgets_api' build argument 'cmake_args' from command line to 'None'
[0.149s] Level 5:colcon.colcon_core.verb:set package 'phidgets_api' build argument 'cmake_target' from command line to 'None'
[0.149s] Level 5:colcon.colcon_core.verb:set package 'phidgets_api' build argument 'cmake_target_skip_unavailable' from command line to 'False'
[0.149s] Level 5:colcon.colcon_core.verb:set package 'phidgets_api' build argument 'cmake_clean_cache' from command line to 'False'
[0.149s] Level 5:colcon.colcon_core.verb:set package 'phidgets_api' build argument 'cmake_clean_first' from command line to 'False'
[0.149s] Level 5:colcon.colcon_core.verb:set package 'phidgets_api' build argument 'cmake_force_configure' from command line to 'False'
[0.149s] Level 5:colcon.colcon_core.verb:set package 'phidgets_api' build argument 'ament_cmake_args' from command line to 'None'
[0.149s] Level 5:colcon.colcon_core.verb:set package 'phidgets_api' build argument 'catkin_cmake_args' from command line to 'None'
[0.149s] Level 5:colcon.colcon_core.verb:set package 'phidgets_api' build argument 'catkin_skip_building_tests' from command line to 'False'
[0.149s] DEBUG:colcon.colcon_core.verb:Building package 'phidgets_api' with the following arguments: {'ament_cmake_args': None, 'build_base': '/home/pioneer1/Documents/Rover/src/build/phidgets_api', 'catkin_cmake_args': None, 'catkin_skip_building_tests': False, 'cmake_args': None, 'cmake_clean_cache': False, 'cmake_clean_first': False, 'cmake_force_configure': False, 'cmake_target': None, 'cmake_target_skip_unavailable': False, 'install_base': '/home/pioneer1/Documents/Rover/src/install/phidgets_api', 'merge_install': False, 'path': '/home/pioneer1/Documents/Rover/src/phidgets_drivers/phidgets_api', 'symlink_install': False, 'test_result_base': None}
[0.150s] Level 5:colcon.colcon_core.verb:set package 'phidgets_accelerometer' build argument 'cmake_args' from command line to 'None'
[0.150s] Level 5:colcon.colcon_core.verb:set package 'phidgets_accelerometer' build argument 'cmake_target' from command line to 'None'
[0.150s] Level 5:colcon.colcon_core.verb:set package 'phidgets_accelerometer' build argument 'cmake_target_skip_unavailable' from command line to 'False'
[0.150s] Level 5:colcon.colcon_core.verb:set package 'phidgets_accelerometer' build argument 'cmake_clean_cache' from command line to 'False'
[0.150s] Level 5:colcon.colcon_core.verb:set package 'phidgets_accelerometer' build argument 'cmake_clean_first' from command line to 'False'
[0.150s] Level 5:colcon.colcon_core.verb:set package 'phidgets_accelerometer' build argument 'cmake_force_configure' from command line to 'False'
[0.150s] Level 5:colcon.colcon_core.verb:set package 'phidgets_accelerometer' build argument 'ament_cmake_args' from command line to 'None'
[0.150s] Level 5:colcon.colcon_core.verb:set package 'phidgets_accelerometer' build argument 'catkin_cmake_args' from command line to 'None'
[0.150s] Level 5:colcon.colcon_core.verb:set package 'phidgets_accelerometer' build argument 'catkin_skip_building_tests' from command line to 'False'
[0.150s] DEBUG:colcon.colcon_core.verb:Building package 'phidgets_accelerometer' with the following arguments: {'ament_cmake_args': None, 'build_base': '/home/pioneer1/Documents/Rover/src/build/phidgets_accelerometer', 'catkin_cmake_args': None, 'catkin_skip_building_tests': False, 'cmake_args': None, 'cmake_clean_cache': False, 'cmake_clean_first': False, 'cmake_force_configure': False, 'cmake_target': None, 'cmake_target_skip_unavailable': False, 'install_base': '/home/pioneer1/Documents/Rover/src/install/phidgets_accelerometer', 'merge_install': False, 'path': '/home/pioneer1/Documents/Rover/src/phidgets_drivers/phidgets_accelerometer', 'symlink_install': False, 'test_result_base': None}
[0.150s] Level 5:colcon.colcon_core.verb:set package 'phidgets_analog_inputs' build argument 'cmake_args' from command line to 'None'
[0.150s] Level 5:colcon.colcon_core.verb:set package 'phidgets_analog_inputs' build argument 'cmake_target' from command line to 'None'
[0.150s] Level 5:colcon.colcon_core.verb:set package 'phidgets_analog_inputs' build argument 'cmake_target_skip_unavailable' from command line to 'False'
[0.150s] Level 5:colcon.colcon_core.verb:set package 'phidgets_analog_inputs' build argument 'cmake_clean_cache' from command line to 'False'
[0.150s] Level 5:colcon.colcon_core.verb:set package 'phidgets_analog_inputs' build argument 'cmake_clean_first' from command line to 'False'
[0.150s] Level 5:colcon.colcon_core.verb:set package 'phidgets_analog_inputs' build argument 'cmake_force_configure' from command line to 'False'
[0.150s] Level 5:colcon.colcon_core.verb:set package 'phidgets_analog_inputs' build argument 'ament_cmake_args' from command line to 'None'
[0.150s] Level 5:colcon.colcon_core.verb:set package 'phidgets_analog_inputs' build argument 'catkin_cmake_args' from command line to 'None'
[0.150s] Level 5:colcon.colcon_core.verb:set package 'phidgets_analog_inputs' build argument 'catkin_skip_building_tests' from command line to 'False'
[0.150s] DEBUG:colcon.colcon_core.verb:Building package 'phidgets_analog_inputs' with the following arguments: {'ament_cmake_args': None, 'build_base': '/home/pioneer1/Documents/Rover/src/build/phidgets_analog_inputs', 'catkin_cmake_args': None, 'catkin_skip_building_tests': False, 'cmake_args': None, 'cmake_clean_cache': False, 'cmake_clean_first': False, 'cmake_force_configure': False, 'cmake_target': None, 'cmake_target_skip_unavailable': False, 'install_base': '/home/pioneer1/Documents/Rover/src/install/phidgets_analog_inputs', 'merge_install': False, 'path': '/home/pioneer1/Documents/Rover/src/phidgets_drivers/phidgets_analog_inputs', 'symlink_install': False, 'test_result_base': None}
[0.150s] Level 5:colcon.colcon_core.verb:set package 'phidgets_analog_outputs' build argument 'cmake_args' from command line to 'None'
[0.150s] Level 5:colcon.colcon_core.verb:set package 'phidgets_analog_outputs' build argument 'cmake_target' from command line to 'None'
[0.150s] Level 5:colcon.colcon_core.verb:set package 'phidgets_analog_outputs' build argument 'cmake_target_skip_unavailable' from command line to 'False'
[0.150s] Level 5:colcon.colcon_core.verb:set package 'phidgets_analog_outputs' build argument 'cmake_clean_cache' from command line to 'False'
[0.150s] Level 5:colcon.colcon_core.verb:set package 'phidgets_analog_outputs' build argument 'cmake_clean_first' from command line to 'False'
[0.150s] Level 5:colcon.colcon_core.verb:set package 'phidgets_analog_outputs' build argument 'cmake_force_configure' from command line to 'False'
[0.150s] Level 5:colcon.colcon_core.verb:set package 'phidgets_analog_outputs' build argument 'ament_cmake_args' from command line to 'None'
[0.150s] Level 5:colcon.colcon_core.verb:set package 'phidgets_analog_outputs' build argument 'catkin_cmake_args' from command line to 'None'
[0.150s] Level 5:colcon.colcon_core.verb:set package 'phidgets_analog_outputs' build argument 'catkin_skip_building_tests' from command line to 'False'
[0.150s] DEBUG:colcon.colcon_core.verb:Building package 'phidgets_analog_outputs' with the following arguments: {'ament_cmake_args': None, 'build_base': '/home/pioneer1/Documents/Rover/src/build/phidgets_analog_outputs', 'catkin_cmake_args': None, 'catkin_skip_building_tests': False, 'cmake_args': None, 'cmake_clean_cache': False, 'cmake_clean_first': False, 'cmake_force_configure': False, 'cmake_target': None, 'cmake_target_skip_unavailable': False, 'install_base': '/home/pioneer1/Documents/Rover/src/install/phidgets_analog_outputs', 'merge_install': False, 'path': '/home/pioneer1/Documents/Rover/src/phidgets_drivers/phidgets_analog_outputs', 'symlink_install': False, 'test_result_base': None}
[0.150s] Level 5:colcon.colcon_core.verb:set package 'phidgets_digital_inputs' build argument 'cmake_args' from command line to 'None'
[0.150s] Level 5:colcon.colcon_core.verb:set package 'phidgets_digital_inputs' build argument 'cmake_target' from command line to 'None'
[0.150s] Level 5:colcon.colcon_core.verb:set package 'phidgets_digital_inputs' build argument 'cmake_target_skip_unavailable' from command line to 'False'
[0.150s] Level 5:colcon.colcon_core.verb:set package 'phidgets_digital_inputs' build argument 'cmake_clean_cache' from command line to 'False'
[0.150s] Level 5:colcon.colcon_core.verb:set package 'phidgets_digital_inputs' build argument 'cmake_clean_first' from command line to 'False'
[0.150s] Level 5:colcon.colcon_core.verb:set package 'phidgets_digital_inputs' build argument 'cmake_force_configure' from command line to 'False'
[0.150s] Level 5:colcon.colcon_core.verb:set package 'phidgets_digital_inputs' build argument 'ament_cmake_args' from command line to 'None'
[0.150s] Level 5:colcon.colcon_core.verb:set package 'phidgets_digital_inputs' build argument 'catkin_cmake_args' from command line to 'None'
[0.150s] Level 5:colcon.colcon_core.verb:set package 'phidgets_digital_inputs' build argument 'catkin_skip_building_tests' from command line to 'False'
[0.150s] DEBUG:colcon.colcon_core.verb:Building package 'phidgets_digital_inputs' with the following arguments: {'ament_cmake_args': None, 'build_base': '/home/pioneer1/Documents/Rover/src/build/phidgets_digital_inputs', 'catkin_cmake_args': None, 'catkin_skip_building_tests': False, 'cmake_args': None, 'cmake_clean_cache': False, 'cmake_clean_first': False, 'cmake_force_configure': False, 'cmake_target': None, 'cmake_target_skip_unavailable': False, 'install_base': '/home/pioneer1/Documents/Rover/src/install/phidgets_digital_inputs', 'merge_install': False, 'path': '/home/pioneer1/Documents/Rover/src/phidgets_drivers/phidgets_digital_inputs', 'symlink_install': False, 'test_result_base': None}
[0.151s] Level 5:colcon.colcon_core.verb:set package 'phidgets_digital_outputs' build argument 'cmake_args' from command line to 'None'
[0.151s] Level 5:colcon.colcon_core.verb:set package 'phidgets_digital_outputs' build argument 'cmake_target' from command line to 'None'
[0.151s] Level 5:colcon.colcon_core.verb:set package 'phidgets_digital_outputs' build argument 'cmake_target_skip_unavailable' from command line to 'False'
[0.151s] Level 5:colcon.colcon_core.verb:set package 'phidgets_digital_outputs' build argument 'cmake_clean_cache' from command line to 'False'
[0.151s] Level 5:colcon.colcon_core.verb:set package 'phidgets_digital_outputs' build argument 'cmake_clean_first' from command line to 'False'
[0.151s] Level 5:colcon.colcon_core.verb:set package 'phidgets_digital_outputs' build argument 'cmake_force_configure' from command line to 'False'
[0.151s] Level 5:colcon.colcon_core.verb:set package 'phidgets_digital_outputs' build argument 'ament_cmake_args' from command line to 'None'
[0.151s] Level 5:colcon.colcon_core.verb:set package 'phidgets_digital_outputs' build argument 'catkin_cmake_args' from command line to 'None'
[0.151s] Level 5:colcon.colcon_core.verb:set package 'phidgets_digital_outputs' build argument 'catkin_skip_building_tests' from command line to 'False'
[0.151s] DEBUG:colcon.colcon_core.verb:Building package 'phidgets_digital_outputs' with the following arguments: {'ament_cmake_args': None, 'build_base': '/home/pioneer1/Documents/Rover/src/build/phidgets_digital_outputs', 'catkin_cmake_args': None, 'catkin_skip_building_tests': False, 'cmake_args': None, 'cmake_clean_cache': False, 'cmake_clean_first': False, 'cmake_force_configure': False, 'cmake_target': None, 'cmake_target_skip_unavailable': False, 'install_base': '/home/pioneer1/Documents/Rover/src/install/phidgets_digital_outputs', 'merge_install': False, 'path': '/home/pioneer1/Documents/Rover/src/phidgets_drivers/phidgets_digital_outputs', 'symlink_install': False, 'test_result_base': None}
[0.151s] Level 5:colcon.colcon_core.verb:set package 'phidgets_gyroscope' build argument 'cmake_args' from command line to 'None'
[0.151s] Level 5:colcon.colcon_core.verb:set package 'phidgets_gyroscope' build argument 'cmake_target' from command line to 'None'
[0.151s] Level 5:colcon.colcon_core.verb:set package 'phidgets_gyroscope' build argument 'cmake_target_skip_unavailable' from command line to 'False'
[0.151s] Level 5:colcon.colcon_core.verb:set package 'phidgets_gyroscope' build argument 'cmake_clean_cache' from command line to 'False'
[0.151s] Level 5:colcon.colcon_core.verb:set package 'phidgets_gyroscope' build argument 'cmake_clean_first' from command line to 'False'
[0.151s] Level 5:colcon.colcon_core.verb:set package 'phidgets_gyroscope' build argument 'cmake_force_configure' from command line to 'False'
[0.151s] Level 5:colcon.colcon_core.verb:set package 'phidgets_gyroscope' build argument 'ament_cmake_args' from command line to 'None'
[0.151s] Level 5:colcon.colcon_core.verb:set package 'phidgets_gyroscope' build argument 'catkin_cmake_args' from command line to 'None'
[0.151s] Level 5:colcon.colcon_core.verb:set package 'phidgets_gyroscope' build argument 'catkin_skip_building_tests' from command line to 'False'
[0.151s] DEBUG:colcon.colcon_core.verb:Building package 'phidgets_gyroscope' with the following arguments: {'ament_cmake_args': None, 'build_base': '/home/pioneer1/Documents/Rover/src/build/phidgets_gyroscope', 'catkin_cmake_args': None, 'catkin_skip_building_tests': False, 'cmake_args': None, 'cmake_clean_cache': False, 'cmake_clean_first': False, 'cmake_force_configure': False, 'cmake_target': None, 'cmake_target_skip_unavailable': False, 'install_base': '/home/pioneer1/Documents/Rover/src/install/phidgets_gyroscope', 'merge_install': False, 'path': '/home/pioneer1/Documents/Rover/src/phidgets_drivers/phidgets_gyroscope', 'symlink_install': False, 'test_result_base': None}
[0.151s] Level 5:colcon.colcon_core.verb:set package 'phidgets_high_speed_encoder' build argument 'cmake_args' from command line to 'None'
[0.151s] Level 5:colcon.colcon_core.verb:set package 'phidgets_high_speed_encoder' build argument 'cmake_target' from command line to 'None'
[0.151s] Level 5:colcon.colcon_core.verb:set package 'phidgets_high_speed_encoder' build argument 'cmake_target_skip_unavailable' from command line to 'False'
[0.151s] Level 5:colcon.colcon_core.verb:set package 'phidgets_high_speed_encoder' build argument 'cmake_clean_cache' from command line to 'False'
[0.151s] Level 5:colcon.colcon_core.verb:set package 'phidgets_high_speed_encoder' build argument 'cmake_clean_first' from command line to 'False'
[0.151s] Level 5:colcon.colcon_core.verb:set package 'phidgets_high_speed_encoder' build argument 'cmake_force_configure' from command line to 'False'
[0.151s] Level 5:colcon.colcon_core.verb:set package 'phidgets_high_speed_encoder' build argument 'ament_cmake_args' from command line to 'None'
[0.151s] Level 5:colcon.colcon_core.verb:set package 'phidgets_high_speed_encoder' build argument 'catkin_cmake_args' from command line to 'None'
[0.151s] Level 5:colcon.colcon_core.verb:set package 'phidgets_high_speed_encoder' build argument 'catkin_skip_building_tests' from command line to 'False'
[0.151s] DEBUG:colcon.colcon_core.verb:Building package 'phidgets_high_speed_encoder' with the following arguments: {'ament_cmake_args': None, 'build_base': '/home/pioneer1/Documents/Rover/src/build/phidgets_high_speed_encoder', 'catkin_cmake_args': None, 'catkin_skip_building_tests': False, 'cmake_args': None, 'cmake_clean_cache': False, 'cmake_clean_first': False, 'cmake_force_configure': False, 'cmake_target': None, 'cmake_target_skip_unavailable': False, 'install_base': '/home/pioneer1/Documents/Rover/src/install/phidgets_high_speed_encoder', 'merge_install': False, 'path': '/home/pioneer1/Documents/Rover/src/phidgets_drivers/phidgets_high_speed_encoder', 'symlink_install': False, 'test_result_base': None}
[0.151s] Level 5:colcon.colcon_core.verb:set package 'phidgets_magnetometer' build argument 'cmake_args' from command line to 'None'
[0.151s] Level 5:colcon.colcon_core.verb:set package 'phidgets_magnetometer' build argument 'cmake_target' from command line to 'None'
[0.151s] Level 5:colcon.colcon_core.verb:set package 'phidgets_magnetometer' build argument 'cmake_target_skip_unavailable' from command line to 'False'
[0.151s] Level 5:colcon.colcon_core.verb:set package 'phidgets_magnetometer' build argument 'cmake_clean_cache' from command line to 'False'
[0.151s] Level 5:colcon.colcon_core.verb:set package 'phidgets_magnetometer' build argument 'cmake_clean_first' from command line to 'False'
[0.151s] Level 5:colcon.colcon_core.verb:set package 'phidgets_magnetometer' build argument 'cmake_force_configure' from command line to 'False'
[0.151s] Level 5:colcon.colcon_core.verb:set package 'phidgets_magnetometer' build argument 'ament_cmake_args' from command line to 'None'
[0.151s] Level 5:colcon.colcon_core.verb:set package 'phidgets_magnetometer' build argument 'catkin_cmake_args' from command line to 'None'
[0.151s] Level 5:colcon.colcon_core.verb:set package 'phidgets_magnetometer' build argument 'catkin_skip_building_tests' from command line to 'False'
[0.151s] DEBUG:colcon.colcon_core.verb:Building package 'phidgets_magnetometer' with the following arguments: {'ament_cmake_args': None, 'build_base': '/home/pioneer1/Documents/Rover/src/build/phidgets_magnetometer', 'catkin_cmake_args': None, 'catkin_skip_building_tests': False, 'cmake_args': None, 'cmake_clean_cache': False, 'cmake_clean_first': False, 'cmake_force_configure': False, 'cmake_target': None, 'cmake_target_skip_unavailable': False, 'install_base': '/home/pioneer1/Documents/Rover/src/install/phidgets_magnetometer', 'merge_install': False, 'path': '/home/pioneer1/Documents/Rover/src/phidgets_drivers/phidgets_magnetometer', 'symlink_install': False, 'test_result_base': None}
[0.152s] Level 5:colcon.colcon_core.verb:set package 'phidgets_motors' build argument 'cmake_args' from command line to 'None'
[0.152s] Level 5:colcon.colcon_core.verb:set package 'phidgets_motors' build argument 'cmake_target' from command line to 'None'
[0.152s] Level 5:colcon.colcon_core.verb:set package 'phidgets_motors' build argument 'cmake_target_skip_unavailable' from command line to 'False'
[0.152s] Level 5:colcon.colcon_core.verb:set package 'phidgets_motors' build argument 'cmake_clean_cache' from command line to 'False'
[0.152s] Level 5:colcon.colcon_core.verb:set package 'phidgets_motors' build argument 'cmake_clean_first' from command line to 'False'
[0.152s] Level 5:colcon.colcon_core.verb:set package 'phidgets_motors' build argument 'cmake_force_configure' from command line to 'False'
[0.152s] Level 5:colcon.colcon_core.verb:set package 'phidgets_motors' build argument 'ament_cmake_args' from command line to 'None'
[0.152s] Level 5:colcon.colcon_core.verb:set package 'phidgets_motors' build argument 'catkin_cmake_args' from command line to 'None'
[0.152s] Level 5:colcon.colcon_core.verb:set package 'phidgets_motors' build argument 'catkin_skip_building_tests' from command line to 'False'
[0.152s] DEBUG:colcon.colcon_core.verb:Building package 'phidgets_motors' with the following arguments: {'ament_cmake_args': None, 'build_base': '/home/pioneer1/Documents/Rover/src/build/phidgets_motors', 'catkin_cmake_args': None, 'catkin_skip_building_tests': False, 'cmake_args': None, 'cmake_clean_cache': False, 'cmake_clean_first': False, 'cmake_force_configure': False, 'cmake_target': None, 'cmake_target_skip_unavailable': False, 'install_base': '/home/pioneer1/Documents/Rover/src/install/phidgets_motors', 'merge_install': False, 'path': '/home/pioneer1/Documents/Rover/src/phidgets_drivers/phidgets_motors', 'symlink_install': False, 'test_result_base': None}
[0.152s] Level 5:colcon.colcon_core.verb:set package 'phidgets_spatial' build argument 'cmake_args' from command line to 'None'
[0.152s] Level 5:colcon.colcon_core.verb:set package 'phidgets_spatial' build argument 'cmake_target' from command line to 'None'
[0.152s] Level 5:colcon.colcon_core.verb:set package 'phidgets_spatial' build argument 'cmake_target_skip_unavailable' from command line to 'False'
[0.152s] Level 5:colcon.colcon_core.verb:set package 'phidgets_spatial' build argument 'cmake_clean_cache' from command line to 'False'
[0.152s] Level 5:colcon.colcon_core.verb:set package 'phidgets_spatial' build argument 'cmake_clean_first' from command line to 'False'
[0.152s] Level 5:colcon.colcon_core.verb:set package 'phidgets_spatial' build argument 'cmake_force_configure' from command line to 'False'
[0.152s] Level 5:colcon.colcon_core.verb:set package 'phidgets_spatial' build argument 'ament_cmake_args' from command line to 'None'
[0.152s] Level 5:colcon.colcon_core.verb:set package 'phidgets_spatial' build argument 'catkin_cmake_args' from command line to 'None'
[0.152s] Level 5:colcon.colcon_core.verb:set package 'phidgets_spatial' build argument 'catkin_skip_building_tests' from command line to 'False'
[0.152s] DEBUG:colcon.colcon_core.verb:Building package 'phidgets_spatial' with the following arguments: {'ament_cmake_args': None, 'build_base': '/home/pioneer1/Documents/Rover/src/build/phidgets_spatial', 'catkin_cmake_args': None, 'catkin_skip_building_tests': False, 'cmake_args': None, 'cmake_clean_cache': False, 'cmake_clean_first': False, 'cmake_force_configure': False, 'cmake_target': None, 'cmake_target_skip_unavailable': False, 'install_base': '/home/pioneer1/Documents/Rover/src/install/phidgets_spatial', 'merge_install': False, 'path': '/home/pioneer1/Documents/Rover/src/phidgets_drivers/phidgets_spatial', 'symlink_install': False, 'test_result_base': None}
[0.152s] Level 5:colcon.colcon_core.verb:set package 'phidgets_stepper' build argument 'cmake_args' from command line to 'None'
[0.152s] Level 5:colcon.colcon_core.verb:set package 'phidgets_stepper' build argument 'cmake_target' from command line to 'None'
[0.152s] Level 5:colcon.colcon_core.verb:set package 'phidgets_stepper' build argument 'cmake_target_skip_unavailable' from command line to 'False'
[0.152s] Level 5:colcon.colcon_core.verb:set package 'phidgets_stepper' build argument 'cmake_clean_cache' from command line to 'False'
[0.152s] Level 5:colcon.colcon_core.verb:set package 'phidgets_stepper' build argument 'cmake_clean_first' from command line to 'False'
[0.152s] Level 5:colcon.colcon_core.verb:set package 'phidgets_stepper' build argument 'cmake_force_configure' from command line to 'False'
[0.152s] Level 5:colcon.colcon_core.verb:set package 'phidgets_stepper' build argument 'ament_cmake_args' from command line to 'None'
[0.152s] Level 5:colcon.colcon_core.verb:set package 'phidgets_stepper' build argument 'catkin_cmake_args' from command line to 'None'
[0.152s] Level 5:colcon.colcon_core.verb:set package 'phidgets_stepper' build argument 'catkin_skip_building_tests' from command line to 'False'
[0.152s] DEBUG:colcon.colcon_core.verb:Building package 'phidgets_stepper' with the following arguments: {'ament_cmake_args': None, 'build_base': '/home/pioneer1/Documents/Rover/src/build/phidgets_stepper', 'catkin_cmake_args': None, 'catkin_skip_building_tests': False, 'cmake_args': None, 'cmake_clean_cache': False, 'cmake_clean_first': False, 'cmake_force_configure': False, 'cmake_target': None, 'cmake_target_skip_unavailable': False, 'install_base': '/home/pioneer1/Documents/Rover/src/install/phidgets_stepper', 'merge_install': False, 'path': '/home/pioneer1/Documents/Rover/src/phidgets_drivers/phidgets_stepper', 'symlink_install': False, 'test_result_base': None}
[0.152s] Level 5:colcon.colcon_core.verb:set package 'phidgets_temperature' build argument 'cmake_args' from command line to 'None'
[0.152s] Level 5:colcon.colcon_core.verb:set package 'phidgets_temperature' build argument 'cmake_target' from command line to 'None'
[0.152s] Level 5:colcon.colcon_core.verb:set package 'phidgets_temperature' build argument 'cmake_target_skip_unavailable' from command line to 'False'
[0.152s] Level 5:colcon.colcon_core.verb:set package 'phidgets_temperature' build argument 'cmake_clean_cache' from command line to 'False'
[0.152s] Level 5:colcon.colcon_core.verb:set package 'phidgets_temperature' build argument 'cmake_clean_first' from command line to 'False'
[0.152s] Level 5:colcon.colcon_core.verb:set package 'phidgets_temperature' build argument 'cmake_force_configure' from command line to 'False'
[0.152s] Level 5:colcon.colcon_core.verb:set package 'phidgets_temperature' build argument 'ament_cmake_args' from command line to 'None'
[0.152s] Level 5:colcon.colcon_core.verb:set package 'phidgets_temperature' build argument 'catkin_cmake_args' from command line to 'None'
[0.152s] Level 5:colcon.colcon_core.verb:set package 'phidgets_temperature' build argument 'catkin_skip_building_tests' from command line to 'False'
[0.152s] DEBUG:colcon.colcon_core.verb:Building package 'phidgets_temperature' with the following arguments: {'ament_cmake_args': None, 'build_base': '/home/pioneer1/Documents/Rover/src/build/phidgets_temperature', 'catkin_cmake_args': None, 'catkin_skip_building_tests': False, 'cmake_args': None, 'cmake_clean_cache': False, 'cmake_clean_first': False, 'cmake_force_configure': False, 'cmake_target': None, 'cmake_target_skip_unavailable': False, 'install_base': '/home/pioneer1/Documents/Rover/src/install/phidgets_temperature', 'merge_install': False, 'path': '/home/pioneer1/Documents/Rover/src/phidgets_drivers/phidgets_temperature', 'symlink_install': False, 'test_result_base': None}
[0.152s] Level 5:colcon.colcon_core.verb:set package 'phidgets_ik' build argument 'cmake_args' from command line to 'None'
[0.152s] Level 5:colcon.colcon_core.verb:set package 'phidgets_ik' build argument 'cmake_target' from command line to 'None'
[0.152s] Level 5:colcon.colcon_core.verb:set package 'phidgets_ik' build argument 'cmake_target_skip_unavailable' from command line to 'False'
[0.152s] Level 5:colcon.colcon_core.verb:set package 'phidgets_ik' build argument 'cmake_clean_cache' from command line to 'False'
[0.152s] Level 5:colcon.colcon_core.verb:set package 'phidgets_ik' build argument 'cmake_clean_first' from command line to 'False'
[0.152s] Level 5:colcon.colcon_core.verb:set package 'phidgets_ik' build argument 'cmake_force_configure' from command line to 'False'
[0.153s] Level 5:colcon.colcon_core.verb:set package 'phidgets_ik' build argument 'ament_cmake_args' from command line to 'None'
[0.153s] Level 5:colcon.colcon_core.verb:set package 'phidgets_ik' build argument 'catkin_cmake_args' from command line to 'None'
[0.153s] Level 5:colcon.colcon_core.verb:set package 'phidgets_ik' build argument 'catkin_skip_building_tests' from command line to 'False'
[0.153s] DEBUG:colcon.colcon_core.verb:Building package 'phidgets_ik' with the following arguments: {'ament_cmake_args': None, 'build_base': '/home/pioneer1/Documents/Rover/src/build/phidgets_ik', 'catkin_cmake_args': None, 'catkin_skip_building_tests': False, 'cmake_args': None, 'cmake_clean_cache': False, 'cmake_clean_first': False, 'cmake_force_configure': False, 'cmake_target': None, 'cmake_target_skip_unavailable': False, 'install_base': '/home/pioneer1/Documents/Rover/src/install/phidgets_ik', 'merge_install': False, 'path': '/home/pioneer1/Documents/Rover/src/phidgets_drivers/phidgets_ik', 'symlink_install': False, 'test_result_base': None}
[0.153s] Level 5:colcon.colcon_core.verb:set package 'phidgets_drivers' build argument 'cmake_args' from command line to 'None'
[0.153s] Level 5:colcon.colcon_core.verb:set package 'phidgets_drivers' build argument 'cmake_target' from command line to 'None'
[0.153s] Level 5:colcon.colcon_core.verb:set package 'phidgets_drivers' build argument 'cmake_target_skip_unavailable' from command line to 'False'
[0.153s] Level 5:colcon.colcon_core.verb:set package 'phidgets_drivers' build argument 'cmake_clean_cache' from command line to 'False'
[0.153s] Level 5:colcon.colcon_core.verb:set package 'phidgets_drivers' build argument 'cmake_clean_first' from command line to 'False'
[0.153s] Level 5:colcon.colcon_core.verb:set package 'phidgets_drivers' build argument 'cmake_force_configure' from command line to 'False'
[0.153s] Level 5:colcon.colcon_core.verb:set package 'phidgets_drivers' build argument 'ament_cmake_args' from command line to 'None'
[0.153s] Level 5:colcon.colcon_core.verb:set package 'phidgets_drivers' build argument 'catkin_cmake_args' from command line to 'None'
[0.153s] Level 5:colcon.colcon_core.verb:set package 'phidgets_drivers' build argument 'catkin_skip_building_tests' from command line to 'False'
[0.153s] DEBUG:colcon.colcon_core.verb:Building package 'phidgets_drivers' with the following arguments: {'ament_cmake_args': None, 'build_base': '/home/pioneer1/Documents/Rover/src/build/phidgets_drivers', 'catkin_cmake_args': None, 'catkin_skip_building_tests': False, 'cmake_args': None, 'cmake_clean_cache': False, 'cmake_clean_first': False, 'cmake_force_configure': False, 'cmake_target': None, 'cmake_target_skip_unavailable': False, 'install_base': '/home/pioneer1/Documents/Rover/src/install/phidgets_drivers', 'merge_install': False, 'path': '/home/pioneer1/Documents/Rover/src/phidgets_drivers/phidgets_drivers', 'symlink_install': False, 'test_result_base': None}
[0.153s] INFO:colcon.colcon_core.executor:Executing jobs using 'parallel' executor
[0.153s] DEBUG:colcon.colcon_parallel_executor.executor.parallel:run_until_complete
[0.154s] INFO:colcon.colcon_ros.task.ament_cmake.build:Building ROS package in '/home/pioneer1/Documents/Rover/src/phidgets_drivers/libphidget22' with build type 'ament_cmake'
[0.154s] INFO:colcon.colcon_cmake.task.cmake.build:Building CMake package in '/home/pioneer1/Documents/Rover/src/phidgets_drivers/libphidget22'
[0.155s] INFO:colcon.colcon_core.plugin_system:Skipping extension 'colcon_core.shell.bat': Not used on non-Windows systems
[0.155s] INFO:colcon.colcon_core.shell:Skip shell extension 'powershell' for command environment: Not usable outside of PowerShell
[0.155s] DEBUG:colcon.colcon_core.shell:Skip shell extension 'dsv' for command environment
[0.157s] INFO:colcon.colcon_ros.task.ament_cmake.build:Building ROS package in '/home/pioneer1/Documents/Rover/src/phidgets_drivers/phidgets_msgs' with build type 'ament_cmake'
[0.157s] INFO:colcon.colcon_cmake.task.cmake.build:Building CMake package in '/home/pioneer1/Documents/Rover/src/phidgets_drivers/phidgets_msgs'
[0.157s] INFO:colcon.colcon_core.shell:Skip shell extension 'powershell' for command environment: Not usable outside of PowerShell
[0.157s] DEBUG:colcon.colcon_core.shell:Skip shell extension 'dsv' for command environment
[0.158s] INFO:colcon.colcon_ros.task.ament_python.build:Building ROS package in '/home/pioneer1/Documents/Rover/src/imu' with build type 'ament_python'
[0.158s] Level 1:colcon.colcon_core.shell:create_environment_hook('imu', 'ament_prefix_path')
[0.159s] INFO:colcon.colcon_core.shell:Creating environment hook '/home/pioneer1/Documents/Rover/src/install/imu/share/imu/hook/ament_prefix_path.ps1'
[0.159s] INFO:colcon.colcon_core.shell:Creating environment descriptor '/home/pioneer1/Documents/Rover/src/install/imu/share/imu/hook/ament_prefix_path.dsv'
[0.159s] INFO:colcon.colcon_core.shell:Creating environment hook '/home/pioneer1/Documents/Rover/src/install/imu/share/imu/hook/ament_prefix_path.sh'
[0.160s] INFO:colcon.colcon_core.shell:Skip shell extension 'powershell' for command environment: Not usable outside of PowerShell
[0.160s] DEBUG:colcon.colcon_core.shell:Skip shell extension 'dsv' for command environment
[0.161s] INFO:colcon.colcon_ros.task.ament_python.build:Building ROS package in '/home/pioneer1/Documents/Rover/src/phidget' with build type 'ament_python'
[0.161s] Level 1:colcon.colcon_core.shell:create_environment_hook('phidget', 'ament_prefix_path')
[0.161s] INFO:colcon.colcon_core.shell:Creating environment hook '/home/pioneer1/Documents/Rover/src/install/phidget/share/phidget/hook/ament_prefix_path.ps1'
[0.161s] INFO:colcon.colcon_core.shell:Creating environment descriptor '/home/pioneer1/Documents/Rover/src/install/phidget/share/phidget/hook/ament_prefix_path.dsv'
[0.161s] INFO:colcon.colcon_core.shell:Creating environment hook '/home/pioneer1/Documents/Rover/src/install/phidget/share/phidget/hook/ament_prefix_path.sh'
[0.162s] INFO:colcon.colcon_core.shell:Skip shell extension 'powershell' for command environment: Not usable outside of PowerShell
[0.162s] DEBUG:colcon.colcon_core.shell:Skip shell extension 'dsv' for command environment
[0.165s] DEBUG:colcon.colcon_core.event_handler.log_command:Invoking command in '/home/pioneer1/Documents/Rover/src/build/libphidget22': CMAKE_PREFIX_PATH=/opt/ros/jazzy DEBUGINFOD_URLS=https://debuginfod.ubuntu.com /usr/bin/cmake /home/pioneer1/Documents/Rover/src/phidgets_drivers/libphidget22 -DCMAKE_INSTALL_PREFIX=/home/pioneer1/Documents/Rover/src/install/libphidget22
[0.166s] DEBUG:colcon.colcon_core.event_handler.log_command:Invoking command in '/home/pioneer1/Documents/Rover/src/build/phidgets_msgs': CMAKE_PREFIX_PATH=/opt/ros/jazzy DEBUGINFOD_URLS=https://debuginfod.ubuntu.com /usr/bin/cmake /home/pioneer1/Documents/Rover/src/phidgets_drivers/phidgets_msgs -DCMAKE_INSTALL_PREFIX=/home/pioneer1/Documents/Rover/src/install/phidgets_msgs
[0.318s] INFO:colcon.colcon_core.task.python.build:Building Python package in '/home/pioneer1/Documents/Rover/src/imu'
[0.318s] INFO:colcon.colcon_core.shell:Skip shell extension 'powershell' for command environment: Not usable outside of PowerShell
[0.318s] DEBUG:colcon.colcon_core.shell:Skip shell extension 'dsv' for command environment
[0.477s] INFO:colcon.colcon_core.task.python.build:Building Python package in '/home/pioneer1/Documents/Rover/src/phidget'
[0.477s] INFO:colcon.colcon_core.shell:Skip shell extension 'powershell' for command environment: Not usable outside of PowerShell
[0.477s] DEBUG:colcon.colcon_core.shell:Skip shell extension 'dsv' for command environment
[0.648s] DEBUG:colcon.colcon_core.event_handler.log_command:Invoked command in '/home/pioneer1/Documents/Rover/src/build/libphidget22' returned '0': CMAKE_PREFIX_PATH=/opt/ros/jazzy DEBUGINFOD_URLS=https://debuginfod.ubuntu.com /usr/bin/cmake /home/pioneer1/Documents/Rover/src/phidgets_drivers/libphidget22 -DCMAKE_INSTALL_PREFIX=/home/pioneer1/Documents/Rover/src/install/libphidget22
[0.649s] DEBUG:colcon.colcon_core.event_handler.log_command:Invoking command in '/home/pioneer1/Documents/Rover/src/build/libphidget22': CMAKE_PREFIX_PATH=/opt/ros/jazzy DEBUGINFOD_URLS=https://debuginfod.ubuntu.com /usr/bin/cmake --build /home/pioneer1/Documents/Rover/src/build/libphidget22 -- -j8 -l8
[0.870s] DEBUG:colcon.colcon_core.event_handler.log_command:Invoking command in '/home/pioneer1/Documents/Rover/src/imu': DEBUGINFOD_URLS=https://debuginfod.ubuntu.com PYTHONPATH=/home/pioneer1/Documents/Rover/src/build/imu/prefix_override:/usr/lib/python3/dist-packages/colcon_core/task/python/colcon_distutils_commands:/home/pioneer1/Documents/Rover/src/install/imu/lib/python3.12/site-packages:${PYTHONPATH} /usr/bin/python3 -W ignore:setup.py install is deprecated -W ignore:easy_install command is deprecated setup.py egg_info --egg-base ../build/imu build --build-base /home/pioneer1/Documents/Rover/src/build/imu/build install --record /home/pioneer1/Documents/Rover/src/build/imu/install.log --single-version-externally-managed install_data
[0.882s] DEBUG:colcon.colcon_core.event_handler.log_command:Invoking command in '/home/pioneer1/Documents/Rover/src/phidget': DEBUGINFOD_URLS=https://debuginfod.ubuntu.com PYTHONPATH=/home/pioneer1/Documents/Rover/src/build/phidget/prefix_override:/usr/lib/python3/dist-packages/colcon_core/task/python/colcon_distutils_commands:/home/pioneer1/Documents/Rover/src/install/phidget/lib/python3.12/site-packages:${PYTHONPATH} /usr/bin/python3 -W ignore:setup.py install is deprecated -W ignore:easy_install command is deprecated setup.py egg_info --egg-base ../build/phidget build --build-base /home/pioneer1/Documents/Rover/src/build/phidget/build install --record /home/pioneer1/Documents/Rover/src/build/phidget/install.log --single-version-externally-managed install_data
[1.201s] DEBUG:colcon.colcon_core.event_handler.log_command:Invoked command in '/home/pioneer1/Documents/Rover/src/imu' returned '0': DEBUGINFOD_URLS=https://debuginfod.ubuntu.com PYTHONPATH=/home/pioneer1/Documents/Rover/src/build/imu/prefix_override:/usr/lib/python3/dist-packages/colcon_core/task/python/colcon_distutils_commands:/home/pioneer1/Documents/Rover/src/install/imu/lib/python3.12/site-packages:${PYTHONPATH} /usr/bin/python3 -W ignore:setup.py install is deprecated -W ignore:easy_install command is deprecated setup.py egg_info --egg-base ../build/imu build --build-base /home/pioneer1/Documents/Rover/src/build/imu/build install --record /home/pioneer1/Documents/Rover/src/build/imu/install.log --single-version-externally-managed install_data
[1.203s] Level 1:colcon.colcon_core.environment:checking '/home/pioneer1/Documents/Rover/src/install/imu' for CMake module files
[1.203s] Level 1:colcon.colcon_core.environment:checking '/home/pioneer1/Documents/Rover/src/install/imu' for CMake config files
[1.203s] Level 1:colcon.colcon_core.environment:checking '/home/pioneer1/Documents/Rover/src/install/imu/lib'
[1.204s] Level 1:colcon.colcon_core.environment:checking '/home/pioneer1/Documents/Rover/src/install/imu/bin'
[1.204s] Level 1:colcon.colcon_core.environment:checking '/home/pioneer1/Documents/Rover/src/install/imu/lib/pkgconfig/imu.pc'
[1.204s] Level 1:colcon.colcon_core.environment:checking '/home/pioneer1/Documents/Rover/src/install/imu/lib/python3.12/site-packages'
[1.204s] Level 1:colcon.colcon_core.shell:create_environment_hook('imu', 'pythonpath')
[1.204s] INFO:colcon.colcon_core.shell:Creating environment hook '/home/pioneer1/Documents/Rover/src/install/imu/share/imu/hook/pythonpath.ps1'
[1.205s] INFO:colcon.colcon_core.shell:Creating environment descriptor '/home/pioneer1/Documents/Rover/src/install/imu/share/imu/hook/pythonpath.dsv'
[1.205s] INFO:colcon.colcon_core.shell:Creating environment hook '/home/pioneer1/Documents/Rover/src/install/imu/share/imu/hook/pythonpath.sh'
[1.205s] Level 1:colcon.colcon_core.environment:checking '/home/pioneer1/Documents/Rover/src/install/imu/bin'
[1.205s] Level 1:colcon.colcon_core.environment:create_environment_scripts_only(imu)
[1.205s] INFO:colcon.colcon_core.shell:Creating package script '/home/pioneer1/Documents/Rover/src/install/imu/share/imu/package.ps1'
[1.206s] INFO:colcon.colcon_core.shell:Creating package descriptor '/home/pioneer1/Documents/Rover/src/install/imu/share/imu/package.dsv'
[1.206s] INFO:colcon.colcon_core.shell:Creating package script '/home/pioneer1/Documents/Rover/src/install/imu/share/imu/package.sh'
[1.207s] INFO:colcon.colcon_core.shell:Creating package script '/home/pioneer1/Documents/Rover/src/install/imu/share/imu/package.bash'
[1.207s] INFO:colcon.colcon_core.shell:Creating package script '/home/pioneer1/Documents/Rover/src/install/imu/share/imu/package.zsh'
[1.207s] Level 1:colcon.colcon_core.environment:create_file_with_runtime_dependencies(/home/pioneer1/Documents/Rover/src/install/imu/share/colcon-core/packages/imu)
[1.225s] Level 1:colcon.colcon_core.environment:checking '/home/pioneer1/Documents/Rover/src/install/phidget' for CMake module files
[1.226s] DEBUG:colcon.colcon_core.event_handler.log_command:Invoked command in '/home/pioneer1/Documents/Rover/src/phidget' returned '0': DEBUGINFOD_URLS=https://debuginfod.ubuntu.com PYTHONPATH=/home/pioneer1/Documents/Rover/src/build/phidget/prefix_override:/usr/lib/python3/dist-packages/colcon_core/task/python/colcon_distutils_commands:/home/pioneer1/Documents/Rover/src/install/phidget/lib/python3.12/site-packages:${PYTHONPATH} /usr/bin/python3 -W ignore:setup.py install is deprecated -W ignore:easy_install command is deprecated setup.py egg_info --egg-base ../build/phidget build --build-base /home/pioneer1/Documents/Rover/src/build/phidget/build install --record /home/pioneer1/Documents/Rover/src/build/phidget/install.log --single-version-externally-managed install_data
[1.226s] Level 1:colcon.colcon_core.environment:checking '/home/pioneer1/Documents/Rover/src/install/phidget' for CMake config files
[1.226s] Level 1:colcon.colcon_core.environment:checking '/home/pioneer1/Documents/Rover/src/install/phidget/lib'
[1.226s] Level 1:colcon.colcon_core.environment:checking '/home/pioneer1/Documents/Rover/src/install/phidget/bin'
[1.226s] Level 1:colcon.colcon_core.environment:checking '/home/pioneer1/Documents/Rover/src/install/phidget/lib/pkgconfig/phidget.pc'
[1.226s] Level 1:colcon.colcon_core.environment:checking '/home/pioneer1/Documents/Rover/src/install/phidget/lib/python3.12/site-packages'
[1.227s] Level 1:colcon.colcon_core.shell:create_environment_hook('phidget', 'pythonpath')
[1.227s] INFO:colcon.colcon_core.shell:Creating environment hook '/home/pioneer1/Documents/Rover/src/install/phidget/share/phidget/hook/pythonpath.ps1'
[1.227s] INFO:colcon.colcon_core.shell:Creating environment descriptor '/home/pioneer1/Documents/Rover/src/install/phidget/share/phidget/hook/pythonpath.dsv'
[1.227s] INFO:colcon.colcon_core.shell:Creating environment hook '/home/pioneer1/Documents/Rover/src/install/phidget/share/phidget/hook/pythonpath.sh'
[1.227s] Level 1:colcon.colcon_core.environment:checking '/home/pioneer1/Documents/Rover/src/install/phidget/bin'
[1.227s] Level 1:colcon.colcon_core.environment:create_environment_scripts_only(phidget)
[1.228s] INFO:colcon.colcon_core.shell:Creating package script '/home/pioneer1/Documents/Rover/src/install/phidget/share/phidget/package.ps1'
[1.228s] INFO:colcon.colcon_core.shell:Creating package descriptor '/home/pioneer1/Documents/Rover/src/install/phidget/share/phidget/package.dsv'
[1.228s] INFO:colcon.colcon_core.shell:Creating package script '/home/pioneer1/Documents/Rover/src/install/phidget/share/phidget/package.sh'
[1.228s] INFO:colcon.colcon_core.shell:Creating package script '/home/pioneer1/Documents/Rover/src/install/phidget/share/phidget/package.bash'
[1.229s] INFO:colcon.colcon_core.shell:Creating package script '/home/pioneer1/Documents/Rover/src/install/phidget/share/phidget/package.zsh'
[1.229s] Level 1:colcon.colcon_core.environment:create_file_with_runtime_dependencies(/home/pioneer1/Documents/Rover/src/install/phidget/share/colcon-core/packages/phidget)
[2.111s] DEBUG:colcon.colcon_core.event_handler.log_command:Invoked command in '/home/pioneer1/Documents/Rover/src/build/phidgets_msgs' returned '0': CMAKE_PREFIX_PATH=/opt/ros/jazzy DEBUGINFOD_URLS=https://debuginfod.ubuntu.com /usr/bin/cmake /home/pioneer1/Documents/Rover/src/phidgets_drivers/phidgets_msgs -DCMAKE_INSTALL_PREFIX=/home/pioneer1/Documents/Rover/src/install/phidgets_msgs
[2.112s] DEBUG:colcon.colcon_core.event_handler.log_command:Invoking command in '/home/pioneer1/Documents/Rover/src/build/phidgets_msgs': CMAKE_PREFIX_PATH=/opt/ros/jazzy DEBUGINFOD_URLS=https://debuginfod.ubuntu.com /usr/bin/cmake --build /home/pioneer1/Documents/Rover/src/build/phidgets_msgs -- -j8 -l8
[5.738s] DEBUG:colcon.colcon_parallel_executor.executor.parallel:run_until_complete was interrupted
[5.738s] DEBUG:colcon.colcon_parallel_executor.executor.parallel:run_until_complete again
[5.740s] DEBUG:colcon.colcon_core.event_handler.log_command:Invoked command in '/home/pioneer1/Documents/Rover/src/build/libphidget22' returned '-2': CMAKE_PREFIX_PATH=/opt/ros/jazzy DEBUGINFOD_URLS=https://debuginfod.ubuntu.com /usr/bin/cmake --build /home/pioneer1/Documents/Rover/src/build/libphidget22 -- -j8 -l8
[5.740s] Level 1:colcon.colcon_core.environment:create_environment_scripts_only(libphidget22)
[5.740s] Level 1:colcon.colcon_core.environment:checking '/home/pioneer1/Documents/Rover/src/install/libphidget22' for CMake module files
[5.741s] Level 1:colcon.colcon_core.environment:checking '/home/pioneer1/Documents/Rover/src/install/libphidget22' for CMake config files
[5.741s] Level 1:colcon.colcon_core.environment:checking '/home/pioneer1/Documents/Rover/src/install/libphidget22/bin'
[5.741s] Level 1:colcon.colcon_core.environment:checking '/home/pioneer1/Documents/Rover/src/install/libphidget22/lib/pkgconfig/libphidget22.pc'
[5.741s] Level 1:colcon.colcon_core.environment:checking '/home/pioneer1/Documents/Rover/src/install/libphidget22/lib/python3.12/site-packages'
[5.741s] Level 1:colcon.colcon_core.environment:checking '/home/pioneer1/Documents/Rover/src/install/libphidget22/bin'
[5.741s] INFO:colcon.colcon_core.shell:Creating package script '/home/pioneer1/Documents/Rover/src/install/libphidget22/share/libphidget22/package.ps1'
[5.742s] INFO:colcon.colcon_core.shell:Creating package descriptor '/home/pioneer1/Documents/Rover/src/install/libphidget22/share/libphidget22/package.dsv'
[5.742s] INFO:colcon.colcon_core.shell:Creating package script '/home/pioneer1/Documents/Rover/src/install/libphidget22/share/libphidget22/package.sh'
[5.742s] INFO:colcon.colcon_core.shell:Creating package script '/home/pioneer1/Documents/Rover/src/install/libphidget22/share/libphidget22/package.bash'
[5.742s] INFO:colcon.colcon_core.shell:Creating package script '/home/pioneer1/Documents/Rover/src/install/libphidget22/share/libphidget22/package.zsh'
[5.743s] Level 1:colcon.colcon_core.environment:create_file_with_runtime_dependencies(/home/pioneer1/Documents/Rover/src/install/libphidget22/share/colcon-core/packages/libphidget22)
[5.756s] DEBUG:colcon.colcon_parallel_executor.executor.parallel:run_until_complete finished
[5.756s] DEBUG:colcon.colcon_parallel_executor.executor.parallel:closing loop
[5.757s] DEBUG:colcon.colcon_parallel_executor.executor.parallel:loop closed
[5.757s] DEBUG:colcon.colcon_core.event_reactor:joining thread
[5.760s] INFO:colcon.colcon_core.plugin_system:Skipping extension 'colcon_notification.desktop_notification.terminal_notifier': Not used on non-Darwin systems
[5.761s] INFO:colcon.colcon_core.plugin_system:Skipping extension 'colcon_notification.desktop_notification.win32': Not used on non-Windows systems
[5.761s] INFO:colcon.colcon_notification.desktop_notification:Sending desktop notification using 'notify2'
[5.768s] DEBUG:colcon.colcon_core.event_reactor:joined thread
[5.768s] INFO:colcon.colcon_core.shell:Creating prefix script '/home/pioneer1/Documents/Rover/src/install/local_setup.ps1'
[5.769s] INFO:colcon.colcon_core.shell:Creating prefix util module '/home/pioneer1/Documents/Rover/src/install/_local_setup_util_ps1.py'
[5.770s] INFO:colcon.colcon_core.shell:Creating prefix chain script '/home/pioneer1/Documents/Rover/src/install/setup.ps1'
[5.771s] INFO:colcon.colcon_core.shell:Creating prefix script '/home/pioneer1/Documents/Rover/src/install/local_setup.sh'
[5.772s] INFO:colcon.colcon_core.shell:Creating prefix util module '/home/pioneer1/Documents/Rover/src/install/_local_setup_util_sh.py'
[5.772s] INFO:colcon.colcon_core.shell:Creating prefix chain script '/home/pioneer1/Documents/Rover/src/install/setup.sh'
[5.773s] INFO:colcon.colcon_core.shell:Creating prefix script '/home/pioneer1/Documents/Rover/src/install/local_setup.bash'
[5.773s] INFO:colcon.colcon_core.shell:Creating prefix chain script '/home/pioneer1/Documents/Rover/src/install/setup.bash'
[5.774s] INFO:colcon.colcon_core.shell:Creating prefix script '/home/pioneer1/Documents/Rover/src/install/local_setup.zsh'
[5.774s] INFO:colcon.colcon_core.shell:Creating prefix chain script '/home/pioneer1/Documents/Rover/src/install/setup.zsh'
