[0.452s] Invoking command in '/home/pioneer1/Documents/Rover/src/imu': DEBUGINFOD_URLS=https://debuginfod.ubuntu.com PYTHONPATH=/home/pioneer1/Documents/Rover/build/imu/prefix_override:/usr/lib/python3/dist-packages/colcon_core/task/python/colcon_distutils_commands:/home/pioneer1/Documents/Rover/install/imu/lib/python3.12/site-packages:${PYTHONPATH} /usr/bin/python3 -W ignore:setup.py install is deprecated -W ignore:easy_install command is deprecated setup.py egg_info --egg-base ../../build/imu build --build-base /home/pioneer1/Documents/Rover/build/imu/build install --record /home/pioneer1/Documents/Rover/build/imu/install.log --single-version-externally-managed install_data
[0.599s] running egg_info
[0.599s] creating ../../build/imu/imu.egg-info
[0.609s] writing ../../build/imu/imu.egg-info/PKG-INFO
[0.609s] writing dependency_links to ../../build/imu/imu.egg-info/dependency_links.txt
[0.609s] writing entry points to ../../build/imu/imu.egg-info/entry_points.txt
[0.609s] writing requirements to ../../build/imu/imu.egg-info/requires.txt
[0.609s] writing top-level names to ../../build/imu/imu.egg-info/top_level.txt
[0.609s] writing manifest file '../../build/imu/imu.egg-info/SOURCES.txt'
[0.629s] reading manifest file '../../build/imu/imu.egg-info/SOURCES.txt'
[0.629s] writing manifest file '../../build/imu/imu.egg-info/SOURCES.txt'
[0.629s] running build
[0.629s] running build_py
[0.629s] creating /home/pioneer1/Documents/Rover/build/imu/build
[0.629s] creating /home/pioneer1/Documents/Rover/build/imu/build/lib
[0.629s] creating /home/pioneer1/Documents/Rover/build/imu/build/lib/imu
[0.629s] copying imu/__init__.py -> /home/pioneer1/Documents/Rover/build/imu/build/lib/imu
[0.629s] copying imu/imu.py -> /home/pioneer1/Documents/Rover/build/imu/build/lib/imu
[0.630s] running install
[0.634s] running install_lib
[0.644s] creating /home/pioneer1/Documents/Rover/install/imu/lib/python3.12/site-packages/imu
[0.644s] copying /home/pioneer1/Documents/Rover/build/imu/build/lib/imu/__init__.py -> /home/pioneer1/Documents/Rover/install/imu/lib/python3.12/site-packages/imu
[0.644s] copying /home/pioneer1/Documents/Rover/build/imu/build/lib/imu/imu.py -> /home/pioneer1/Documents/Rover/install/imu/lib/python3.12/site-packages/imu
[0.644s] byte-compiling /home/pioneer1/Documents/Rover/install/imu/lib/python3.12/site-packages/imu/__init__.py to __init__.cpython-312.pyc
[0.644s] byte-compiling /home/pioneer1/Documents/Rover/install/imu/lib/python3.12/site-packages/imu/imu.py to imu.cpython-312.pyc
[0.645s] running install_data
[0.645s] creating /home/pioneer1/Documents/Rover/install/imu/share/ament_index
[0.645s] creating /home/pioneer1/Documents/Rover/install/imu/share/ament_index/resource_index
[0.645s] creating /home/pioneer1/Documents/Rover/install/imu/share/ament_index/resource_index/packages
[0.645s] copying resource/imu -> /home/pioneer1/Documents/Rover/install/imu/share/ament_index/resource_index/packages
[0.645s] copying package.xml -> /home/pioneer1/Documents/Rover/install/imu/share/imu
[0.645s] running install_egg_info
[0.657s] Copying ../../build/imu/imu.egg-info to /home/pioneer1/Documents/Rover/install/imu/lib/python3.12/site-packages/imu-0.0.0-py3.12.egg-info
[0.657s] running install_scripts
[0.725s] Installing imu script to /home/pioneer1/Documents/Rover/install/imu/lib/imu
[0.725s] writing list of installed files to '/home/pioneer1/Documents/Rover/build/imu/install.log'
[0.743s] Invoked command in '/home/pioneer1/Documents/Rover/src/imu' returned '0': DEBUGINFOD_URLS=https://debuginfod.ubuntu.com PYTHONPATH=/home/pioneer1/Documents/Rover/build/imu/prefix_override:/usr/lib/python3/dist-packages/colcon_core/task/python/colcon_distutils_commands:/home/pioneer1/Documents/Rover/install/imu/lib/python3.12/site-packages:${PYTHONPATH} /usr/bin/python3 -W ignore:setup.py install is deprecated -W ignore:easy_install command is deprecated setup.py egg_info --egg-base ../../build/imu build --build-base /home/pioneer1/Documents/Rover/build/imu/build install --record /home/pioneer1/Documents/Rover/build/imu/install.log --single-version-externally-managed install_data
