[0.016s] Invoking command in '/home/pioneer1/Documents/Rover/build/phidgets_digital_inputs': AMENT_PREFIX_PATH=/home/pioneer1/Documents/Rover/install/phidgets_api:/home/pioneer1/Documents/Rover/install/libphidget22:${AMENT_PREFIX_PATH} CMAKE_PREFIX_PATH=/home/pioneer1/Documents/Rover/install/phidgets_api:/home/pioneer1/Documents/Rover/install/libphidget22:/opt/ros/jazzy DEBUGINFOD_URLS=https://debuginfod.ubuntu.com LD_LIBRARY_PATH=/home/pioneer1/Documents/Rover/install/phidgets_api/lib:/home/pioneer1/Documents/Rover/install/libphidget22/opt/libphidget22/lib:${LD_LIBRARY_PATH} /usr/bin/cmake /home/pioneer1/Documents/Rover/phidgets_drivers/phidgets_digital_inputs -DCMAKE_INSTALL_PREFIX=/home/pioneer1/Documents/Rover/install/phidgets_digital_inputs
[0.073s] -- The C compiler identification is GNU 13.3.0
[0.133s] -- The CXX compiler identification is GNU 13.3.0
[0.147s] -- Detecting C compiler ABI info
[0.237s] -- Detecting C compiler ABI info - done
[0.250s] -- Check for working C compiler: /usr/bin/cc - skipped
[0.250s] -- Detecting C compile features
[0.252s] -- Detecting C compile features - done
[0.259s] -- Detecting CXX compiler ABI info
[0.372s] -- Detecting CXX compiler ABI info - done
[0.386s] -- Check for working CXX compiler: /usr/bin/c++ - skipped
[0.387s] -- Detecting CXX compile features
[0.387s] -- Detecting CXX compile features - done
[0.389s] -- Found ament_cmake_ros: 0.12.0 (/opt/ros/jazzy/share/ament_cmake_ros/cmake)
[0.524s] -- Found Python3: /usr/bin/python3 (found version "3.12.3") found components: Interpreter 
[0.634s] -- Found phidgets_api: 2.4.0 (/home/pioneer1/Documents/Rover/install/phidgets_api/share/phidgets_api/cmake)
[0.637s] -- Found rclcpp: 28.1.9 (/opt/ros/jazzy/share/rclcpp/cmake)
[0.673s] -- Found rosidl_generator_c: 4.6.5 (/opt/ros/jazzy/share/rosidl_generator_c/cmake)
[0.687s] -- Found rosidl_generator_cpp: 4.6.5 (/opt/ros/jazzy/share/rosidl_generator_cpp/cmake)
[0.704s] -- Using all available rosidl_typesupport_c: rosidl_typesupport_fastrtps_c;rosidl_typesupport_introspection_c
[0.726s] -- Using all available rosidl_typesupport_cpp: rosidl_typesupport_fastrtps_cpp;rosidl_typesupport_introspection_cpp
[0.808s] -- Found rmw_implementation_cmake: 7.3.2 (/opt/ros/jazzy/share/rmw_implementation_cmake/cmake)
[0.811s] -- Found rmw_fastrtps_cpp: 8.4.2 (/opt/ros/jazzy/share/rmw_fastrtps_cpp/cmake)
[0.883s] -- Found OpenSSL: /usr/lib/x86_64-linux-gnu/libcrypto.so (found version "3.0.13")  
[0.904s] -- Found FastRTPS: /opt/ros/jazzy/include (Required is at least version "2.13") 
[0.930s] -- Using RMW implementation 'rmw_fastrtps_cpp' as default
[1.012s] -- Found rclcpp_components: 28.1.9 (/opt/ros/jazzy/share/rclcpp_components/cmake)
[1.055s] -- Found std_msgs: 5.3.6 (/opt/ros/jazzy/share/std_msgs/cmake)
[1.174s] -- Configuring done (1.2s)
[1.199s] -- Generating done (0.0s)
[1.207s] -- Build files have been written to: /home/pioneer1/Documents/Rover/build/phidgets_digital_inputs
[1.226s] Invoked command in '/home/pioneer1/Documents/Rover/build/phidgets_digital_inputs' returned '0': AMENT_PREFIX_PATH=/home/pioneer1/Documents/Rover/install/phidgets_api:/home/pioneer1/Documents/Rover/install/libphidget22:${AMENT_PREFIX_PATH} CMAKE_PREFIX_PATH=/home/pioneer1/Documents/Rover/install/phidgets_api:/home/pioneer1/Documents/Rover/install/libphidget22:/opt/ros/jazzy DEBUGINFOD_URLS=https://debuginfod.ubuntu.com LD_LIBRARY_PATH=/home/pioneer1/Documents/Rover/install/phidgets_api/lib:/home/pioneer1/Documents/Rover/install/libphidget22/opt/libphidget22/lib:${LD_LIBRARY_PATH} /usr/bin/cmake /home/pioneer1/Documents/Rover/phidgets_drivers/phidgets_digital_inputs -DCMAKE_INSTALL_PREFIX=/home/pioneer1/Documents/Rover/install/phidgets_digital_inputs
[1.226s] Invoking command in '/home/pioneer1/Documents/Rover/build/phidgets_digital_inputs': AMENT_PREFIX_PATH=/home/pioneer1/Documents/Rover/install/phidgets_api:/home/pioneer1/Documents/Rover/install/libphidget22:${AMENT_PREFIX_PATH} CMAKE_PREFIX_PATH=/home/pioneer1/Documents/Rover/install/phidgets_api:/home/pioneer1/Documents/Rover/install/libphidget22:/opt/ros/jazzy DEBUGINFOD_URLS=https://debuginfod.ubuntu.com LD_LIBRARY_PATH=/home/pioneer1/Documents/Rover/install/phidgets_api/lib:/home/pioneer1/Documents/Rover/install/libphidget22/opt/libphidget22/lib:${LD_LIBRARY_PATH} /usr/bin/cmake --build /home/pioneer1/Documents/Rover/build/phidgets_digital_inputs -- -j8 -l8
[1.276s] [ 50%] [32mBuilding CXX object CMakeFiles/phidgets_digital_inputs.dir/src/digital_inputs_ros_i.cpp.o[0m
[6.878s] [100%] [32m[1mLinking CXX shared library libphidgets_digital_inputs.so[0m
[7.277s] [100%] Built target phidgets_digital_inputs
[7.297s] Invoked command in '/home/pioneer1/Documents/Rover/build/phidgets_digital_inputs' returned '0': AMENT_PREFIX_PATH=/home/pioneer1/Documents/Rover/install/phidgets_api:/home/pioneer1/Documents/Rover/install/libphidget22:${AMENT_PREFIX_PATH} CMAKE_PREFIX_PATH=/home/pioneer1/Documents/Rover/install/phidgets_api:/home/pioneer1/Documents/Rover/install/libphidget22:/opt/ros/jazzy DEBUGINFOD_URLS=https://debuginfod.ubuntu.com LD_LIBRARY_PATH=/home/pioneer1/Documents/Rover/install/phidgets_api/lib:/home/pioneer1/Documents/Rover/install/libphidget22/opt/libphidget22/lib:${LD_LIBRARY_PATH} /usr/bin/cmake --build /home/pioneer1/Documents/Rover/build/phidgets_digital_inputs -- -j8 -l8
[7.297s] Invoking command in '/home/pioneer1/Documents/Rover/build/phidgets_digital_inputs': AMENT_PREFIX_PATH=/home/pioneer1/Documents/Rover/install/phidgets_api:/home/pioneer1/Documents/Rover/install/libphidget22:${AMENT_PREFIX_PATH} CMAKE_PREFIX_PATH=/home/pioneer1/Documents/Rover/install/phidgets_api:/home/pioneer1/Documents/Rover/install/libphidget22:/opt/ros/jazzy DEBUGINFOD_URLS=https://debuginfod.ubuntu.com LD_LIBRARY_PATH=/home/pioneer1/Documents/Rover/install/phidgets_api/lib:/home/pioneer1/Documents/Rover/install/libphidget22/opt/libphidget22/lib:${LD_LIBRARY_PATH} /usr/bin/cmake --install /home/pioneer1/Documents/Rover/build/phidgets_digital_inputs
[7.364s] -- Install configuration: ""
[7.364s] -- Installing: /home/pioneer1/Documents/Rover/install/phidgets_digital_inputs/lib/libphidgets_digital_inputs.so
[7.364s] -- Set non-toolchain portion of runtime path of "/home/pioneer1/Documents/Rover/install/phidgets_digital_inputs/lib/libphidgets_digital_inputs.so" to ""
[7.364s] -- Installing: /home/pioneer1/Documents/Rover/install/phidgets_digital_inputs/include
[7.365s] -- Installing: /home/pioneer1/Documents/Rover/install/phidgets_digital_inputs/include/phidgets_digital_inputs
[7.365s] -- Installing: /home/pioneer1/Documents/Rover/install/phidgets_digital_inputs/include/phidgets_digital_inputs/digital_inputs_ros_i.hpp
[7.365s] -- Installing: /home/pioneer1/Documents/Rover/install/phidgets_digital_inputs/share/phidgets_digital_inputs/launch
[7.365s] -- Installing: /home/pioneer1/Documents/Rover/install/phidgets_digital_inputs/share/phidgets_digital_inputs/launch/digital_inputs-launch.py
[7.365s] -- Installing: /home/pioneer1/Documents/Rover/install/phidgets_digital_inputs/share/ament_index/resource_index/package_run_dependencies/phidgets_digital_inputs
[7.365s] -- Installing: /home/pioneer1/Documents/Rover/install/phidgets_digital_inputs/share/ament_index/resource_index/parent_prefix_path/phidgets_digital_inputs
[7.365s] -- Installing: /home/pioneer1/Documents/Rover/install/phidgets_digital_inputs/share/phidgets_digital_inputs/environment/ament_prefix_path.sh
[7.365s] -- Installing: /home/pioneer1/Documents/Rover/install/phidgets_digital_inputs/share/phidgets_digital_inputs/environment/ament_prefix_path.dsv
[7.365s] -- Installing: /home/pioneer1/Documents/Rover/install/phidgets_digital_inputs/share/phidgets_digital_inputs/environment/path.sh
[7.365s] -- Installing: /home/pioneer1/Documents/Rover/install/phidgets_digital_inputs/share/phidgets_digital_inputs/environment/path.dsv
[7.365s] -- Installing: /home/pioneer1/Documents/Rover/install/phidgets_digital_inputs/share/phidgets_digital_inputs/local_setup.bash
[7.365s] -- Installing: /home/pioneer1/Documents/Rover/install/phidgets_digital_inputs/share/phidgets_digital_inputs/local_setup.sh
[7.365s] -- Installing: /home/pioneer1/Documents/Rover/install/phidgets_digital_inputs/share/phidgets_digital_inputs/local_setup.zsh
[7.366s] -- Installing: /home/pioneer1/Documents/Rover/install/phidgets_digital_inputs/share/phidgets_digital_inputs/local_setup.dsv
[7.366s] -- Installing: /home/pioneer1/Documents/Rover/install/phidgets_digital_inputs/share/phidgets_digital_inputs/package.dsv
[7.366s] -- Installing: /home/pioneer1/Documents/Rover/install/phidgets_digital_inputs/share/ament_index/resource_index/packages/phidgets_digital_inputs
[7.366s] -- Installing: /home/pioneer1/Documents/Rover/install/phidgets_digital_inputs/share/ament_index/resource_index/rclcpp_components/phidgets_digital_inputs
[7.366s] -- Installing: /home/pioneer1/Documents/Rover/install/phidgets_digital_inputs/share/phidgets_digital_inputs/cmake/phidgets_digital_inputsConfig.cmake
[7.366s] -- Installing: /home/pioneer1/Documents/Rover/install/phidgets_digital_inputs/share/phidgets_digital_inputs/cmake/phidgets_digital_inputsConfig-version.cmake
[7.366s] -- Installing: /home/pioneer1/Documents/Rover/install/phidgets_digital_inputs/share/phidgets_digital_inputs/package.xml
[7.385s] Invoked command in '/home/pioneer1/Documents/Rover/build/phidgets_digital_inputs' returned '0': AMENT_PREFIX_PATH=/home/pioneer1/Documents/Rover/install/phidgets_api:/home/pioneer1/Documents/Rover/install/libphidget22:${AMENT_PREFIX_PATH} CMAKE_PREFIX_PATH=/home/pioneer1/Documents/Rover/install/phidgets_api:/home/pioneer1/Documents/Rover/install/libphidget22:/opt/ros/jazzy DEBUGINFOD_URLS=https://debuginfod.ubuntu.com LD_LIBRARY_PATH=/home/pioneer1/Documents/Rover/install/phidgets_api/lib:/home/pioneer1/Documents/Rover/install/libphidget22/opt/libphidget22/lib:${LD_LIBRARY_PATH} /usr/bin/cmake --install /home/pioneer1/Documents/Rover/build/phidgets_digital_inputs
