-- The C compiler identification is GNU 13.3.0
-- The CXX compiler identification is GNU 13.3.0
-- Detecting C compiler ABI info
-- Detecting C compiler ABI info - done
-- Check for working C compiler: /usr/bin/cc - skipped
-- Detecting C compile features
-- Detecting C compile features - done
-- Detecting CXX compiler ABI info
-- Detecting CXX compiler ABI info - done
-- Check for working CXX compiler: /usr/bin/c++ - skipped
-- Detecting CXX compile features
-- Detecting CXX compile features - done
-- Found ament_cmake_ros: 0.12.0 (/opt/ros/jazzy/share/ament_cmake_ros/cmake)
-- Found Python3: /usr/bin/python3 (found version "3.12.3") found components: Interpreter 
-- Found phidgets_api: 2.4.0 (/home/pioneer1/Documents/Rover/install/phidgets_api/share/phidgets_api/cmake)
-- Found rclcpp: 28.1.9 (/opt/ros/jazzy/share/rclcpp/cmake)
-- Found rosidl_generator_c: 4.6.5 (/opt/ros/jazzy/share/rosidl_generator_c/cmake)
-- Found rosidl_generator_cpp: 4.6.5 (/opt/ros/jazzy/share/rosidl_generator_cpp/cmake)
-- Using all available rosidl_typesupport_c: rosidl_typesupport_fastrtps_c;rosidl_typesupport_introspection_c
-- Using all available rosidl_typesupport_cpp: rosidl_typesupport_fastrtps_cpp;rosidl_typesupport_introspection_cpp
-- Found rmw_implementation_cmake: 7.3.2 (/opt/ros/jazzy/share/rmw_implementation_cmake/cmake)
-- Found rmw_fastrtps_cpp: 8.4.2 (/opt/ros/jazzy/share/rmw_fastrtps_cpp/cmake)
-- Found OpenSSL: /usr/lib/x86_64-linux-gnu/libcrypto.so (found version "3.0.13")  
-- Found FastRTPS: /opt/ros/jazzy/include (Required is at least version "2.13") 
-- Using RMW implementation 'rmw_fastrtps_cpp' as default
-- Found rclcpp_components: 28.1.9 (/opt/ros/jazzy/share/rclcpp_components/cmake)
-- Found sensor_msgs: 5.3.6 (/opt/ros/jazzy/share/sensor_msgs/cmake)
-- Found std_srvs: 5.3.6 (/opt/ros/jazzy/share/std_srvs/cmake)
-- Configuring done (1.3s)
-- Generating done (0.0s)
-- Build files have been written to: /home/pioneer1/Documents/Rover/build/phidgets_gyroscope
[ 50%] [32mBuilding CXX object CMakeFiles/phidgets_gyroscope.dir/src/gyroscope_ros_i.cpp.o[0m
[100%] [32m[1mLinking CXX shared library libphidgets_gyroscope.so[0m
[100%] Built target phidgets_gyroscope
-- Install configuration: ""
-- Installing: /home/pioneer1/Documents/Rover/install/phidgets_gyroscope/lib/libphidgets_gyroscope.so
-- Set non-toolchain portion of runtime path of "/home/pioneer1/Documents/Rover/install/phidgets_gyroscope/lib/libphidgets_gyroscope.so" to ""
-- Installing: /home/pioneer1/Documents/Rover/install/phidgets_gyroscope/include
-- Installing: /home/pioneer1/Documents/Rover/install/phidgets_gyroscope/include/phidgets_gyroscope
-- Installing: /home/pioneer1/Documents/Rover/install/phidgets_gyroscope/include/phidgets_gyroscope/gyroscope_ros_i.hpp
-- Installing: /home/pioneer1/Documents/Rover/install/phidgets_gyroscope/share/phidgets_gyroscope/launch
-- Installing: /home/pioneer1/Documents/Rover/install/phidgets_gyroscope/share/phidgets_gyroscope/launch/gyroscope-launch.py
-- Installing: /home/pioneer1/Documents/Rover/install/phidgets_gyroscope/share/ament_index/resource_index/package_run_dependencies/phidgets_gyroscope
-- Installing: /home/pioneer1/Documents/Rover/install/phidgets_gyroscope/share/ament_index/resource_index/parent_prefix_path/phidgets_gyroscope
-- Installing: /home/pioneer1/Documents/Rover/install/phidgets_gyroscope/share/phidgets_gyroscope/environment/ament_prefix_path.sh
-- Installing: /home/pioneer1/Documents/Rover/install/phidgets_gyroscope/share/phidgets_gyroscope/environment/ament_prefix_path.dsv
-- Installing: /home/pioneer1/Documents/Rover/install/phidgets_gyroscope/share/phidgets_gyroscope/environment/path.sh
-- Installing: /home/pioneer1/Documents/Rover/install/phidgets_gyroscope/share/phidgets_gyroscope/environment/path.dsv
-- Installing: /home/pioneer1/Documents/Rover/install/phidgets_gyroscope/share/phidgets_gyroscope/local_setup.bash
-- Installing: /home/pioneer1/Documents/Rover/install/phidgets_gyroscope/share/phidgets_gyroscope/local_setup.sh
-- Installing: /home/pioneer1/Documents/Rover/install/phidgets_gyroscope/share/phidgets_gyroscope/local_setup.zsh
-- Installing: /home/pioneer1/Documents/Rover/install/phidgets_gyroscope/share/phidgets_gyroscope/local_setup.dsv
-- Installing: /home/pioneer1/Documents/Rover/install/phidgets_gyroscope/share/phidgets_gyroscope/package.dsv
-- Installing: /home/pioneer1/Documents/Rover/install/phidgets_gyroscope/share/ament_index/resource_index/packages/phidgets_gyroscope
-- Installing: /home/pioneer1/Documents/Rover/install/phidgets_gyroscope/share/ament_index/resource_index/rclcpp_components/phidgets_gyroscope
-- Installing: /home/pioneer1/Documents/Rover/install/phidgets_gyroscope/share/phidgets_gyroscope/cmake/phidgets_gyroscopeConfig.cmake
-- Installing: /home/pioneer1/Documents/Rover/install/phidgets_gyroscope/share/phidgets_gyroscope/cmake/phidgets_gyroscopeConfig-version.cmake
-- Installing: /home/pioneer1/Documents/Rover/install/phidgets_gyroscope/share/phidgets_gyroscope/package.xml
