-- The C compiler identification is GNU 13.3.0
-- The CXX compiler identification is GNU 13.3.0
-- Detecting C compiler ABI info
-- Detecting C compiler ABI info - done
-- Check for working C compiler: /usr/bin/cc - skipped
-- Detecting C compile features
-- Detecting C compile features - done
-- Detecting CXX compiler ABI info
-- Detecting CXX compiler ABI info - done
-- Check for working CXX compiler: /usr/bin/c++ - skipped
-- Detecting CXX compile features
-- Detecting CXX compile features - done
-- Found ament_cmake_ros: 0.12.0 (/opt/ros/jazzy/share/ament_cmake_ros/cmake)
-- Found Python3: /usr/bin/python3 (found version "3.12.3") found components: Interpreter 
-- Found libphidget22: 2.4.0 (/home/pioneer1/Documents/Rover/install/libphidget22/share/libphidget22/cmake)
-- Configuring done (0.4s)
-- Generating done (0.0s)
-- Build files have been written to: /home/pioneer1/Documents/Rover/build/phidgets_api
[ 19%] [32mBuilding CXX object CMakeFiles/phidgets_api.dir/src/analog_inputs.cpp.o[0m
[ 19%] [32mBuilding CXX object CMakeFiles/phidgets_api.dir/src/analog_output.cpp.o[0m
[ 23%] [32mBuilding CXX object CMakeFiles/phidgets_api.dir/src/analog_outputs.cpp.o[0m
[ 28%] [32mBuilding CXX object CMakeFiles/phidgets_api.dir/src/digital_input.cpp.o[0m
[ 33%] [32mBuilding CXX object CMakeFiles/phidgets_api.dir/src/digital_inputs.cpp.o[0m
[ 38%] [32mBuilding CXX object CMakeFiles/phidgets_api.dir/src/digital_output.cpp.o[0m
[ 19%] [32mBuilding CXX object CMakeFiles/phidgets_api.dir/src/accelerometer.cpp.o[0m
[ 19%] [32mBuilding CXX object CMakeFiles/phidgets_api.dir/src/analog_input.cpp.o[0m
[ 42%] [32mBuilding CXX object CMakeFiles/phidgets_api.dir/src/digital_outputs.cpp.o[0m
[ 47%] [32mBuilding CXX object CMakeFiles/phidgets_api.dir/src/encoder.cpp.o[0m
[ 52%] [32mBuilding CXX object CMakeFiles/phidgets_api.dir/src/encoders.cpp.o[0m
[ 57%] [32mBuilding CXX object CMakeFiles/phidgets_api.dir/src/gyroscope.cpp.o[0m
[ 61%] [32mBuilding CXX object CMakeFiles/phidgets_api.dir/src/ir.cpp.o[0m
[ 66%] [32mBuilding CXX object CMakeFiles/phidgets_api.dir/src/magnetometer.cpp.o[0m
[ 71%] [32mBuilding CXX object CMakeFiles/phidgets_api.dir/src/motor.cpp.o[0m
[ 76%] [32mBuilding CXX object CMakeFiles/phidgets_api.dir/src/motors.cpp.o[0m
[ 80%] [32mBuilding CXX object CMakeFiles/phidgets_api.dir/src/phidget22.cpp.o[0m
[ 85%] [32mBuilding CXX object CMakeFiles/phidgets_api.dir/src/spatial.cpp.o[0m
[ 90%] [32mBuilding CXX object CMakeFiles/phidgets_api.dir/src/stepper.cpp.o[0m
[ 95%] [32mBuilding CXX object CMakeFiles/phidgets_api.dir/src/temperature.cpp.o[0m
[100%] [32m[1mLinking CXX shared library libphidgets_api.so[0m
[100%] Built target phidgets_api
-- Install configuration: ""
-- Installing: /home/pioneer1/Documents/Rover/install/phidgets_api/lib/libphidgets_api.so
-- Set non-toolchain portion of runtime path of "/home/pioneer1/Documents/Rover/install/phidgets_api/lib/libphidgets_api.so" to ""
-- Installing: /home/pioneer1/Documents/Rover/install/phidgets_api/include
-- Installing: /home/pioneer1/Documents/Rover/install/phidgets_api/include/phidgets_api
-- Installing: /home/pioneer1/Documents/Rover/install/phidgets_api/include/phidgets_api/gyroscope.hpp
-- Installing: /home/pioneer1/Documents/Rover/install/phidgets_api/include/phidgets_api/digital_input.hpp
-- Installing: /home/pioneer1/Documents/Rover/install/phidgets_api/include/phidgets_api/motors.hpp
-- Installing: /home/pioneer1/Documents/Rover/install/phidgets_api/include/phidgets_api/accelerometer.hpp
-- Installing: /home/pioneer1/Documents/Rover/install/phidgets_api/include/phidgets_api/magnetometer.hpp
-- Installing: /home/pioneer1/Documents/Rover/install/phidgets_api/include/phidgets_api/analog_input.hpp
-- Installing: /home/pioneer1/Documents/Rover/install/phidgets_api/include/phidgets_api/digital_output.hpp
-- Installing: /home/pioneer1/Documents/Rover/install/phidgets_api/include/phidgets_api/phidget22.hpp
-- Installing: /home/pioneer1/Documents/Rover/install/phidgets_api/include/phidgets_api/temperature.hpp
-- Installing: /home/pioneer1/Documents/Rover/install/phidgets_api/include/phidgets_api/encoder.hpp
-- Installing: /home/pioneer1/Documents/Rover/install/phidgets_api/include/phidgets_api/digital_inputs.hpp
-- Installing: /home/pioneer1/Documents/Rover/install/phidgets_api/include/phidgets_api/digital_outputs.hpp
-- Installing: /home/pioneer1/Documents/Rover/install/phidgets_api/include/phidgets_api/ir.hpp
-- Installing: /home/pioneer1/Documents/Rover/install/phidgets_api/include/phidgets_api/analog_outputs.hpp
-- Installing: /home/pioneer1/Documents/Rover/install/phidgets_api/include/phidgets_api/analog_output.hpp
-- Installing: /home/pioneer1/Documents/Rover/install/phidgets_api/include/phidgets_api/spatial.hpp
-- Installing: /home/pioneer1/Documents/Rover/install/phidgets_api/include/phidgets_api/stepper.hpp
-- Installing: /home/pioneer1/Documents/Rover/install/phidgets_api/include/phidgets_api/motor.hpp
-- Installing: /home/pioneer1/Documents/Rover/install/phidgets_api/include/phidgets_api/encoders.hpp
-- Installing: /home/pioneer1/Documents/Rover/install/phidgets_api/include/phidgets_api/analog_inputs.hpp
-- Installing: /home/pioneer1/Documents/Rover/install/phidgets_api/share/phidgets_api/environment/library_path.sh
-- Installing: /home/pioneer1/Documents/Rover/install/phidgets_api/share/phidgets_api/environment/library_path.dsv
-- Installing: /home/pioneer1/Documents/Rover/install/phidgets_api/share/ament_index/resource_index/package_run_dependencies/phidgets_api
-- Installing: /home/pioneer1/Documents/Rover/install/phidgets_api/share/ament_index/resource_index/parent_prefix_path/phidgets_api
-- Installing: /home/pioneer1/Documents/Rover/install/phidgets_api/share/phidgets_api/environment/ament_prefix_path.sh
-- Installing: /home/pioneer1/Documents/Rover/install/phidgets_api/share/phidgets_api/environment/ament_prefix_path.dsv
-- Installing: /home/pioneer1/Documents/Rover/install/phidgets_api/share/phidgets_api/environment/path.sh
-- Installing: /home/pioneer1/Documents/Rover/install/phidgets_api/share/phidgets_api/environment/path.dsv
-- Installing: /home/pioneer1/Documents/Rover/install/phidgets_api/share/phidgets_api/local_setup.bash
-- Installing: /home/pioneer1/Documents/Rover/install/phidgets_api/share/phidgets_api/local_setup.sh
-- Installing: /home/pioneer1/Documents/Rover/install/phidgets_api/share/phidgets_api/local_setup.zsh
-- Installing: /home/pioneer1/Documents/Rover/install/phidgets_api/share/phidgets_api/local_setup.dsv
-- Installing: /home/pioneer1/Documents/Rover/install/phidgets_api/share/phidgets_api/package.dsv
-- Installing: /home/pioneer1/Documents/Rover/install/phidgets_api/share/ament_index/resource_index/packages/phidgets_api
-- Installing: /home/pioneer1/Documents/Rover/install/phidgets_api/share/phidgets_api/cmake/export_phidgets_apiExport.cmake
-- Installing: /home/pioneer1/Documents/Rover/install/phidgets_api/share/phidgets_api/cmake/export_phidgets_apiExport-noconfig.cmake
-- Installing: /home/pioneer1/Documents/Rover/install/phidgets_api/share/phidgets_api/cmake/ament_cmake_export_dependencies-extras.cmake
-- Installing: /home/pioneer1/Documents/Rover/install/phidgets_api/share/phidgets_api/cmake/ament_cmake_export_include_directories-extras.cmake
-- Installing: /home/pioneer1/Documents/Rover/install/phidgets_api/share/phidgets_api/cmake/ament_cmake_export_libraries-extras.cmake
-- Installing: /home/pioneer1/Documents/Rover/install/phidgets_api/share/phidgets_api/cmake/ament_cmake_export_targets-extras.cmake
-- Installing: /home/pioneer1/Documents/Rover/install/phidgets_api/share/phidgets_api/cmake/phidgets_apiConfig.cmake
-- Installing: /home/pioneer1/Documents/Rover/install/phidgets_api/share/phidgets_api/cmake/phidgets_apiConfig-version.cmake
-- Installing: /home/pioneer1/Documents/Rover/install/phidgets_api/share/phidgets_api/package.xml
