[0.004s] Invoking command in '/home/pioneer1/Documents/Rover/build/phidgets_api': AMENT_PREFIX_PATH=/home/pioneer1/Documents/Rover/install/libphidget22:${AMENT_PREFIX_PATH} CMAKE_PREFIX_PATH=/home/pioneer1/Documents/Rover/install/libphidget22:/opt/ros/jazzy DEBUGINFOD_URLS=https://debuginfod.ubuntu.com LD_LIBRARY_PATH=/home/pioneer1/Documents/Rover/install/libphidget22/opt/libphidget22/lib:${LD_LIBRARY_PATH} /usr/bin/cmake /home/pioneer1/Documents/Rover/phidgets_drivers/phidgets_api -DCMAKE_INSTALL_PREFIX=/home/pioneer1/Documents/Rover/install/phidgets_api
[0.043s] -- The C compiler identification is GNU 13.3.0
[0.088s] -- The CXX compiler identification is GNU 13.3.0
[0.100s] -- Detecting C compiler ABI info
[0.164s] -- Detecting C compiler ABI info - done
[0.171s] -- Check for working C compiler: /usr/bin/cc - skipped
[0.171s] -- Detecting C compile features
[0.172s] -- Detecting C compile features - done
[0.177s] -- Detecting CXX compiler ABI info
[0.242s] -- Detecting CXX compiler ABI info - done
[0.249s] -- Check for working CXX compiler: /usr/bin/c++ - skipped
[0.249s] -- Detecting CXX compile features
[0.249s] -- Detecting CXX compile features - done
[0.250s] -- Found ament_cmake_ros: 0.12.0 (/opt/ros/jazzy/share/ament_cmake_ros/cmake)
[0.335s] -- Found Python3: /usr/bin/python3 (found version "3.12.3") found components: Interpreter 
[0.391s] -- Found libphidget22: 2.4.0 (/home/pioneer1/Documents/Rover/install/libphidget22/share/libphidget22/cmake)
[0.449s] -- Configuring done (0.4s)
[0.455s] -- Generating done (0.0s)
[0.457s] -- Build files have been written to: /home/pioneer1/Documents/Rover/build/phidgets_api
[0.461s] Invoked command in '/home/pioneer1/Documents/Rover/build/phidgets_api' returned '0': AMENT_PREFIX_PATH=/home/pioneer1/Documents/Rover/install/libphidget22:${AMENT_PREFIX_PATH} CMAKE_PREFIX_PATH=/home/pioneer1/Documents/Rover/install/libphidget22:/opt/ros/jazzy DEBUGINFOD_URLS=https://debuginfod.ubuntu.com LD_LIBRARY_PATH=/home/pioneer1/Documents/Rover/install/libphidget22/opt/libphidget22/lib:${LD_LIBRARY_PATH} /usr/bin/cmake /home/pioneer1/Documents/Rover/phidgets_drivers/phidgets_api -DCMAKE_INSTALL_PREFIX=/home/pioneer1/Documents/Rover/install/phidgets_api
[0.461s] Invoking command in '/home/pioneer1/Documents/Rover/build/phidgets_api': AMENT_PREFIX_PATH=/home/pioneer1/Documents/Rover/install/libphidget22:${AMENT_PREFIX_PATH} CMAKE_PREFIX_PATH=/home/pioneer1/Documents/Rover/install/libphidget22:/opt/ros/jazzy DEBUGINFOD_URLS=https://debuginfod.ubuntu.com LD_LIBRARY_PATH=/home/pioneer1/Documents/Rover/install/libphidget22/opt/libphidget22/lib:${LD_LIBRARY_PATH} /usr/bin/cmake --build /home/pioneer1/Documents/Rover/build/phidgets_api -- -j8 -l8
[0.504s] [ 19%] [32mBuilding CXX object CMakeFiles/phidgets_api.dir/src/analog_inputs.cpp.o[0m
[0.504s] [ 19%] [32mBuilding CXX object CMakeFiles/phidgets_api.dir/src/analog_output.cpp.o[0m
[0.504s] [ 23%] [32mBuilding CXX object CMakeFiles/phidgets_api.dir/src/analog_outputs.cpp.o[0m
[0.505s] [ 28%] [32mBuilding CXX object CMakeFiles/phidgets_api.dir/src/digital_input.cpp.o[0m
[0.505s] [ 33%] [32mBuilding CXX object CMakeFiles/phidgets_api.dir/src/digital_inputs.cpp.o[0m
[0.505s] [ 38%] [32mBuilding CXX object CMakeFiles/phidgets_api.dir/src/digital_output.cpp.o[0m
[0.505s] [ 19%] [32mBuilding CXX object CMakeFiles/phidgets_api.dir/src/accelerometer.cpp.o[0m
[0.505s] [ 19%] [32mBuilding CXX object CMakeFiles/phidgets_api.dir/src/analog_input.cpp.o[0m
[0.751s] [ 42%] [32mBuilding CXX object CMakeFiles/phidgets_api.dir/src/digital_outputs.cpp.o[0m
[0.752s] [ 47%] [32mBuilding CXX object CMakeFiles/phidgets_api.dir/src/encoder.cpp.o[0m
[0.885s] [ 52%] [32mBuilding CXX object CMakeFiles/phidgets_api.dir/src/encoders.cpp.o[0m
[0.908s] [ 57%] [32mBuilding CXX object CMakeFiles/phidgets_api.dir/src/gyroscope.cpp.o[0m
[0.922s] [ 61%] [32mBuilding CXX object CMakeFiles/phidgets_api.dir/src/ir.cpp.o[0m
[0.925s] [ 66%] [32mBuilding CXX object CMakeFiles/phidgets_api.dir/src/magnetometer.cpp.o[0m
[0.978s] [ 71%] [32mBuilding CXX object CMakeFiles/phidgets_api.dir/src/motor.cpp.o[0m
[0.980s] [ 76%] [32mBuilding CXX object CMakeFiles/phidgets_api.dir/src/motors.cpp.o[0m
[1.133s] [ 80%] [32mBuilding CXX object CMakeFiles/phidgets_api.dir/src/phidget22.cpp.o[0m
[1.151s] [ 85%] [32mBuilding CXX object CMakeFiles/phidgets_api.dir/src/spatial.cpp.o[0m
[1.287s] [ 90%] [32mBuilding CXX object CMakeFiles/phidgets_api.dir/src/stepper.cpp.o[0m
[1.323s] [ 95%] [32mBuilding CXX object CMakeFiles/phidgets_api.dir/src/temperature.cpp.o[0m
[1.580s] [100%] [32m[1mLinking CXX shared library libphidgets_api.so[0m
[1.637s] [100%] Built target phidgets_api
[1.643s] Invoked command in '/home/pioneer1/Documents/Rover/build/phidgets_api' returned '0': AMENT_PREFIX_PATH=/home/pioneer1/Documents/Rover/install/libphidget22:${AMENT_PREFIX_PATH} CMAKE_PREFIX_PATH=/home/pioneer1/Documents/Rover/install/libphidget22:/opt/ros/jazzy DEBUGINFOD_URLS=https://debuginfod.ubuntu.com LD_LIBRARY_PATH=/home/pioneer1/Documents/Rover/install/libphidget22/opt/libphidget22/lib:${LD_LIBRARY_PATH} /usr/bin/cmake --build /home/pioneer1/Documents/Rover/build/phidgets_api -- -j8 -l8
[1.644s] Invoking command in '/home/pioneer1/Documents/Rover/build/phidgets_api': AMENT_PREFIX_PATH=/home/pioneer1/Documents/Rover/install/libphidget22:${AMENT_PREFIX_PATH} CMAKE_PREFIX_PATH=/home/pioneer1/Documents/Rover/install/libphidget22:/opt/ros/jazzy DEBUGINFOD_URLS=https://debuginfod.ubuntu.com LD_LIBRARY_PATH=/home/pioneer1/Documents/Rover/install/libphidget22/opt/libphidget22/lib:${LD_LIBRARY_PATH} /usr/bin/cmake --install /home/pioneer1/Documents/Rover/build/phidgets_api
[1.649s] -- Install configuration: ""
[1.649s] -- Installing: /home/pioneer1/Documents/Rover/install/phidgets_api/lib/libphidgets_api.so
[1.650s] -- Set non-toolchain portion of runtime path of "/home/pioneer1/Documents/Rover/install/phidgets_api/lib/libphidgets_api.so" to ""
[1.650s] -- Installing: /home/pioneer1/Documents/Rover/install/phidgets_api/include
[1.650s] -- Installing: /home/pioneer1/Documents/Rover/install/phidgets_api/include/phidgets_api
[1.650s] -- Installing: /home/pioneer1/Documents/Rover/install/phidgets_api/include/phidgets_api/gyroscope.hpp
[1.650s] -- Installing: /home/pioneer1/Documents/Rover/install/phidgets_api/include/phidgets_api/digital_input.hpp
[1.650s] -- Installing: /home/pioneer1/Documents/Rover/install/phidgets_api/include/phidgets_api/motors.hpp
[1.650s] -- Installing: /home/pioneer1/Documents/Rover/install/phidgets_api/include/phidgets_api/accelerometer.hpp
[1.650s] -- Installing: /home/pioneer1/Documents/Rover/install/phidgets_api/include/phidgets_api/magnetometer.hpp
[1.650s] -- Installing: /home/pioneer1/Documents/Rover/install/phidgets_api/include/phidgets_api/analog_input.hpp
[1.650s] -- Installing: /home/pioneer1/Documents/Rover/install/phidgets_api/include/phidgets_api/digital_output.hpp
[1.650s] -- Installing: /home/pioneer1/Documents/Rover/install/phidgets_api/include/phidgets_api/phidget22.hpp
[1.650s] -- Installing: /home/pioneer1/Documents/Rover/install/phidgets_api/include/phidgets_api/temperature.hpp
[1.650s] -- Installing: /home/pioneer1/Documents/Rover/install/phidgets_api/include/phidgets_api/encoder.hpp
[1.650s] -- Installing: /home/pioneer1/Documents/Rover/install/phidgets_api/include/phidgets_api/digital_inputs.hpp
[1.650s] -- Installing: /home/pioneer1/Documents/Rover/install/phidgets_api/include/phidgets_api/digital_outputs.hpp
[1.651s] -- Installing: /home/pioneer1/Documents/Rover/install/phidgets_api/include/phidgets_api/ir.hpp
[1.651s] -- Installing: /home/pioneer1/Documents/Rover/install/phidgets_api/include/phidgets_api/analog_outputs.hpp
[1.651s] -- Installing: /home/pioneer1/Documents/Rover/install/phidgets_api/include/phidgets_api/analog_output.hpp
[1.651s] -- Installing: /home/pioneer1/Documents/Rover/install/phidgets_api/include/phidgets_api/spatial.hpp
[1.651s] -- Installing: /home/pioneer1/Documents/Rover/install/phidgets_api/include/phidgets_api/stepper.hpp
[1.651s] -- Installing: /home/pioneer1/Documents/Rover/install/phidgets_api/include/phidgets_api/motor.hpp
[1.651s] -- Installing: /home/pioneer1/Documents/Rover/install/phidgets_api/include/phidgets_api/encoders.hpp
[1.651s] -- Installing: /home/pioneer1/Documents/Rover/install/phidgets_api/include/phidgets_api/analog_inputs.hpp
[1.651s] -- Installing: /home/pioneer1/Documents/Rover/install/phidgets_api/share/phidgets_api/environment/library_path.sh
[1.651s] -- Installing: /home/pioneer1/Documents/Rover/install/phidgets_api/share/phidgets_api/environment/library_path.dsv
[1.651s] -- Installing: /home/pioneer1/Documents/Rover/install/phidgets_api/share/ament_index/resource_index/package_run_dependencies/phidgets_api
[1.651s] -- Installing: /home/pioneer1/Documents/Rover/install/phidgets_api/share/ament_index/resource_index/parent_prefix_path/phidgets_api
[1.651s] -- Installing: /home/pioneer1/Documents/Rover/install/phidgets_api/share/phidgets_api/environment/ament_prefix_path.sh
[1.651s] -- Installing: /home/pioneer1/Documents/Rover/install/phidgets_api/share/phidgets_api/environment/ament_prefix_path.dsv
[1.651s] -- Installing: /home/pioneer1/Documents/Rover/install/phidgets_api/share/phidgets_api/environment/path.sh
[1.651s] -- Installing: /home/pioneer1/Documents/Rover/install/phidgets_api/share/phidgets_api/environment/path.dsv
[1.652s] -- Installing: /home/pioneer1/Documents/Rover/install/phidgets_api/share/phidgets_api/local_setup.bash
[1.652s] -- Installing: /home/pioneer1/Documents/Rover/install/phidgets_api/share/phidgets_api/local_setup.sh
[1.652s] -- Installing: /home/pioneer1/Documents/Rover/install/phidgets_api/share/phidgets_api/local_setup.zsh
[1.652s] -- Installing: /home/pioneer1/Documents/Rover/install/phidgets_api/share/phidgets_api/local_setup.dsv
[1.652s] -- Installing: /home/pioneer1/Documents/Rover/install/phidgets_api/share/phidgets_api/package.dsv
[1.652s] -- Installing: /home/pioneer1/Documents/Rover/install/phidgets_api/share/ament_index/resource_index/packages/phidgets_api
[1.652s] -- Installing: /home/pioneer1/Documents/Rover/install/phidgets_api/share/phidgets_api/cmake/export_phidgets_apiExport.cmake
[1.652s] -- Installing: /home/pioneer1/Documents/Rover/install/phidgets_api/share/phidgets_api/cmake/export_phidgets_apiExport-noconfig.cmake
[1.652s] -- Installing: /home/pioneer1/Documents/Rover/install/phidgets_api/share/phidgets_api/cmake/ament_cmake_export_dependencies-extras.cmake
[1.652s] -- Installing: /home/pioneer1/Documents/Rover/install/phidgets_api/share/phidgets_api/cmake/ament_cmake_export_include_directories-extras.cmake
[1.652s] -- Installing: /home/pioneer1/Documents/Rover/install/phidgets_api/share/phidgets_api/cmake/ament_cmake_export_libraries-extras.cmake
[1.652s] -- Installing: /home/pioneer1/Documents/Rover/install/phidgets_api/share/phidgets_api/cmake/ament_cmake_export_targets-extras.cmake
[1.652s] -- Installing: /home/pioneer1/Documents/Rover/install/phidgets_api/share/phidgets_api/cmake/phidgets_apiConfig.cmake
[1.652s] -- Installing: /home/pioneer1/Documents/Rover/install/phidgets_api/share/phidgets_api/cmake/phidgets_apiConfig-version.cmake
[1.652s] -- Installing: /home/pioneer1/Documents/Rover/install/phidgets_api/share/phidgets_api/package.xml
[1.654s] Invoked command in '/home/pioneer1/Documents/Rover/build/phidgets_api' returned '0': AMENT_PREFIX_PATH=/home/pioneer1/Documents/Rover/install/libphidget22:${AMENT_PREFIX_PATH} CMAKE_PREFIX_PATH=/home/pioneer1/Documents/Rover/install/libphidget22:/opt/ros/jazzy DEBUGINFOD_URLS=https://debuginfod.ubuntu.com LD_LIBRARY_PATH=/home/pioneer1/Documents/Rover/install/libphidget22/opt/libphidget22/lib:${LD_LIBRARY_PATH} /usr/bin/cmake --install /home/pioneer1/Documents/Rover/build/phidgets_api
