[0.016s] Invoking command in '/home/pioneer1/Documents/Rover/build/phidgets_analog_inputs': AMENT_PREFIX_PATH=/home/pioneer1/Documents/Rover/install/phidgets_api:/home/pioneer1/Documents/Rover/install/libphidget22:${AMENT_PREFIX_PATH} CMAKE_PREFIX_PATH=/home/pioneer1/Documents/Rover/install/phidgets_api:/home/pioneer1/Documents/Rover/install/libphidget22:/opt/ros/jazzy DEBUGINFOD_URLS=https://debuginfod.ubuntu.com LD_LIBRARY_PATH=/home/pioneer1/Documents/Rover/install/phidgets_api/lib:/home/pioneer1/Documents/Rover/install/libphidget22/opt/libphidget22/lib:${LD_LIBRARY_PATH} /usr/bin/cmake /home/pioneer1/Documents/Rover/phidgets_drivers/phidgets_analog_inputs -DCMAKE_INSTALL_PREFIX=/home/pioneer1/Documents/Rover/install/phidgets_analog_inputs
[0.069s] -- The C compiler identification is GNU 13.3.0
[0.132s] -- The CXX compiler identification is GNU 13.3.0
[0.154s] -- Detecting C compiler ABI info
[0.239s] -- Detecting C compiler ABI info - done
[0.253s] -- Check for working C compiler: /usr/bin/cc - skipped
[0.254s] -- Detecting C compile features
[0.255s] -- Detecting C compile features - done
[0.263s] -- Detecting CXX compiler ABI info
[0.367s] -- Detecting CXX compiler ABI info - done
[0.383s] -- Check for working CXX compiler: /usr/bin/c++ - skipped
[0.384s] -- Detecting CXX compile features
[0.384s] -- Detecting CXX compile features - done
[0.386s] -- Found ament_cmake_ros: 0.12.0 (/opt/ros/jazzy/share/ament_cmake_ros/cmake)
[0.520s] -- Found Python3: /usr/bin/python3 (found version "3.12.3") found components: Interpreter 
[0.628s] -- Found phidgets_api: 2.4.0 (/home/pioneer1/Documents/Rover/install/phidgets_api/share/phidgets_api/cmake)
[0.636s] -- Found rclcpp: 28.1.9 (/opt/ros/jazzy/share/rclcpp/cmake)
[0.668s] -- Found rosidl_generator_c: 4.6.5 (/opt/ros/jazzy/share/rosidl_generator_c/cmake)
[0.683s] -- Found rosidl_generator_cpp: 4.6.5 (/opt/ros/jazzy/share/rosidl_generator_cpp/cmake)
[0.700s] -- Using all available rosidl_typesupport_c: rosidl_typesupport_fastrtps_c;rosidl_typesupport_introspection_c
[0.719s] -- Using all available rosidl_typesupport_cpp: rosidl_typesupport_fastrtps_cpp;rosidl_typesupport_introspection_cpp
[0.805s] -- Found rmw_implementation_cmake: 7.3.2 (/opt/ros/jazzy/share/rmw_implementation_cmake/cmake)
[0.808s] -- Found rmw_fastrtps_cpp: 8.4.2 (/opt/ros/jazzy/share/rmw_fastrtps_cpp/cmake)
[0.882s] -- Found OpenSSL: /usr/lib/x86_64-linux-gnu/libcrypto.so (found version "3.0.13")  
[0.903s] -- Found FastRTPS: /opt/ros/jazzy/include (Required is at least version "2.13") 
[0.927s] -- Using RMW implementation 'rmw_fastrtps_cpp' as default
[1.011s] -- Found rclcpp_components: 28.1.9 (/opt/ros/jazzy/share/rclcpp_components/cmake)
[1.048s] -- Found std_msgs: 5.3.6 (/opt/ros/jazzy/share/std_msgs/cmake)
[1.170s] -- Configuring done (1.1s)
[1.185s] -- Generating done (0.0s)
[1.190s] -- Build files have been written to: /home/pioneer1/Documents/Rover/build/phidgets_analog_inputs
[1.205s] Invoked command in '/home/pioneer1/Documents/Rover/build/phidgets_analog_inputs' returned '0': AMENT_PREFIX_PATH=/home/pioneer1/Documents/Rover/install/phidgets_api:/home/pioneer1/Documents/Rover/install/libphidget22:${AMENT_PREFIX_PATH} CMAKE_PREFIX_PATH=/home/pioneer1/Documents/Rover/install/phidgets_api:/home/pioneer1/Documents/Rover/install/libphidget22:/opt/ros/jazzy DEBUGINFOD_URLS=https://debuginfod.ubuntu.com LD_LIBRARY_PATH=/home/pioneer1/Documents/Rover/install/phidgets_api/lib:/home/pioneer1/Documents/Rover/install/libphidget22/opt/libphidget22/lib:${LD_LIBRARY_PATH} /usr/bin/cmake /home/pioneer1/Documents/Rover/phidgets_drivers/phidgets_analog_inputs -DCMAKE_INSTALL_PREFIX=/home/pioneer1/Documents/Rover/install/phidgets_analog_inputs
[1.207s] Invoking command in '/home/pioneer1/Documents/Rover/build/phidgets_analog_inputs': AMENT_PREFIX_PATH=/home/pioneer1/Documents/Rover/install/phidgets_api:/home/pioneer1/Documents/Rover/install/libphidget22:${AMENT_PREFIX_PATH} CMAKE_PREFIX_PATH=/home/pioneer1/Documents/Rover/install/phidgets_api:/home/pioneer1/Documents/Rover/install/libphidget22:/opt/ros/jazzy DEBUGINFOD_URLS=https://debuginfod.ubuntu.com LD_LIBRARY_PATH=/home/pioneer1/Documents/Rover/install/phidgets_api/lib:/home/pioneer1/Documents/Rover/install/libphidget22/opt/libphidget22/lib:${LD_LIBRARY_PATH} /usr/bin/cmake --build /home/pioneer1/Documents/Rover/build/phidgets_analog_inputs -- -j8 -l8
[1.269s] [ 50%] [32mBuilding CXX object CMakeFiles/phidgets_analog_inputs.dir/src/analog_inputs_ros_i.cpp.o[0m
[6.850s] [100%] [32m[1mLinking CXX shared library libphidgets_analog_inputs.so[0m
[7.264s] [100%] Built target phidgets_analog_inputs
[7.289s] Invoked command in '/home/pioneer1/Documents/Rover/build/phidgets_analog_inputs' returned '0': AMENT_PREFIX_PATH=/home/pioneer1/Documents/Rover/install/phidgets_api:/home/pioneer1/Documents/Rover/install/libphidget22:${AMENT_PREFIX_PATH} CMAKE_PREFIX_PATH=/home/pioneer1/Documents/Rover/install/phidgets_api:/home/pioneer1/Documents/Rover/install/libphidget22:/opt/ros/jazzy DEBUGINFOD_URLS=https://debuginfod.ubuntu.com LD_LIBRARY_PATH=/home/pioneer1/Documents/Rover/install/phidgets_api/lib:/home/pioneer1/Documents/Rover/install/libphidget22/opt/libphidget22/lib:${LD_LIBRARY_PATH} /usr/bin/cmake --build /home/pioneer1/Documents/Rover/build/phidgets_analog_inputs -- -j8 -l8
[7.289s] Invoking command in '/home/pioneer1/Documents/Rover/build/phidgets_analog_inputs': AMENT_PREFIX_PATH=/home/pioneer1/Documents/Rover/install/phidgets_api:/home/pioneer1/Documents/Rover/install/libphidget22:${AMENT_PREFIX_PATH} CMAKE_PREFIX_PATH=/home/pioneer1/Documents/Rover/install/phidgets_api:/home/pioneer1/Documents/Rover/install/libphidget22:/opt/ros/jazzy DEBUGINFOD_URLS=https://debuginfod.ubuntu.com LD_LIBRARY_PATH=/home/pioneer1/Documents/Rover/install/phidgets_api/lib:/home/pioneer1/Documents/Rover/install/libphidget22/opt/libphidget22/lib:${LD_LIBRARY_PATH} /usr/bin/cmake --install /home/pioneer1/Documents/Rover/build/phidgets_analog_inputs
[7.362s] -- Install configuration: ""
[7.362s] -- Installing: /home/pioneer1/Documents/Rover/install/phidgets_analog_inputs/lib/libphidgets_analog_inputs.so
[7.363s] -- Set non-toolchain portion of runtime path of "/home/pioneer1/Documents/Rover/install/phidgets_analog_inputs/lib/libphidgets_analog_inputs.so" to ""
[7.363s] -- Installing: /home/pioneer1/Documents/Rover/install/phidgets_analog_inputs/include
[7.363s] -- Installing: /home/pioneer1/Documents/Rover/install/phidgets_analog_inputs/include/phidgets_analog_inputs
[7.363s] -- Installing: /home/pioneer1/Documents/Rover/install/phidgets_analog_inputs/include/phidgets_analog_inputs/analog_inputs_ros_i.hpp
[7.363s] -- Installing: /home/pioneer1/Documents/Rover/install/phidgets_analog_inputs/share/phidgets_analog_inputs/launch
[7.363s] -- Installing: /home/pioneer1/Documents/Rover/install/phidgets_analog_inputs/share/phidgets_analog_inputs/launch/analog_inputs-launch.py
[7.363s] -- Installing: /home/pioneer1/Documents/Rover/install/phidgets_analog_inputs/share/ament_index/resource_index/package_run_dependencies/phidgets_analog_inputs
[7.364s] -- Installing: /home/pioneer1/Documents/Rover/install/phidgets_analog_inputs/share/ament_index/resource_index/parent_prefix_path/phidgets_analog_inputs
[7.364s] -- Installing: /home/pioneer1/Documents/Rover/install/phidgets_analog_inputs/share/phidgets_analog_inputs/environment/ament_prefix_path.sh
[7.364s] -- Installing: /home/pioneer1/Documents/Rover/install/phidgets_analog_inputs/share/phidgets_analog_inputs/environment/ament_prefix_path.dsv
[7.364s] -- Installing: /home/pioneer1/Documents/Rover/install/phidgets_analog_inputs/share/phidgets_analog_inputs/environment/path.sh
[7.364s] -- Installing: /home/pioneer1/Documents/Rover/install/phidgets_analog_inputs/share/phidgets_analog_inputs/environment/path.dsv
[7.364s] -- Installing: /home/pioneer1/Documents/Rover/install/phidgets_analog_inputs/share/phidgets_analog_inputs/local_setup.bash
[7.364s] -- Installing: /home/pioneer1/Documents/Rover/install/phidgets_analog_inputs/share/phidgets_analog_inputs/local_setup.sh
[7.364s] -- Installing: /home/pioneer1/Documents/Rover/install/phidgets_analog_inputs/share/phidgets_analog_inputs/local_setup.zsh
[7.365s] -- Installing: /home/pioneer1/Documents/Rover/install/phidgets_analog_inputs/share/phidgets_analog_inputs/local_setup.dsv
[7.365s] -- Installing: /home/pioneer1/Documents/Rover/install/phidgets_analog_inputs/share/phidgets_analog_inputs/package.dsv
[7.365s] -- Installing: /home/pioneer1/Documents/Rover/install/phidgets_analog_inputs/share/ament_index/resource_index/packages/phidgets_analog_inputs
[7.365s] -- Installing: /home/pioneer1/Documents/Rover/install/phidgets_analog_inputs/share/ament_index/resource_index/rclcpp_components/phidgets_analog_inputs
[7.365s] -- Installing: /home/pioneer1/Documents/Rover/install/phidgets_analog_inputs/share/phidgets_analog_inputs/cmake/phidgets_analog_inputsConfig.cmake
[7.365s] -- Installing: /home/pioneer1/Documents/Rover/install/phidgets_analog_inputs/share/phidgets_analog_inputs/cmake/phidgets_analog_inputsConfig-version.cmake
[7.366s] -- Installing: /home/pioneer1/Documents/Rover/install/phidgets_analog_inputs/share/phidgets_analog_inputs/package.xml
[7.368s] Invoked command in '/home/pioneer1/Documents/Rover/build/phidgets_analog_inputs' returned '0': AMENT_PREFIX_PATH=/home/pioneer1/Documents/Rover/install/phidgets_api:/home/pioneer1/Documents/Rover/install/libphidget22:${AMENT_PREFIX_PATH} CMAKE_PREFIX_PATH=/home/pioneer1/Documents/Rover/install/phidgets_api:/home/pioneer1/Documents/Rover/install/libphidget22:/opt/ros/jazzy DEBUGINFOD_URLS=https://debuginfod.ubuntu.com LD_LIBRARY_PATH=/home/pioneer1/Documents/Rover/install/phidgets_api/lib:/home/pioneer1/Documents/Rover/install/libphidget22/opt/libphidget22/lib:${LD_LIBRARY_PATH} /usr/bin/cmake --install /home/pioneer1/Documents/Rover/build/phidgets_analog_inputs
