[0.014s] Invoking command in '/home/pioneer1/Documents/Rover/build/phidgets_accelerometer': AMENT_PREFIX_PATH=/home/pioneer1/Documents/Rover/install/phidgets_api:/home/pioneer1/Documents/Rover/install/libphidget22:${AMENT_PREFIX_PATH} CMAKE_PREFIX_PATH=/home/pioneer1/Documents/Rover/install/phidgets_api:/home/pioneer1/Documents/Rover/install/libphidget22:/opt/ros/jazzy DEBUGINFOD_URLS=https://debuginfod.ubuntu.com LD_LIBRARY_PATH=/home/pioneer1/Documents/Rover/install/phidgets_api/lib:/home/pioneer1/Documents/Rover/install/libphidget22/opt/libphidget22/lib:${LD_LIBRARY_PATH} /usr/bin/cmake /home/pioneer1/Documents/Rover/phidgets_drivers/phidgets_accelerometer -DCMAKE_INSTALL_PREFIX=/home/pioneer1/Documents/Rover/install/phidgets_accelerometer
[0.070s] -- The C compiler identification is GNU 13.3.0
[0.143s] -- The CXX compiler identification is GNU 13.3.0
[0.153s] -- Detecting C compiler ABI info
[0.240s] -- Detecting C compiler ABI info - done
[0.249s] -- Check for working C compiler: /usr/bin/cc - skipped
[0.249s] -- Detecting C compile features
[0.249s] -- Detecting C compile features - done
[0.258s] -- Detecting CXX compiler ABI info
[0.358s] -- Detecting CXX compiler ABI info - done
[0.369s] -- Check for working CXX compiler: /usr/bin/c++ - skipped
[0.369s] -- Detecting CXX compile features
[0.370s] -- Detecting CXX compile features - done
[0.371s] -- Found ament_cmake_ros: 0.12.0 (/opt/ros/jazzy/share/ament_cmake_ros/cmake)
[0.503s] -- Found Python3: /usr/bin/python3 (found version "3.12.3") found components: Interpreter 
[0.612s] -- Found phidgets_api: 2.4.0 (/home/pioneer1/Documents/Rover/install/phidgets_api/share/phidgets_api/cmake)
[0.616s] -- Found rclcpp: 28.1.9 (/opt/ros/jazzy/share/rclcpp/cmake)
[0.652s] -- Found rosidl_generator_c: 4.6.5 (/opt/ros/jazzy/share/rosidl_generator_c/cmake)
[0.667s] -- Found rosidl_generator_cpp: 4.6.5 (/opt/ros/jazzy/share/rosidl_generator_cpp/cmake)
[0.684s] -- Using all available rosidl_typesupport_c: rosidl_typesupport_fastrtps_c;rosidl_typesupport_introspection_c
[0.704s] -- Using all available rosidl_typesupport_cpp: rosidl_typesupport_fastrtps_cpp;rosidl_typesupport_introspection_cpp
[0.791s] -- Found rmw_implementation_cmake: 7.3.2 (/opt/ros/jazzy/share/rmw_implementation_cmake/cmake)
[0.793s] -- Found rmw_fastrtps_cpp: 8.4.2 (/opt/ros/jazzy/share/rmw_fastrtps_cpp/cmake)
[0.868s] -- Found OpenSSL: /usr/lib/x86_64-linux-gnu/libcrypto.so (found version "3.0.13")  
[0.886s] -- Found FastRTPS: /opt/ros/jazzy/include (Required is at least version "2.13") 
[0.911s] -- Using RMW implementation 'rmw_fastrtps_cpp' as default
[0.997s] -- Found rclcpp_components: 28.1.9 (/opt/ros/jazzy/share/rclcpp_components/cmake)
[1.034s] -- Found sensor_msgs: 5.3.6 (/opt/ros/jazzy/share/sensor_msgs/cmake)
[1.215s] -- Configuring done (1.2s)
[1.238s] -- Generating done (0.0s)
[1.243s] -- Build files have been written to: /home/pioneer1/Documents/Rover/build/phidgets_accelerometer
[1.259s] Invoked command in '/home/pioneer1/Documents/Rover/build/phidgets_accelerometer' returned '0': AMENT_PREFIX_PATH=/home/pioneer1/Documents/Rover/install/phidgets_api:/home/pioneer1/Documents/Rover/install/libphidget22:${AMENT_PREFIX_PATH} CMAKE_PREFIX_PATH=/home/pioneer1/Documents/Rover/install/phidgets_api:/home/pioneer1/Documents/Rover/install/libphidget22:/opt/ros/jazzy DEBUGINFOD_URLS=https://debuginfod.ubuntu.com LD_LIBRARY_PATH=/home/pioneer1/Documents/Rover/install/phidgets_api/lib:/home/pioneer1/Documents/Rover/install/libphidget22/opt/libphidget22/lib:${LD_LIBRARY_PATH} /usr/bin/cmake /home/pioneer1/Documents/Rover/phidgets_drivers/phidgets_accelerometer -DCMAKE_INSTALL_PREFIX=/home/pioneer1/Documents/Rover/install/phidgets_accelerometer
[1.260s] Invoking command in '/home/pioneer1/Documents/Rover/build/phidgets_accelerometer': AMENT_PREFIX_PATH=/home/pioneer1/Documents/Rover/install/phidgets_api:/home/pioneer1/Documents/Rover/install/libphidget22:${AMENT_PREFIX_PATH} CMAKE_PREFIX_PATH=/home/pioneer1/Documents/Rover/install/phidgets_api:/home/pioneer1/Documents/Rover/install/libphidget22:/opt/ros/jazzy DEBUGINFOD_URLS=https://debuginfod.ubuntu.com LD_LIBRARY_PATH=/home/pioneer1/Documents/Rover/install/phidgets_api/lib:/home/pioneer1/Documents/Rover/install/libphidget22/opt/libphidget22/lib:${LD_LIBRARY_PATH} /usr/bin/cmake --build /home/pioneer1/Documents/Rover/build/phidgets_accelerometer -- -j8 -l8
[1.309s] [ 50%] [32mBuilding CXX object CMakeFiles/phidgets_accelerometer.dir/src/accelerometer_ros_i.cpp.o[0m
[6.936s] [100%] [32m[1mLinking CXX shared library libphidgets_accelerometer.so[0m
[7.345s] [100%] Built target phidgets_accelerometer
[7.357s] Invoked command in '/home/pioneer1/Documents/Rover/build/phidgets_accelerometer' returned '0': AMENT_PREFIX_PATH=/home/pioneer1/Documents/Rover/install/phidgets_api:/home/pioneer1/Documents/Rover/install/libphidget22:${AMENT_PREFIX_PATH} CMAKE_PREFIX_PATH=/home/pioneer1/Documents/Rover/install/phidgets_api:/home/pioneer1/Documents/Rover/install/libphidget22:/opt/ros/jazzy DEBUGINFOD_URLS=https://debuginfod.ubuntu.com LD_LIBRARY_PATH=/home/pioneer1/Documents/Rover/install/phidgets_api/lib:/home/pioneer1/Documents/Rover/install/libphidget22/opt/libphidget22/lib:${LD_LIBRARY_PATH} /usr/bin/cmake --build /home/pioneer1/Documents/Rover/build/phidgets_accelerometer -- -j8 -l8
[7.363s] Invoking command in '/home/pioneer1/Documents/Rover/build/phidgets_accelerometer': AMENT_PREFIX_PATH=/home/pioneer1/Documents/Rover/install/phidgets_api:/home/pioneer1/Documents/Rover/install/libphidget22:${AMENT_PREFIX_PATH} CMAKE_PREFIX_PATH=/home/pioneer1/Documents/Rover/install/phidgets_api:/home/pioneer1/Documents/Rover/install/libphidget22:/opt/ros/jazzy DEBUGINFOD_URLS=https://debuginfod.ubuntu.com LD_LIBRARY_PATH=/home/pioneer1/Documents/Rover/install/phidgets_api/lib:/home/pioneer1/Documents/Rover/install/libphidget22/opt/libphidget22/lib:${LD_LIBRARY_PATH} /usr/bin/cmake --install /home/pioneer1/Documents/Rover/build/phidgets_accelerometer
[7.367s] -- Install configuration: ""
[7.368s] -- Installing: /home/pioneer1/Documents/Rover/install/phidgets_accelerometer/lib/libphidgets_accelerometer.so
[7.368s] -- Set non-toolchain portion of runtime path of "/home/pioneer1/Documents/Rover/install/phidgets_accelerometer/lib/libphidgets_accelerometer.so" to ""
[7.369s] -- Installing: /home/pioneer1/Documents/Rover/install/phidgets_accelerometer/include
[7.369s] -- Installing: /home/pioneer1/Documents/Rover/install/phidgets_accelerometer/include/phidgets_accelerometer
[7.369s] -- Installing: /home/pioneer1/Documents/Rover/install/phidgets_accelerometer/include/phidgets_accelerometer/accelerometer_ros_i.hpp
[7.370s] -- Installing: /home/pioneer1/Documents/Rover/install/phidgets_accelerometer/share/phidgets_accelerometer/launch
[7.370s] -- Installing: /home/pioneer1/Documents/Rover/install/phidgets_accelerometer/share/phidgets_accelerometer/launch/accelerometer-launch.py
[7.370s] -- Installing: /home/pioneer1/Documents/Rover/install/phidgets_accelerometer/share/ament_index/resource_index/package_run_dependencies/phidgets_accelerometer
[7.370s] -- Installing: /home/pioneer1/Documents/Rover/install/phidgets_accelerometer/share/ament_index/resource_index/parent_prefix_path/phidgets_accelerometer
[7.370s] -- Installing: /home/pioneer1/Documents/Rover/install/phidgets_accelerometer/share/phidgets_accelerometer/environment/ament_prefix_path.sh
[7.370s] -- Installing: /home/pioneer1/Documents/Rover/install/phidgets_accelerometer/share/phidgets_accelerometer/environment/ament_prefix_path.dsv
[7.370s] -- Installing: /home/pioneer1/Documents/Rover/install/phidgets_accelerometer/share/phidgets_accelerometer/environment/path.sh
[7.370s] -- Installing: /home/pioneer1/Documents/Rover/install/phidgets_accelerometer/share/phidgets_accelerometer/environment/path.dsv
[7.370s] -- Installing: /home/pioneer1/Documents/Rover/install/phidgets_accelerometer/share/phidgets_accelerometer/local_setup.bash
[7.371s] -- Installing: /home/pioneer1/Documents/Rover/install/phidgets_accelerometer/share/phidgets_accelerometer/local_setup.sh
[7.371s] -- Installing: /home/pioneer1/Documents/Rover/install/phidgets_accelerometer/share/phidgets_accelerometer/local_setup.zsh
[7.371s] -- Installing: /home/pioneer1/Documents/Rover/install/phidgets_accelerometer/share/phidgets_accelerometer/local_setup.dsv
[7.371s] -- Installing: /home/pioneer1/Documents/Rover/install/phidgets_accelerometer/share/phidgets_accelerometer/package.dsv
[7.371s] -- Installing: /home/pioneer1/Documents/Rover/install/phidgets_accelerometer/share/ament_index/resource_index/packages/phidgets_accelerometer
[7.371s] -- Installing: /home/pioneer1/Documents/Rover/install/phidgets_accelerometer/share/ament_index/resource_index/rclcpp_components/phidgets_accelerometer
[7.372s] -- Installing: /home/pioneer1/Documents/Rover/install/phidgets_accelerometer/share/phidgets_accelerometer/cmake/phidgets_accelerometerConfig.cmake
[7.372s] -- Installing: /home/pioneer1/Documents/Rover/install/phidgets_accelerometer/share/phidgets_accelerometer/cmake/phidgets_accelerometerConfig-version.cmake
[7.372s] -- Installing: /home/pioneer1/Documents/Rover/install/phidgets_accelerometer/share/phidgets_accelerometer/package.xml
[7.403s] Invoked command in '/home/pioneer1/Documents/Rover/build/phidgets_accelerometer' returned '0': AMENT_PREFIX_PATH=/home/pioneer1/Documents/Rover/install/phidgets_api:/home/pioneer1/Documents/Rover/install/libphidget22:${AMENT_PREFIX_PATH} CMAKE_PREFIX_PATH=/home/pioneer1/Documents/Rover/install/phidgets_api:/home/pioneer1/Documents/Rover/install/libphidget22:/opt/ros/jazzy DEBUGINFOD_URLS=https://debuginfod.ubuntu.com LD_LIBRARY_PATH=/home/pioneer1/Documents/Rover/install/phidgets_api/lib:/home/pioneer1/Documents/Rover/install/libphidget22/opt/libphidget22/lib:${LD_LIBRARY_PATH} /usr/bin/cmake --install /home/pioneer1/Documents/Rover/build/phidgets_accelerometer
