[0.023s] Invoking command in '/home/pioneer1/Documents/Rover/build/phidgets_stepper': AMENT_PREFIX_PATH=/home/pioneer1/Documents/Rover/install/phidgets_api:/home/pioneer1/Documents/Rover/install/phidgets_msgs:/home/pioneer1/Documents/Rover/install/libphidget22:${AMENT_PREFIX_PATH} CMAKE_PREFIX_PATH=/home/pioneer1/Documents/Rover/install/phidgets_api:/opt/ros/jazzy:/home/pioneer1/Documents/Rover/install/phidgets_msgs:/home/pioneer1/Documents/Rover/install/libphidget22 DEBUGINFOD_URLS=https://debuginfod.ubuntu.com LD_LIBRARY_PATH=/home/pioneer1/Documents/Rover/install/phidgets_api/lib:/home/pioneer1/Documents/Rover/install/phidgets_msgs/lib:/home/pioneer1/Documents/Rover/install/libphidget22/opt/libphidget22/lib:${LD_LIBRARY_PATH} PYTHONPATH=/home/pioneer1/Documents/Rover/install/phidgets_msgs/lib/python3.12/site-packages:${PYTHONPATH} /usr/bin/cmake /home/pioneer1/Documents/Rover/phidgets_drivers/phidgets_stepper -DCMAKE_INSTALL_PREFIX=/home/pioneer1/Documents/Rover/install/phidgets_stepper
[1.312s] -- The C compiler identification is GNU 13.3.0
[1.313s] -- The CXX compiler identification is GNU 13.3.0
[1.313s] -- Detecting C compiler ABI info
[1.313s] -- Detecting C compiler ABI info - done
[1.313s] -- Check for working C compiler: /usr/bin/cc - skipped
[1.313s] -- Detecting C compile features
[1.313s] -- Detecting C compile features - done
[1.313s] -- Detecting CXX compiler ABI info
[1.313s] -- Detecting CXX compiler ABI info - done
[1.313s] -- Check for working CXX compiler: /usr/bin/c++ - skipped
[1.313s] -- Detecting CXX compile features
[1.313s] -- Detecting CXX compile features - done
[1.314s] -- Found ament_cmake_ros: 0.12.0 (/opt/ros/jazzy/share/ament_cmake_ros/cmake)
[1.314s] -- Found Python3: /usr/bin/python3 (found version "3.12.3") found components: Interpreter 
[1.314s] -- Found phidgets_api: 2.4.0 (/home/pioneer1/Documents/Rover/install/phidgets_api/share/phidgets_api/cmake)
[1.314s] -- Found phidgets_msgs: 2.3.4 (/opt/ros/jazzy/share/phidgets_msgs/cmake)
[1.314s] -- Found rosidl_generator_c: 4.6.5 (/opt/ros/jazzy/share/rosidl_generator_c/cmake)
[1.314s] -- Found rosidl_generator_cpp: 4.6.5 (/opt/ros/jazzy/share/rosidl_generator_cpp/cmake)
[1.314s] -- Using all available rosidl_typesupport_c: rosidl_typesupport_fastrtps_c;rosidl_typesupport_introspection_c
[1.314s] -- Using all available rosidl_typesupport_cpp: rosidl_typesupport_fastrtps_cpp;rosidl_typesupport_introspection_cpp
[1.314s] -- Found rclcpp: 28.1.9 (/opt/ros/jazzy/share/rclcpp/cmake)
[1.314s] -- Found rmw_implementation_cmake: 7.3.2 (/opt/ros/jazzy/share/rmw_implementation_cmake/cmake)
[1.314s] -- Found rmw_fastrtps_cpp: 8.4.2 (/opt/ros/jazzy/share/rmw_fastrtps_cpp/cmake)
[1.314s] -- Found OpenSSL: /usr/lib/x86_64-linux-gnu/libcrypto.so (found version "3.0.13")  
[1.315s] -- Found FastRTPS: /opt/ros/jazzy/include (Required is at least version "2.13") 
[1.315s] -- Using RMW implementation 'rmw_fastrtps_cpp' as default
[1.315s] -- Found rclcpp_components: 28.1.9 (/opt/ros/jazzy/share/rclcpp_components/cmake)
[1.315s] -- Found sensor_msgs: 5.3.6 (/opt/ros/jazzy/share/sensor_msgs/cmake)
[1.315s] -- Found std_srvs: 5.3.6 (/opt/ros/jazzy/share/std_srvs/cmake)
[1.321s] -- Configuring done (1.3s)
[1.338s] -- Generating done (0.0s)
[1.345s] -- Build files have been written to: /home/pioneer1/Documents/Rover/build/phidgets_stepper
[1.359s] Invoked command in '/home/pioneer1/Documents/Rover/build/phidgets_stepper' returned '0': AMENT_PREFIX_PATH=/home/pioneer1/Documents/Rover/install/phidgets_api:/home/pioneer1/Documents/Rover/install/phidgets_msgs:/home/pioneer1/Documents/Rover/install/libphidget22:${AMENT_PREFIX_PATH} CMAKE_PREFIX_PATH=/home/pioneer1/Documents/Rover/install/phidgets_api:/opt/ros/jazzy:/home/pioneer1/Documents/Rover/install/phidgets_msgs:/home/pioneer1/Documents/Rover/install/libphidget22 DEBUGINFOD_URLS=https://debuginfod.ubuntu.com LD_LIBRARY_PATH=/home/pioneer1/Documents/Rover/install/phidgets_api/lib:/home/pioneer1/Documents/Rover/install/phidgets_msgs/lib:/home/pioneer1/Documents/Rover/install/libphidget22/opt/libphidget22/lib:${LD_LIBRARY_PATH} PYTHONPATH=/home/pioneer1/Documents/Rover/install/phidgets_msgs/lib/python3.12/site-packages:${PYTHONPATH} /usr/bin/cmake /home/pioneer1/Documents/Rover/phidgets_drivers/phidgets_stepper -DCMAKE_INSTALL_PREFIX=/home/pioneer1/Documents/Rover/install/phidgets_stepper
[1.359s] Invoking command in '/home/pioneer1/Documents/Rover/build/phidgets_stepper': AMENT_PREFIX_PATH=/home/pioneer1/Documents/Rover/install/phidgets_api:/home/pioneer1/Documents/Rover/install/phidgets_msgs:/home/pioneer1/Documents/Rover/install/libphidget22:${AMENT_PREFIX_PATH} CMAKE_PREFIX_PATH=/home/pioneer1/Documents/Rover/install/phidgets_api:/opt/ros/jazzy:/home/pioneer1/Documents/Rover/install/phidgets_msgs:/home/pioneer1/Documents/Rover/install/libphidget22 DEBUGINFOD_URLS=https://debuginfod.ubuntu.com LD_LIBRARY_PATH=/home/pioneer1/Documents/Rover/install/phidgets_api/lib:/home/pioneer1/Documents/Rover/install/phidgets_msgs/lib:/home/pioneer1/Documents/Rover/install/libphidget22/opt/libphidget22/lib:${LD_LIBRARY_PATH} PYTHONPATH=/home/pioneer1/Documents/Rover/install/phidgets_msgs/lib/python3.12/site-packages:${PYTHONPATH} /usr/bin/cmake --build /home/pioneer1/Documents/Rover/build/phidgets_stepper -- -j8 -l8
[1.955s] [ 50%] [32mBuilding CXX object CMakeFiles/phidgets_stepper.dir/src/stepper_ros_i.cpp.o[0m
[11.165s] [100%] [32m[1mLinking CXX shared library libphidgets_stepper.so[0m
[11.518s] [100%] Built target phidgets_stepper
[11.525s] Invoked command in '/home/pioneer1/Documents/Rover/build/phidgets_stepper' returned '0': AMENT_PREFIX_PATH=/home/pioneer1/Documents/Rover/install/phidgets_api:/home/pioneer1/Documents/Rover/install/phidgets_msgs:/home/pioneer1/Documents/Rover/install/libphidget22:${AMENT_PREFIX_PATH} CMAKE_PREFIX_PATH=/home/pioneer1/Documents/Rover/install/phidgets_api:/opt/ros/jazzy:/home/pioneer1/Documents/Rover/install/phidgets_msgs:/home/pioneer1/Documents/Rover/install/libphidget22 DEBUGINFOD_URLS=https://debuginfod.ubuntu.com LD_LIBRARY_PATH=/home/pioneer1/Documents/Rover/install/phidgets_api/lib:/home/pioneer1/Documents/Rover/install/phidgets_msgs/lib:/home/pioneer1/Documents/Rover/install/libphidget22/opt/libphidget22/lib:${LD_LIBRARY_PATH} PYTHONPATH=/home/pioneer1/Documents/Rover/install/phidgets_msgs/lib/python3.12/site-packages:${PYTHONPATH} /usr/bin/cmake --build /home/pioneer1/Documents/Rover/build/phidgets_stepper -- -j8 -l8
[11.526s] Invoking command in '/home/pioneer1/Documents/Rover/build/phidgets_stepper': AMENT_PREFIX_PATH=/home/pioneer1/Documents/Rover/install/phidgets_api:/home/pioneer1/Documents/Rover/install/phidgets_msgs:/home/pioneer1/Documents/Rover/install/libphidget22:${AMENT_PREFIX_PATH} CMAKE_PREFIX_PATH=/home/pioneer1/Documents/Rover/install/phidgets_api:/opt/ros/jazzy:/home/pioneer1/Documents/Rover/install/phidgets_msgs:/home/pioneer1/Documents/Rover/install/libphidget22 DEBUGINFOD_URLS=https://debuginfod.ubuntu.com LD_LIBRARY_PATH=/home/pioneer1/Documents/Rover/install/phidgets_api/lib:/home/pioneer1/Documents/Rover/install/phidgets_msgs/lib:/home/pioneer1/Documents/Rover/install/libphidget22/opt/libphidget22/lib:${LD_LIBRARY_PATH} PYTHONPATH=/home/pioneer1/Documents/Rover/install/phidgets_msgs/lib/python3.12/site-packages:${PYTHONPATH} /usr/bin/cmake --install /home/pioneer1/Documents/Rover/build/phidgets_stepper
[11.531s] -- Install configuration: ""
[11.531s] -- Installing: /home/pioneer1/Documents/Rover/install/phidgets_stepper/lib/libphidgets_stepper.so
[11.539s] -- Set non-toolchain portion of runtime path of "/home/pioneer1/Documents/Rover/install/phidgets_stepper/lib/libphidgets_stepper.so" to ""
[11.539s] -- Installing: /home/pioneer1/Documents/Rover/install/phidgets_stepper/include
[11.539s] -- Installing: /home/pioneer1/Documents/Rover/install/phidgets_stepper/include/phidgets_stepper
[11.539s] -- Installing: /home/pioneer1/Documents/Rover/install/phidgets_stepper/include/phidgets_stepper/stepper_ros_i.hpp
[11.539s] -- Installing: /home/pioneer1/Documents/Rover/install/phidgets_stepper/share/phidgets_stepper/launch
[11.539s] -- Installing: /home/pioneer1/Documents/Rover/install/phidgets_stepper/share/phidgets_stepper/launch/stepper-launch.py
[11.539s] -- Installing: /home/pioneer1/Documents/Rover/install/phidgets_stepper/share/ament_index/resource_index/package_run_dependencies/phidgets_stepper
[11.539s] -- Installing: /home/pioneer1/Documents/Rover/install/phidgets_stepper/share/ament_index/resource_index/parent_prefix_path/phidgets_stepper
[11.540s] -- Installing: /home/pioneer1/Documents/Rover/install/phidgets_stepper/share/phidgets_stepper/environment/ament_prefix_path.sh
[11.540s] -- Installing: /home/pioneer1/Documents/Rover/install/phidgets_stepper/share/phidgets_stepper/environment/ament_prefix_path.dsv
[11.540s] -- Installing: /home/pioneer1/Documents/Rover/install/phidgets_stepper/share/phidgets_stepper/environment/path.sh
[11.540s] -- Installing: /home/pioneer1/Documents/Rover/install/phidgets_stepper/share/phidgets_stepper/environment/path.dsv
[11.540s] -- Installing: /home/pioneer1/Documents/Rover/install/phidgets_stepper/share/phidgets_stepper/local_setup.bash
[11.540s] -- Installing: /home/pioneer1/Documents/Rover/install/phidgets_stepper/share/phidgets_stepper/local_setup.sh
[11.540s] -- Installing: /home/pioneer1/Documents/Rover/install/phidgets_stepper/share/phidgets_stepper/local_setup.zsh
[11.540s] -- Installing: /home/pioneer1/Documents/Rover/install/phidgets_stepper/share/phidgets_stepper/local_setup.dsv
[11.540s] -- Installing: /home/pioneer1/Documents/Rover/install/phidgets_stepper/share/phidgets_stepper/package.dsv
[11.540s] -- Installing: /home/pioneer1/Documents/Rover/install/phidgets_stepper/share/ament_index/resource_index/packages/phidgets_stepper
[11.540s] -- Installing: /home/pioneer1/Documents/Rover/install/phidgets_stepper/share/ament_index/resource_index/rclcpp_components/phidgets_stepper
[11.540s] -- Installing: /home/pioneer1/Documents/Rover/install/phidgets_stepper/share/phidgets_stepper/cmake/phidgets_stepperConfig.cmake
[11.540s] -- Installing: /home/pioneer1/Documents/Rover/install/phidgets_stepper/share/phidgets_stepper/cmake/phidgets_stepperConfig-version.cmake
[11.540s] -- Installing: /home/pioneer1/Documents/Rover/install/phidgets_stepper/share/phidgets_stepper/package.xml
[11.542s] Invoked command in '/home/pioneer1/Documents/Rover/build/phidgets_stepper' returned '0': AMENT_PREFIX_PATH=/home/pioneer1/Documents/Rover/install/phidgets_api:/home/pioneer1/Documents/Rover/install/phidgets_msgs:/home/pioneer1/Documents/Rover/install/libphidget22:${AMENT_PREFIX_PATH} CMAKE_PREFIX_PATH=/home/pioneer1/Documents/Rover/install/phidgets_api:/opt/ros/jazzy:/home/pioneer1/Documents/Rover/install/phidgets_msgs:/home/pioneer1/Documents/Rover/install/libphidget22 DEBUGINFOD_URLS=https://debuginfod.ubuntu.com LD_LIBRARY_PATH=/home/pioneer1/Documents/Rover/install/phidgets_api/lib:/home/pioneer1/Documents/Rover/install/phidgets_msgs/lib:/home/pioneer1/Documents/Rover/install/libphidget22/opt/libphidget22/lib:${LD_LIBRARY_PATH} PYTHONPATH=/home/pioneer1/Documents/Rover/install/phidgets_msgs/lib/python3.12/site-packages:${PYTHONPATH} /usr/bin/cmake --install /home/pioneer1/Documents/Rover/build/phidgets_stepper
