-- The C compiler identification is GNU 13.3.0
-- The CXX compiler identification is GNU 13.3.0
-- Detecting C compiler ABI info
-- Detecting C compiler ABI info - done
-- Check for working C compiler: /usr/bin/cc - skipped
-- Detecting C compile features
-- Detecting C compile features - done
-- Detecting CXX compiler ABI info
-- Detecting CXX compiler ABI info - done
-- Check for working CXX compiler: /usr/bin/c++ - skipped
-- Detecting CXX compile features
-- Detecting CXX compile features - done
-- Found ament_cmake: 2.5.4 (/opt/ros/jazzy/share/ament_cmake/cmake)
-- Found Python3: /usr/bin/python3 (found version "3.12.3") found components: Interpreter 
-- Found rosidl_default_generators: 1.6.0 (/opt/ros/jazzy/share/rosidl_default_generators/cmake)
-- Using all available rosidl_typesupport_c: rosidl_typesupport_fastrtps_c;rosidl_typesupport_introspection_c
-- Using all available rosidl_typesupport_cpp: rosidl_typesupport_fastrtps_cpp;rosidl_typesupport_introspection_cpp
-- Found rosidl_adapter: 4.6.5 (/opt/ros/jazzy/share/rosidl_adapter/cmake)
-- Found std_msgs: 5.3.6 (/opt/ros/jazzy/share/std_msgs/cmake)
-- Found ament_cmake_ros: 0.12.0 (/opt/ros/jazzy/share/ament_cmake_ros/cmake)
-- Using all available rosidl_typesupport_c: rosidl_typesupport_fastrtps_c;rosidl_typesupport_introspection_c
-- Using all available rosidl_typesupport_cpp: rosidl_typesupport_fastrtps_cpp;rosidl_typesupport_introspection_cpp
-- Found python_cmake_module: 0.11.1 (/opt/ros/jazzy/share/python_cmake_module/cmake)
-- Found PythonExtra: /usr/bin/python3  
-- Found Python3: /usr/bin/python3 (found version "3.12.3") found components: Interpreter Development NumPy Development.Module Development.Embed 
-- Configuring done (1.9s)
-- Generating done (0.0s)
-- Build files have been written to: /home/pioneer1/Documents/Rover/src/build/phidgets_msgs
[  1%] [34m[1mGenerating type hashes for ROS interfaces[0m
[  1%] Built target ament_cmake_python_copy_phidgets_msgs
running egg_info
creating phidgets_msgs.egg-info
writing phidgets_msgs.egg-info/PKG-INFO
writing dependency_links to phidgets_msgs.egg-info/dependency_links.txt
writing top-level names to phidgets_msgs.egg-info/top_level.txt
writing manifest file 'phidgets_msgs.egg-info/SOURCES.txt'
reading manifest file 'phidgets_msgs.egg-info/SOURCES.txt'
writing manifest file 'phidgets_msgs.egg-info/SOURCES.txt'
[  1%] Built target ament_cmake_python_build_phidgets_msgs_egg
[  1%] Built target phidgets_msgs__rosidl_generator_type_description
[  2%] [34m[1mGenerating C code for ROS interfaces[0m
[  3%] [34m[1mGenerating C++ code for ROS interfaces[0m
[  3%] Built target phidgets_msgs__cpp
[  4%] [32mBuilding C object CMakeFiles/phidgets_msgs__rosidl_generator_c.dir/rosidl_generator_c/phidgets_msgs/srv/detail/set_digital_output__description.c.o[0m
[  7%] [32mBuilding C object CMakeFiles/phidgets_msgs__rosidl_generator_c.dir/rosidl_generator_c/phidgets_msgs/srv/detail/set_analog_output__functions.c.o[0m
[  7%] [32mBuilding C object CMakeFiles/phidgets_msgs__rosidl_generator_c.dir/rosidl_generator_c/phidgets_msgs/srv/detail/set_analog_output__type_support.c.o[0m
[  7%] [32mBuilding C object CMakeFiles/phidgets_msgs__rosidl_generator_c.dir/rosidl_generator_c/phidgets_msgs/srv/detail/set_analog_output__description.c.o[0m
[  9%] [32mBuilding C object CMakeFiles/phidgets_msgs__rosidl_generator_c.dir/rosidl_generator_c/phidgets_msgs/srv/detail/trigger__description.c.o[0m
[  9%] [32mBuilding C object CMakeFiles/phidgets_msgs__rosidl_generator_c.dir/rosidl_generator_c/phidgets_msgs/srv/detail/set_digital_output__functions.c.o[0m
[ 10%] [32mBuilding C object CMakeFiles/phidgets_msgs__rosidl_generator_c.dir/rosidl_generator_c/phidgets_msgs/srv/detail/set_digital_output__type_support.c.o[0m
[ 11%] [32mBuilding C object CMakeFiles/phidgets_msgs__rosidl_generator_c.dir/rosidl_generator_c/phidgets_msgs/srv/detail/trigger__functions.c.o[0m
[ 12%] [32mBuilding C object CMakeFiles/phidgets_msgs__rosidl_generator_c.dir/rosidl_generator_c/phidgets_msgs/srv/detail/trigger__type_support.c.o[0m
[ 13%] [32mBuilding C object CMakeFiles/phidgets_msgs__rosidl_generator_c.dir/rosidl_generator_c/phidgets_msgs/msg/detail/encoder_decimated_speed__description.c.o[0m
[ 15%] [32mBuilding C object CMakeFiles/phidgets_msgs__rosidl_generator_c.dir/rosidl_generator_c/phidgets_msgs/msg/detail/encoder_decimated_speed__type_support.c.o[0m
[ 15%] [32mBuilding C object CMakeFiles/phidgets_msgs__rosidl_generator_c.dir/rosidl_generator_c/phidgets_msgs/msg/detail/encoder_decimated_speed__functions.c.o[0m
[ 17%] [32mBuilding C object CMakeFiles/phidgets_msgs__rosidl_generator_c.dir/rosidl_generator_c/phidgets_msgs/msg/detail/stepper_command__description.c.o[0m
[ 18%] [32mBuilding C object CMakeFiles/phidgets_msgs__rosidl_generator_c.dir/rosidl_generator_c/phidgets_msgs/msg/detail/stepper_command__type_support.c.o[0m
[ 19%] [32mBuilding C object CMakeFiles/phidgets_msgs__rosidl_generator_c.dir/rosidl_generator_c/phidgets_msgs/msg/detail/stepper_command__functions.c.o[0m
[ 20%] [32mBuilding C object CMakeFiles/phidgets_msgs__rosidl_generator_c.dir/rosidl_generator_c/phidgets_msgs/msg/detail/stepper_config__description.c.o[0m
[ 21%] [32mBuilding C object CMakeFiles/phidgets_msgs__rosidl_generator_c.dir/rosidl_generator_c/phidgets_msgs/msg/detail/stepper_config__type_support.c.o[0m
[ 22%] [32mBuilding C object CMakeFiles/phidgets_msgs__rosidl_generator_c.dir/rosidl_generator_c/phidgets_msgs/msg/detail/stepper_config__functions.c.o[0m
[ 23%] [32mBuilding C object CMakeFiles/phidgets_msgs__rosidl_generator_c.dir/rosidl_generator_c/phidgets_msgs/msg/detail/stepper_state__description.c.o[0m
[ 24%] [32mBuilding C object CMakeFiles/phidgets_msgs__rosidl_generator_c.dir/rosidl_generator_c/phidgets_msgs/msg/detail/stepper_state__functions.c.o[0m
[ 25%] [32mBuilding C object CMakeFiles/phidgets_msgs__rosidl_generator_c.dir/rosidl_generator_c/phidgets_msgs/msg/detail/stepper_state__type_support.c.o[0m
[ 26%] [32m[1mLinking C shared library libphidgets_msgs__rosidl_generator_c.so[0m
[ 26%] Built target phidgets_msgs__rosidl_generator_c
[ 27%] [34m[1mGenerating C type support for eProsima Fast-RTPS[0m
[ 28%] [34m[1mGenerating C++ introspection for ROS interfaces[0m
[ 29%] [34m[1mGenerating C++ type support dispatch for ROS interfaces[0m
[ 30%] [34m[1mGenerating C type support dispatch for ROS interfaces[0m
[ 31%] [34m[1mGenerating C introspection for ROS interfaces[0m
[ 32%] [34m[1mGenerating C++ type support for eProsima Fast-RTPS[0m
[ 36%] [32mBuilding CXX object CMakeFiles/phidgets_msgs__rosidl_typesupport_c.dir/rosidl_typesupport_c/phidgets_msgs/srv/set_analog_output__type_support.cpp.o[0m
[ 36%] [32mBuilding CXX object CMakeFiles/phidgets_msgs__rosidl_typesupport_c.dir/rosidl_typesupport_c/phidgets_msgs/srv/set_digital_output__type_support.cpp.o[0m
[ 36%] [32mBuilding CXX object CMakeFiles/phidgets_msgs__rosidl_typesupport_c.dir/rosidl_typesupport_c/phidgets_msgs/srv/trigger__type_support.cpp.o[0m
[ 38%] [32mBuilding CXX object CMakeFiles/phidgets_msgs__rosidl_typesupport_c.dir/rosidl_typesupport_c/phidgets_msgs/msg/stepper_config__type_support.cpp.o[0m
[ 39%] [32mBuilding CXX object CMakeFiles/phidgets_msgs__rosidl_typesupport_c.dir/rosidl_typesupport_c/phidgets_msgs/msg/encoder_decimated_speed__type_support.cpp.o[0m
[ 39%] [32mBuilding CXX object CMakeFiles/phidgets_msgs__rosidl_typesupport_c.dir/rosidl_typesupport_c/phidgets_msgs/msg/stepper_command__type_support.cpp.o[0m
[ 40%] [32mBuilding CXX object CMakeFiles/phidgets_msgs__rosidl_typesupport_c.dir/rosidl_typesupport_c/phidgets_msgs/msg/stepper_state__type_support.cpp.o[0m
[ 41%] [32m[1mLinking CXX shared library libphidgets_msgs__rosidl_typesupport_c.so[0m
[ 41%] Built target phidgets_msgs__rosidl_typesupport_c
[ 44%] [32mBuilding C object CMakeFiles/phidgets_msgs__rosidl_typesupport_introspection_c.dir/rosidl_typesupport_introspection_c/phidgets_msgs/srv/detail/set_analog_output__type_support.c.o[0m
[ 44%] [32mBuilding C object CMakeFiles/phidgets_msgs__rosidl_typesupport_introspection_c.dir/rosidl_typesupport_introspection_c/phidgets_msgs/srv/detail/set_digital_output__type_support.c.o[0m
[ 44%] [32mBuilding C object CMakeFiles/phidgets_msgs__rosidl_typesupport_introspection_c.dir/rosidl_typesupport_introspection_c/phidgets_msgs/srv/detail/trigger__type_support.c.o[0m
[ 45%] [32mBuilding C object CMakeFiles/phidgets_msgs__rosidl_typesupport_introspection_c.dir/rosidl_typesupport_introspection_c/phidgets_msgs/msg/detail/encoder_decimated_speed__type_support.c.o[0m
[ 46%] [32mBuilding C object CMakeFiles/phidgets_msgs__rosidl_typesupport_introspection_c.dir/rosidl_typesupport_introspection_c/phidgets_msgs/msg/detail/stepper_command__type_support.c.o[0m
[ 47%] [32mBuilding C object CMakeFiles/phidgets_msgs__rosidl_typesupport_introspection_c.dir/rosidl_typesupport_introspection_c/phidgets_msgs/msg/detail/stepper_state__type_support.c.o[0m
[ 48%] [32mBuilding C object CMakeFiles/phidgets_msgs__rosidl_typesupport_introspection_c.dir/rosidl_typesupport_introspection_c/phidgets_msgs/msg/detail/stepper_config__type_support.c.o[0m
[ 50%] [32m[1mLinking C shared library libphidgets_msgs__rosidl_typesupport_introspection_c.so[0m
[ 50%] Built target phidgets_msgs__rosidl_typesupport_introspection_c
[ 53%] [32mBuilding CXX object CMakeFiles/phidgets_msgs__rosidl_typesupport_cpp.dir/rosidl_typesupport_cpp/phidgets_msgs/srv/trigger__type_support.cpp.o[0m
[ 55%] [32mBuilding CXX object CMakeFiles/phidgets_msgs__rosidl_typesupport_cpp.dir/rosidl_typesupport_cpp/phidgets_msgs/srv/set_analog_output__type_support.cpp.o[0m
[ 55%] [32mBuilding CXX object CMakeFiles/phidgets_msgs__rosidl_typesupport_cpp.dir/rosidl_typesupport_cpp/phidgets_msgs/msg/stepper_command__type_support.cpp.o[0m
[ 55%] [32mBuilding CXX object CMakeFiles/phidgets_msgs__rosidl_typesupport_cpp.dir/rosidl_typesupport_cpp/phidgets_msgs/srv/set_digital_output__type_support.cpp.o[0m
[ 53%] [32mBuilding CXX object CMakeFiles/phidgets_msgs__rosidl_typesupport_cpp.dir/rosidl_typesupport_cpp/phidgets_msgs/msg/encoder_decimated_speed__type_support.cpp.o[0m
[ 56%] [32mBuilding CXX object CMakeFiles/phidgets_msgs__rosidl_typesupport_introspection_cpp.dir/rosidl_typesupport_introspection_cpp/phidgets_msgs/srv/detail/set_analog_output__type_support.cpp.o[0m
[ 57%] [32mBuilding CXX object CMakeFiles/phidgets_msgs__rosidl_typesupport_introspection_cpp.dir/rosidl_typesupport_introspection_cpp/phidgets_msgs/srv/detail/set_digital_output__type_support.cpp.o[0m
[ 58%] [32mBuilding CXX object CMakeFiles/phidgets_msgs__rosidl_typesupport_introspection_cpp.dir/rosidl_typesupport_introspection_cpp/phidgets_msgs/srv/detail/trigger__type_support.cpp.o[0m
[ 59%] [32mBuilding CXX object CMakeFiles/phidgets_msgs__rosidl_typesupport_introspection_cpp.dir/rosidl_typesupport_introspection_cpp/phidgets_msgs/msg/detail/encoder_decimated_speed__type_support.cpp.o[0m
[ 60%] [32mBuilding CXX object CMakeFiles/phidgets_msgs__rosidl_typesupport_cpp.dir/rosidl_typesupport_cpp/phidgets_msgs/msg/stepper_config__type_support.cpp.o[0m
[ 61%] [32mBuilding CXX object CMakeFiles/phidgets_msgs__rosidl_typesupport_cpp.dir/rosidl_typesupport_cpp/phidgets_msgs/msg/stepper_state__type_support.cpp.o[0m
[ 62%] [32mBuilding CXX object CMakeFiles/phidgets_msgs__rosidl_typesupport_fastrtps_cpp.dir/rosidl_typesupport_fastrtps_cpp/phidgets_msgs/srv/detail/dds_fastrtps/set_analog_output__type_support.cpp.o[0m
[ 63%] [32mBuilding CXX object CMakeFiles/phidgets_msgs__rosidl_typesupport_fastrtps_c.dir/rosidl_typesupport_fastrtps_c/phidgets_msgs/srv/detail/set_analog_output__type_support_c.cpp.o[0m
[ 64%] [32mBuilding CXX object CMakeFiles/phidgets_msgs__rosidl_typesupport_fastrtps_c.dir/rosidl_typesupport_fastrtps_c/phidgets_msgs/srv/detail/set_digital_output__type_support_c.cpp.o[0m
[ 65%] [32mBuilding CXX object CMakeFiles/phidgets_msgs__rosidl_typesupport_fastrtps_c.dir/rosidl_typesupport_fastrtps_c/phidgets_msgs/srv/detail/trigger__type_support_c.cpp.o[0m
[ 67%] [32mBuilding CXX object CMakeFiles/phidgets_msgs__rosidl_typesupport_fastrtps_cpp.dir/rosidl_typesupport_fastrtps_cpp/phidgets_msgs/srv/detail/dds_fastrtps/set_digital_output__type_support.cpp.o[0m
[ 68%] [32m[1mLinking CXX shared library libphidgets_msgs__rosidl_typesupport_cpp.so[0m
[ 69%] [32mBuilding CXX object CMakeFiles/phidgets_msgs__rosidl_typesupport_fastrtps_cpp.dir/rosidl_typesupport_fastrtps_cpp/phidgets_msgs/srv/detail/dds_fastrtps/trigger__type_support.cpp.o[0m
[ 70%] [32mBuilding CXX object CMakeFiles/phidgets_msgs__rosidl_typesupport_introspection_cpp.dir/rosidl_typesupport_introspection_cpp/phidgets_msgs/msg/detail/stepper_command__type_support.cpp.o[0m
[ 70%] Built target phidgets_msgs__rosidl_typesupport_cpp
[ 71%] [32mBuilding CXX object CMakeFiles/phidgets_msgs__rosidl_typesupport_introspection_cpp.dir/rosidl_typesupport_introspection_cpp/phidgets_msgs/msg/detail/stepper_config__type_support.cpp.o[0m
[ 72%] [32mBuilding CXX object CMakeFiles/phidgets_msgs__rosidl_typesupport_introspection_cpp.dir/rosidl_typesupport_introspection_cpp/phidgets_msgs/msg/detail/stepper_state__type_support.cpp.o[0m
[ 73%] [32mBuilding CXX object CMakeFiles/phidgets_msgs__rosidl_typesupport_fastrtps_c.dir/rosidl_typesupport_fastrtps_c/phidgets_msgs/msg/detail/encoder_decimated_speed__type_support_c.cpp.o[0m
[ 74%] [32mBuilding CXX object CMakeFiles/phidgets_msgs__rosidl_typesupport_fastrtps_c.dir/rosidl_typesupport_fastrtps_c/phidgets_msgs/msg/detail/stepper_command__type_support_c.cpp.o[0m
[ 75%] [32mBuilding CXX object CMakeFiles/phidgets_msgs__rosidl_typesupport_fastrtps_c.dir/rosidl_typesupport_fastrtps_c/phidgets_msgs/msg/detail/stepper_config__type_support_c.cpp.o[0m
[ 76%] [32mBuilding CXX object CMakeFiles/phidgets_msgs__rosidl_typesupport_fastrtps_cpp.dir/rosidl_typesupport_fastrtps_cpp/phidgets_msgs/msg/detail/dds_fastrtps/encoder_decimated_speed__type_support.cpp.o[0m
[ 77%] [32mBuilding CXX object CMakeFiles/phidgets_msgs__rosidl_typesupport_fastrtps_cpp.dir/rosidl_typesupport_fastrtps_cpp/phidgets_msgs/msg/detail/dds_fastrtps/stepper_command__type_support.cpp.o[0m
[ 78%] [32mBuilding CXX object CMakeFiles/phidgets_msgs__rosidl_typesupport_fastrtps_c.dir/rosidl_typesupport_fastrtps_c/phidgets_msgs/msg/detail/stepper_state__type_support_c.cpp.o[0m
[ 79%] [32m[1mLinking CXX shared library libphidgets_msgs__rosidl_typesupport_introspection_cpp.so[0m
[ 80%] [32mBuilding CXX object CMakeFiles/phidgets_msgs__rosidl_typesupport_fastrtps_cpp.dir/rosidl_typesupport_fastrtps_cpp/phidgets_msgs/msg/detail/dds_fastrtps/stepper_config__type_support.cpp.o[0m
[ 80%] Built target phidgets_msgs__rosidl_typesupport_introspection_cpp
[ 81%] [32mBuilding CXX object CMakeFiles/phidgets_msgs__rosidl_typesupport_fastrtps_cpp.dir/rosidl_typesupport_fastrtps_cpp/phidgets_msgs/msg/detail/dds_fastrtps/stepper_state__type_support.cpp.o[0m
[ 82%] [32m[1mLinking CXX shared library libphidgets_msgs__rosidl_typesupport_fastrtps_c.so[0m
[ 82%] Built target phidgets_msgs__rosidl_typesupport_fastrtps_c
[ 84%] [32m[1mLinking CXX shared library libphidgets_msgs__rosidl_typesupport_fastrtps_cpp.so[0m
[ 84%] Built target phidgets_msgs__rosidl_typesupport_fastrtps_cpp
[ 84%] Built target phidgets_msgs
[ 85%] [34m[1mGenerating Python code for ROS interfaces[0m
