[0.009s] Invoking command in '/home/pioneer1/Documents/Rover/src/build/phidgets_msgs': CMAKE_PREFIX_PATH=/opt/ros/jazzy DEBUGINFOD_URLS=https://debuginfod.ubuntu.com /usr/bin/cmake /home/pioneer1/Documents/Rover/src/phidgets_drivers/phidgets_msgs -DCMAKE_INSTALL_PREFIX=/home/pioneer1/Documents/Rover/src/install/phidgets_msgs
[0.166s] -- The C compiler identification is GNU 13.3.0
[0.166s] -- The CXX compiler identification is GNU 13.3.0
[0.166s] -- Detecting C compiler ABI info
[0.166s] -- Detecting C compiler ABI info - done
[0.166s] -- Check for working C compiler: /usr/bin/cc - skipped
[0.166s] -- Detecting C compile features
[0.166s] -- Detecting C compile features - done
[0.166s] -- Detecting CXX compiler ABI info
[0.228s] -- Detecting CXX compiler ABI info - done
[0.240s] -- Check for working CXX compiler: /usr/bin/c++ - skipped
[0.241s] -- Detecting CXX compile features
[0.241s] -- Detecting CXX compile features - done
[0.243s] -- Found ament_cmake: 2.5.4 (/opt/ros/jazzy/share/ament_cmake/cmake)
[0.332s] -- Found Python3: /usr/bin/python3 (found version "3.12.3") found components: Interpreter 
[0.406s] -- Found rosidl_default_generators: 1.6.0 (/opt/ros/jazzy/share/rosidl_default_generators/cmake)
[0.410s] -- Using all available rosidl_typesupport_c: rosidl_typesupport_fastrtps_c;rosidl_typesupport_introspection_c
[0.448s] -- Using all available rosidl_typesupport_cpp: rosidl_typesupport_fastrtps_cpp;rosidl_typesupport_introspection_cpp
[0.472s] -- Found rosidl_adapter: 4.6.5 (/opt/ros/jazzy/share/rosidl_adapter/cmake)
[0.474s] -- Found std_msgs: 5.3.6 (/opt/ros/jazzy/share/std_msgs/cmake)
[0.930s] -- Found ament_cmake_ros: 0.12.0 (/opt/ros/jazzy/share/ament_cmake_ros/cmake)
[1.209s] -- Using all available rosidl_typesupport_c: rosidl_typesupport_fastrtps_c;rosidl_typesupport_introspection_c
[1.548s] -- Using all available rosidl_typesupport_cpp: rosidl_typesupport_fastrtps_cpp;rosidl_typesupport_introspection_cpp
[1.549s] -- Found python_cmake_module: 0.11.1 (/opt/ros/jazzy/share/python_cmake_module/cmake)
[1.624s] -- Found PythonExtra: /usr/bin/python3  
[1.880s] -- Found Python3: /usr/bin/python3 (found version "3.12.3") found components: Interpreter Development NumPy Development.Module Development.Embed 
[1.912s] -- Configuring done (1.9s)
[1.940s] -- Generating done (0.0s)
[1.948s] -- Build files have been written to: /home/pioneer1/Documents/Rover/src/build/phidgets_msgs
[1.954s] Invoked command in '/home/pioneer1/Documents/Rover/src/build/phidgets_msgs' returned '0': CMAKE_PREFIX_PATH=/opt/ros/jazzy DEBUGINFOD_URLS=https://debuginfod.ubuntu.com /usr/bin/cmake /home/pioneer1/Documents/Rover/src/phidgets_drivers/phidgets_msgs -DCMAKE_INSTALL_PREFIX=/home/pioneer1/Documents/Rover/src/install/phidgets_msgs
[1.955s] Invoking command in '/home/pioneer1/Documents/Rover/src/build/phidgets_msgs': CMAKE_PREFIX_PATH=/opt/ros/jazzy DEBUGINFOD_URLS=https://debuginfod.ubuntu.com /usr/bin/cmake --build /home/pioneer1/Documents/Rover/src/build/phidgets_msgs -- -j8 -l8
[1.987s] [  1%] [34m[1mGenerating type hashes for ROS interfaces[0m
[1.992s] [  1%] Built target ament_cmake_python_copy_phidgets_msgs
[2.119s] running egg_info
[2.120s] creating phidgets_msgs.egg-info
[2.130s] writing phidgets_msgs.egg-info/PKG-INFO
[2.131s] writing dependency_links to phidgets_msgs.egg-info/dependency_links.txt
[2.131s] writing top-level names to phidgets_msgs.egg-info/top_level.txt
[2.131s] writing manifest file 'phidgets_msgs.egg-info/SOURCES.txt'
[2.161s] reading manifest file 'phidgets_msgs.egg-info/SOURCES.txt'
[2.162s] writing manifest file 'phidgets_msgs.egg-info/SOURCES.txt'
[2.180s] [  1%] Built target ament_cmake_python_build_phidgets_msgs_egg
[2.214s] [  1%] Built target phidgets_msgs__rosidl_generator_type_description
[2.221s] [  2%] [34m[1mGenerating C code for ROS interfaces[0m
[2.227s] [  3%] [34m[1mGenerating C++ code for ROS interfaces[0m
[2.676s] [  3%] Built target phidgets_msgs__cpp
[2.776s] [  4%] [32mBuilding C object CMakeFiles/phidgets_msgs__rosidl_generator_c.dir/rosidl_generator_c/phidgets_msgs/srv/detail/set_digital_output__description.c.o[0m
[2.776s] [  7%] [32mBuilding C object CMakeFiles/phidgets_msgs__rosidl_generator_c.dir/rosidl_generator_c/phidgets_msgs/srv/detail/set_analog_output__functions.c.o[0m
[2.776s] [  7%] [32mBuilding C object CMakeFiles/phidgets_msgs__rosidl_generator_c.dir/rosidl_generator_c/phidgets_msgs/srv/detail/set_analog_output__type_support.c.o[0m
[2.776s] [  7%] [32mBuilding C object CMakeFiles/phidgets_msgs__rosidl_generator_c.dir/rosidl_generator_c/phidgets_msgs/srv/detail/set_analog_output__description.c.o[0m
[2.776s] [  9%] [32mBuilding C object CMakeFiles/phidgets_msgs__rosidl_generator_c.dir/rosidl_generator_c/phidgets_msgs/srv/detail/trigger__description.c.o[0m
[2.776s] [  9%] [32mBuilding C object CMakeFiles/phidgets_msgs__rosidl_generator_c.dir/rosidl_generator_c/phidgets_msgs/srv/detail/set_digital_output__functions.c.o[0m
[2.776s] [ 10%] [32mBuilding C object CMakeFiles/phidgets_msgs__rosidl_generator_c.dir/rosidl_generator_c/phidgets_msgs/srv/detail/set_digital_output__type_support.c.o[0m
[2.779s] [ 11%] [32mBuilding C object CMakeFiles/phidgets_msgs__rosidl_generator_c.dir/rosidl_generator_c/phidgets_msgs/srv/detail/trigger__functions.c.o[0m
[2.814s] [ 12%] [32mBuilding C object CMakeFiles/phidgets_msgs__rosidl_generator_c.dir/rosidl_generator_c/phidgets_msgs/srv/detail/trigger__type_support.c.o[0m
[2.814s] [ 13%] [32mBuilding C object CMakeFiles/phidgets_msgs__rosidl_generator_c.dir/rosidl_generator_c/phidgets_msgs/msg/detail/encoder_decimated_speed__description.c.o[0m
[2.825s] [ 15%] [32mBuilding C object CMakeFiles/phidgets_msgs__rosidl_generator_c.dir/rosidl_generator_c/phidgets_msgs/msg/detail/encoder_decimated_speed__type_support.c.o[0m
[2.825s] [ 15%] [32mBuilding C object CMakeFiles/phidgets_msgs__rosidl_generator_c.dir/rosidl_generator_c/phidgets_msgs/msg/detail/encoder_decimated_speed__functions.c.o[0m
[2.826s] [ 17%] [32mBuilding C object CMakeFiles/phidgets_msgs__rosidl_generator_c.dir/rosidl_generator_c/phidgets_msgs/msg/detail/stepper_command__description.c.o[0m
[2.851s] [ 18%] [32mBuilding C object CMakeFiles/phidgets_msgs__rosidl_generator_c.dir/rosidl_generator_c/phidgets_msgs/msg/detail/stepper_command__type_support.c.o[0m
[2.852s] [ 19%] [32mBuilding C object CMakeFiles/phidgets_msgs__rosidl_generator_c.dir/rosidl_generator_c/phidgets_msgs/msg/detail/stepper_command__functions.c.o[0m
[2.854s] [ 20%] [32mBuilding C object CMakeFiles/phidgets_msgs__rosidl_generator_c.dir/rosidl_generator_c/phidgets_msgs/msg/detail/stepper_config__description.c.o[0m
[2.857s] [ 21%] [32mBuilding C object CMakeFiles/phidgets_msgs__rosidl_generator_c.dir/rosidl_generator_c/phidgets_msgs/msg/detail/stepper_config__type_support.c.o[0m
[2.857s] [ 22%] [32mBuilding C object CMakeFiles/phidgets_msgs__rosidl_generator_c.dir/rosidl_generator_c/phidgets_msgs/msg/detail/stepper_config__functions.c.o[0m
[2.857s] [ 23%] [32mBuilding C object CMakeFiles/phidgets_msgs__rosidl_generator_c.dir/rosidl_generator_c/phidgets_msgs/msg/detail/stepper_state__description.c.o[0m
[2.865s] [ 24%] [32mBuilding C object CMakeFiles/phidgets_msgs__rosidl_generator_c.dir/rosidl_generator_c/phidgets_msgs/msg/detail/stepper_state__functions.c.o[0m
[2.878s] [ 25%] [32mBuilding C object CMakeFiles/phidgets_msgs__rosidl_generator_c.dir/rosidl_generator_c/phidgets_msgs/msg/detail/stepper_state__type_support.c.o[0m
[2.907s] [ 26%] [32m[1mLinking C shared library libphidgets_msgs__rosidl_generator_c.so[0m
[2.933s] [ 26%] Built target phidgets_msgs__rosidl_generator_c
[2.940s] [ 27%] [34m[1mGenerating C type support for eProsima Fast-RTPS[0m
[2.940s] [ 28%] [34m[1mGenerating C++ introspection for ROS interfaces[0m
[2.941s] [ 29%] [34m[1mGenerating C++ type support dispatch for ROS interfaces[0m
[2.941s] [ 30%] [34m[1mGenerating C type support dispatch for ROS interfaces[0m
[2.943s] [ 31%] [34m[1mGenerating C introspection for ROS interfaces[0m
[2.943s] [ 32%] [34m[1mGenerating C++ type support for eProsima Fast-RTPS[0m
[3.262s] [ 36%] [32mBuilding CXX object CMakeFiles/phidgets_msgs__rosidl_typesupport_c.dir/rosidl_typesupport_c/phidgets_msgs/srv/set_analog_output__type_support.cpp.o[0m
[3.262s] [ 36%] [32mBuilding CXX object CMakeFiles/phidgets_msgs__rosidl_typesupport_c.dir/rosidl_typesupport_c/phidgets_msgs/srv/set_digital_output__type_support.cpp.o[0m
[3.263s] [ 36%] [32mBuilding CXX object CMakeFiles/phidgets_msgs__rosidl_typesupport_c.dir/rosidl_typesupport_c/phidgets_msgs/srv/trigger__type_support.cpp.o[0m
[3.311s] [ 38%] [32mBuilding CXX object CMakeFiles/phidgets_msgs__rosidl_typesupport_c.dir/rosidl_typesupport_c/phidgets_msgs/msg/stepper_config__type_support.cpp.o[0m
[3.311s] [ 39%] [32mBuilding CXX object CMakeFiles/phidgets_msgs__rosidl_typesupport_c.dir/rosidl_typesupport_c/phidgets_msgs/msg/encoder_decimated_speed__type_support.cpp.o[0m
[3.311s] [ 39%] [32mBuilding CXX object CMakeFiles/phidgets_msgs__rosidl_typesupport_c.dir/rosidl_typesupport_c/phidgets_msgs/msg/stepper_command__type_support.cpp.o[0m
[3.351s] [ 40%] [32mBuilding CXX object CMakeFiles/phidgets_msgs__rosidl_typesupport_c.dir/rosidl_typesupport_c/phidgets_msgs/msg/stepper_state__type_support.cpp.o[0m
[3.381s] [ 41%] [32m[1mLinking CXX shared library libphidgets_msgs__rosidl_typesupport_c.so[0m
[3.418s] [ 41%] Built target phidgets_msgs__rosidl_typesupport_c
[3.422s] [ 44%] [32mBuilding C object CMakeFiles/phidgets_msgs__rosidl_typesupport_introspection_c.dir/rosidl_typesupport_introspection_c/phidgets_msgs/srv/detail/set_analog_output__type_support.c.o[0m
[3.422s] [ 44%] [32mBuilding C object CMakeFiles/phidgets_msgs__rosidl_typesupport_introspection_c.dir/rosidl_typesupport_introspection_c/phidgets_msgs/srv/detail/set_digital_output__type_support.c.o[0m
[3.422s] [ 44%] [32mBuilding C object CMakeFiles/phidgets_msgs__rosidl_typesupport_introspection_c.dir/rosidl_typesupport_introspection_c/phidgets_msgs/srv/detail/trigger__type_support.c.o[0m
[3.426s] [ 45%] [32mBuilding C object CMakeFiles/phidgets_msgs__rosidl_typesupport_introspection_c.dir/rosidl_typesupport_introspection_c/phidgets_msgs/msg/detail/encoder_decimated_speed__type_support.c.o[0m
[3.462s] [ 46%] [32mBuilding C object CMakeFiles/phidgets_msgs__rosidl_typesupport_introspection_c.dir/rosidl_typesupport_introspection_c/phidgets_msgs/msg/detail/stepper_command__type_support.c.o[0m
[3.468s] [ 47%] [32mBuilding C object CMakeFiles/phidgets_msgs__rosidl_typesupport_introspection_c.dir/rosidl_typesupport_introspection_c/phidgets_msgs/msg/detail/stepper_state__type_support.c.o[0m
[3.469s] [ 48%] [32mBuilding C object CMakeFiles/phidgets_msgs__rosidl_typesupport_introspection_c.dir/rosidl_typesupport_introspection_c/phidgets_msgs/msg/detail/stepper_config__type_support.c.o[0m
[3.502s] [ 50%] [32m[1mLinking C shared library libphidgets_msgs__rosidl_typesupport_introspection_c.so[0m
[3.528s] [ 50%] Built target phidgets_msgs__rosidl_typesupport_introspection_c
[3.544s] [ 53%] [32mBuilding CXX object CMakeFiles/phidgets_msgs__rosidl_typesupport_cpp.dir/rosidl_typesupport_cpp/phidgets_msgs/srv/trigger__type_support.cpp.o[0m
[3.545s] [ 55%] [32mBuilding CXX object CMakeFiles/phidgets_msgs__rosidl_typesupport_cpp.dir/rosidl_typesupport_cpp/phidgets_msgs/srv/set_analog_output__type_support.cpp.o[0m
[3.545s] [ 55%] [32mBuilding CXX object CMakeFiles/phidgets_msgs__rosidl_typesupport_cpp.dir/rosidl_typesupport_cpp/phidgets_msgs/msg/stepper_command__type_support.cpp.o[0m
[3.545s] [ 55%] [32mBuilding CXX object CMakeFiles/phidgets_msgs__rosidl_typesupport_cpp.dir/rosidl_typesupport_cpp/phidgets_msgs/srv/set_digital_output__type_support.cpp.o[0m
[3.545s] [ 53%] [32mBuilding CXX object CMakeFiles/phidgets_msgs__rosidl_typesupport_cpp.dir/rosidl_typesupport_cpp/phidgets_msgs/msg/encoder_decimated_speed__type_support.cpp.o[0m
[3.735s] [ 56%] [32mBuilding CXX object CMakeFiles/phidgets_msgs__rosidl_typesupport_introspection_cpp.dir/rosidl_typesupport_introspection_cpp/phidgets_msgs/srv/detail/set_analog_output__type_support.cpp.o[0m
[3.864s] [ 57%] [32mBuilding CXX object CMakeFiles/phidgets_msgs__rosidl_typesupport_introspection_cpp.dir/rosidl_typesupport_introspection_cpp/phidgets_msgs/srv/detail/set_digital_output__type_support.cpp.o[0m
[3.872s] [ 58%] [32mBuilding CXX object CMakeFiles/phidgets_msgs__rosidl_typesupport_introspection_cpp.dir/rosidl_typesupport_introspection_cpp/phidgets_msgs/srv/detail/trigger__type_support.cpp.o[0m
[3.960s] [ 59%] [32mBuilding CXX object CMakeFiles/phidgets_msgs__rosidl_typesupport_introspection_cpp.dir/rosidl_typesupport_introspection_cpp/phidgets_msgs/msg/detail/encoder_decimated_speed__type_support.cpp.o[0m
[3.960s] [ 60%] [32mBuilding CXX object CMakeFiles/phidgets_msgs__rosidl_typesupport_cpp.dir/rosidl_typesupport_cpp/phidgets_msgs/msg/stepper_config__type_support.cpp.o[0m
[3.969s] [ 61%] [32mBuilding CXX object CMakeFiles/phidgets_msgs__rosidl_typesupport_cpp.dir/rosidl_typesupport_cpp/phidgets_msgs/msg/stepper_state__type_support.cpp.o[0m
[4.016s] [ 62%] [32mBuilding CXX object CMakeFiles/phidgets_msgs__rosidl_typesupport_fastrtps_cpp.dir/rosidl_typesupport_fastrtps_cpp/phidgets_msgs/srv/detail/dds_fastrtps/set_analog_output__type_support.cpp.o[0m
[4.087s] [ 63%] [32mBuilding CXX object CMakeFiles/phidgets_msgs__rosidl_typesupport_fastrtps_c.dir/rosidl_typesupport_fastrtps_c/phidgets_msgs/srv/detail/set_analog_output__type_support_c.cpp.o[0m
[4.188s] [ 64%] [32mBuilding CXX object CMakeFiles/phidgets_msgs__rosidl_typesupport_fastrtps_c.dir/rosidl_typesupport_fastrtps_c/phidgets_msgs/srv/detail/set_digital_output__type_support_c.cpp.o[0m
[4.295s] [ 65%] [32mBuilding CXX object CMakeFiles/phidgets_msgs__rosidl_typesupport_fastrtps_c.dir/rosidl_typesupport_fastrtps_c/phidgets_msgs/srv/detail/trigger__type_support_c.cpp.o[0m
[4.297s] [ 67%] [32mBuilding CXX object CMakeFiles/phidgets_msgs__rosidl_typesupport_fastrtps_cpp.dir/rosidl_typesupport_fastrtps_cpp/phidgets_msgs/srv/detail/dds_fastrtps/set_digital_output__type_support.cpp.o[0m
[4.299s] [ 68%] [32m[1mLinking CXX shared library libphidgets_msgs__rosidl_typesupport_cpp.so[0m
[4.324s] [ 69%] [32mBuilding CXX object CMakeFiles/phidgets_msgs__rosidl_typesupport_fastrtps_cpp.dir/rosidl_typesupport_fastrtps_cpp/phidgets_msgs/srv/detail/dds_fastrtps/trigger__type_support.cpp.o[0m
[4.336s] [ 70%] [32mBuilding CXX object CMakeFiles/phidgets_msgs__rosidl_typesupport_introspection_cpp.dir/rosidl_typesupport_introspection_cpp/phidgets_msgs/msg/detail/stepper_command__type_support.cpp.o[0m
[4.387s] [ 70%] Built target phidgets_msgs__rosidl_typesupport_cpp
[4.398s] [ 71%] [32mBuilding CXX object CMakeFiles/phidgets_msgs__rosidl_typesupport_introspection_cpp.dir/rosidl_typesupport_introspection_cpp/phidgets_msgs/msg/detail/stepper_config__type_support.cpp.o[0m
[4.633s] [ 72%] [32mBuilding CXX object CMakeFiles/phidgets_msgs__rosidl_typesupport_introspection_cpp.dir/rosidl_typesupport_introspection_cpp/phidgets_msgs/msg/detail/stepper_state__type_support.cpp.o[0m
[4.677s] [ 73%] [32mBuilding CXX object CMakeFiles/phidgets_msgs__rosidl_typesupport_fastrtps_c.dir/rosidl_typesupport_fastrtps_c/phidgets_msgs/msg/detail/encoder_decimated_speed__type_support_c.cpp.o[0m
[4.716s] [ 74%] [32mBuilding CXX object CMakeFiles/phidgets_msgs__rosidl_typesupport_fastrtps_c.dir/rosidl_typesupport_fastrtps_c/phidgets_msgs/msg/detail/stepper_command__type_support_c.cpp.o[0m
[4.733s] [ 75%] [32mBuilding CXX object CMakeFiles/phidgets_msgs__rosidl_typesupport_fastrtps_c.dir/rosidl_typesupport_fastrtps_c/phidgets_msgs/msg/detail/stepper_config__type_support_c.cpp.o[0m
[4.743s] [ 76%] [32mBuilding CXX object CMakeFiles/phidgets_msgs__rosidl_typesupport_fastrtps_cpp.dir/rosidl_typesupport_fastrtps_cpp/phidgets_msgs/msg/detail/dds_fastrtps/encoder_decimated_speed__type_support.cpp.o[0m
[4.851s] [ 77%] [32mBuilding CXX object CMakeFiles/phidgets_msgs__rosidl_typesupport_fastrtps_cpp.dir/rosidl_typesupport_fastrtps_cpp/phidgets_msgs/msg/detail/dds_fastrtps/stepper_command__type_support.cpp.o[0m
[4.966s] [ 78%] [32mBuilding CXX object CMakeFiles/phidgets_msgs__rosidl_typesupport_fastrtps_c.dir/rosidl_typesupport_fastrtps_c/phidgets_msgs/msg/detail/stepper_state__type_support_c.cpp.o[0m
[4.972s] [ 79%] [32m[1mLinking CXX shared library libphidgets_msgs__rosidl_typesupport_introspection_cpp.so[0m
[5.016s] [ 80%] [32mBuilding CXX object CMakeFiles/phidgets_msgs__rosidl_typesupport_fastrtps_cpp.dir/rosidl_typesupport_fastrtps_cpp/phidgets_msgs/msg/detail/dds_fastrtps/stepper_config__type_support.cpp.o[0m
[5.073s] [ 80%] Built target phidgets_msgs__rosidl_typesupport_introspection_cpp
[5.082s] [ 81%] [32mBuilding CXX object CMakeFiles/phidgets_msgs__rosidl_typesupport_fastrtps_cpp.dir/rosidl_typesupport_fastrtps_cpp/phidgets_msgs/msg/detail/dds_fastrtps/stepper_state__type_support.cpp.o[0m
[5.375s] [ 82%] [32m[1mLinking CXX shared library libphidgets_msgs__rosidl_typesupport_fastrtps_c.so[0m
[5.428s] [ 82%] Built target phidgets_msgs__rosidl_typesupport_fastrtps_c
[5.458s] [ 84%] [32m[1mLinking CXX shared library libphidgets_msgs__rosidl_typesupport_fastrtps_cpp.so[0m
[5.514s] [ 84%] Built target phidgets_msgs__rosidl_typesupport_fastrtps_cpp
[5.526s] [ 84%] Built target phidgets_msgs
[5.540s] [ 85%] [34m[1mGenerating Python code for ROS interfaces[0m
[5.581s] Traceback (most recent call last):
[5.581s]   File "/opt/ros/jazzy/share/rosidl_generator_py/cmake/../../../lib/rosidl_generator_py/rosidl_generator_py", line 8, in <module>
[5.581s]     from rosidl_generator_py import generate_py
[5.581s]   File "/opt/ros/jazzy/lib/python3.12/site-packages/rosidl_generator_py/__init__.py", line 23, in <module>
[5.581s]     from .generate_py_impl import generate_py
[5.582s]   File "/opt/ros/jazzy/lib/python3.12/site-packages/rosidl_generator_py/generate_py_impl.py", line 35, in <module>
[5.582s]     from rosidl_parser.parser import parse_idl_file
[5.582s]   File "/opt/ros/jazzy/lib/python3.12/site-packages/rosidl_parser/parser.py", line 20, in <module>
[5.582s]     from lark import Lark
[5.582s]   File "/usr/lib/python3/dist-packages/lark/__init__.py", line 11, in <module>
[5.582s]     from .lark import Lark
[5.582s]   File "/usr/lib/python3/dist-packages/lark/lark.py", line 4, in <module>
[5.582s]     import tempfile
[5.582s]   File "/usr/lib/python3.12/tempfile.py", line 44, in <module>
[5.582s]     import shutil as _shutil
[5.582s]   File "/usr/lib/python3.12/shutil.py", line 1396, in <module>
[5.582s]     _ntuple_diskusage = collections.namedtuple('usage', 'total used free')
[5.582s]                         ^^^^^^^^^^^^^^^^^^^^^^^^^^^^^^^^^^^^^^^^^^^^^^^^^^
[5.582s]   File "/usr/lib/python3.12/collections/__init__.py", line 424, in namedtuple
[5.582s]     field_names = tuple(map(_sys.intern, field_names))
[5.583s]                   ^^^^^^^^^^^^^^^^^^^^^^^^^^^^^^^^^^^^
[5.583s] KeyboardInterrupt
[5.588s] gmake[2]: *** [/home/pioneer1/Documents/Rover/src/build/phidgets_msgs/phidgets_msgs__py/CMakeFiles/phidgets_msgs__py.dir/build.make:143: rosidl_generator_py/phidgets_msgs/_phidgets_msgs_s.ep.rosidl_typesupport_fastrtps_c.c] Interrupt
[5.588s] gmake[1]: *** [CMakeFiles/Makefile2:621: phidgets_msgs__py/CMakeFiles/phidgets_msgs__py.dir/all] Interrupt
[5.588s] gmake: *** [Makefile:146: all] Interrupt
