-- The C compiler identification is GNU 13.3.0
-- The CXX compiler identification is GNU 13.3.0
-- Detecting C compiler ABI info
-- Detecting C compiler ABI info - done
-- Check for working C compiler: /usr/bin/cc - skipped
-- Detecting C compile features
-- Detecting C compile features - done
-- Detecting CXX compiler ABI info
-- Detecting CXX compiler ABI info - done
-- Check for working CXX compiler: /usr/bin/c++ - skipped
-- Detecting CXX compile features
-- Detecting CXX compile features - done
-- Found ament_cmake: 2.5.4 (/opt/ros/jazzy/share/ament_cmake/cmake)
-- Found Python3: /usr/bin/python3 (found version "3.12.3") found components: Interpreter 
-- Configuring done (0.5s)
-- Generating done (0.0s)
-- Build files have been written to: /home/pioneer1/Documents/Rover/src/build/libphidget22
[ 12%] [34m[1mCreating directories for 'EP_libphidget22'[0m
[ 25%] [34m[1mPerforming download step (download, verify and extract) for 'EP_libphidget22'[0m
-- Downloading...
   dst='/home/pioneer1/Documents/Rover/src/build/libphidget22/EP_libphidget22-prefix/src/libphidget22-1.19.20240304.tar.gz'
   timeout='none'
   inactivity timeout='none'
-- Using src='https://www.phidgets.com/downloads/phidget22/libraries/linux/libphidget22/libphidget22-1.19.20240304.tar.gz'
-- [download 0% complete]
-- [download 1% complete]
-- [download 4% complete]
-- [download 5% complete]
-- [download 7% complete]
-- [download 9% complete]
-- [download 13% complete]
-- [download 14% complete]
-- [download 16% complete]
-- [download 18% complete]
-- [download 19% complete]
-- [download 20% complete]
-- [download 22% complete]
-- [download 25% complete]
-- [download 30% complete]
-- [download 36% complete]
-- [download 42% complete]
-- [download 43% complete]
-- [download 45% complete]
-- [download 48% complete]
-- [download 53% complete]
-- [download 54% complete]
-- [download 59% complete]
-- [download 60% complete]
-- [download 62% complete]
-- [download 65% complete]
-- [download 66% complete]
-- [download 69% complete]
-- [download 72% complete]
-- [download 74% complete]
-- [download 78% complete]
-- [download 79% complete]
-- [download 80% complete]
-- [download 81% complete]
-- [download 83% complete]
gmake[2]: *** [CMakeFiles/EP_libphidget22.dir/build.make:99: EP_libphidget22-prefix/src/EP_libphidget22-stamp/EP_libphidget22-download] Interrupt
gmake[1]: *** [CMakeFiles/Makefile2:137: CMakeFiles/EP_libphidget22.dir/all] Interrupt
gmake: *** [Makefile:146: all] Interrupt
