running egg_info
writing ../../build/imu/imu.egg-info/PKG-INFO
writing dependency_links to ../../build/imu/imu.egg-info/dependency_links.txt
writing entry points to ../../build/imu/imu.egg-info/entry_points.txt
writing requirements to ../../build/imu/imu.egg-info/requires.txt
writing top-level names to ../../build/imu/imu.egg-info/top_level.txt
reading manifest file '../../build/imu/imu.egg-info/SOURCES.txt'
writing manifest file '../../build/imu/imu.egg-info/SOURCES.txt'
running build
running build_py
copying imu/imu.py -> /home/pioneer1/Documents/Rover/build/imu/build/lib/imu
running install
running install_lib
copying /home/pioneer1/Documents/Rover/build/imu/build/lib/imu/imu.py -> /home/pioneer1/Documents/Rover/install/imu/lib/python3.12/site-packages/imu
byte-compiling /home/pioneer1/Documents/Rover/install/imu/lib/python3.12/site-packages/imu/imu.py to imu.cpython-312.pyc
running install_data
running install_egg_info
removing '/home/pioneer1/Documents/Rover/install/imu/lib/python3.12/site-packages/imu-0.0.0-py3.12.egg-info' (and everything under it)
Copying ../../build/imu/imu.egg-info to /home/pioneer1/Documents/Rover/install/imu/lib/python3.12/site-packages/imu-0.0.0-py3.12.egg-info
running install_scripts
Installing imu script to /home/pioneer1/Documents/Rover/install/imu/lib/imu
writing list of installed files to '/home/pioneer1/Documents/Rover/build/imu/install.log'
