[0.452s] Invoking command in '/home/pioneer1/Documents/Rover/src/imu': DEBUGINFOD_URLS=https://debuginfod.ubuntu.com PYTHONPATH=/home/pioneer1/Documents/Rover/build/imu/prefix_override:/usr/lib/python3/dist-packages/colcon_core/task/python/colcon_distutils_commands:/home/pioneer1/Documents/Rover/install/imu/lib/python3.12/site-packages:${PYTHONPATH} /usr/bin/python3 -W ignore:setup.py install is deprecated -W ignore:easy_install command is deprecated setup.py egg_info --egg-base ../../build/imu build --build-base /home/pioneer1/Documents/Rover/build/imu/build install --record /home/pioneer1/Documents/Rover/build/imu/install.log --single-version-externally-managed install_data
[0.601s] running egg_info
[0.610s] writing ../../build/imu/imu.egg-info/PKG-INFO
[0.610s] writing dependency_links to ../../build/imu/imu.egg-info/dependency_links.txt
[0.611s] writing entry points to ../../build/imu/imu.egg-info/entry_points.txt
[0.611s] writing requirements to ../../build/imu/imu.egg-info/requires.txt
[0.611s] writing top-level names to ../../build/imu/imu.egg-info/top_level.txt
[0.630s] reading manifest file '../../build/imu/imu.egg-info/SOURCES.txt'
[0.631s] writing manifest file '../../build/imu/imu.egg-info/SOURCES.txt'
[0.631s] running build
[0.631s] running build_py
[0.631s] copying imu/imu.py -> /home/pioneer1/Documents/Rover/build/imu/build/lib/imu
[0.631s] running install
[0.636s] running install_lib
[0.646s] copying /home/pioneer1/Documents/Rover/build/imu/build/lib/imu/imu.py -> /home/pioneer1/Documents/Rover/install/imu/lib/python3.12/site-packages/imu
[0.646s] byte-compiling /home/pioneer1/Documents/Rover/install/imu/lib/python3.12/site-packages/imu/imu.py to imu.cpython-312.pyc
[0.647s] running install_data
[0.647s] running install_egg_info
[0.657s] removing '/home/pioneer1/Documents/Rover/install/imu/lib/python3.12/site-packages/imu-0.0.0-py3.12.egg-info' (and everything under it)
[0.658s] Copying ../../build/imu/imu.egg-info to /home/pioneer1/Documents/Rover/install/imu/lib/python3.12/site-packages/imu-0.0.0-py3.12.egg-info
[0.658s] running install_scripts
[0.725s] Installing imu script to /home/pioneer1/Documents/Rover/install/imu/lib/imu
[0.725s] writing list of installed files to '/home/pioneer1/Documents/Rover/build/imu/install.log'
[0.743s] Invoked command in '/home/pioneer1/Documents/Rover/src/imu' returned '0': DEBUGINFOD_URLS=https://debuginfod.ubuntu.com PYTHONPATH=/home/pioneer1/Documents/Rover/build/imu/prefix_override:/usr/lib/python3/dist-packages/colcon_core/task/python/colcon_distutils_commands:/home/pioneer1/Documents/Rover/install/imu/lib/python3.12/site-packages:${PYTHONPATH} /usr/bin/python3 -W ignore:setup.py install is deprecated -W ignore:easy_install command is deprecated setup.py egg_info --egg-base ../../build/imu build --build-base /home/pioneer1/Documents/Rover/build/imu/build install --record /home/pioneer1/Documents/Rover/build/imu/install.log --single-version-externally-managed install_data
