[0.015s] Invoking command in '/home/pioneer1/Documents/Rover/build/phidgets_digital_outputs': AMENT_PREFIX_PATH=/home/pioneer1/Documents/Rover/install/phidgets_api:/home/pioneer1/Documents/Rover/install/phidgets_msgs:/home/pioneer1/Documents/Rover/install/libphidget22:${AMENT_PREFIX_PATH} CMAKE_PREFIX_PATH=/home/pioneer1/Documents/Rover/install/phidgets_api:/opt/ros/jazzy:/home/pioneer1/Documents/Rover/install/phidgets_msgs:/home/pioneer1/Documents/Rover/install/libphidget22 DEBUGINFOD_URLS=https://debuginfod.ubuntu.com LD_LIBRARY_PATH=/home/pioneer1/Documents/Rover/install/phidgets_api/lib:/home/pioneer1/Documents/Rover/install/phidgets_msgs/lib:/home/pioneer1/Documents/Rover/install/libphidget22/opt/libphidget22/lib:${LD_LIBRARY_PATH} PYTHONPATH=/home/pioneer1/Documents/Rover/install/phidgets_msgs/lib/python3.12/site-packages:${PYTHONPATH} /usr/bin/cmake /home/pioneer1/Documents/Rover/phidgets_drivers/phidgets_digital_outputs -DCMAKE_INSTALL_PREFIX=/home/pioneer1/Documents/Rover/install/phidgets_digital_outputs
[0.071s] -- The C compiler identification is GNU 13.3.0
[0.132s] -- The CXX compiler identification is GNU 13.3.0
[0.151s] -- Detecting C compiler ABI info
[0.239s] -- Detecting C compiler ABI info - done
[0.251s] -- Check for working C compiler: /usr/bin/cc - skipped
[0.251s] -- Detecting C compile features
[0.252s] -- Detecting C compile features - done
[0.265s] -- Detecting CXX compiler ABI info
[0.367s] -- Detecting CXX compiler ABI info - done
[0.381s] -- Check for working CXX compiler: /usr/bin/c++ - skipped
[0.382s] -- Detecting CXX compile features
[0.384s] -- Detecting CXX compile features - done
[0.386s] -- Found ament_cmake_ros: 0.12.0 (/opt/ros/jazzy/share/ament_cmake_ros/cmake)
[0.531s] -- Found Python3: /usr/bin/python3 (found version "3.12.3") found components: Interpreter 
[0.639s] -- Found phidgets_api: 2.4.0 (/home/pioneer1/Documents/Rover/install/phidgets_api/share/phidgets_api/cmake)
[0.643s] -- Found phidgets_msgs: 2.3.4 (/opt/ros/jazzy/share/phidgets_msgs/cmake)
[0.678s] -- Found rosidl_generator_c: 4.6.5 (/opt/ros/jazzy/share/rosidl_generator_c/cmake)
[0.696s] -- Found rosidl_generator_cpp: 4.6.5 (/opt/ros/jazzy/share/rosidl_generator_cpp/cmake)
[0.709s] -- Using all available rosidl_typesupport_c: rosidl_typesupport_fastrtps_c;rosidl_typesupport_introspection_c
[0.728s] -- Using all available rosidl_typesupport_cpp: rosidl_typesupport_fastrtps_cpp;rosidl_typesupport_introspection_cpp
[0.806s] -- Found rclcpp: 28.1.9 (/opt/ros/jazzy/share/rclcpp/cmake)
[0.858s] -- Found rmw_implementation_cmake: 7.3.2 (/opt/ros/jazzy/share/rmw_implementation_cmake/cmake)
[0.860s] -- Found rmw_fastrtps_cpp: 8.4.2 (/opt/ros/jazzy/share/rmw_fastrtps_cpp/cmake)
[0.933s] -- Found OpenSSL: /usr/lib/x86_64-linux-gnu/libcrypto.so (found version "3.0.13")  
[0.952s] -- Found FastRTPS: /opt/ros/jazzy/include (Required is at least version "2.13") 
[0.977s] -- Using RMW implementation 'rmw_fastrtps_cpp' as default
[1.059s] -- Found rclcpp_components: 28.1.9 (/opt/ros/jazzy/share/rclcpp_components/cmake)
[1.211s] -- Configuring done (1.2s)
[1.227s] -- Generating done (0.0s)
[1.232s] -- Build files have been written to: /home/pioneer1/Documents/Rover/build/phidgets_digital_outputs
[1.256s] Invoked command in '/home/pioneer1/Documents/Rover/build/phidgets_digital_outputs' returned '0': AMENT_PREFIX_PATH=/home/pioneer1/Documents/Rover/install/phidgets_api:/home/pioneer1/Documents/Rover/install/phidgets_msgs:/home/pioneer1/Documents/Rover/install/libphidget22:${AMENT_PREFIX_PATH} CMAKE_PREFIX_PATH=/home/pioneer1/Documents/Rover/install/phidgets_api:/opt/ros/jazzy:/home/pioneer1/Documents/Rover/install/phidgets_msgs:/home/pioneer1/Documents/Rover/install/libphidget22 DEBUGINFOD_URLS=https://debuginfod.ubuntu.com LD_LIBRARY_PATH=/home/pioneer1/Documents/Rover/install/phidgets_api/lib:/home/pioneer1/Documents/Rover/install/phidgets_msgs/lib:/home/pioneer1/Documents/Rover/install/libphidget22/opt/libphidget22/lib:${LD_LIBRARY_PATH} PYTHONPATH=/home/pioneer1/Documents/Rover/install/phidgets_msgs/lib/python3.12/site-packages:${PYTHONPATH} /usr/bin/cmake /home/pioneer1/Documents/Rover/phidgets_drivers/phidgets_digital_outputs -DCMAKE_INSTALL_PREFIX=/home/pioneer1/Documents/Rover/install/phidgets_digital_outputs
[1.257s] Invoking command in '/home/pioneer1/Documents/Rover/build/phidgets_digital_outputs': AMENT_PREFIX_PATH=/home/pioneer1/Documents/Rover/install/phidgets_api:/home/pioneer1/Documents/Rover/install/phidgets_msgs:/home/pioneer1/Documents/Rover/install/libphidget22:${AMENT_PREFIX_PATH} CMAKE_PREFIX_PATH=/home/pioneer1/Documents/Rover/install/phidgets_api:/opt/ros/jazzy:/home/pioneer1/Documents/Rover/install/phidgets_msgs:/home/pioneer1/Documents/Rover/install/libphidget22 DEBUGINFOD_URLS=https://debuginfod.ubuntu.com LD_LIBRARY_PATH=/home/pioneer1/Documents/Rover/install/phidgets_api/lib:/home/pioneer1/Documents/Rover/install/phidgets_msgs/lib:/home/pioneer1/Documents/Rover/install/libphidget22/opt/libphidget22/lib:${LD_LIBRARY_PATH} PYTHONPATH=/home/pioneer1/Documents/Rover/install/phidgets_msgs/lib/python3.12/site-packages:${PYTHONPATH} /usr/bin/cmake --build /home/pioneer1/Documents/Rover/build/phidgets_digital_outputs -- -j8 -l8
[1.313s] [ 50%] [32mBuilding CXX object CMakeFiles/phidgets_digital_outputs.dir/src/digital_outputs_ros_i.cpp.o[0m
[11.293s] [100%] [32m[1mLinking CXX shared library libphidgets_digital_outputs.so[0m
[11.571s] [100%] Built target phidgets_digital_outputs
[11.580s] Invoked command in '/home/pioneer1/Documents/Rover/build/phidgets_digital_outputs' returned '0': AMENT_PREFIX_PATH=/home/pioneer1/Documents/Rover/install/phidgets_api:/home/pioneer1/Documents/Rover/install/phidgets_msgs:/home/pioneer1/Documents/Rover/install/libphidget22:${AMENT_PREFIX_PATH} CMAKE_PREFIX_PATH=/home/pioneer1/Documents/Rover/install/phidgets_api:/opt/ros/jazzy:/home/pioneer1/Documents/Rover/install/phidgets_msgs:/home/pioneer1/Documents/Rover/install/libphidget22 DEBUGINFOD_URLS=https://debuginfod.ubuntu.com LD_LIBRARY_PATH=/home/pioneer1/Documents/Rover/install/phidgets_api/lib:/home/pioneer1/Documents/Rover/install/phidgets_msgs/lib:/home/pioneer1/Documents/Rover/install/libphidget22/opt/libphidget22/lib:${LD_LIBRARY_PATH} PYTHONPATH=/home/pioneer1/Documents/Rover/install/phidgets_msgs/lib/python3.12/site-packages:${PYTHONPATH} /usr/bin/cmake --build /home/pioneer1/Documents/Rover/build/phidgets_digital_outputs -- -j8 -l8
[11.581s] Invoking command in '/home/pioneer1/Documents/Rover/build/phidgets_digital_outputs': AMENT_PREFIX_PATH=/home/pioneer1/Documents/Rover/install/phidgets_api:/home/pioneer1/Documents/Rover/install/phidgets_msgs:/home/pioneer1/Documents/Rover/install/libphidget22:${AMENT_PREFIX_PATH} CMAKE_PREFIX_PATH=/home/pioneer1/Documents/Rover/install/phidgets_api:/opt/ros/jazzy:/home/pioneer1/Documents/Rover/install/phidgets_msgs:/home/pioneer1/Documents/Rover/install/libphidget22 DEBUGINFOD_URLS=https://debuginfod.ubuntu.com LD_LIBRARY_PATH=/home/pioneer1/Documents/Rover/install/phidgets_api/lib:/home/pioneer1/Documents/Rover/install/phidgets_msgs/lib:/home/pioneer1/Documents/Rover/install/libphidget22/opt/libphidget22/lib:${LD_LIBRARY_PATH} PYTHONPATH=/home/pioneer1/Documents/Rover/install/phidgets_msgs/lib/python3.12/site-packages:${PYTHONPATH} /usr/bin/cmake --install /home/pioneer1/Documents/Rover/build/phidgets_digital_outputs
[11.586s] -- Install configuration: ""
[11.587s] -- Installing: /home/pioneer1/Documents/Rover/install/phidgets_digital_outputs/lib/libphidgets_digital_outputs.so
[11.589s] -- Set non-toolchain portion of runtime path of "/home/pioneer1/Documents/Rover/install/phidgets_digital_outputs/lib/libphidgets_digital_outputs.so" to ""
[11.590s] -- Installing: /home/pioneer1/Documents/Rover/install/phidgets_digital_outputs/include
[11.590s] -- Installing: /home/pioneer1/Documents/Rover/install/phidgets_digital_outputs/include/phidgets_digital_outputs
[11.590s] -- Installing: /home/pioneer1/Documents/Rover/install/phidgets_digital_outputs/include/phidgets_digital_outputs/digital_outputs_ros_i.hpp
[11.590s] -- Installing: /home/pioneer1/Documents/Rover/install/phidgets_digital_outputs/share/phidgets_digital_outputs/launch
[11.590s] -- Installing: /home/pioneer1/Documents/Rover/install/phidgets_digital_outputs/share/phidgets_digital_outputs/launch/digital_outputs-launch.py
[11.590s] -- Installing: /home/pioneer1/Documents/Rover/install/phidgets_digital_outputs/share/ament_index/resource_index/package_run_dependencies/phidgets_digital_outputs
[11.591s] -- Installing: /home/pioneer1/Documents/Rover/install/phidgets_digital_outputs/share/ament_index/resource_index/parent_prefix_path/phidgets_digital_outputs
[11.591s] -- Installing: /home/pioneer1/Documents/Rover/install/phidgets_digital_outputs/share/phidgets_digital_outputs/environment/ament_prefix_path.sh
[11.591s] -- Installing: /home/pioneer1/Documents/Rover/install/phidgets_digital_outputs/share/phidgets_digital_outputs/environment/ament_prefix_path.dsv
[11.591s] -- Installing: /home/pioneer1/Documents/Rover/install/phidgets_digital_outputs/share/phidgets_digital_outputs/environment/path.sh
[11.591s] -- Installing: /home/pioneer1/Documents/Rover/install/phidgets_digital_outputs/share/phidgets_digital_outputs/environment/path.dsv
[11.591s] -- Installing: /home/pioneer1/Documents/Rover/install/phidgets_digital_outputs/share/phidgets_digital_outputs/local_setup.bash
[11.591s] -- Installing: /home/pioneer1/Documents/Rover/install/phidgets_digital_outputs/share/phidgets_digital_outputs/local_setup.sh
[11.591s] -- Installing: /home/pioneer1/Documents/Rover/install/phidgets_digital_outputs/share/phidgets_digital_outputs/local_setup.zsh
[11.591s] -- Installing: /home/pioneer1/Documents/Rover/install/phidgets_digital_outputs/share/phidgets_digital_outputs/local_setup.dsv
[11.591s] -- Installing: /home/pioneer1/Documents/Rover/install/phidgets_digital_outputs/share/phidgets_digital_outputs/package.dsv
[11.591s] -- Installing: /home/pioneer1/Documents/Rover/install/phidgets_digital_outputs/share/ament_index/resource_index/packages/phidgets_digital_outputs
[11.592s] -- Installing: /home/pioneer1/Documents/Rover/install/phidgets_digital_outputs/share/ament_index/resource_index/rclcpp_components/phidgets_digital_outputs
[11.592s] -- Installing: /home/pioneer1/Documents/Rover/install/phidgets_digital_outputs/share/phidgets_digital_outputs/cmake/phidgets_digital_outputsConfig.cmake
[11.592s] -- Installing: /home/pioneer1/Documents/Rover/install/phidgets_digital_outputs/share/phidgets_digital_outputs/cmake/phidgets_digital_outputsConfig-version.cmake
[11.592s] -- Installing: /home/pioneer1/Documents/Rover/install/phidgets_digital_outputs/share/phidgets_digital_outputs/package.xml
[11.593s] Invoked command in '/home/pioneer1/Documents/Rover/build/phidgets_digital_outputs' returned '0': AMENT_PREFIX_PATH=/home/pioneer1/Documents/Rover/install/phidgets_api:/home/pioneer1/Documents/Rover/install/phidgets_msgs:/home/pioneer1/Documents/Rover/install/libphidget22:${AMENT_PREFIX_PATH} CMAKE_PREFIX_PATH=/home/pioneer1/Documents/Rover/install/phidgets_api:/opt/ros/jazzy:/home/pioneer1/Documents/Rover/install/phidgets_msgs:/home/pioneer1/Documents/Rover/install/libphidget22 DEBUGINFOD_URLS=https://debuginfod.ubuntu.com LD_LIBRARY_PATH=/home/pioneer1/Documents/Rover/install/phidgets_api/lib:/home/pioneer1/Documents/Rover/install/phidgets_msgs/lib:/home/pioneer1/Documents/Rover/install/libphidget22/opt/libphidget22/lib:${LD_LIBRARY_PATH} PYTHONPATH=/home/pioneer1/Documents/Rover/install/phidgets_msgs/lib/python3.12/site-packages:${PYTHONPATH} /usr/bin/cmake --install /home/pioneer1/Documents/Rover/build/phidgets_digital_outputs
