[0.522s] Invoking command in '/home/pioneer1/Documents/Rover/build/phidget': DEBUGINFOD_URLS=https://debuginfod.ubuntu.com PYTHONPATH=/home/pioneer1/Documents/Rover/build/phidget/prefix_override:/usr/lib/python3/dist-packages/colcon_core/task/python/colcon_distutils_commands:/home/pioneer1/Documents/Rover/install/phidget/lib/python3.12/site-packages:${PYTHONPATH} /usr/bin/python3 -W ignore:setup.py install is deprecated -W ignore:easy_install command is deprecated setup.py develop --uninstall --editable --build-directory /home/pioneer1/Documents/Rover/build/phidget/build
[0.704s] running develop
[0.795s] /usr/lib/python3/dist-packages/setuptools/command/easy_install.py:363: UserWarning: Unbuilt egg for pytest-repeat [unknown version] (/usr/lib/python3/dist-packages)
[0.795s]   self.local_index = Environment(self.shadow_path + sys.path)
[0.813s] Removing /home/pioneer1/Documents/Rover/install/phidget/lib/python3.12/site-packages/phidget.egg-link (link to .)
[0.835s] Invoked command in '/home/pioneer1/Documents/Rover/build/phidget' returned '0': DEBUGINFOD_URLS=https://debuginfod.ubuntu.com PYTHONPATH=/home/pioneer1/Documents/Rover/build/phidget/prefix_override:/usr/lib/python3/dist-packages/colcon_core/task/python/colcon_distutils_commands:/home/pioneer1/Documents/Rover/install/phidget/lib/python3.12/site-packages:${PYTHONPATH} /usr/bin/python3 -W ignore:setup.py install is deprecated -W ignore:easy_install command is deprecated setup.py develop --uninstall --editable --build-directory /home/pioneer1/Documents/Rover/build/phidget/build
[0.836s] Invoking command in '/home/pioneer1/Documents/Rover/phidget': DEBUGINFOD_URLS=https://debuginfod.ubuntu.com PYTHONPATH=/home/pioneer1/Documents/Rover/build/phidget/prefix_override:/usr/lib/python3/dist-packages/colcon_core/task/python/colcon_distutils_commands:/home/pioneer1/Documents/Rover/install/phidget/lib/python3.12/site-packages:${PYTHONPATH} /usr/bin/python3 -W ignore:setup.py install is deprecated -W ignore:easy_install command is deprecated setup.py egg_info --egg-base ../build/phidget build --build-base /home/pioneer1/Documents/Rover/build/phidget/build install --record /home/pioneer1/Documents/Rover/build/phidget/install.log --single-version-externally-managed install_data --force
[0.997s] running egg_info
[1.008s] writing ../build/phidget/phidget.egg-info/PKG-INFO
[1.008s] writing dependency_links to ../build/phidget/phidget.egg-info/dependency_links.txt
[1.009s] writing entry points to ../build/phidget/phidget.egg-info/entry_points.txt
[1.009s] writing requirements to ../build/phidget/phidget.egg-info/requires.txt
[1.009s] writing top-level names to ../build/phidget/phidget.egg-info/top_level.txt
[1.031s] reading manifest file '../build/phidget/phidget.egg-info/SOURCES.txt'
[1.031s] writing manifest file '../build/phidget/phidget.egg-info/SOURCES.txt'
[1.031s] running build
[1.031s] running build_py
[1.031s] creating /home/pioneer1/Documents/Rover/build/phidget/build
[1.032s] creating /home/pioneer1/Documents/Rover/build/phidget/build/lib
[1.032s] creating /home/pioneer1/Documents/Rover/build/phidget/build/lib/phidget
[1.032s] copying phidget/__init__.py -> /home/pioneer1/Documents/Rover/build/phidget/build/lib/phidget
[1.032s] copying phidget/phidget_node.py -> /home/pioneer1/Documents/Rover/build/phidget/build/lib/phidget
[1.032s] running install
[1.037s] running install_lib
[1.048s] creating /home/pioneer1/Documents/Rover/install/phidget/lib/python3.12/site-packages/phidget
[1.048s] copying /home/pioneer1/Documents/Rover/build/phidget/build/lib/phidget/__init__.py -> /home/pioneer1/Documents/Rover/install/phidget/lib/python3.12/site-packages/phidget
[1.048s] copying /home/pioneer1/Documents/Rover/build/phidget/build/lib/phidget/phidget_node.py -> /home/pioneer1/Documents/Rover/install/phidget/lib/python3.12/site-packages/phidget
[1.048s] byte-compiling /home/pioneer1/Documents/Rover/install/phidget/lib/python3.12/site-packages/phidget/__init__.py to __init__.cpython-312.pyc
[1.048s] byte-compiling /home/pioneer1/Documents/Rover/install/phidget/lib/python3.12/site-packages/phidget/phidget_node.py to phidget_node.cpython-312.pyc
[1.049s] running install_data
[1.049s] copying resource/phidget -> /home/pioneer1/Documents/Rover/install/phidget/share/ament_index/resource_index/packages
[1.049s] copying package.xml -> /home/pioneer1/Documents/Rover/install/phidget/share/phidget
[1.049s] running install_egg_info
[1.062s] Copying ../build/phidget/phidget.egg-info to /home/pioneer1/Documents/Rover/install/phidget/lib/python3.12/site-packages/phidget-0.0.0-py3.12.egg-info
[1.062s] running install_scripts
[1.137s] Installing phidget script to /home/pioneer1/Documents/Rover/install/phidget/lib/phidget
[1.138s] writing list of installed files to '/home/pioneer1/Documents/Rover/build/phidget/install.log'
[1.158s] Invoked command in '/home/pioneer1/Documents/Rover/phidget' returned '0': DEBUGINFOD_URLS=https://debuginfod.ubuntu.com PYTHONPATH=/home/pioneer1/Documents/Rover/build/phidget/prefix_override:/usr/lib/python3/dist-packages/colcon_core/task/python/colcon_distutils_commands:/home/pioneer1/Documents/Rover/install/phidget/lib/python3.12/site-packages:${PYTHONPATH} /usr/bin/python3 -W ignore:setup.py install is deprecated -W ignore:easy_install command is deprecated setup.py egg_info --egg-base ../build/phidget build --build-base /home/pioneer1/Documents/Rover/build/phidget/build install --record /home/pioneer1/Documents/Rover/build/phidget/install.log --single-version-externally-managed install_data --force
