[0.007s] Invoking command in '/home/pioneer1/Documents/Rover/build/libphidget22': DEBUGINFOD_URLS=https://debuginfod.ubuntu.com /usr/bin/cmake /home/pioneer1/Documents/Rover/phidgets_drivers/libphidget22 -DAMENT_CMAKE_SYMLINK_INSTALL=1 -DCMAKE_INSTALL_PREFIX=/home/pioneer1/Documents/Rover/install/libphidget22
[0.045s] -- The C compiler identification is GNU 13.3.0
[0.083s] -- The CXX compiler identification is GNU 13.3.0
[0.096s] -- Detecting C compiler ABI info
[0.155s] -- Detecting C compiler ABI info - done
[0.163s] -- Check for working C compiler: /usr/bin/cc - skipped
[0.163s] -- Detecting C compile features
[0.163s] -- Detecting C compile features - done
[0.169s] -- Detecting CXX compiler ABI info
[0.231s] -- Detecting CXX compiler ABI info - done
[0.242s] -- Check for working CXX compiler: /usr/bin/c++ - skipped
[0.242s] -- Detecting CXX compile features
[0.242s] -- Detecting CXX compile features - done
[0.246s] [31mCMake Error at CMakeLists.txt:4 (find_package):
[0.246s]   By not providing "Findament_cmake.cmake" in CMAKE_MODULE_PATH this project
[0.247s]   has asked CMake to find a package configuration file provided by
[0.247s]   "ament_cmake", but CMake did not find one.
[0.247s] 
[0.247s]   Could not find a package configuration file provided by "ament_cmake" with
[0.247s]   any of the following names:
[0.247s] 
[0.247s]     ament_cmakeConfig.cmake
[0.247s]     ament_cmake-config.cmake
[0.247s] 
[0.247s]   Add the installation prefix of "ament_cmake" to CMAKE_PREFIX_PATH or set
[0.247s]   "ament_cmake_DIR" to a directory containing one of the above files.  If
[0.247s]   "ament_cmake" provides a separate development package or SDK, be sure it
[0.247s]   has been installed.
[0.247s] 
[0.247s] [0m
[0.247s] -- Configuring incomplete, errors occurred!
[0.249s] Invoked command in '/home/pioneer1/Documents/Rover/build/libphidget22' returned '1': DEBUGINFOD_URLS=https://debuginfod.ubuntu.com /usr/bin/cmake /home/pioneer1/Documents/Rover/phidgets_drivers/libphidget22 -DAMENT_CMAKE_SYMLINK_INSTALL=1 -DCMAKE_INSTALL_PREFIX=/home/pioneer1/Documents/Rover/install/libphidget22
